<?xml version="1.0" encoding="utf-8"?>
<test-run id="2" testcasecount="119" result="Skipped:Ignored" total="119" passed="118" failed="0" inconclusive="0" skipped="1" asserts="0" engine-version="<IP>" clr-version="4.0.30319.42000" start-time="2026-09-09 14:29:36Z" end-time="2026-09-09 14:30:30Z" duration="53.5661394">
  <test-suite type="TestSuite" id="1000" name="CHOOguard Foundation" fullname="CHOOguard Foundation" runstate="Runnable" testcasecount="119" result="Skipped" label="Ignored" start-time="2026-09-09 14:29:36Z" end-time="2026-09-09 14:30:30Z" duration="53.566139" total="119" passed="118" failed="0" inconclusive="0" skipped="1" asserts="0">
    <properties>
      <property name="platform" value="EditMode" />
    </properties>
    <reason>
      <message><![CDATA[One or more child tests were ignored]]></message>
    </reason>
    <test-suite type="Assembly" id="1083" name="ChooGuard.Foundation.Demo.Editor.Tests.dll" fullname="<CHECKOUT>/Library/ScriptAssemblies/ChooGuard.Foundation.Demo.Editor.Tests.dll" runstate="Runnable" testcasecount="67" result="Skipped" label="Ignored" start-time="2026-09-09 14:29:36Z" end-time="2026-09-09 14:30:30Z" duration="53.515375" total="67" passed="66" failed="0" inconclusive="0" skipped="1" asserts="0">
      <properties>
        <property name="_PID" value="18160" />
        <property name="_APPDOMAIN" value="Unity Child Domain" />
        <property name="platform" value="EditMode" />
        <property name="EditorOnly" value="True" />
      </properties>
      <reason>
        <message><![CDATA[One or more child tests were ignored]]></message>
      </reason>
      <test-suite type="TestSuite" id="1084" name="ChooGuard" fullname="ChooGuard" runstate="Runnable" testcasecount="67" result="Skipped" label="Ignored" start-time="2026-09-09 14:29:36Z" end-time="2026-09-09 14:30:30Z" duration="53.515145" total="67" passed="66" failed="0" inconclusive="0" skipped="1" asserts="0">
        <properties />
        <reason>
          <message><![CDATA[One or more child tests were ignored]]></message>
        </reason>
        <test-suite type="TestSuite" id="1085" name="Foundation" fullname="ChooGuard.Foundation" runstate="Runnable" testcasecount="67" result="Skipped" label="Ignored" start-time="2026-09-09 14:29:36Z" end-time="2026-09-09 14:30:30Z" duration="53.515075" total="67" passed="66" failed="0" inconclusive="0" skipped="1" asserts="0">
          <properties />
          <reason>
            <message><![CDATA[One or more child tests were ignored]]></message>
          </reason>
          <test-suite type="TestSuite" id="1086" name="Demo" fullname="ChooGuard.Foundation.Demo" runstate="Runnable" testcasecount="67" result="Skipped" label="Ignored" start-time="2026-09-09 14:29:36Z" end-time="2026-09-09 14:30:30Z" duration="53.515005" total="67" passed="66" failed="0" inconclusive="0" skipped="1" asserts="0">
            <properties />
            <reason>
              <message><![CDATA[One or more child tests were ignored]]></message>
            </reason>
            <test-suite type="TestSuite" id="1087" name="Tests" fullname="ChooGuard.Foundation.Demo.Tests" runstate="Runnable" testcasecount="67" result="Skipped" label="Ignored" start-time="2026-09-09 14:29:36Z" end-time="2026-09-09 14:30:30Z" duration="53.514860" total="67" passed="66" failed="0" inconclusive="0" skipped="1" asserts="0">
              <properties />
              <reason>
                <message><![CDATA[One or more child tests were ignored]]></message>
              </reason>
              <test-suite type="TestFixture" id="1001" name="DemoExerciseTests" fullname="ChooGuard.Foundation.Demo.Tests.DemoExerciseTests" classname="ChooGuard.Foundation.Demo.Tests.DemoExerciseTests" runstate="Runnable" testcasecount="3" result="Passed" start-time="2026-09-09 14:29:36Z" end-time="2026-09-09 14:29:36Z" duration="0.026864" total="3" passed="3" failed="0" inconclusive="0" skipped="0" asserts="0">
                <properties />
                <test-case id="1004" name="InvalidDrillIsRejected" fullname="ChooGuard.Foundation.Demo.Tests.DemoExerciseTests.InvalidDrillIsRejected" methodname="InvalidDrillIsRejected" classname="ChooGuard.Foundation.Demo.Tests.DemoExerciseTests" runstate="Runnable" seed="280827545" result="Passed" start-time="2026-09-09 14:29:36Z" end-time="2026-09-09 14:29:36Z" duration="0.010167" asserts="0">
                  <properties>
                    <property name="retryIteration" value="0" />
                    <property name="repeatIteration" value="0" />
                  </properties>
                </test-case>
                <test-case id="1002" name="OrderedStepsRejectSkippingAndDuplicatesAndOwnTheirInput" fullname="ChooGuard.Foundation.Demo.Tests.DemoExerciseTests.OrderedStepsRejectSkippingAndDuplicatesAndOwnTheirInput" methodname="OrderedStepsRejectSkippingAndDuplicatesAndOwnTheirInput" classname="ChooGuard.Foundation.Demo.Tests.DemoExerciseTests" runstate="Runnable" seed="1212670573" result="Passed" start-time="2026-09-09 14:29:36Z" end-time="2026-09-09 14:29:36Z" duration="0.003859" asserts="0">
                  <properties>
                    <property name="retryIteration" value="0" />
                    <property name="repeatIteration" value="0" />
                  </properties>
                </test-case>
                <test-case id="1003" name="SelectedRoleOnlyOccursOnceAndCrowdStepsRemainOrdered" fullname="ChooGuard.Foundation.Demo.Tests.DemoExerciseTests.SelectedRoleOnlyOccursOnceAndCrowdStepsRemainOrdered" methodname="SelectedRoleOnlyOccursOnceAndCrowdStepsRemainOrdered" classname="ChooGuard.Foundation.Demo.Tests.DemoExerciseTests" runstate="Runnable" seed="1781678277" result="Passed" start-time="2026-09-09 14:29:36Z" end-time="2026-09-09 14:29:36Z" duration="0.001836" asserts="0">
                  <properties>
                    <property name="retryIteration" value="0" />
                    <property name="repeatIteration" value="0" />
                  </properties>
                </test-case>
              </test-suite>
              <test-suite type="TestFixture" id="1005" name="DemoFlowTests" fullname="ChooGuard.Foundation.Demo.Tests.DemoFlowTests" classname="ChooGuard.Foundation.Demo.Tests.DemoFlowTests" runstate="Runnable" testcasecount="10" result="Passed" start-time="2026-09-09 14:29:36Z" end-time="2026-09-09 14:29:36Z" duration="0.026069" total="10" passed="10" failed="0" inconclusive="0" skipped="0" asserts="0">
                <properties />
                <test-suite type="ParameterizedMethod" id="1011" name="EachRoleRequiresBriefingInteractionAndAssembly" fullname="ChooGuard.Foundation.Demo.Tests.DemoFlowTests.EachRoleRequiresBriefingInteractionAndAssembly" classname="ChooGuard.Foundation.Demo.Tests.DemoFlowTests" runstate="Runnable" testcasecount="5" result="Passed" start-time="2026-09-09 14:29:36Z" end-time="2026-09-09 14:29:36Z" duration="0.021002" total="5" passed="5" failed="0" inconclusive="0" skipped="0" asserts="0">
                  <properties />
                  <test-case id="1006" name="EachRoleRequiresBriefingInteractionAndAssembly(&quot;role-01&quot;,&quot;anchor-01&quot;)" fullname="ChooGuard.Foundation.Demo.Tests.DemoFlowTests.EachRoleRequiresBriefingInteractionAndAssembly(&quot;role-01&quot;,&quot;anchor-01&quot;)" methodname="EachRoleRequiresBriefingInteractionAndAssembly" classname="ChooGuard.Foundation.Demo.Tests.DemoFlowTests" runstate="Runnable" seed="1336827138" result="Passed" start-time="2026-09-09 14:29:36Z" end-time="2026-09-09 14:29:36Z" duration="0.019005" asserts="0">
                    <properties>
                      <property name="retryIteration" value="0" />
                      <property name="repeatIteration" value="0" />
                    </properties>
                  </test-case>
                  <test-case id="1007" name="EachRoleRequiresBriefingInteractionAndAssembly(&quot;role-02&quot;,&quot;anchor-02&quot;)" fullname="ChooGuard.Foundation.Demo.Tests.DemoFlowTests.EachRoleRequiresBriefingInteractionAndAssembly(&quot;role-02&quot;,&quot;anchor-02&quot;)" methodname="EachRoleRequiresBriefingInteractionAndAssembly" classname="ChooGuard.Foundation.Demo.Tests.DemoFlowTests" runstate="Runnable" seed="1921792389" result="Passed" start-time="2026-09-09 14:29:36Z" end-time="2026-09-09 14:29:36Z" duration="0.000322" asserts="0">
                    <properties>
                      <property name="retryIteration" value="0" />
                      <property name="repeatIteration" value="0" />
                    </properties>
                  </test-case>
                  <test-case id="1008" name="EachRoleRequiresBriefingInteractionAndAssembly(&quot;role-03&quot;,&quot;anchor-03&quot;)" fullname="ChooGuard.Foundation.Demo.Tests.DemoFlowTests.EachRoleRequiresBriefingInteractionAndAssembly(&quot;role-03&quot;,&quot;anchor-03&quot;)" methodname="EachRoleRequiresBriefingInteractionAndAssembly" classname="ChooGuard.Foundation.Demo.Tests.DemoFlowTests" runstate="Runnable" seed="910019022" result="Passed" start-time="2026-09-09 14:29:36Z" end-time="2026-09-09 14:29:36Z" duration="0.000241" asserts="0">
                    <properties>
                      <property name="retryIteration" value="0" />
                      <property name="repeatIteration" value="0" />
                    </properties>
                  </test-case>
                  <test-case id="1009" name="EachRoleRequiresBriefingInteractionAndAssembly(&quot;role-04&quot;,&quot;anchor-04&quot;)" fullname="ChooGuard.Foundation.Demo.Tests.DemoFlowTests.EachRoleRequiresBriefingInteractionAndAssembly(&quot;role-04&quot;,&quot;anchor-04&quot;)" methodname="EachRoleRequiresBriefingInteractionAndAssembly" classname="ChooGuard.Foundation.Demo.Tests.DemoFlowTests" runstate="Runnable" seed="1716214165" result="Passed" start-time="2026-09-09 14:29:36Z" end-time="2026-09-09 14:29:36Z" duration="0.000234" asserts="0">
                    <properties>
                      <property name="retryIteration" value="0" />
                      <property name="repeatIteration" value="0" />
                    </properties>
                  </test-case>
                  <test-case id="1010" name="EachRoleRequiresBriefingInteractionAndAssembly(&quot;role-05&quot;,&quot;anchor-05&quot;)" fullname="ChooGuard.Foundation.Demo.Tests.DemoFlowTests.EachRoleRequiresBriefingInteractionAndAssembly(&quot;role-05&quot;,&quot;anchor-05&quot;)" methodname="EachRoleRequiresBriefingInteractionAndAssembly" classname="ChooGuard.Foundation.Demo.Tests.DemoFlowTests" runstate="Runnable" seed="1809269162" result="Passed" start-time="2026-09-09 14:29:36Z" end-time="2026-09-09 14:29:36Z" duration="0.000227" asserts="0">
                    <properties>
                      <property name="retryIteration" value="0" />
                      <property name="repeatIteration" value="0" />
                    </properties>
                  </test-case>
                </test-suite>
                <test-case id="1017" name="InvalidSelectionAndPrematureStartCannotSkipBriefing" fullname="ChooGuard.Foundation.Demo.Tests.DemoFlowTests.InvalidSelectionAndPrematureStartCannotSkipBriefing" methodname="InvalidSelectionAndPrematureStartCannotSkipBriefing" classname="ChooGuard.Foundation.Demo.Tests.DemoFlowTests" runstate="Runnable" seed="714737459" result="Passed" start-time="2026-09-09 14:29:36Z" end-time="2026-09-09 14:29:36Z" duration="0.000544" asserts="0">
                  <properties>
                    <property name="retryIteration" value="0" />
                    <property name="repeatIteration" value="0" />
                  </properties>
                </test-case>
                <test-case id="1016" name="RestartClearsRoleIncidentTeamAndFeedback" fullname="ChooGuard.Foundation.Demo.Tests.DemoFlowTests.RestartClearsRoleIncidentTeamAndFeedback" methodname="RestartClearsRoleIncidentTeamAndFeedback" classname="ChooGuard.Foundation.Demo.Tests.DemoFlowTests" runstate="Runnable" seed="1005714326" result="Passed" start-time="2026-09-09 14:29:36Z" end-time="2026-09-09 14:29:36Z" duration="0.001271" asserts="0">
                  <properties>
                    <property name="retryIteration" value="0" />
                    <property name="repeatIteration" value="0" />
                  </properties>
                </test-case>
                <test-suite type="ParameterizedMethod" id="1015" name="WrongTargetDoesNotCompleteOrNotify" fullname="ChooGuard.Foundation.Demo.Tests.DemoFlowTests.WrongTargetDoesNotCompleteOrNotify" classname="ChooGuard.Foundation.Demo.Tests.DemoFlowTests" runstate="Runnable" testcasecount="3" result="Passed" start-time="2026-09-09 14:29:36Z" end-time="2026-09-09 14:29:36Z" duration="0.001986" total="3" passed="3" failed="0" inconclusive="0" skipped="0" asserts="0">
                  <properties />
                  <test-case id="1012" name="WrongTargetDoesNotCompleteOrNotify(null)" fullname="ChooGuard.Foundation.Demo.Tests.DemoFlowTests.WrongTargetDoesNotCompleteOrNotify(null)" methodname="WrongTargetDoesNotCompleteOrNotify" classname="ChooGuard.Foundation.Demo.Tests.DemoFlowTests" runstate="Runnable" seed="500002416" result="Passed" start-time="2026-09-09 14:29:36Z" end-time="2026-09-09 14:29:36Z" duration="0.000921" asserts="0">
                    <properties>
                      <property name="retryIteration" value="0" />
                      <property name="repeatIteration" value="0" />
                    </properties>
                  </test-case>
                  <test-case id="1013" name="WrongTargetDoesNotCompleteOrNotify(&quot;&quot;)" fullname="ChooGuard.Foundation.Demo.Tests.DemoFlowTests.WrongTargetDoesNotCompleteOrNotify(&quot;&quot;)" methodname="WrongTargetDoesNotCompleteOrNotify" classname="ChooGuard.Foundation.Demo.Tests.DemoFlowTests" runstate="Runnable" seed="1938513513" result="Passed" start-time="2026-09-09 14:29:36Z" end-time="2026-09-09 14:29:36Z" duration="0.000256" asserts="0">
                    <properties>
                      <property name="retryIteration" value="0" />
                      <property name="repeatIteration" value="0" />
                    </properties>
                  </test-case>
                  <test-case id="1014" name="WrongTargetDoesNotCompleteOrNotify(&quot;anchor-02&quot;)" fullname="ChooGuard.Foundation.Demo.Tests.DemoFlowTests.WrongTargetDoesNotCompleteOrNotify(&quot;anchor-02&quot;)" methodname="WrongTargetDoesNotCompleteOrNotify" classname="ChooGuard.Foundation.Demo.Tests.DemoFlowTests" runstate="Runnable" seed="705191167" result="Passed" start-time="2026-09-09 14:29:36Z" end-time="2026-09-09 14:29:36Z" duration="0.000289" asserts="0">
                    <properties>
                      <property name="retryIteration" value="0" />
                      <property name="repeatIteration" value="0" />
                    </properties>
                  </test-case>
                </test-suite>
              </test-suite>
              <test-suite type="TestFixture" id="1018" name="DemoNavigationTests" fullname="ChooGuard.Foundation.Demo.Tests.DemoNavigationTests" classname="ChooGuard.Foundation.Demo.Tests.DemoNavigationTests" runstate="Runnable" testcasecount="6" result="Passed" start-time="2026-09-09 14:29:36Z" end-time="2026-09-09 14:29:36Z" duration="0.003507" total="6" passed="6" failed="0" inconclusive="0" skipped="0" asserts="0">
                <properties />
                <test-suite type="ParameterizedMethod" id="1024" name="BearingPreservesTargetsOutsideTheView" fullname="ChooGuard.Foundation.Demo.Tests.DemoNavigationTests.BearingPreservesTargetsOutsideTheView" classname="ChooGuard.Foundation.Demo.Tests.DemoNavigationTests" runstate="Runnable" testcasecount="5" result="Passed" start-time="2026-09-09 14:29:36Z" end-time="2026-09-09 14:29:36Z" duration="0.002829" total="5" passed="5" failed="0" inconclusive="0" skipped="0" asserts="0">
                  <properties />
                  <test-case id="1019" name="BearingPreservesTargetsOutsideTheView(0,0,10,0)" fullname="ChooGuard.Foundation.Demo.Tests.DemoNavigationTests.BearingPreservesTargetsOutsideTheView(0,0,10,0)" methodname="BearingPreservesTargetsOutsideTheView" classname="ChooGuard.Foundation.Demo.Tests.DemoNavigationTests" runstate="Runnable" seed="1320412554" result="Passed" start-time="2026-09-09 14:29:36Z" end-time="2026-09-09 14:29:36Z" duration="0.002292" asserts="0">
                    <properties>
                      <property name="retryIteration" value="0" />
                      <property name="repeatIteration" value="0" />
                    </properties>
                  </test-case>
                  <test-case id="1020" name="BearingPreservesTargetsOutsideTheView(0,10,0,90)" fullname="ChooGuard.Foundation.Demo.Tests.DemoNavigationTests.BearingPreservesTargetsOutsideTheView(0,10,0,90)" methodname="BearingPreservesTargetsOutsideTheView" classname="ChooGuard.Foundation.Demo.Tests.DemoNavigationTests" runstate="Runnable" seed="1320890566" result="Passed" start-time="2026-09-09 14:29:36Z" end-time="2026-09-09 14:29:36Z" duration="0.000066" asserts="0">
                    <properties>
                      <property name="retryIteration" value="0" />
                      <property name="repeatIteration" value="0" />
                    </properties>
                  </test-case>
                  <test-case id="1021" name="BearingPreservesTargetsOutsideTheView(0,-10,0,-90)" fullname="ChooGuard.Foundation.Demo.Tests.DemoNavigationTests.BearingPreservesTargetsOutsideTheView(0,-10,0,-90)" methodname="BearingPreservesTargetsOutsideTheView" classname="ChooGuard.Foundation.Demo.Tests.DemoNavigationTests" runstate="Runnable" seed="623513056" result="Passed" start-time="2026-09-09 14:29:36Z" end-time="2026-09-09 14:29:36Z" duration="0.000034" asserts="0">
                    <properties>
                      <property name="retryIteration" value="0" />
                      <property name="repeatIteration" value="0" />
                    </properties>
                  </test-case>
                  <test-case id="1022" name="BearingPreservesTargetsOutsideTheView(0,0,-10,180)" fullname="ChooGuard.Foundation.Demo.Tests.DemoNavigationTests.BearingPreservesTargetsOutsideTheView(0,0,-10,180)" methodname="BearingPreservesTargetsOutsideTheView" classname="ChooGuard.Foundation.Demo.Tests.DemoNavigationTests" runstate="Runnable" seed="1222947379" result="Passed" start-time="2026-09-09 14:29:36Z" end-time="2026-09-09 14:29:36Z" duration="0.000030" asserts="0">
                    <properties>
                      <property name="retryIteration" value="0" />
                      <property name="repeatIteration" value="0" />
                    </properties>
                  </test-case>
                  <test-case id="1023" name="BearingPreservesTargetsOutsideTheView(90,0,10,-90)" fullname="ChooGuard.Foundation.Demo.Tests.DemoNavigationTests.BearingPreservesTargetsOutsideTheView(90,0,10,-90)" methodname="BearingPreservesTargetsOutsideTheView" classname="ChooGuard.Foundation.Demo.Tests.DemoNavigationTests" runstate="Runnable" seed="78355890" result="Passed" start-time="2026-09-09 14:29:36Z" end-time="2026-09-09 14:29:36Z" duration="0.000030" asserts="0">
                    <properties>
                      <property name="retryIteration" value="0" />
                      <property name="repeatIteration" value="0" />
                    </properties>
                  </test-case>
                </test-suite>
                <test-case id="1025" name="CoincidentTargetHasNoSpuriousHeading" fullname="ChooGuard.Foundation.Demo.Tests.DemoNavigationTests.CoincidentTargetHasNoSpuriousHeading" methodname="CoincidentTargetHasNoSpuriousHeading" classname="ChooGuard.Foundation.Demo.Tests.DemoNavigationTests" runstate="Runnable" seed="1745200144" result="Passed" start-time="2026-09-09 14:29:36Z" end-time="2026-09-09 14:29:36Z" duration="0.000235" asserts="0">
                  <properties>
                    <property name="retryIteration" value="0" />
                    <property name="repeatIteration" value="0" />
                  </properties>
                </test-case>
              </test-suite>
              <test-suite type="TestFixture" id="1026" name="ReconstructionReviewTests" fullname="ChooGuard.Foundation.Demo.Tests.ReconstructionReviewTests" classname="ChooGuard.Foundation.Demo.Tests.ReconstructionReviewTests" runstate="Runnable" testcasecount="12" result="Skipped" label="Ignored" start-time="2026-09-09 14:29:36Z" end-time="2026-09-09 14:29:37Z" duration="0.065660" total="12" passed="11" failed="0" inconclusive="0" skipped="1" asserts="0">
                <properties />
                <reason>
                  <message><![CDATA[One or more child tests were ignored]]></message>
                </reason>
                <test-case id="1027" name="BatchStartupMayReplaceOnlyOneCleanUntitledScene" fullname="ChooGuard.Foundation.Demo.Tests.ReconstructionReviewTests.BatchStartupMayReplaceOnlyOneCleanUntitledScene" methodname="BatchStartupMayReplaceOnlyOneCleanUntitledScene" classname="ChooGuard.Foundation.Demo.Tests.ReconstructionReviewTests" runstate="Runnable" seed="1664653990" result="Passed" start-time="2026-09-09 14:29:36Z" end-time="2026-09-09 14:29:36Z" duration="0.000302" asserts="0">
                  <properties>
                    <property name="retryIteration" value="0" />
                    <property name="repeatIteration" value="0" />
                  </properties>
                </test-case>
                <test-case id="1029" name="ImportedGeometryRequiresCorrectBoundsColorsTrianglesAndNoCollision" fullname="ChooGuard.Foundation.Demo.Tests.ReconstructionReviewTests.ImportedGeometryRequiresCorrectBoundsColorsTrianglesAndNoCollision" methodname="ImportedGeometryRequiresCorrectBoundsColorsTrianglesAndNoCollision" classname="ChooGuard.Foundation.Demo.Tests.ReconstructionReviewTests" runstate="Runnable" seed="1911700701" result="Passed" start-time="2026-09-09 14:29:36Z" end-time="2026-09-09 14:29:36Z" duration="0.018708" asserts="0">
                  <properties>
                    <property name="retryIteration" value="0" />
                    <property name="repeatIteration" value="0" />
                  </properties>
                </test-case>
                <test-case id="1030" name="ImportedLinearColorSamplesRejectChannelSwapGammaAndWrongSamplePosition" fullname="ChooGuard.Foundation.Demo.Tests.ReconstructionReviewTests.ImportedLinearColorSamplesRejectChannelSwapGammaAndWrongSamplePosition" methodname="ImportedLinearColorSamplesRejectChannelSwapGammaAndWrongSamplePosition" classname="ChooGuard.Foundation.Demo.Tests.ReconstructionReviewTests" runstate="Runnable" seed="1545569713" result="Passed" start-time="2026-09-09 14:29:36Z" end-time="2026-09-09 14:29:36Z" duration="0.003685" asserts="0">
                  <properties>
                    <property name="retryIteration" value="0" />
                    <property name="repeatIteration" value="0" />
                  </properties>
                </test-case>
                <test-case id="1031" name="ManifestRejectsMetricCollisionAndWrongCoordinateContract" fullname="ChooGuard.Foundation.Demo.Tests.ReconstructionReviewTests.ManifestRejectsMetricCollisionAndWrongCoordinateContract" methodname="ManifestRejectsMetricCollisionAndWrongCoordinateContract" classname="ChooGuard.Foundation.Demo.Tests.ReconstructionReviewTests" runstate="Runnable" seed="441992359" result="Passed" start-time="2026-09-09 14:29:36Z" end-time="2026-09-09 14:29:36Z" duration="0.008603" asserts="0">
                  <properties>
                    <property name="retryIteration" value="0" />
                    <property name="repeatIteration" value="0" />
                  </properties>
                </test-case>
                <test-suite type="ParameterizedMethod" id="1035" name="OnlyAuthoredStudyReceivesReviewLightsAndLitShader" fullname="ChooGuard.Foundation.Demo.Tests.ReconstructionReviewTests.OnlyAuthoredStudyReceivesReviewLightsAndLitShader" classname="ChooGuard.Foundation.Demo.Tests.ReconstructionReviewTests" runstate="Runnable" testcasecount="2" result="Passed" start-time="2026-09-09 14:29:36Z" end-time="2026-09-09 14:29:36Z" duration="0.005485" total="2" passed="2" failed="0" inconclusive="0" skipped="0" asserts="0">
                  <properties />
                  <test-case id="1033" name="OnlyAuthoredStudyReceivesReviewLightsAndLitShader(&quot;observed-unlit&quot;,0,&quot;CHOOGuard/ReconstructionVertexColor&quot;)" fullname="ChooGuard.Foundation.Demo.Tests.ReconstructionReviewTests.OnlyAuthoredStudyReceivesReviewLightsAndLitShader(&quot;observed-unlit&quot;,0,&quot;CHOOGuard/ReconstructionVertexColor&quot;)" methodname="OnlyAuthoredStudyReceivesReviewLightsAndLitShader" classname="ChooGuard.Foundation.Demo.Tests.ReconstructionReviewTests" runstate="Runnable" seed="1849919790" result="Passed" start-time="2026-09-09 14:29:36Z" end-time="2026-09-09 14:29:36Z" duration="0.002918" asserts="0">
                    <properties>
                      <property name="retryIteration" value="0" />
                      <property name="repeatIteration" value="0" />
                    </properties>
                  </test-case>
                  <test-case id="1034" name="OnlyAuthoredStudyReceivesReviewLightsAndLitShader(&quot;authored-lit&quot;,2,&quot;CHOOGuard/ReconstructionVertexColorLit&quot;)" fullname="ChooGuard.Foundation.Demo.Tests.ReconstructionReviewTests.OnlyAuthoredStudyReceivesReviewLightsAndLitShader(&quot;authored-lit&quot;,2,&quot;CHOOGuard/ReconstructionVertexColorLit&quot;)" methodname="OnlyAuthoredStudyReceivesReviewLightsAndLitShader" classname="ChooGuard.Foundation.Demo.Tests.ReconstructionReviewTests" runstate="Runnable" seed="396023311" result="Passed" start-time="2026-09-09 14:29:36Z" end-time="2026-09-09 14:29:36Z" duration="0.001874" asserts="0">
                    <properties>
                      <property name="retryIteration" value="0" />
                      <property name="repeatIteration" value="0" />
                    </properties>
                  </test-case>
                </test-suite>
                <test-case id="1028" name="ReviewCoordinateReflectionPreservesAsymmetricFixtureWithoutMetricScaling" fullname="ChooGuard.Foundation.Demo.Tests.ReconstructionReviewTests.ReviewCoordinateReflectionPreservesAsymmetricFixtureWithoutMetricScaling" methodname="ReviewCoordinateReflectionPreservesAsymmetricFixtureWithoutMetricScaling" classname="ChooGuard.Foundation.Demo.Tests.ReconstructionReviewTests" runstate="Runnable" seed="1072383039" result="Passed" start-time="2026-09-09 14:29:36Z" end-time="2026-09-09 14:29:36Z" duration="0.000796" asserts="0">
                  <properties>
                    <property name="retryIteration" value="0" />
                    <property name="repeatIteration" value="0" />
                  </properties>
                </test-case>
                <test-case id="1032" name="ShadingDefaultsToObservedAndRejectsUnknownOrAmbiguousModes" fullname="ChooGuard.Foundation.Demo.Tests.ReconstructionReviewTests.ShadingDefaultsToObservedAndRejectsUnknownOrAmbiguousModes" methodname="ShadingDefaultsToObservedAndRejectsUnknownOrAmbiguousModes" classname="ChooGuard.Foundation.Demo.Tests.ReconstructionReviewTests" runstate="Runnable" seed="1266909862" result="Passed" start-time="2026-09-09 14:29:36Z" end-time="2026-09-09 14:29:36Z" duration="0.000666" asserts="0">
                  <properties>
                    <property name="retryIteration" value="0" />
                    <property name="repeatIteration" value="0" />
                  </properties>
                </test-case>
                <test-case id="1040" name="SourceAvailableBuildPreservesBoundsOneViewAndSerializedOriginCamera" fullname="ChooGuard.Foundation.Demo.Tests.ReconstructionReviewTests.SourceAvailableBuildPreservesBoundsOneViewAndSerializedOriginCamera" methodname="SourceAvailableBuildPreservesBoundsOneViewAndSerializedOriginCamera" classname="ChooGuard.Foundation.Demo.Tests.ReconstructionReviewTests" runstate="Runnable" seed="1833455069" result="Skipped" label="Ignored" start-time="2026-09-09 14:29:36Z" end-time="2026-09-09 14:29:36Z" duration="0.003917" asserts="0">
                  <properties>
                    <property name="retryIteration" value="0" />
                    <property name="repeatIteration" value="0" />
                  </properties>
                  <reason>
                    <message><![CDATA[Local reconstruction output is intentionally not Git-tracked.]]></message>
                  </reason>
                </test-case>
                <test-case id="1039" name="SourceMustBeOwnedLocalOutputAndItsHashesMustMatch" fullname="ChooGuard.Foundation.Demo.Tests.ReconstructionReviewTests.SourceMustBeOwnedLocalOutputAndItsHashesMustMatch" methodname="SourceMustBeOwnedLocalOutputAndItsHashesMustMatch" classname="ChooGuard.Foundation.Demo.Tests.ReconstructionReviewTests" runstate="Runnable" seed="1530609567" result="Passed" start-time="2026-09-09 14:29:36Z" end-time="2026-09-09 14:29:37Z" duration="0.017181" asserts="0">
                  <properties>
                    <property name="retryIteration" value="0" />
                    <property name="repeatIteration" value="0" />
                  </properties>
                </test-case>
                <test-suite type="ParameterizedMethod" id="1038" name="ViewNavigationKeepsOneAssemblyActiveForOneOrTwoViews" fullname="ChooGuard.Foundation.Demo.Tests.ReconstructionReviewTests.ViewNavigationKeepsOneAssemblyActiveForOneOrTwoViews" classname="ChooGuard.Foundation.Demo.Tests.ReconstructionReviewTests" runstate="Runnable" testcasecount="2" result="Passed" start-time="2026-09-09 14:29:37Z" end-time="2026-09-09 14:29:37Z" duration="0.005088" total="2" passed="2" failed="0" inconclusive="0" skipped="0" asserts="0">
                  <properties />
                  <test-case id="1036" name="ViewNavigationKeepsOneAssemblyActiveForOneOrTwoViews(1)" fullname="ChooGuard.Foundation.Demo.Tests.ReconstructionReviewTests.ViewNavigationKeepsOneAssemblyActiveForOneOrTwoViews(1)" methodname="ViewNavigationKeepsOneAssemblyActiveForOneOrTwoViews" classname="ChooGuard.Foundation.Demo.Tests.ReconstructionReviewTests" runstate="Runnable" seed="1673475305" result="Passed" start-time="2026-09-09 14:29:37Z" end-time="2026-09-09 14:29:37Z" duration="0.004069" asserts="0">
                    <properties>
                      <property name="retryIteration" value="0" />
                      <property name="repeatIteration" value="0" />
                    </properties>
                  </test-case>
                  <test-case id="1037" name="ViewNavigationKeepsOneAssemblyActiveForOneOrTwoViews(2)" fullname="ChooGuard.Foundation.Demo.Tests.ReconstructionReviewTests.ViewNavigationKeepsOneAssemblyActiveForOneOrTwoViews(2)" methodname="ViewNavigationKeepsOneAssemblyActiveForOneOrTwoViews" classname="ChooGuard.Foundation.Demo.Tests.ReconstructionReviewTests" runstate="Runnable" seed="1255548398" result="Passed" start-time="2026-09-09 14:29:37Z" end-time="2026-09-09 14:29:37Z" duration="0.000246" asserts="0">
                    <properties>
                      <property name="retryIteration" value="0" />
                      <property name="repeatIteration" value="0" />
                    </properties>
                  </test-case>
                </test-suite>
              </test-suite>
              <test-suite type="TestFixture" id="1041" name="SceneBuilderTests" fullname="ChooGuard.Foundation.Demo.Tests.SceneBuilderTests" classname="ChooGuard.Foundation.Demo.Tests.SceneBuilderTests" runstate="Runnable" testcasecount="25" result="Passed" start-time="2026-09-09 14:29:37Z" end-time="2026-09-09 14:30:25Z" duration="48.324028" total="25" passed="25" failed="0" inconclusive="0" skipped="0" asserts="0">
                <properties />
                <test-case id="1059" name="BlenderModelsHaveMetreScaleAndExpandedRoutesReachEverySharedObject" fullname="ChooGuard.Foundation.Demo.Tests.SceneBuilderTests.BlenderModelsHaveMetreScaleAndExpandedRoutesReachEverySharedObject" methodname="BlenderModelsHaveMetreScaleAndExpandedRoutesReachEverySharedObject" classname="ChooGuard.Foundation.Demo.Tests.SceneBuilderTests" runstate="Runnable" seed="1075367378" result="Passed" start-time="2026-09-09 14:29:37Z" end-time="2026-09-09 14:29:40Z" duration="2.986418" asserts="0">
                  <properties>
                    <property name="retryIteration" value="0" />
                    <property name="repeatIteration" value="0" />
                  </properties>
                  <output><![CDATA[Unloading the last loaded scene Assets/CHOOguardGenerated/Tests_bfb15f0ebfea4011b972e44c51f98675/FoundationDemo.unity(build index: -1), is not supported. Please use SceneManager.LoadScene()/EditorSceneManager.OpenScene() to switch to another scene.
]]></output>
                </test-case>
                <test-case id="1042" name="BuildsMapFiveDistinctAnchorsPlayerCameraAndAssembly" fullname="ChooGuard.Foundation.Demo.Tests.SceneBuilderTests.BuildsMapFiveDistinctAnchorsPlayerCameraAndAssembly" methodname="BuildsMapFiveDistinctAnchorsPlayerCameraAndAssembly" classname="ChooGuard.Foundation.Demo.Tests.SceneBuilderTests" runstate="Runnable" seed="1314183528" result="Passed" start-time="2026-09-09 14:29:40Z" end-time="2026-09-09 14:29:42Z" duration="2.993820" asserts="0">
                  <properties>
                    <property name="retryIteration" value="0" />
                    <property name="repeatIteration" value="0" />
                  </properties>
                  <output><![CDATA[Unloading the last loaded scene Assets/CHOOguardGenerated/Tests_5e060b8d1647477da028e2a9996ad2a1/FoundationDemo.unity(build index: -1), is not supported. Please use SceneManager.LoadScene()/EditorSceneManager.OpenScene() to switch to another scene.
]]></output>
                </test-case>
                <test-case id="1045" name="CentralRouteAndEveryAnchorApproachHaveCapsuleClearanceAndFloorSupport" fullname="ChooGuard.Foundation.Demo.Tests.SceneBuilderTests.CentralRouteAndEveryAnchorApproachHaveCapsuleClearanceAndFloorSupport" methodname="CentralRouteAndEveryAnchorApproachHaveCapsuleClearanceAndFloorSupport" classname="ChooGuard.Foundation.Demo.Tests.SceneBuilderTests" runstate="Runnable" seed="247235674" result="Passed" start-time="2026-09-09 14:29:42Z" end-time="2026-09-09 14:29:45Z" duration="2.976009" asserts="0">
                  <properties>
                    <property name="retryIteration" value="0" />
                    <property name="repeatIteration" value="0" />
                  </properties>
                  <output><![CDATA[Unloading the last loaded scene Assets/CHOOguardGenerated/Tests_3850a2d164ef4f31bf587c8e3a5f076d/FoundationDemo.unity(build index: -1), is not supported. Please use SceneManager.LoadScene()/EditorSceneManager.OpenScene() to switch to another scene.
]]></output>
                </test-case>
                <test-case id="1054" name="DetailedPropCatalogueUsesDecorativeGeometryAndBoundedComplexity" fullname="ChooGuard.Foundation.Demo.Tests.SceneBuilderTests.DetailedPropCatalogueUsesDecorativeGeometryAndBoundedComplexity" methodname="DetailedPropCatalogueUsesDecorativeGeometryAndBoundedComplexity" classname="ChooGuard.Foundation.Demo.Tests.SceneBuilderTests" runstate="Runnable" seed="1356831499" result="Passed" start-time="2026-09-09 14:29:45Z" end-time="2026-09-09 14:29:49Z" duration="3.049943" asserts="0">
                  <properties>
                    <property name="retryIteration" value="0" />
                    <property name="repeatIteration" value="0" />
                  </properties>
                  <output><![CDATA[Unloading the last loaded scene Assets/CHOOguardGenerated/Tests_cc2a23dda821475da03c0d68efb9cb28/FoundationDemo.unity(build index: -1), is not supported. Please use SceneManager.LoadScene()/EditorSceneManager.OpenScene() to switch to another scene.
]]></output>
                </test-case>
                <test-case id="1066" name="DetailedReferencesHaveDistinctTerminalsAndAppropriateCollisionBodies" fullname="ChooGuard.Foundation.Demo.Tests.SceneBuilderTests.DetailedReferencesHaveDistinctTerminalsAndAppropriateCollisionBodies" methodname="DetailedReferencesHaveDistinctTerminalsAndAppropriateCollisionBodies" classname="ChooGuard.Foundation.Demo.Tests.SceneBuilderTests" runstate="Runnable" seed="827453140" result="Passed" start-time="2026-09-09 14:29:49Z" end-time="2026-09-09 14:29:52Z" duration="3.010214" asserts="0">
                  <properties>
                    <property name="retryIteration" value="0" />
                    <property name="repeatIteration" value="0" />
                  </properties>
                  <output><![CDATA[Unloading the last loaded scene Assets/CHOOguardGenerated/Tests_4b3bbc26b4b747e0a9d71d34ce68a333/FoundationDemo.unity(build index: -1), is not supported. Please use SceneManager.LoadScene()/EditorSceneManager.OpenScene() to switch to another scene.
]]></output>
                </test-case>
                <test-case id="1053" name="DirtySceneStopsGenerationBeforeWritingAssets" fullname="ChooGuard.Foundation.Demo.Tests.SceneBuilderTests.DirtySceneStopsGenerationBeforeWritingAssets" methodname="DirtySceneStopsGenerationBeforeWritingAssets" classname="ChooGuard.Foundation.Demo.Tests.SceneBuilderTests" runstate="Runnable" seed="792465402" result="Passed" start-time="2026-09-09 14:29:52Z" end-time="2026-09-09 14:29:52Z" duration="0.024035" asserts="0">
                  <properties>
                    <property name="retryIteration" value="0" />
                    <property name="repeatIteration" value="0" />
                  </properties>
                  <output><![CDATA[Unloading the last loaded scene (build index: -1), is not supported. Please use SceneManager.LoadScene()/EditorSceneManager.OpenScene() to switch to another scene.
]]></output>
                </test-case>
                <test-case id="1057" name="EquipmentAndRoomLabelsStayAtPhysicalSignScale" fullname="ChooGuard.Foundation.Demo.Tests.SceneBuilderTests.EquipmentAndRoomLabelsStayAtPhysicalSignScale" methodname="EquipmentAndRoomLabelsStayAtPhysicalSignScale" classname="ChooGuard.Foundation.Demo.Tests.SceneBuilderTests" runstate="Runnable" seed="1512775027" result="Passed" start-time="2026-09-09 14:29:52Z" end-time="2026-09-09 14:29:55Z" duration="2.978162" asserts="0">
                  <properties>
                    <property name="retryIteration" value="0" />
                    <property name="repeatIteration" value="0" />
                  </properties>
                  <output><![CDATA[Unloading the last loaded scene Assets/CHOOguardGenerated/Tests_ade4e9a76f134674b45d0a85589b2750/FoundationDemo.unity(build index: -1), is not supported. Please use SceneManager.LoadScene()/EditorSceneManager.OpenScene() to switch to another scene.
]]></output>
                </test-case>
                <test-case id="1062" name="FloorTileUvCoversTheTopFaceAtOneMetreScale" fullname="ChooGuard.Foundation.Demo.Tests.SceneBuilderTests.FloorTileUvCoversTheTopFaceAtOneMetreScale" methodname="FloorTileUvCoversTheTopFaceAtOneMetreScale" classname="ChooGuard.Foundation.Demo.Tests.SceneBuilderTests" runstate="Runnable" seed="1249427792" result="Passed" start-time="2026-09-09 14:29:55Z" end-time="2026-09-09 14:29:55Z" duration="0.010809" asserts="0">
                  <properties>
                    <property name="retryIteration" value="0" />
                    <property name="repeatIteration" value="0" />
                  </properties>
                </test-case>
                <test-case id="1058" name="GeneratedPrefabLibraryContainsReusablePropFamilies" fullname="ChooGuard.Foundation.Demo.Tests.SceneBuilderTests.GeneratedPrefabLibraryContainsReusablePropFamilies" methodname="GeneratedPrefabLibraryContainsReusablePropFamilies" classname="ChooGuard.Foundation.Demo.Tests.SceneBuilderTests" runstate="Runnable" seed="444342168" result="Passed" start-time="2026-09-09 14:29:55Z" end-time="2026-09-09 14:29:58Z" duration="3.063725" asserts="0">
                  <properties>
                    <property name="retryIteration" value="0" />
                    <property name="repeatIteration" value="0" />
                  </properties>
                  <output><![CDATA[Unloading the last loaded scene Assets/CHOOguardGenerated/Tests_545763b254c84109be9340cfe1dfb567/FoundationDemo.unity(build index: -1), is not supported. Please use SceneManager.LoadScene()/EditorSceneManager.OpenScene() to switch to another scene.
]]></output>
                </test-case>
                <test-case id="1068" name="ImportedAsymmetricGeometryMatchesAuthoredCollisionCoordinates" fullname="ChooGuard.Foundation.Demo.Tests.SceneBuilderTests.ImportedAsymmetricGeometryMatchesAuthoredCollisionCoordinates" methodname="ImportedAsymmetricGeometryMatchesAuthoredCollisionCoordinates" classname="ChooGuard.Foundation.Demo.Tests.SceneBuilderTests" runstate="Runnable" seed="1333535053" result="Passed" start-time="2026-09-09 14:29:58Z" end-time="2026-09-09 14:30:00Z" duration="2.609770" asserts="0">
                  <properties>
                    <property name="retryIteration" value="0" />
                    <property name="repeatIteration" value="0" />
                  </properties>
                  <output><![CDATA[Unloading the last loaded scene Assets/CHOOguardGenerated/Tests_81d0b5c379bc44e9a0651e2f23529d3f/FoundationDemo.unity(build index: -1), is not supported. Please use SceneManager.LoadScene()/EditorSceneManager.OpenScene() to switch to another scene.
]]></output>
                </test-case>
                <test-case id="1055" name="MacBuildRefusesForeignOutputBeforeGeneratingOrOverwriting" fullname="ChooGuard.Foundation.Demo.Tests.SceneBuilderTests.MacBuildRefusesForeignOutputBeforeGeneratingOrOverwriting" methodname="MacBuildRefusesForeignOutputBeforeGeneratingOrOverwriting" classname="ChooGuard.Foundation.Demo.Tests.SceneBuilderTests" runstate="Runnable" seed="1686085539" result="Passed" start-time="2026-09-09 14:30:00Z" end-time="2026-09-09 14:30:00Z" duration="0.010911" asserts="0">
                  <properties>
                    <property name="retryIteration" value="0" />
                    <property name="repeatIteration" value="0" />
                  </properties>
                </test-case>
                <test-case id="1067" name="MannequinFacingAndSolesMatchTravelAndFloorAtGaitExtremes" fullname="ChooGuard.Foundation.Demo.Tests.SceneBuilderTests.MannequinFacingAndSolesMatchTravelAndFloorAtGaitExtremes" methodname="MannequinFacingAndSolesMatchTravelAndFloorAtGaitExtremes" classname="ChooGuard.Foundation.Demo.Tests.SceneBuilderTests" runstate="Runnable" seed="1027364715" result="Passed" start-time="2026-09-09 14:30:00Z" end-time="2026-09-09 14:30:02Z" duration="2.269335" asserts="0">
                  <properties>
                    <property name="retryIteration" value="0" />
                    <property name="repeatIteration" value="0" />
                  </properties>
                  <output><![CDATA[Unloading the last loaded scene Assets/CHOOguardGenerated/Tests_49b9863b39a64a85a9b747145764472c/FoundationDemo.unity(build index: -1), is not supported. Please use SceneManager.LoadScene()/EditorSceneManager.OpenScene() to switch to another scene.
]]></output>
                </test-case>
                <test-suite type="ParameterizedMethod" id="1065" name="PreviousMaterialOwnershipMigratesWithoutOverwritingNewTeamFiles" fullname="ChooGuard.Foundation.Demo.Tests.SceneBuilderTests.PreviousMaterialOwnershipMigratesWithoutOverwritingNewTeamFiles" classname="ChooGuard.Foundation.Demo.Tests.SceneBuilderTests" runstate="Runnable" testcasecount="2" result="Passed" start-time="2026-09-09 14:30:02Z" end-time="2026-09-09 14:30:11Z" duration="8.143882" total="2" passed="2" failed="0" inconclusive="0" skipped="0" asserts="0">
                  <properties />
                  <test-case id="1063" name="PreviousMaterialOwnershipMigratesWithoutOverwritingNewTeamFiles(4)" fullname="ChooGuard.Foundation.Demo.Tests.SceneBuilderTests.PreviousMaterialOwnershipMigratesWithoutOverwritingNewTeamFiles(4)" methodname="PreviousMaterialOwnershipMigratesWithoutOverwritingNewTeamFiles" classname="ChooGuard.Foundation.Demo.Tests.SceneBuilderTests" runstate="Runnable" seed="1505767942" result="Passed" start-time="2026-09-09 14:30:03Z" end-time="2026-09-09 14:30:07Z" duration="4.390316" asserts="0">
                    <properties>
                      <property name="retryIteration" value="0" />
                      <property name="repeatIteration" value="0" />
                    </properties>
                    <output><![CDATA[Unloading the last loaded scene Assets/CHOOguardGenerated/Tests_b90d1e1b714a4fc0a7ae9db64df94e64/FoundationDemo.unity(build index: -1), is not supported. Please use SceneManager.LoadScene()/EditorSceneManager.OpenScene() to switch to another scene.
Unloading the last loaded scene Assets/CHOOguardGenerated/Tests_b90d1e1b714a4fc0a7ae9db64df94e64/FoundationDemo.unity(build index: -1), is not supported. Please use SceneManager.LoadScene()/EditorSceneManager.OpenScene() to switch to another scene.
]]></output>
                  </test-case>
                  <test-case id="1064" name="PreviousMaterialOwnershipMigratesWithoutOverwritingNewTeamFiles(5)" fullname="ChooGuard.Foundation.Demo.Tests.SceneBuilderTests.PreviousMaterialOwnershipMigratesWithoutOverwritingNewTeamFiles(5)" methodname="PreviousMaterialOwnershipMigratesWithoutOverwritingNewTeamFiles" classname="ChooGuard.Foundation.Demo.Tests.SceneBuilderTests" runstate="Runnable" seed="299812626" result="Passed" start-time="2026-09-09 14:30:07Z" end-time="2026-09-09 14:30:11Z" duration="3.746691" asserts="0">
                    <properties>
                      <property name="retryIteration" value="0" />
                      <property name="repeatIteration" value="0" />
                    </properties>
                    <output><![CDATA[Unloading the last loaded scene Assets/CHOOguardGenerated/Tests_348d5e62b4d2421da3284fc3c67e1c95/FoundationDemo.unity(build index: -1), is not supported. Please use SceneManager.LoadScene()/EditorSceneManager.OpenScene() to switch to another scene.
Unloading the last loaded scene Assets/CHOOguardGenerated/Tests_348d5e62b4d2421da3284fc3c67e1c95/FoundationDemo.unity(build index: -1), is not supported. Please use SceneManager.LoadScene()/EditorSceneManager.OpenScene() to switch to another scene.
]]></output>
                  </test-case>
                </test-suite>
                <test-case id="1052" name="PristineUntitledStartupSceneCanGenerateTheDemo" fullname="ChooGuard.Foundation.Demo.Tests.SceneBuilderTests.PristineUntitledStartupSceneCanGenerateTheDemo" methodname="PristineUntitledStartupSceneCanGenerateTheDemo" classname="ChooGuard.Foundation.Demo.Tests.SceneBuilderTests" runstate="Runnable" seed="131314166" result="Passed" start-time="2026-09-09 14:30:11Z" end-time="2026-09-09 14:30:13Z" duration="2.370730" asserts="0">
                  <properties>
                    <property name="retryIteration" value="0" />
                    <property name="repeatIteration" value="0" />
                  </properties>
                  <output><![CDATA[Unloading the last loaded scene Assets/CHOOguardGenerated/Tests_dce3cedde82a41d6bda77101ef3320a5/FoundationDemo.unity(build index: -1), is not supported. Please use SceneManager.LoadScene()/EditorSceneManager.OpenScene() to switch to another scene.
]]></output>
                </test-case>
                <test-case id="1060" name="ReferenceArtUsesDistinctSurfaceResponseAndValidCurvedNormals" fullname="ChooGuard.Foundation.Demo.Tests.SceneBuilderTests.ReferenceArtUsesDistinctSurfaceResponseAndValidCurvedNormals" methodname="ReferenceArtUsesDistinctSurfaceResponseAndValidCurvedNormals" classname="ChooGuard.Foundation.Demo.Tests.SceneBuilderTests" runstate="Runnable" seed="616486531" result="Passed" start-time="2026-09-09 14:30:13Z" end-time="2026-09-09 14:30:16Z" duration="2.811564" asserts="0">
                  <properties>
                    <property name="retryIteration" value="0" />
                    <property name="repeatIteration" value="0" />
                  </properties>
                  <output><![CDATA[Unloading the last loaded scene Assets/CHOOguardGenerated/Tests_a5dcba69e1304edfb0f1ae023fda74d4/FoundationDemo.unity(build index: -1), is not supported. Please use SceneManager.LoadScene()/EditorSceneManager.OpenScene() to switch to another scene.
]]></output>
                </test-case>
                <test-case id="1061" name="ReferenceEnvelopeRetainsWalkableGroundAndClosesUpperWalls" fullname="ChooGuard.Foundation.Demo.Tests.SceneBuilderTests.ReferenceEnvelopeRetainsWalkableGroundAndClosesUpperWalls" methodname="ReferenceEnvelopeRetainsWalkableGroundAndClosesUpperWalls" classname="ChooGuard.Foundation.Demo.Tests.SceneBuilderTests" runstate="Runnable" seed="1460564867" result="Passed" start-time="2026-09-09 14:30:16Z" end-time="2026-09-09 14:30:18Z" duration="2.638834" asserts="0">
                  <properties>
                    <property name="retryIteration" value="0" />
                    <property name="repeatIteration" value="0" />
                  </properties>
                  <output><![CDATA[Unloading the last loaded scene Assets/CHOOguardGenerated/Tests_990323d2eeee48e2a6c344c1f97de425/FoundationDemo.unity(build index: -1), is not supported. Please use SceneManager.LoadScene()/EditorSceneManager.OpenScene() to switch to another scene.
]]></output>
                </test-case>
                <test-case id="1046" name="RejectsExistingUnownedDirectoryWithoutChangingItsFile" fullname="ChooGuard.Foundation.Demo.Tests.SceneBuilderTests.RejectsExistingUnownedDirectoryWithoutChangingItsFile" methodname="RejectsExistingUnownedDirectoryWithoutChangingItsFile" classname="ChooGuard.Foundation.Demo.Tests.SceneBuilderTests" runstate="Runnable" seed="39583789" result="Passed" start-time="2026-09-09 14:30:18Z" end-time="2026-09-09 14:30:19Z" duration="0.057782" asserts="0">
                  <properties>
                    <property name="retryIteration" value="0" />
                    <property name="repeatIteration" value="0" />
                  </properties>
                </test-case>
                <test-suite type="ParameterizedMethod" id="1051" name="RejectsOutputOutsideDedicatedGeneratedChild" fullname="ChooGuard.Foundation.Demo.Tests.SceneBuilderTests.RejectsOutputOutsideDedicatedGeneratedChild" classname="ChooGuard.Foundation.Demo.Tests.SceneBuilderTests" runstate="Runnable" testcasecount="4" result="Passed" start-time="2026-09-09 14:30:19Z" end-time="2026-09-09 14:30:19Z" duration="0.013019" total="4" passed="4" failed="0" inconclusive="0" skipped="0" asserts="0">
                  <properties />
                  <test-case id="1047" name="RejectsOutputOutsideDedicatedGeneratedChild(&quot;Assets/ExistingTeamScene&quot;)" fullname="ChooGuard.Foundation.Demo.Tests.SceneBuilderTests.RejectsOutputOutsideDedicatedGeneratedChild(&quot;Assets/ExistingTeamScene&quot;)" methodname="RejectsOutputOutsideDedicatedGeneratedChild" classname="ChooGuard.Foundation.Demo.Tests.SceneBuilderTests" runstate="Runnable" seed="1630229222" result="Passed" start-time="2026-09-09 14:30:19Z" end-time="2026-09-09 14:30:19Z" duration="0.004293" asserts="0">
                    <properties>
                      <property name="retryIteration" value="0" />
                      <property name="repeatIteration" value="0" />
                    </properties>
                  </test-case>
                  <test-case id="1048" name="RejectsOutputOutsideDedicatedGeneratedChild(&quot;Assets/CHOOguardGenerated/../ExistingTeamScene&quot;)" fullname="ChooGuard.Foundation.Demo.Tests.SceneBuilderTests.RejectsOutputOutsideDedicatedGeneratedChild(&quot;Assets/CHOOguardGenerated/../ExistingTeamScene&quot;)" methodname="RejectsOutputOutsideDedicatedGeneratedChild" classname="ChooGuard.Foundation.Demo.Tests.SceneBuilderTests" runstate="Runnable" seed="88471627" result="Passed" start-time="2026-09-09 14:30:19Z" end-time="2026-09-09 14:30:19Z" duration="0.001794" asserts="0">
                    <properties>
                      <property name="retryIteration" value="0" />
                      <property name="repeatIteration" value="0" />
                    </properties>
                  </test-case>
                  <test-case id="1049" name="RejectsOutputOutsideDedicatedGeneratedChild(&quot;Packages/com.xrlab.chooguard.foundation/Demo&quot;)" fullname="ChooGuard.Foundation.Demo.Tests.SceneBuilderTests.RejectsOutputOutsideDedicatedGeneratedChild(&quot;Packages/com.xrlab.chooguard.foundation/Demo&quot;)" methodname="RejectsOutputOutsideDedicatedGeneratedChild" classname="ChooGuard.Foundation.Demo.Tests.SceneBuilderTests" runstate="Runnable" seed="1985334191" result="Passed" start-time="2026-09-09 14:30:19Z" end-time="2026-09-09 14:30:19Z" duration="0.000997" asserts="0">
                    <properties>
                      <property name="retryIteration" value="0" />
                      <property name="repeatIteration" value="0" />
                    </properties>
                  </test-case>
                  <test-case id="1050" name="RejectsOutputOutsideDedicatedGeneratedChild(&quot;Assets/CHOOguardGenerated&quot;)" fullname="ChooGuard.Foundation.Demo.Tests.SceneBuilderTests.RejectsOutputOutsideDedicatedGeneratedChild(&quot;Assets/CHOOguardGenerated&quot;)" methodname="RejectsOutputOutsideDedicatedGeneratedChild" classname="ChooGuard.Foundation.Demo.Tests.SceneBuilderTests" runstate="Runnable" seed="1148596247" result="Passed" start-time="2026-09-09 14:30:19Z" end-time="2026-09-09 14:30:19Z" duration="0.000941" asserts="0">
                    <properties>
                      <property name="retryIteration" value="0" />
                      <property name="repeatIteration" value="0" />
                    </properties>
                  </test-case>
                </test-suite>
                <test-case id="1043" name="RepeatGenerationHasStableObjectAndAssetCountsAndPreservesForeignFile" fullname="ChooGuard.Foundation.Demo.Tests.SceneBuilderTests.RepeatGenerationHasStableObjectAndAssetCountsAndPreservesForeignFile" methodname="RepeatGenerationHasStableObjectAndAssetCountsAndPreservesForeignFile" classname="ChooGuard.Foundation.Demo.Tests.SceneBuilderTests" runstate="Runnable" seed="1761812222" result="Passed" start-time="2026-09-09 14:30:19Z" end-time="2026-09-09 14:30:22Z" duration="3.807351" asserts="0">
                  <properties>
                    <property name="retryIteration" value="0" />
                    <property name="repeatIteration" value="0" />
                  </properties>
                  <output><![CDATA[Render queue value outside of the allowed range (2501 - 3999) for selected Blend mode, resetting render queue to default
Unloading the last loaded scene Assets/CHOOguardGenerated/Tests_663fd0453b2949fb98394229be0254fc/FoundationDemo.unity(build index: -1), is not supported. Please use SceneManager.LoadScene()/EditorSceneManager.OpenScene() to switch to another scene.
]]></output>
                </test-case>
                <test-case id="1044" name="SavedSceneReloadKeepsScenarioPlayerAndTargetReferences" fullname="ChooGuard.Foundation.Demo.Tests.SceneBuilderTests.SavedSceneReloadKeepsScenarioPlayerAndTargetReferences" methodname="SavedSceneReloadKeepsScenarioPlayerAndTargetReferences" classname="ChooGuard.Foundation.Demo.Tests.SceneBuilderTests" runstate="Runnable" seed="1334916399" result="Passed" start-time="2026-09-09 14:30:22Z" end-time="2026-09-09 14:30:25Z" duration="2.485576" asserts="0">
                  <properties>
                    <property name="retryIteration" value="0" />
                    <property name="repeatIteration" value="0" />
                  </properties>
                  <output><![CDATA[Unloading the last loaded scene Assets/CHOOguardGenerated/Tests_75e54e9abd1e4840beb89f7edf5dcf64/FoundationDemo.unity(build index: -1), is not supported. Please use SceneManager.LoadScene()/EditorSceneManager.OpenScene() to switch to another scene.
Unloading the last loaded scene Assets/CHOOguardGenerated/Tests_75e54e9abd1e4840beb89f7edf5dcf64/FoundationDemo.unity(build index: -1), is not supported. Please use SceneManager.LoadScene()/EditorSceneManager.OpenScene() to switch to another scene.
]]></output>
                </test-case>
                <test-case id="1056" name="WindowsBuildRefusesForeignOutputBeforeGeneratingOrOverwriting" fullname="ChooGuard.Foundation.Demo.Tests.SceneBuilderTests.WindowsBuildRefusesForeignOutputBeforeGeneratingOrOverwriting" methodname="WindowsBuildRefusesForeignOutputBeforeGeneratingOrOverwriting" classname="ChooGuard.Foundation.Demo.Tests.SceneBuilderTests" runstate="Runnable" seed="2114833452" result="Passed" start-time="2026-09-09 14:30:25Z" end-time="2026-09-09 14:30:25Z" duration="0.007928" asserts="0">
                  <properties>
                    <property name="retryIteration" value="0" />
                    <property name="repeatIteration" value="0" />
                  </properties>
                </test-case>
              </test-suite>
              <test-suite type="TestFixture" id="1069" name="StationWorldSceneTests" fullname="ChooGuard.Foundation.Demo.Tests.StationWorldSceneTests" classname="ChooGuard.Foundation.Demo.Tests.StationWorldSceneTests" runstate="Runnable" testcasecount="2" result="Passed" start-time="2026-09-09 14:30:25Z" end-time="2026-09-09 14:30:30Z" duration="5.054807" total="2" passed="2" failed="0" inconclusive="0" skipped="0" asserts="0">
                <properties />
                <test-case id="1071" name="PortalRequiresOppositeSidesInsideOpeningRatherThanProximity" fullname="ChooGuard.Foundation.Demo.Tests.StationWorldSceneTests.PortalRequiresOppositeSidesInsideOpeningRatherThanProximity" methodname="PortalRequiresOppositeSidesInsideOpeningRatherThanProximity" classname="ChooGuard.Foundation.Demo.Tests.StationWorldSceneTests" runstate="Runnable" seed="194820668" result="Passed" start-time="2026-09-09 14:30:25Z" end-time="2026-09-09 14:30:27Z" duration="2.492801" asserts="0">
                  <properties>
                    <property name="retryIteration" value="0" />
                    <property name="repeatIteration" value="0" />
                  </properties>
                  <output><![CDATA[Unloading the last loaded scene Assets/CHOOguardGenerated/WorldTests_192fa3e270544d648ed97068b8ae66a2/FoundationDemo.unity(build index: -1), is not supported. Please use SceneManager.LoadScene()/EditorSceneManager.OpenScene() to switch to another scene.
]]></output>
                </test-case>
                <test-case id="1070" name="RegisteredWorldBindingsRoutinesAndAlternateRoutesSurviveEachClosure" fullname="ChooGuard.Foundation.Demo.Tests.StationWorldSceneTests.RegisteredWorldBindingsRoutinesAndAlternateRoutesSurviveEachClosure" methodname="RegisteredWorldBindingsRoutinesAndAlternateRoutesSurviveEachClosure" classname="ChooGuard.Foundation.Demo.Tests.StationWorldSceneTests" runstate="Runnable" seed="666832981" result="Passed" start-time="2026-09-09 14:30:27Z" end-time="2026-09-09 14:30:30Z" duration="2.559987" asserts="0">
                  <properties>
                    <property name="retryIteration" value="0" />
                    <property name="repeatIteration" value="0" />
                  </properties>
                  <output><![CDATA[Unloading the last loaded scene Assets/CHOOguardGenerated/WorldTests_f537c35bb60d48208ad049fa79063508/FoundationDemo.unity(build index: -1), is not supported. Please use SceneManager.LoadScene()/EditorSceneManager.OpenScene() to switch to another scene.
]]></output>
                </test-case>
              </test-suite>
              <test-suite type="TestFixture" id="1072" name="StationWorldSessionTests" fullname="ChooGuard.Foundation.Demo.Tests.StationWorldSessionTests" classname="ChooGuard.Foundation.Demo.Tests.StationWorldSessionTests" runstate="Runnable" testcasecount="9" result="Passed" start-time="2026-09-09 14:30:30Z" end-time="2026-09-09 14:30:30Z" duration="0.012623" total="9" passed="9" failed="0" inconclusive="0" skipped="0" asserts="0">
                <properties />
                <test-case id="1081" name="EscalationIsRecordedWithoutInventingPassFailOrChangingAffectedPeople" fullname="ChooGuard.Foundation.Demo.Tests.StationWorldSessionTests.EscalationIsRecordedWithoutInventingPassFailOrChangingAffectedPeople" methodname="EscalationIsRecordedWithoutInventingPassFailOrChangingAffectedPeople" classname="ChooGuard.Foundation.Demo.Tests.StationWorldSessionTests" runstate="Runnable" seed="1058726960" result="Passed" start-time="2026-09-09 14:30:30Z" end-time="2026-09-09 14:30:30Z" duration="0.003916" asserts="0">
                  <properties>
                    <property name="retryIteration" value="0" />
                    <property name="repeatIteration" value="0" />
                  </properties>
                </test-case>
                <test-case id="1074" name="OccupiedOrUnknownSitesNeverStartAndInvalidDeltaCannotChangeTheClock" fullname="ChooGuard.Foundation.Demo.Tests.StationWorldSessionTests.OccupiedOrUnknownSitesNeverStartAndInvalidDeltaCannotChangeTheClock" methodname="OccupiedOrUnknownSitesNeverStartAndInvalidDeltaCannotChangeTheClock" classname="ChooGuard.Foundation.Demo.Tests.StationWorldSessionTests" runstate="Runnable" seed="1553095183" result="Passed" start-time="2026-09-09 14:30:30Z" end-time="2026-09-09 14:30:30Z" duration="0.000906" asserts="0">
                  <properties>
                    <property name="retryIteration" value="0" />
                    <property name="repeatIteration" value="0" />
                  </properties>
                </test-case>
                <test-case id="1080" name="PausingFreezesTimeAndActionsWhileStaleRevisionAndDuplicateNpcCannotAdvance" fullname="ChooGuard.Foundation.Demo.Tests.StationWorldSessionTests.PausingFreezesTimeAndActionsWhileStaleRevisionAndDuplicateNpcCannotAdvance" methodname="PausingFreezesTimeAndActionsWhileStaleRevisionAndDuplicateNpcCannotAdvance" classname="ChooGuard.Foundation.Demo.Tests.StationWorldSessionTests" runstate="Runnable" seed="1184246070" result="Passed" start-time="2026-09-09 14:30:30Z" end-time="2026-09-09 14:30:30Z" duration="0.001095" asserts="0">
                  <properties>
                    <property name="retryIteration" value="0" />
                    <property name="repeatIteration" value="0" />
                  </properties>
                </test-case>
                <test-suite type="ParameterizedMethod" id="1079" name="ResponseHasCausalPrerequisitesAcceptsIndependentOrderAndReturnsToNormal" fullname="ChooGuard.Foundation.Demo.Tests.StationWorldSessionTests.ResponseHasCausalPrerequisitesAcceptsIndependentOrderAndReturnsToNormal" classname="ChooGuard.Foundation.Demo.Tests.StationWorldSessionTests" runstate="Runnable" testcasecount="4" result="Passed" start-time="2026-09-09 14:30:30Z" end-time="2026-09-09 14:30:30Z" duration="0.002435" total="4" passed="4" failed="0" inconclusive="0" skipped="0" asserts="0">
                  <properties />
                  <test-case id="1075" name="ResponseHasCausalPrerequisitesAcceptsIndependentOrderAndReturnsToNormal(1)" fullname="ChooGuard.Foundation.Demo.Tests.StationWorldSessionTests.ResponseHasCausalPrerequisitesAcceptsIndependentOrderAndReturnsToNormal(1)" methodname="ResponseHasCausalPrerequisitesAcceptsIndependentOrderAndReturnsToNormal" classname="ChooGuard.Foundation.Demo.Tests.StationWorldSessionTests" runstate="Runnable" seed="1488409796" result="Passed" start-time="2026-09-09 14:30:30Z" end-time="2026-09-09 14:30:30Z" duration="0.001484" asserts="0">
                    <properties>
                      <property name="retryIteration" value="0" />
                      <property name="repeatIteration" value="0" />
                    </properties>
                  </test-case>
                  <test-case id="1076" name="ResponseHasCausalPrerequisitesAcceptsIndependentOrderAndReturnsToNormal(2)" fullname="ChooGuard.Foundation.Demo.Tests.StationWorldSessionTests.ResponseHasCausalPrerequisitesAcceptsIndependentOrderAndReturnsToNormal(2)" methodname="ResponseHasCausalPrerequisitesAcceptsIndependentOrderAndReturnsToNormal" classname="ChooGuard.Foundation.Demo.Tests.StationWorldSessionTests" runstate="Runnable" seed="1466970484" result="Passed" start-time="2026-09-09 14:30:30Z" end-time="2026-09-09 14:30:30Z" duration="0.000165" asserts="0">
                    <properties>
                      <property name="retryIteration" value="0" />
                      <property name="repeatIteration" value="0" />
                    </properties>
                  </test-case>
                  <test-case id="1077" name="ResponseHasCausalPrerequisitesAcceptsIndependentOrderAndReturnsToNormal(11)" fullname="ChooGuard.Foundation.Demo.Tests.StationWorldSessionTests.ResponseHasCausalPrerequisitesAcceptsIndependentOrderAndReturnsToNormal(11)" methodname="ResponseHasCausalPrerequisitesAcceptsIndependentOrderAndReturnsToNormal" classname="ChooGuard.Foundation.Demo.Tests.StationWorldSessionTests" runstate="Runnable" seed="710934462" result="Passed" start-time="2026-09-09 14:30:30Z" end-time="2026-09-09 14:30:30Z" duration="0.000118" asserts="0">
                    <properties>
                      <property name="retryIteration" value="0" />
                      <property name="repeatIteration" value="0" />
                    </properties>
                  </test-case>
                  <test-case id="1078" name="ResponseHasCausalPrerequisitesAcceptsIndependentOrderAndReturnsToNormal(1729)" fullname="ChooGuard.Foundation.Demo.Tests.StationWorldSessionTests.ResponseHasCausalPrerequisitesAcceptsIndependentOrderAndReturnsToNormal(1729)" methodname="ResponseHasCausalPrerequisitesAcceptsIndependentOrderAndReturnsToNormal" classname="ChooGuard.Foundation.Demo.Tests.StationWorldSessionTests" runstate="Runnable" seed="797432342" result="Passed" start-time="2026-09-09 14:30:30Z" end-time="2026-09-09 14:30:30Z" duration="0.000114" asserts="0">
                    <properties>
                      <property name="retryIteration" value="0" />
                      <property name="repeatIteration" value="0" />
                    </properties>
                  </test-case>
                </test-suite>
                <test-case id="1073" name="SeededOnsetIsIndependentOfFrameSizeAndDoesNotRevealTheIncident" fullname="ChooGuard.Foundation.Demo.Tests.StationWorldSessionTests.SeededOnsetIsIndependentOfFrameSizeAndDoesNotRevealTheIncident" methodname="SeededOnsetIsIndependentOfFrameSizeAndDoesNotRevealTheIncident" classname="ChooGuard.Foundation.Demo.Tests.StationWorldSessionTests" runstate="Runnable" seed="1983625954" result="Passed" start-time="2026-09-09 14:30:30Z" end-time="2026-09-09 14:30:30Z" duration="0.002079" asserts="0">
                  <properties>
                    <property name="retryIteration" value="0" />
                    <property name="repeatIteration" value="0" />
                  </properties>
                </test-case>
                <test-case id="1082" name="SyntheticGeometryCannotBeMarkedVerifiedWithoutFacilityAndManualEvidence" fullname="ChooGuard.Foundation.Demo.Tests.StationWorldSessionTests.SyntheticGeometryCannotBeMarkedVerifiedWithoutFacilityAndManualEvidence" methodname="SyntheticGeometryCannotBeMarkedVerifiedWithoutFacilityAndManualEvidence" classname="ChooGuard.Foundation.Demo.Tests.StationWorldSessionTests" runstate="Runnable" seed="1336869874" result="Passed" start-time="2026-09-09 14:30:30Z" end-time="2026-09-09 14:30:30Z" duration="0.000298" asserts="0">
                  <properties>
                    <property name="retryIteration" value="0" />
                    <property name="repeatIteration" value="0" />
                  </properties>
                </test-case>
              </test-suite>
            </test-suite>
          </test-suite>
        </test-suite>
      </test-suite>
    </test-suite>
    <test-suite type="Assembly" id="1148" name="ChooGuard.Foundation.Tests.dll" fullname="<CHECKOUT>/Library/ScriptAssemblies/ChooGuard.Foundation.Tests.dll" runstate="Runnable" testcasecount="52" result="Passed" start-time="2026-09-09 14:30:30Z" end-time="2026-09-09 14:30:30Z" duration="0.043263" total="52" passed="52" failed="0" inconclusive="0" skipped="0" asserts="0">
      <properties>
        <property name="_PID" value="18160" />
        <property name="_APPDOMAIN" value="Unity Child Domain" />
        <property name="platform" value="EditMode" />
        <property name="EditorOnly" value="True" />
      </properties>
      <test-suite type="TestSuite" id="1149" name="ChooGuard" fullname="ChooGuard" runstate="Runnable" testcasecount="52" result="Passed" start-time="2026-09-09 14:30:30Z" end-time="2026-09-09 14:30:30Z" duration="0.042996" total="52" passed="52" failed="0" inconclusive="0" skipped="0" asserts="0">
        <properties />
        <test-suite type="TestSuite" id="1150" name="Foundation" fullname="ChooGuard.Foundation" runstate="Runnable" testcasecount="52" result="Passed" start-time="2026-09-09 14:30:30Z" end-time="2026-09-09 14:30:30Z" duration="0.042916" total="52" passed="52" failed="0" inconclusive="0" skipped="0" asserts="0">
          <properties />
          <test-suite type="TestSuite" id="1151" name="Tests" fullname="ChooGuard.Foundation.Tests" runstate="Runnable" testcasecount="52" result="Passed" start-time="2026-09-09 14:30:30Z" end-time="2026-09-09 14:30:30Z" duration="0.042825" total="52" passed="52" failed="0" inconclusive="0" skipped="0" asserts="0">
            <properties />
            <test-suite type="TestFixture" id="1088" name="CanonicalScenarioTests" fullname="ChooGuard.Foundation.Tests.CanonicalScenarioTests" classname="ChooGuard.Foundation.Tests.CanonicalScenarioTests" runstate="Runnable" testcasecount="15" result="Passed" start-time="2026-09-09 14:30:30Z" end-time="2026-09-09 14:30:30Z" duration="0.016989" total="15" passed="15" failed="0" inconclusive="0" skipped="0" asserts="0">
              <properties />
              <test-suite type="ParameterizedMethod" id="1105" name="CanonicalJsonDrivesAllTenRoleModalityPaths" fullname="ChooGuard.Foundation.Tests.CanonicalScenarioTests.CanonicalJsonDrivesAllTenRoleModalityPaths" classname="ChooGuard.Foundation.Tests.CanonicalScenarioTests" runstate="Runnable" testcasecount="10" result="Passed" start-time="2026-09-09 14:30:30Z" end-time="2026-09-09 14:30:30Z" duration="0.012696" total="10" passed="10" failed="0" inconclusive="0" skipped="0" asserts="0">
                <properties />
                <test-case id="1095" name="CanonicalJsonDrivesAllTenRoleModalityPaths(&quot;role-01&quot;,VR)" fullname="ChooGuard.Foundation.Tests.CanonicalScenarioTests.CanonicalJsonDrivesAllTenRoleModalityPaths(&quot;role-01&quot;,VR)" methodname="CanonicalJsonDrivesAllTenRoleModalityPaths" classname="ChooGuard.Foundation.Tests.CanonicalScenarioTests" runstate="Runnable" seed="1026482289" result="Passed" start-time="2026-09-09 14:30:30Z" end-time="2026-09-09 14:30:30Z" duration="0.003381" asserts="0">
                  <properties>
                    <property name="retryIteration" value="0" />
                    <property name="repeatIteration" value="0" />
                  </properties>
                </test-case>
                <test-case id="1096" name="CanonicalJsonDrivesAllTenRoleModalityPaths(&quot;role-01&quot;,Desktop)" fullname="ChooGuard.Foundation.Tests.CanonicalScenarioTests.CanonicalJsonDrivesAllTenRoleModalityPaths(&quot;role-01&quot;,Desktop)" methodname="CanonicalJsonDrivesAllTenRoleModalityPaths" classname="ChooGuard.Foundation.Tests.CanonicalScenarioTests" runstate="Runnable" seed="1317039838" result="Passed" start-time="2026-09-09 14:30:30Z" end-time="2026-09-09 14:30:30Z" duration="0.000898" asserts="0">
                  <properties>
                    <property name="retryIteration" value="0" />
                    <property name="repeatIteration" value="0" />
                  </properties>
                </test-case>
                <test-case id="1097" name="CanonicalJsonDrivesAllTenRoleModalityPaths(&quot;role-02&quot;,VR)" fullname="ChooGuard.Foundation.Tests.CanonicalScenarioTests.CanonicalJsonDrivesAllTenRoleModalityPaths(&quot;role-02&quot;,VR)" methodname="CanonicalJsonDrivesAllTenRoleModalityPaths" classname="ChooGuard.Foundation.Tests.CanonicalScenarioTests" runstate="Runnable" seed="424252006" result="Passed" start-time="2026-09-09 14:30:30Z" end-time="2026-09-09 14:30:30Z" duration="0.000805" asserts="0">
                  <properties>
                    <property name="retryIteration" value="0" />
                    <property name="repeatIteration" value="0" />
                  </properties>
                </test-case>
                <test-case id="1098" name="CanonicalJsonDrivesAllTenRoleModalityPaths(&quot;role-02&quot;,Desktop)" fullname="ChooGuard.Foundation.Tests.CanonicalScenarioTests.CanonicalJsonDrivesAllTenRoleModalityPaths(&quot;role-02&quot;,Desktop)" methodname="CanonicalJsonDrivesAllTenRoleModalityPaths" classname="ChooGuard.Foundation.Tests.CanonicalScenarioTests" runstate="Runnable" seed="1636547035" result="Passed" start-time="2026-09-09 14:30:30Z" end-time="2026-09-09 14:30:30Z" duration="0.002469" asserts="0">
                  <properties>
                    <property name="retryIteration" value="0" />
                    <property name="repeatIteration" value="0" />
                  </properties>
                </test-case>
                <test-case id="1099" name="CanonicalJsonDrivesAllTenRoleModalityPaths(&quot;role-03&quot;,VR)" fullname="ChooGuard.Foundation.Tests.CanonicalScenarioTests.CanonicalJsonDrivesAllTenRoleModalityPaths(&quot;role-03&quot;,VR)" methodname="CanonicalJsonDrivesAllTenRoleModalityPaths" classname="ChooGuard.Foundation.Tests.CanonicalScenarioTests" runstate="Runnable" seed="2140459109" result="Passed" start-time="2026-09-09 14:30:30Z" end-time="2026-09-09 14:30:30Z" duration="0.000771" asserts="0">
                  <properties>
                    <property name="retryIteration" value="0" />
                    <property name="repeatIteration" value="0" />
                  </properties>
                </test-case>
                <test-case id="1100" name="CanonicalJsonDrivesAllTenRoleModalityPaths(&quot;role-03&quot;,Desktop)" fullname="ChooGuard.Foundation.Tests.CanonicalScenarioTests.CanonicalJsonDrivesAllTenRoleModalityPaths(&quot;role-03&quot;,Desktop)" methodname="CanonicalJsonDrivesAllTenRoleModalityPaths" classname="ChooGuard.Foundation.Tests.CanonicalScenarioTests" runstate="Runnable" seed="1336243409" result="Passed" start-time="2026-09-09 14:30:30Z" end-time="2026-09-09 14:30:30Z" duration="0.000678" asserts="0">
                  <properties>
                    <property name="retryIteration" value="0" />
                    <property name="repeatIteration" value="0" />
                  </properties>
                </test-case>
                <test-case id="1101" name="CanonicalJsonDrivesAllTenRoleModalityPaths(&quot;role-04&quot;,VR)" fullname="ChooGuard.Foundation.Tests.CanonicalScenarioTests.CanonicalJsonDrivesAllTenRoleModalityPaths(&quot;role-04&quot;,VR)" methodname="CanonicalJsonDrivesAllTenRoleModalityPaths" classname="ChooGuard.Foundation.Tests.CanonicalScenarioTests" runstate="Runnable" seed="406529520" result="Passed" start-time="2026-09-09 14:30:30Z" end-time="2026-09-09 14:30:30Z" duration="0.000663" asserts="0">
                  <properties>
                    <property name="retryIteration" value="0" />
                    <property name="repeatIteration" value="0" />
                  </properties>
                </test-case>
                <test-case id="1102" name="CanonicalJsonDrivesAllTenRoleModalityPaths(&quot;role-04&quot;,Desktop)" fullname="ChooGuard.Foundation.Tests.CanonicalScenarioTests.CanonicalJsonDrivesAllTenRoleModalityPaths(&quot;role-04&quot;,Desktop)" methodname="CanonicalJsonDrivesAllTenRoleModalityPaths" classname="ChooGuard.Foundation.Tests.CanonicalScenarioTests" runstate="Runnable" seed="1081491679" result="Passed" start-time="2026-09-09 14:30:30Z" end-time="2026-09-09 14:30:30Z" duration="0.000680" asserts="0">
                  <properties>
                    <property name="retryIteration" value="0" />
                    <property name="repeatIteration" value="0" />
                  </properties>
                </test-case>
                <test-case id="1103" name="CanonicalJsonDrivesAllTenRoleModalityPaths(&quot;role-05&quot;,VR)" fullname="ChooGuard.Foundation.Tests.CanonicalScenarioTests.CanonicalJsonDrivesAllTenRoleModalityPaths(&quot;role-05&quot;,VR)" methodname="CanonicalJsonDrivesAllTenRoleModalityPaths" classname="ChooGuard.Foundation.Tests.CanonicalScenarioTests" runstate="Runnable" seed="361225153" result="Passed" start-time="2026-09-09 14:30:30Z" end-time="2026-09-09 14:30:30Z" duration="0.000657" asserts="0">
                  <properties>
                    <property name="retryIteration" value="0" />
                    <property name="repeatIteration" value="0" />
                  </properties>
                </test-case>
                <test-case id="1104" name="CanonicalJsonDrivesAllTenRoleModalityPaths(&quot;role-05&quot;,Desktop)" fullname="ChooGuard.Foundation.Tests.CanonicalScenarioTests.CanonicalJsonDrivesAllTenRoleModalityPaths(&quot;role-05&quot;,Desktop)" methodname="CanonicalJsonDrivesAllTenRoleModalityPaths" classname="ChooGuard.Foundation.Tests.CanonicalScenarioTests" runstate="Runnable" seed="404625066" result="Passed" start-time="2026-09-09 14:30:30Z" end-time="2026-09-09 14:30:30Z" duration="0.000627" asserts="0">
                  <properties>
                    <property name="retryIteration" value="0" />
                    <property name="repeatIteration" value="0" />
                  </properties>
                </test-case>
              </test-suite>
              <test-suite type="ParameterizedMethod" id="1094" name="CanonicalJsonHasGoldenReadyState" fullname="ChooGuard.Foundation.Tests.CanonicalScenarioTests.CanonicalJsonHasGoldenReadyState" classname="ChooGuard.Foundation.Tests.CanonicalScenarioTests" runstate="Runnable" testcasecount="5" result="Passed" start-time="2026-09-09 14:30:30Z" end-time="2026-09-09 14:30:30Z" duration="0.003766" total="5" passed="5" failed="0" inconclusive="0" skipped="0" asserts="0">
                <properties />
                <test-case id="1089" name="CanonicalJsonHasGoldenReadyState(&quot;role-01&quot;,&quot;e286c404bc7df3fb629399e92bdf3b383f626eff5b959b34c57f07f972438d2c&quot;)" fullname="ChooGuard.Foundation.Tests.CanonicalScenarioTests.CanonicalJsonHasGoldenReadyState(&quot;role-01&quot;,&quot;e286c404bc7df3fb629399e92bdf3b383f626eff5b959b34c57f07f972438d2c&quot;)" methodname="CanonicalJsonHasGoldenReadyState" classname="ChooGuard.Foundation.Tests.CanonicalScenarioTests" runstate="Runnable" seed="1832732368" result="Passed" start-time="2026-09-09 14:30:30Z" end-time="2026-09-09 14:30:30Z" duration="0.000940" asserts="0">
                  <properties>
                    <property name="retryIteration" value="0" />
                    <property name="repeatIteration" value="0" />
                  </properties>
                </test-case>
[...]
                    <property name="retryIteration" value="0" />
                    <property name="repeatIteration" value="0" />
                  </properties>
                </test-case>
                <test-case id="1118" name="InvalidActionDoesNotMutateQuestTeamOrAttemptHistory(&quot;anchor&quot;,TargetAnchorMismatch)" fullname="ChooGuard.Foundation.Tests.TrainingSessionTests.InvalidActionDoesNotMutateQuestTeamOrAttemptHistory(&quot;anchor&quot;,TargetAnchorMismatch)" methodname="InvalidActionDoesNotMutateQuestTeamOrAttemptHistory" classname="ChooGuard.Foundation.Tests.TrainingSessionTests" runstate="Runnable" seed="1645133627" result="Passed" start-time="2026-09-09 14:30:30Z" end-time="2026-09-09 14:30:30Z" duration="0.000353" asserts="0">
                  <properties>
                    <property name="retryIteration" value="0" />
                    <property name="repeatIteration" value="0" />
                  </properties>
                </test-case>
                <test-case id="1119" name="InvalidActionDoesNotMutateQuestTeamOrAttemptHistory(&quot;action&quot;,ActionMismatch)" fullname="ChooGuard.Foundation.Tests.TrainingSessionTests.InvalidActionDoesNotMutateQuestTeamOrAttemptHistory(&quot;action&quot;,ActionMismatch)" methodname="InvalidActionDoesNotMutateQuestTeamOrAttemptHistory" classname="ChooGuard.Foundation.Tests.TrainingSessionTests" runstate="Runnable" seed="739300341" result="Passed" start-time="2026-09-09 14:30:30Z" end-time="2026-09-09 14:30:30Z" duration="0.000336" asserts="0">
                  <properties>
                    <property name="retryIteration" value="0" />
                    <property name="repeatIteration" value="0" />
                  </properties>
                </test-case>
                <test-case id="1120" name="InvalidActionDoesNotMutateQuestTeamOrAttemptHistory(&quot;hash&quot;,StaleState)" fullname="ChooGuard.Foundation.Tests.TrainingSessionTests.InvalidActionDoesNotMutateQuestTeamOrAttemptHistory(&quot;hash&quot;,StaleState)" methodname="InvalidActionDoesNotMutateQuestTeamOrAttemptHistory" classname="ChooGuard.Foundation.Tests.TrainingSessionTests" runstate="Runnable" seed="58867979" result="Passed" start-time="2026-09-09 14:30:30Z" end-time="2026-09-09 14:30:30Z" duration="0.000331" asserts="0">
                  <properties>
                    <property name="retryIteration" value="0" />
                    <property name="repeatIteration" value="0" />
                  </properties>
                </test-case>
                <test-case id="1121" name="InvalidActionDoesNotMutateQuestTeamOrAttemptHistory(&quot;attempt&quot;,InvalidAttemptId)" fullname="ChooGuard.Foundation.Tests.TrainingSessionTests.InvalidActionDoesNotMutateQuestTeamOrAttemptHistory(&quot;attempt&quot;,InvalidAttemptId)" methodname="InvalidActionDoesNotMutateQuestTeamOrAttemptHistory" classname="ChooGuard.Foundation.Tests.TrainingSessionTests" runstate="Runnable" seed="537514675" result="Passed" start-time="2026-09-09 14:30:30Z" end-time="2026-09-09 14:30:30Z" duration="0.000328" asserts="0">
                  <properties>
                    <property name="retryIteration" value="0" />
                    <property name="repeatIteration" value="0" />
                  </properties>
                </test-case>
                <test-case id="1122" name="InvalidActionDoesNotMutateQuestTeamOrAttemptHistory(&quot;modality&quot;,InvalidModality)" fullname="ChooGuard.Foundation.Tests.TrainingSessionTests.InvalidActionDoesNotMutateQuestTeamOrAttemptHistory(&quot;modality&quot;,InvalidModality)" methodname="InvalidActionDoesNotMutateQuestTeamOrAttemptHistory" classname="ChooGuard.Foundation.Tests.TrainingSessionTests" runstate="Runnable" seed="292140167" result="Passed" start-time="2026-09-09 14:30:30Z" end-time="2026-09-09 14:30:30Z" duration="0.000335" asserts="0">
                  <properties>
                    <property name="retryIteration" value="0" />
                    <property name="repeatIteration" value="0" />
                  </properties>
                </test-case>
              </test-suite>
              <test-suite type="ParameterizedMethod" id="1146" name="InvalidScenarioFailsBeforeSessionCreation" fullname="ChooGuard.Foundation.Tests.TrainingSessionTests.InvalidScenarioFailsBeforeSessionCreation" classname="ChooGuard.Foundation.Tests.TrainingSessionTests" runstate="Runnable" testcasecount="14" result="Passed" start-time="2026-09-09 14:30:30Z" end-time="2026-09-09 14:30:30Z" duration="0.003329" total="14" passed="14" failed="0" inconclusive="0" skipped="0" asserts="0">
                <properties />
                <test-case id="1132" name="InvalidScenarioFailsBeforeSessionCreation(&quot;schema&quot;)" fullname="ChooGuard.Foundation.Tests.TrainingSessionTests.InvalidScenarioFailsBeforeSessionCreation(&quot;schema&quot;)" methodname="InvalidScenarioFailsBeforeSessionCreation" classname="ChooGuard.Foundation.Tests.TrainingSessionTests" runstate="Runnable" seed="456215141" result="Passed" start-time="2026-09-09 14:30:30Z" end-time="2026-09-09 14:30:30Z" duration="0.000659" asserts="0">
                  <properties>
                    <property name="retryIteration" value="0" />
                    <property name="repeatIteration" value="0" />
                  </properties>
                </test-case>
                <test-case id="1133" name="InvalidScenarioFailsBeforeSessionCreation(&quot;count&quot;)" fullname="ChooGuard.Foundation.Tests.TrainingSessionTests.InvalidScenarioFailsBeforeSessionCreation(&quot;count&quot;)" methodname="InvalidScenarioFailsBeforeSessionCreation" classname="ChooGuard.Foundation.Tests.TrainingSessionTests" runstate="Runnable" seed="1310711749" result="Passed" start-time="2026-09-09 14:30:30Z" end-time="2026-09-09 14:30:30Z" duration="0.000463" asserts="0">
                  <properties>
                    <property name="retryIteration" value="0" />
                    <property name="repeatIteration" value="0" />
                  </properties>
                </test-case>
                <test-case id="1134" name="InvalidScenarioFailsBeforeSessionCreation(&quot;provisional&quot;)" fullname="ChooGuard.Foundation.Tests.TrainingSessionTests.InvalidScenarioFailsBeforeSessionCreation(&quot;provisional&quot;)" methodname="InvalidScenarioFailsBeforeSessionCreation" classname="ChooGuard.Foundation.Tests.TrainingSessionTests" runstate="Runnable" seed="1361128864" result="Passed" start-time="2026-09-09 14:30:30Z" end-time="2026-09-09 14:30:30Z" duration="0.000113" asserts="0">
                  <properties>
                    <property name="retryIteration" value="0" />
                    <property name="repeatIteration" value="0" />
                  </properties>
                </test-case>
                <test-case id="1135" name="InvalidScenarioFailsBeforeSessionCreation(&quot;disclaimer&quot;)" fullname="ChooGuard.Foundation.Tests.TrainingSessionTests.InvalidScenarioFailsBeforeSessionCreation(&quot;disclaimer&quot;)" methodname="InvalidScenarioFailsBeforeSessionCreation" classname="ChooGuard.Foundation.Tests.TrainingSessionTests" runstate="Runnable" seed="1130299153" result="Passed" start-time="2026-09-09 14:30:30Z" end-time="2026-09-09 14:30:30Z" duration="0.000076" asserts="0">
                  <properties>
                    <property name="retryIteration" value="0" />
                    <property name="repeatIteration" value="0" />
                  </properties>
                </test-case>
                <test-case id="1136" name="InvalidScenarioFailsBeforeSessionCreation(&quot;duplicate-role&quot;)" fullname="ChooGuard.Foundation.Tests.TrainingSessionTests.InvalidScenarioFailsBeforeSessionCreation(&quot;duplicate-role&quot;)" methodname="InvalidScenarioFailsBeforeSessionCreation" classname="ChooGuard.Foundation.Tests.TrainingSessionTests" runstate="Runnable" seed="1828134746" result="Passed" start-time="2026-09-09 14:30:30Z" end-time="2026-09-09 14:30:30Z" duration="0.000076" asserts="0">
                  <properties>
                    <property name="retryIteration" value="0" />
                    <property name="repeatIteration" value="0" />
                  </properties>
                </test-case>
                <test-case id="1137" name="InvalidScenarioFailsBeforeSessionCreation(&quot;duplicate-action&quot;)" fullname="ChooGuard.Foundation.Tests.TrainingSessionTests.InvalidScenarioFailsBeforeSessionCreation(&quot;duplicate-action&quot;)" methodname="InvalidScenarioFailsBeforeSessionCreation" classname="ChooGuard.Foundation.Tests.TrainingSessionTests" runstate="Runnable" seed="167724227" result="Passed" start-time="2026-09-09 14:30:30Z" end-time="2026-09-09 14:30:30Z" duration="0.000070" asserts="0">
                  <properties>
                    <property name="retryIteration" value="0" />
                    <property name="repeatIteration" value="0" />
                  </properties>
                </test-case>
                <test-case id="1138" name="InvalidScenarioFailsBeforeSessionCreation(&quot;duplicate-anchor&quot;)" fullname="ChooGuard.Foundation.Tests.TrainingSessionTests.InvalidScenarioFailsBeforeSessionCreation(&quot;duplicate-anchor&quot;)" methodname="InvalidScenarioFailsBeforeSessionCreation" classname="ChooGuard.Foundation.Tests.TrainingSessionTests" runstate="Runnable" seed="1448881226" result="Passed" start-time="2026-09-09 14:30:30Z" end-time="2026-09-09 14:30:30Z" duration="0.000077" asserts="0">
                  <properties>
                    <property name="retryIteration" value="0" />
                    <property name="repeatIteration" value="0" />
                  </properties>
                </test-case>
                <test-case id="1139" name="InvalidScenarioFailsBeforeSessionCreation(&quot;unknown-representative&quot;)" fullname="ChooGuard.Foundation.Tests.TrainingSessionTests.InvalidScenarioFailsBeforeSessionCreation(&quot;unknown-representative&quot;)" methodname="InvalidScenarioFailsBeforeSessionCreation" classname="ChooGuard.Foundation.Tests.TrainingSessionTests" runstate="Runnable" seed="1773964230" result="Passed" start-time="2026-09-09 14:30:30Z" end-time="2026-09-09 14:30:30Z" duration="0.000083" asserts="0">
                  <properties>
                    <property name="retryIteration" value="0" />
                    <property name="repeatIteration" value="0" />
                  </properties>
                </test-case>
                <test-case id="1140" name="InvalidScenarioFailsBeforeSessionCreation(&quot;unknown-event-role&quot;)" fullname="ChooGuard.Foundation.Tests.TrainingSessionTests.InvalidScenarioFailsBeforeSessionCreation(&quot;unknown-event-role&quot;)" methodname="InvalidScenarioFailsBeforeSessionCreation" classname="ChooGuard.Foundation.Tests.TrainingSessionTests" runstate="Runnable" seed="800060727" result="Passed" start-time="2026-09-09 14:30:30Z" end-time="2026-09-09 14:30:30Z" duration="0.000081" asserts="0">
                  <properties>
                    <property name="retryIteration" value="0" />
                    <property name="repeatIteration" value="0" />
                  </properties>
                </test-case>
                <test-case id="1141" name="InvalidScenarioFailsBeforeSessionCreation(&quot;self-event&quot;)" fullname="ChooGuard.Foundation.Tests.TrainingSessionTests.InvalidScenarioFailsBeforeSessionCreation(&quot;self-event&quot;)" methodname="InvalidScenarioFailsBeforeSessionCreation" classname="ChooGuard.Foundation.Tests.TrainingSessionTests" runstate="Runnable" seed="1441201485" result="Passed" start-time="2026-09-09 14:30:30Z" end-time="2026-09-09 14:30:30Z" duration="0.000071" asserts="0">
                  <properties>
                    <property name="retryIteration" value="0" />
                    <property name="repeatIteration" value="0" />
                  </properties>
                </test-case>
                <test-case id="1142" name="InvalidScenarioFailsBeforeSessionCreation(&quot;missing-event&quot;)" fullname="ChooGuard.Foundation.Tests.TrainingSessionTests.InvalidScenarioFailsBeforeSessionCreation(&quot;missing-event&quot;)" methodname="InvalidScenarioFailsBeforeSessionCreation" classname="ChooGuard.Foundation.Tests.TrainingSessionTests" runstate="Runnable" seed="423794369" result="Passed" start-time="2026-09-09 14:30:30Z" end-time="2026-09-09 14:30:30Z" duration="0.000071" asserts="0">
                  <properties>
                    <property name="retryIteration" value="0" />
                    <property name="repeatIteration" value="0" />
                  </properties>
                </test-case>
                <test-case id="1143" name="InvalidScenarioFailsBeforeSessionCreation(&quot;duplicate-event-role&quot;)" fullname="ChooGuard.Foundation.Tests.TrainingSessionTests.InvalidScenarioFailsBeforeSessionCreation(&quot;duplicate-event-role&quot;)" methodname="InvalidScenarioFailsBeforeSessionCreation" classname="ChooGuard.Foundation.Tests.TrainingSessionTests" runstate="Runnable" seed="1494483422" result="Passed" start-time="2026-09-09 14:30:30Z" end-time="2026-09-09 14:30:30Z" duration="0.000069" asserts="0">
                  <properties>
                    <property name="retryIteration" value="0" />
                    <property name="repeatIteration" value="0" />
                  </properties>
                </test-case>
                <test-case id="1144" name="InvalidScenarioFailsBeforeSessionCreation(&quot;invalid-quest&quot;)" fullname="ChooGuard.Foundation.Tests.TrainingSessionTests.InvalidScenarioFailsBeforeSessionCreation(&quot;invalid-quest&quot;)" methodname="InvalidScenarioFailsBeforeSessionCreation" classname="ChooGuard.Foundation.Tests.TrainingSessionTests" runstate="Runnable" seed="2070545210" result="Passed" start-time="2026-09-09 14:30:30Z" end-time="2026-09-09 14:30:30Z" duration="0.000066" asserts="0">
                  <properties>
                    <property name="retryIteration" value="0" />
                    <property name="repeatIteration" value="0" />
                  </properties>
                </test-case>
                <test-case id="1145" name="InvalidScenarioFailsBeforeSessionCreation(&quot;other-role-completed&quot;)" fullname="ChooGuard.Foundation.Tests.TrainingSessionTests.InvalidScenarioFailsBeforeSessionCreation(&quot;other-role-completed&quot;)" methodname="InvalidScenarioFailsBeforeSessionCreation" classname="ChooGuard.Foundation.Tests.TrainingSessionTests" runstate="Runnable" seed="1372639478" result="Passed" start-time="2026-09-09 14:30:30Z" end-time="2026-09-09 14:30:30Z" duration="0.000070" asserts="0">
                  <properties>
                    <property name="retryIteration" value="0" />
                    <property name="repeatIteration" value="0" />
                  </properties>
                </test-case>
              </test-suite>
              <test-case id="1125" name="NewAttemptWithOldHashIsStaleAfterCompletion" fullname="ChooGuard.Foundation.Tests.TrainingSessionTests.NewAttemptWithOldHashIsStaleAfterCompletion" methodname="NewAttemptWithOldHashIsStaleAfterCompletion" classname="ChooGuard.Foundation.Tests.TrainingSessionTests" runstate="Runnable" seed="1666680873" result="Passed" start-time="2026-09-09 14:30:30Z" end-time="2026-09-09 14:30:30Z" duration="0.000579" asserts="0">
                <properties>
                  <property name="retryIteration" value="0" />
                  <property name="repeatIteration" value="0" />
                </properties>
              </test-case>
              <test-suite type="ParameterizedMethod" id="1109" name="RepresentativeRoleCompletesSelectionBriefingActionTeamFeedback" fullname="ChooGuard.Foundation.Tests.TrainingSessionTests.RepresentativeRoleCompletesSelectionBriefingActionTeamFeedback" classname="ChooGuard.Foundation.Tests.TrainingSessionTests" runstate="Runnable" testcasecount="2" result="Passed" start-time="2026-09-09 14:30:30Z" end-time="2026-09-09 14:30:30Z" duration="0.002253" total="2" passed="2" failed="0" inconclusive="0" skipped="0" asserts="0">
                <properties />
                <test-case id="1107" name="RepresentativeRoleCompletesSelectionBriefingActionTeamFeedback(VR)" fullname="ChooGuard.Foundation.Tests.TrainingSessionTests.RepresentativeRoleCompletesSelectionBriefingActionTeamFeedback(VR)" methodname="RepresentativeRoleCompletesSelectionBriefingActionTeamFeedback" classname="ChooGuard.Foundation.Tests.TrainingSessionTests" runstate="Runnable" seed="1555966553" result="Passed" start-time="2026-09-09 14:30:30Z" end-time="2026-09-09 14:30:30Z" duration="0.001365" asserts="0">
                  <properties>
                    <property name="retryIteration" value="0" />
                    <property name="repeatIteration" value="0" />
                  </properties>
                </test-case>
                <test-case id="1108" name="RepresentativeRoleCompletesSelectionBriefingActionTeamFeedback(Desktop)" fullname="ChooGuard.Foundation.Tests.TrainingSessionTests.RepresentativeRoleCompletesSelectionBriefingActionTeamFeedback(Desktop)" methodname="RepresentativeRoleCompletesSelectionBriefingActionTeamFeedback" classname="ChooGuard.Foundation.Tests.TrainingSessionTests" runstate="Runnable" seed="1426160115" result="Passed" start-time="2026-09-09 14:30:30Z" end-time="2026-09-09 14:30:30Z" duration="0.000360" asserts="0">
                  <properties>
                    <property name="retryIteration" value="0" />
                    <property name="repeatIteration" value="0" />
                  </properties>
                </test-case>
              </test-suite>
              <test-case id="1129" name="RoleCannotBeChangedDuringAnAttempt" fullname="ChooGuard.Foundation.Tests.TrainingSessionTests.RoleCannotBeChangedDuringAnAttempt" methodname="RoleCannotBeChangedDuringAnAttempt" classname="ChooGuard.Foundation.Tests.TrainingSessionTests" runstate="Runnable" seed="1351247538" result="Passed" start-time="2026-09-09 14:30:30Z" end-time="2026-09-09 14:30:30Z" duration="0.000417" asserts="0">
                <properties>
                  <property name="retryIteration" value="0" />
                  <property name="repeatIteration" value="0" />
                </properties>
              </test-case>
              <test-case id="1147" name="RoleFixtureContainsAUsablePreStateAndReturnsCopies" fullname="ChooGuard.Foundation.Tests.TrainingSessionTests.RoleFixtureContainsAUsablePreStateAndReturnsCopies" methodname="RoleFixtureContainsAUsablePreStateAndReturnsCopies" classname="ChooGuard.Foundation.Tests.TrainingSessionTests" runstate="Runnable" seed="718453973" result="Passed" start-time="2026-09-09 14:30:30Z" end-time="2026-09-09 14:30:30Z" duration="0.000519" asserts="0">
                <properties>
                  <property name="retryIteration" value="0" />
                  <property name="repeatIteration" value="0" />
                </properties>
              </test-case>
              <test-case id="1128" name="UnknownRoleAndPrematureBriefingDoNotMutateSession" fullname="ChooGuard.Foundation.Tests.TrainingSessionTests.UnknownRoleAndPrematureBriefingDoNotMutateSession" methodname="UnknownRoleAndPrematureBriefingDoNotMutateSession" classname="ChooGuard.Foundation.Tests.TrainingSessionTests" runstate="Runnable" seed="1137582212" result="Passed" start-time="2026-09-09 14:30:30Z" end-time="2026-09-09 14:30:30Z" duration="0.000454" asserts="0">
                <properties>
                  <property name="retryIteration" value="0" />
                  <property name="repeatIteration" value="0" />
                </properties>
                <output><![CDATA[Saving results to: <WORKSPACE>\logs\20260909T142855Z-5e339fc\editmode-results.xml
]]></output>
              </test-case>
            </test-suite>
          </test-suite>
        </test-suite>
      </test-suite>
    </test-suite>
  </test-suite>
</test-run>