<?xml version="1.0" encoding="utf-8" standalone="no"?>

<test-run id="2" testcasecount="119" result="Skipped:Ignored" total="119" passed="118" failed="0" inconclusive="0" skipped="1" asserts="0" engine-version="3.5.0.0" clr-version="4.0.30319.42000" start-time="2026-09-10 01:49:24Z" end-time="2026-09-10 01:50:50Z" duration="85.9136525">
  <test-suite type="TestSuite" id="1000" name="CHOOguard Foundation" fullname="CHOOguard Foundation" runstate="Runnable" testcasecount="119" result="Skipped" label="Ignored" start-time="2026-09-10 01:49:24Z" end-time="2026-09-10 01:50:50Z" duration="85.913653" total="119" passed="118" failed="0" inconclusive="0" skipped="1" asserts="0">
    <properties>
      <property name="platform" value="EditMode" />
    </properties>
    <reason>
      <message><![CDATA[One or more child tests were ignored]]></message>
    </reason>
    <test-suite type="Assembly" id="1083" name="ChooGuard.Foundation.Demo.Editor.Tests.dll" fullname="&lt;CHECKOUT&gt;/Library/ScriptAssemblies/ChooGuard.Foundation.Demo.Editor.Tests.dll" runstate="Runnable" testcasecount="67" result="Skipped" label="Ignored" start-time="2026-09-10 01:49:24Z" end-time="2026-09-10 01:50:50Z" duration="85.823404" total="67" passed="66" failed="0" inconclusive="0" skipped="1" asserts="0">
      <properties>
        <property name="_PID" value="26772" />
        <property name="_APPDOMAIN" value="Unity Child Domain" />
        <property name="platform" value="EditMode" />
        <property name="EditorOnly" value="True" />
      </properties>
      <reason>
        <message><![CDATA[One or more child tests were ignored]]></message>
      </reason>
      <test-suite type="TestSuite" id="1084" name="ChooGuard" fullname="ChooGuard" runstate="Runnable" testcasecount="67" result="Skipped" label="Ignored" start-time="2026-09-10 01:49:24Z" end-time="2026-09-10 01:50:50Z" duration="85.822870" total="67" passed="66" failed="0" inconclusive="0" skipped="1" asserts="0">
        <properties />
        <reason>
          <message><![CDATA[One or more child tests were ignored]]></message>
        </reason>
        <test-suite type="TestSuite" id="1085" name="Foundation" fullname="ChooGuard.Foundation" runstate="Runnable" testcasecount="67" result="Skipped" label="Ignored" start-time="2026-09-10 01:49:24Z" end-time="2026-09-10 01:50:50Z" duration="85.822732" total="67" passed="66" failed="0" inconclusive="0" skipped="1" asserts="0">
          <properties />
          <reason>
            <message><![CDATA[One or more child tests were ignored]]></message>
          </reason>
          <test-suite type="TestSuite" id="1086" name="Demo" fullname="ChooGuard.Foundation.Demo" runstate="Runnable" testcasecount="67" result="Skipped" label="Ignored" start-time="2026-09-10 01:49:24Z" end-time="2026-09-10 01:50:50Z" duration="85.822612" total="67" passed="66" failed="0" inconclusive="0" skipped="1" asserts="0">
            <properties />
            <reason>
              <message><![CDATA[One or more child tests were ignored]]></message>
            </reason>
            <test-suite type="TestSuite" id="1087" name="Tests" fullname="ChooGuard.Foundation.Demo.Tests" runstate="Runnable" testcasecount="67" result="Skipped" label="Ignored" start-time="2026-09-10 01:49:24Z" end-time="2026-09-10 01:50:50Z" duration="85.822375" total="67" passed="66" failed="0" inconclusive="0" skipped="1" asserts="0">
              <properties />
              <reason>
                <message><![CDATA[One or more child tests were ignored]]></message>
              </reason>
              <test-suite type="TestFixture" id="1001" name="DemoExerciseTests" fullname="ChooGuard.Foundation.Demo.Tests.DemoExerciseTests" classname="ChooGuard.Foundation.Demo.Tests.DemoExerciseTests" runstate="Runnable" testcasecount="3" result="Passed" start-time="2026-09-10 01:49:24Z" end-time="2026-09-10 01:49:24Z" duration="0.047740" total="3" passed="3" failed="0" inconclusive="0" skipped="0" asserts="0">
                <properties />
                <test-case id="1004" name="InvalidDrillIsRejected" fullname="ChooGuard.Foundation.Demo.Tests.DemoExerciseTests.InvalidDrillIsRejected" methodname="InvalidDrillIsRejected" classname="ChooGuard.Foundation.Demo.Tests.DemoExerciseTests" runstate="Runnable" seed="1752981589" result="Passed" start-time="2026-09-10 01:49:24Z" end-time="2026-09-10 01:49:24Z" duration="0.019429" asserts="0">
                  <properties>
                    <property name="retryIteration" value="0" />
                    <property name="repeatIteration" value="0" />
                  </properties>
                </test-case>
                <test-case id="1002" name="OrderedStepsRejectSkippingAndDuplicatesAndOwnTheirInput" fullname="ChooGuard.Foundation.Demo.Tests.DemoExerciseTests.OrderedStepsRejectSkippingAndDuplicatesAndOwnTheirInput" methodname="OrderedStepsRejectSkippingAndDuplicatesAndOwnTheirInput" classname="ChooGuard.Foundation.Demo.Tests.DemoExerciseTests" runstate="Runnable" seed="2091698526" result="Passed" start-time="2026-09-10 01:49:24Z" end-time="2026-09-10 01:49:24Z" duration="0.007259" asserts="0">
                  <properties>
                    <property name="retryIteration" value="0" />
                    <property name="repeatIteration" value="0" />
                  </properties>
                </test-case>
                <test-case id="1003" name="SelectedRoleOnlyOccursOnceAndCrowdStepsRemainOrdered" fullname="ChooGuard.Foundation.Demo.Tests.DemoExerciseTests.SelectedRoleOnlyOccursOnceAndCrowdStepsRemainOrdered" methodname="SelectedRoleOnlyOccursOnceAndCrowdStepsRemainOrdered" classname="ChooGuard.Foundation.Demo.Tests.DemoExerciseTests" runstate="Runnable" seed="2081529992" result="Passed" start-time="2026-09-10 01:49:24Z" end-time="2026-09-10 01:49:24Z" duration="0.003079" asserts="0">
                  <properties>
                    <property name="retryIteration" value="0" />
                    <property name="repeatIteration" value="0" />
                  </properties>
                </test-case>
              </test-suite>
              <test-suite type="TestFixture" id="1005" name="DemoFlowTests" fullname="ChooGuard.Foundation.Demo.Tests.DemoFlowTests" classname="ChooGuard.Foundation.Demo.Tests.DemoFlowTests" runstate="Runnable" testcasecount="10" result="Passed" start-time="2026-09-10 01:49:24Z" end-time="2026-09-10 01:49:24Z" duration="0.051872" total="10" passed="10" failed="0" inconclusive="0" skipped="0" asserts="0">
                <properties />
                <test-suite type="ParameterizedMethod" id="1011" name="EachRoleRequiresBriefingInteractionAndAssembly" fullname="ChooGuard.Foundation.Demo.Tests.DemoFlowTests.EachRoleRequiresBriefingInteractionAndAssembly" classname="ChooGuard.Foundation.Demo.Tests.DemoFlowTests" runstate="Runnable" testcasecount="5" result="Passed" start-time="2026-09-10 01:49:24Z" end-time="2026-09-10 01:49:24Z" duration="0.044257" total="5" passed="5" failed="0" inconclusive="0" skipped="0" asserts="0">
                  <properties />
                  <test-case id="1006" name="EachRoleRequiresBriefingInteractionAndAssembly(&quot;role-01&quot;,&quot;anchor-01&quot;)" fullname="ChooGuard.Foundation.Demo.Tests.DemoFlowTests.EachRoleRequiresBriefingInteractionAndAssembly(&quot;role-01&quot;,&quot;anchor-01&quot;)" methodname="EachRoleRequiresBriefingInteractionAndAssembly" classname="ChooGuard.Foundation.Demo.Tests.DemoFlowTests" runstate="Runnable" seed="650911770" result="Passed" start-time="2026-09-10 01:49:24Z" end-time="2026-09-10 01:49:24Z" duration="0.038212" asserts="0">
                    <properties>
                      <property name="retryIteration" value="0" />
                      <property name="repeatIteration" value="0" />
                    </properties>
                  </test-case>
                  <test-case id="1007" name="EachRoleRequiresBriefingInteractionAndAssembly(&quot;role-02&quot;,&quot;anchor-02&quot;)" fullname="ChooGuard.Foundation.Demo.Tests.DemoFlowTests.EachRoleRequiresBriefingInteractionAndAssembly(&quot;role-02&quot;,&quot;anchor-02&quot;)" methodname="EachRoleRequiresBriefingInteractionAndAssembly" classname="ChooGuard.Foundation.Demo.Tests.DemoFlowTests" runstate="Runnable" seed="1018343010" result="Passed" start-time="2026-09-10 01:49:24Z" end-time="2026-09-10 01:49:24Z" duration="0.000797" asserts="0">
                    <properties>
                      <property name="retryIteration" value="0" />
                      <property name="repeatIteration" value="0" />
                    </properties>
                  </test-case>
                  <test-case id="1008" name="EachRoleRequiresBriefingInteractionAndAssembly(&quot;role-03&quot;,&quot;anchor-03&quot;)" fullname="ChooGuard.Foundation.Demo.Tests.DemoFlowTests.EachRoleRequiresBriefingInteractionAndAssembly(&quot;role-03&quot;,&quot;anchor-03&quot;)" methodname="EachRoleRequiresBriefingInteractionAndAssembly" classname="ChooGuard.Foundation.Demo.Tests.DemoFlowTests" runstate="Runnable" seed="1344687706" result="Passed" start-time="2026-09-10 01:49:24Z" end-time="2026-09-10 01:49:24Z" duration="0.003158" asserts="0">
                    <properties>
                      <property name="retryIteration" value="0" />
                      <property name="repeatIteration" value="0" />
                    </properties>
                  </test-case>
                  <test-case id="1009" name="EachRoleRequiresBriefingInteractionAndAssembly(&quot;role-04&quot;,&quot;anchor-04&quot;)" fullname="ChooGuard.Foundation.Demo.Tests.DemoFlowTests.EachRoleRequiresBriefingInteractionAndAssembly(&quot;role-04&quot;,&quot;anchor-04&quot;)" methodname="EachRoleRequiresBriefingInteractionAndAssembly" classname="ChooGuard.Foundation.Demo.Tests.DemoFlowTests" runstate="Runnable" seed="819940067" result="Passed" start-time="2026-09-10 01:49:24Z" end-time="2026-09-10 01:49:24Z" duration="0.000482" asserts="0">
                    <properties>
                      <property name="retryIteration" value="0" />
                      <property name="repeatIteration" value="0" />
                    </properties>
                  </test-case>
                  <test-case id="1010" name="EachRoleRequiresBriefingInteractionAndAssembly(&quot;role-05&quot;,&quot;anchor-05&quot;)" fullname="ChooGuard.Foundation.Demo.Tests.DemoFlowTests.EachRoleRequiresBriefingInteractionAndAssembly(&quot;role-05&quot;,&quot;anchor-05&quot;)" methodname="EachRoleRequiresBriefingInteractionAndAssembly" classname="ChooGuard.Foundation.Demo.Tests.DemoFlowTests" runstate="Runnable" seed="1813261221" result="Passed" start-time="2026-09-10 01:49:24Z" end-time="2026-09-10 01:49:24Z" duration="0.000408" asserts="0">
                    <properties>
                      <property name="retryIteration" value="0" />
                      <property name="repeatIteration" value="0" />
                    </properties>
                  </test-case>
                </test-suite>
                <test-case id="1017" name="InvalidSelectionAndPrematureStartCannotSkipBriefing" fullname="ChooGuard.Foundation.Demo.Tests.DemoFlowTests.InvalidSelectionAndPrematureStartCannotSkipBriefing" methodname="InvalidSelectionAndPrematureStartCannotSkipBriefing" classname="ChooGuard.Foundation.Demo.Tests.DemoFlowTests" runstate="Runnable" seed="304401630" result="Passed" start-time="2026-09-10 01:49:24Z" end-time="2026-09-10 01:49:24Z" duration="0.000909" asserts="0">
                  <properties>
                    <property name="retryIteration" value="0" />
                    <property name="repeatIteration" value="0" />
                  </properties>
                </test-case>
                <test-case id="1016" name="RestartClearsRoleIncidentTeamAndFeedback" fullname="ChooGuard.Foundation.Demo.Tests.DemoFlowTests.RestartClearsRoleIncidentTeamAndFeedback" methodname="RestartClearsRoleIncidentTeamAndFeedback" classname="ChooGuard.Foundation.Demo.Tests.DemoFlowTests" runstate="Runnable" seed="740170779" result="Passed" start-time="2026-09-10 01:49:24Z" end-time="2026-09-10 01:49:24Z" duration="0.001737" asserts="0">
                  <properties>
                    <property name="retryIteration" value="0" />
                    <property name="repeatIteration" value="0" />
                  </properties>
                </test-case>
                <test-suite type="ParameterizedMethod" id="1015" name="WrongTargetDoesNotCompleteOrNotify" fullname="ChooGuard.Foundation.Demo.Tests.DemoFlowTests.WrongTargetDoesNotCompleteOrNotify" classname="ChooGuard.Foundation.Demo.Tests.DemoFlowTests" runstate="Runnable" testcasecount="3" result="Passed" start-time="2026-09-10 01:49:24Z" end-time="2026-09-10 01:49:24Z" duration="0.003351" total="3" passed="3" failed="0" inconclusive="0" skipped="0" asserts="0">
                  <properties />
                  <test-case id="1012" name="WrongTargetDoesNotCompleteOrNotify(null)" fullname="ChooGuard.Foundation.Demo.Tests.DemoFlowTests.WrongTargetDoesNotCompleteOrNotify(null)" methodname="WrongTargetDoesNotCompleteOrNotify" classname="ChooGuard.Foundation.Demo.Tests.DemoFlowTests" runstate="Runnable" seed="1047737156" result="Passed" start-time="2026-09-10 01:49:24Z" end-time="2026-09-10 01:49:24Z" duration="0.001518" asserts="0">
                    <properties>
                      <property name="retryIteration" value="0" />
                      <property name="repeatIteration" value="0" />
                    </properties>
                  </test-case>
                  <test-case id="1013" name="WrongTargetDoesNotCompleteOrNotify(&quot;&quot;)" fullname="ChooGuard.Foundation.Demo.Tests.DemoFlowTests.WrongTargetDoesNotCompleteOrNotify(&quot;&quot;)" methodname="WrongTargetDoesNotCompleteOrNotify" classname="ChooGuard.Foundation.Demo.Tests.DemoFlowTests" runstate="Runnable" seed="1724059262" result="Passed" start-time="2026-09-10 01:49:24Z" end-time="2026-09-10 01:49:24Z" duration="0.000482" asserts="0">
                    <properties>
                      <property name="retryIteration" value="0" />
                      <property name="repeatIteration" value="0" />
                    </properties>
                  </test-case>
                  <test-case id="1014" name="WrongTargetDoesNotCompleteOrNotify(&quot;anchor-02&quot;)" fullname="ChooGuard.Foundation.Demo.Tests.DemoFlowTests.WrongTargetDoesNotCompleteOrNotify(&quot;anchor-02&quot;)" methodname="WrongTargetDoesNotCompleteOrNotify" classname="ChooGuard.Foundation.Demo.Tests.DemoFlowTests" runstate="Runnable" seed="1569026122" result="Passed" start-time="2026-09-10 01:49:24Z" end-time="2026-09-10 01:49:24Z" duration="0.000447" asserts="0">
                    <properties>
                      <property name="retryIteration" value="0" />
                      <property name="repeatIteration" value="0" />
                    </properties>
                  </test-case>
                </test-suite>
              </test-suite>
              <test-suite type="TestFixture" id="1018" name="DemoNavigationTests" fullname="ChooGuard.Foundation.Demo.Tests.DemoNavigationTests" classname="ChooGuard.Foundation.Demo.Tests.DemoNavigationTests" runstate="Runnable" testcasecount="6" result="Passed" start-time="2026-09-10 01:49:24Z" end-time="2026-09-10 01:49:24Z" duration="0.006793" total="6" passed="6" failed="0" inconclusive="0" skipped="0" asserts="0">
                <properties />
                <test-suite type="ParameterizedMethod" id="1024" name="BearingPreservesTargetsOutsideTheView" fullname="ChooGuard.Foundation.Demo.Tests.DemoNavigationTests.BearingPreservesTargetsOutsideTheView" classname="ChooGuard.Foundation.Demo.Tests.DemoNavigationTests" runstate="Runnable" testcasecount="5" result="Passed" start-time="2026-09-10 01:49:24Z" end-time="2026-09-10 01:49:24Z" duration="0.005266" total="5" passed="5" failed="0" inconclusive="0" skipped="0" asserts="0">
                  <properties />
                  <test-case id="1019" name="BearingPreservesTargetsOutsideTheView(0,0,10,0)" fullname="ChooGuard.Foundation.Demo.Tests.DemoNavigationTests.BearingPreservesTargetsOutsideTheView(0,0,10,0)" methodname="BearingPreservesTargetsOutsideTheView" classname="ChooGuard.Foundation.Demo.Tests.DemoNavigationTests" runstate="Runnable" seed="119998678" result="Passed" start-time="2026-09-10 01:49:24Z" end-time="2026-09-10 01:49:24Z" duration="0.004242" asserts="0">
                    <properties>
                      <property name="retryIteration" value="0" />
                      <property name="repeatIteration" value="0" />
                    </properties>
                  </test-case>
                  <test-case id="1020" name="BearingPreservesTargetsOutsideTheView(0,10,0,90)" fullname="ChooGuard.Foundation.Demo.Tests.DemoNavigationTests.BearingPreservesTargetsOutsideTheView(0,10,0,90)" methodname="BearingPreservesTargetsOutsideTheView" classname="ChooGuard.Foundation.Demo.Tests.DemoNavigationTests" runstate="Runnable" seed="507020298" result="Passed" start-time="2026-09-10 01:49:24Z" end-time="2026-09-10 01:49:24Z" duration="0.000143" asserts="0">
                    <properties>
                      <property name="retryIteration" value="0" />
                      <property name="repeatIteration" value="0" />
                    </properties>
                  </test-case>
                  <test-case id="1021" name="BearingPreservesTargetsOutsideTheView(0,-10,0,-90)" fullname="ChooGuard.Foundation.Demo.Tests.DemoNavigationTests.BearingPreservesTargetsOutsideTheView(0,-10,0,-90)" methodname="BearingPreservesTargetsOutsideTheView" classname="ChooGuard.Foundation.Demo.Tests.DemoNavigationTests" runstate="Runnable" seed="1381882789" result="Passed" start-time="2026-09-10 01:49:24Z" end-time="2026-09-10 01:49:24Z" duration="0.000062" asserts="0">
                    <properties>
                      <property name="retryIteration" value="0" />
                      <property name="repeatIteration" value="0" />
                    </properties>
                  </test-case>
                  <test-case id="1022" name="BearingPreservesTargetsOutsideTheView(0,0,-10,180)" fullname="ChooGuard.Foundation.Demo.Tests.DemoNavigationTests.BearingPreservesTargetsOutsideTheView(0,0,-10,180)" methodname="BearingPreservesTargetsOutsideTheView" classname="ChooGuard.Foundation.Demo.Tests.DemoNavigationTests" runstate="Runnable" seed="459381399" result="Passed" start-time="2026-09-10 01:49:24Z" end-time="2026-09-10 01:49:24Z" duration="0.000057" asserts="0">
                    <properties>
                      <property name="retryIteration" value="0" />
                      <property name="repeatIteration" value="0" />
                    </properties>
                  </test-case>
                  <test-case id="1023" name="BearingPreservesTargetsOutsideTheView(90,0,10,-90)" fullname="ChooGuard.Foundation.Demo.Tests.DemoNavigationTests.BearingPreservesTargetsOutsideTheView(90,0,10,-90)" methodname="BearingPreservesTargetsOutsideTheView" classname="ChooGuard.Foundation.Demo.Tests.DemoNavigationTests" runstate="Runnable" seed="224749305" result="Passed" start-time="2026-09-10 01:49:24Z" end-time="2026-09-10 01:49:24Z" duration="0.000053" asserts="0">
                    <properties>
                      <property name="retryIteration" value="0" />
                      <property name="repeatIteration" value="0" />
                    </properties>
                  </test-case>
                </test-suite>
                <test-case id="1025" name="CoincidentTargetHasNoSpuriousHeading" fullname="ChooGuard.Foundation.Demo.Tests.DemoNavigationTests.CoincidentTargetHasNoSpuriousHeading" methodname="CoincidentTargetHasNoSpuriousHeading" classname="ChooGuard.Foundation.Demo.Tests.DemoNavigationTests" runstate="Runnable" seed="772982240" result="Passed" start-time="2026-09-10 01:49:24Z" end-time="2026-09-10 01:49:24Z" duration="0.000605" asserts="0">
                  <properties>
                    <property name="retryIteration" value="0" />
                    <property name="repeatIteration" value="0" />
                  </properties>
                </test-case>
              </test-suite>
              <test-suite type="TestFixture" id="1026" name="ReconstructionReviewTests" fullname="ChooGuard.Foundation.Demo.Tests.ReconstructionReviewTests" classname="ChooGuard.Foundation.Demo.Tests.ReconstructionReviewTests" runstate="Runnable" testcasecount="12" result="Skipped" label="Ignored" start-time="2026-09-10 01:49:24Z" end-time="2026-09-10 01:49:24Z" duration="0.118261" total="12" passed="11" failed="0" inconclusive="0" skipped="1" asserts="0">
                <properties />
                <reason>
                  <message><![CDATA[One or more child tests were ignored]]></message>
                </reason>
                <test-case id="1027" name="BatchStartupMayReplaceOnlyOneCleanUntitledScene" fullname="ChooGuard.Foundation.Demo.Tests.ReconstructionReviewTests.BatchStartupMayReplaceOnlyOneCleanUntitledScene" methodname="BatchStartupMayReplaceOnlyOneCleanUntitledScene" classname="ChooGuard.Foundation.Demo.Tests.ReconstructionReviewTests" runstate="Runnable" seed="513181114" result="Passed" start-time="2026-09-10 01:49:24Z" end-time="2026-09-10 01:49:24Z" duration="0.000667" asserts="0">
                  <properties>
                    <property name="retryIteration" value="0" />
                    <property name="repeatIteration" value="0" />
                  </properties>
                </test-case>
                <test-case id="1029" name="ImportedGeometryRequiresCorrectBoundsColorsTrianglesAndNoCollision" fullname="ChooGuard.Foundation.Demo.Tests.ReconstructionReviewTests.ImportedGeometryRequiresCorrectBoundsColorsTrianglesAndNoCollision" methodname="ImportedGeometryRequiresCorrectBoundsColorsTrianglesAndNoCollision" classname="ChooGuard.Foundation.Demo.Tests.ReconstructionReviewTests" runstate="Runnable" seed="2071105182" result="Passed" start-time="2026-09-10 01:49:24Z" end-time="2026-09-10 01:49:24Z" duration="0.023665" asserts="0">
                  <properties>
                    <property name="retryIteration" value="0" />
                    <property name="repeatIteration" value="0" />
                  </properties>
                </test-case>
                <test-case id="1030" name="ImportedLinearColorSamplesRejectChannelSwapGammaAndWrongSamplePosition" fullname="ChooGuard.Foundation.Demo.Tests.ReconstructionReviewTests.ImportedLinearColorSamplesRejectChannelSwapGammaAndWrongSamplePosition" methodname="ImportedLinearColorSamplesRejectChannelSwapGammaAndWrongSamplePosition" classname="ChooGuard.Foundation.Demo.Tests.ReconstructionReviewTests" runstate="Runnable" seed="1638808339" result="Passed" start-time="2026-09-10 01:49:24Z" end-time="2026-09-10 01:49:24Z" duration="0.007842" asserts="0">
                  <properties>
                    <property name="retryIteration" value="0" />
                    <property name="repeatIteration" value="0" />
                  </properties>
                </test-case>
                <test-case id="1031" name="ManifestRejectsMetricCollisionAndWrongCoordinateContract" fullname="ChooGuard.Foundation.Demo.Tests.ReconstructionReviewTests.ManifestRejectsMetricCollisionAndWrongCoordinateContract" methodname="ManifestRejectsMetricCollisionAndWrongCoordinateContract" classname="ChooGuard.Foundation.Demo.Tests.ReconstructionReviewTests" runstate="Runnable" seed="188303781" result="Passed" start-time="2026-09-10 01:49:24Z" end-time="2026-09-10 01:49:24Z" duration="0.014741" asserts="0">
                  <properties>
                    <property name="retryIteration" value="0" />
                    <property name="repeatIteration" value="0" />
                  </properties>
                </test-case>
                <test-suite type="ParameterizedMethod" id="1035" name="OnlyAuthoredStudyReceivesReviewLightsAndLitShader" fullname="ChooGuard.Foundation.Demo.Tests.ReconstructionReviewTests.OnlyAuthoredStudyReceivesReviewLightsAndLitShader" classname="ChooGuard.Foundation.Demo.Tests.ReconstructionReviewTests" runstate="Runnable" testcasecount="2" result="Passed" start-time="2026-09-10 01:49:24Z" end-time="2026-09-10 01:49:24Z" duration="0.010294" total="2" passed="2" failed="0" inconclusive="0" skipped="0" asserts="0">
                  <properties />
                  <test-case id="1033" name="OnlyAuthoredStudyReceivesReviewLightsAndLitShader(&quot;observed-unlit&quot;,0,&quot;CHOOGuard/ReconstructionVertexColor&quot;)" fullname="ChooGuard.Foundation.Demo.Tests.ReconstructionReviewTests.OnlyAuthoredStudyReceivesReviewLightsAndLitShader(&quot;observed-unlit&quot;,0,&quot;CHOOGuard/ReconstructionVertexColor&quot;)" methodname="OnlyAuthoredStudyReceivesReviewLightsAndLitShader" classname="ChooGuard.Foundation.Demo.Tests.ReconstructionReviewTests" runstate="Runnable" seed="728168734" result="Passed" start-time="2026-09-10 01:49:24Z" end-time="2026-09-10 01:49:24Z" duration="0.006153" asserts="0">
                    <properties>
                      <property name="retryIteration" value="0" />
                      <property name="repeatIteration" value="0" />
                    </properties>
                  </test-case>
                  <test-case id="1034" name="OnlyAuthoredStudyReceivesReviewLightsAndLitShader(&quot;authored-lit&quot;,2,&quot;CHOOGuard/ReconstructionVertexColorLit&quot;)" fullname="ChooGuard.Foundation.Demo.Tests.ReconstructionReviewTests.OnlyAuthoredStudyReceivesReviewLightsAndLitShader(&quot;authored-lit&quot;,2,&quot;CHOOGuard/ReconstructionVertexColorLit&quot;)" methodname="OnlyAuthoredStudyReceivesReviewLightsAndLitShader" classname="ChooGuard.Foundation.Demo.Tests.ReconstructionReviewTests" runstate="Runnable" seed="1953538606" result="Passed" start-time="2026-09-10 01:49:24Z" end-time="2026-09-10 01:49:24Z" duration="0.002638" asserts="0">
                    <properties>
                      <property name="retryIteration" value="0" />
                      <property name="repeatIteration" value="0" />
                    </properties>
                  </test-case>
                </test-suite>
                <test-case id="1028" name="ReviewCoordinateReflectionPreservesAsymmetricFixtureWithoutMetricScaling" fullname="ChooGuard.Foundation.Demo.Tests.ReconstructionReviewTests.ReviewCoordinateReflectionPreservesAsymmetricFixtureWithoutMetricScaling" methodname="ReviewCoordinateReflectionPreservesAsymmetricFixtureWithoutMetricScaling" classname="ChooGuard.Foundation.Demo.Tests.ReconstructionReviewTests" runstate="Runnable" seed="1831844222" result="Passed" start-time="2026-09-10 01:49:24Z" end-time="2026-09-10 01:49:24Z" duration="0.001767" asserts="0">
                  <properties>
                    <property name="retryIteration" value="0" />
                    <property name="repeatIteration" value="0" />
                  </properties>
                </test-case>
                <test-case id="1032" name="ShadingDefaultsToObservedAndRejectsUnknownOrAmbiguousModes" fullname="ChooGuard.Foundation.Demo.Tests.ReconstructionReviewTests.ShadingDefaultsToObservedAndRejectsUnknownOrAmbiguousModes" methodname="ShadingDefaultsToObservedAndRejectsUnknownOrAmbiguousModes" classname="ChooGuard.Foundation.Demo.Tests.ReconstructionReviewTests" runstate="Runnable" seed="641550932" result="Passed" start-time="2026-09-10 01:49:24Z" end-time="2026-09-10 01:49:24Z" duration="0.001536" asserts="0">
                  <properties>
                    <property name="retryIteration" value="0" />
                    <property name="repeatIteration" value="0" />
                  </properties>
                </test-case>
                <test-case id="1040" name="SourceAvailableBuildPreservesBoundsOneViewAndSerializedOriginCamera" fullname="ChooGuard.Foundation.Demo.Tests.ReconstructionReviewTests.SourceAvailableBuildPreservesBoundsOneViewAndSerializedOriginCamera" methodname="SourceAvailableBuildPreservesBoundsOneViewAndSerializedOriginCamera" classname="ChooGuard.Foundation.Demo.Tests.ReconstructionReviewTests" runstate="Runnable" seed="622990047" result="Skipped" label="Ignored" start-time="2026-09-10 01:49:24Z" end-time="2026-09-10 01:49:24Z" duration="0.009349" asserts="0">
                  <properties>
                    <property name="retryIteration" value="0" />
                    <property name="repeatIteration" value="0" />
                  </properties>
                  <reason>
                    <message><![CDATA[Local reconstruction output is intentionally not Git-tracked.]]></message>
                  </reason>
                </test-case>
                <test-case id="1039" name="SourceMustBeOwnedLocalOutputAndItsHashesMustMatch" fullname="ChooGuard.Foundation.Demo.Tests.ReconstructionReviewTests.SourceMustBeOwnedLocalOutputAndItsHashesMustMatch" methodname="SourceMustBeOwnedLocalOutputAndItsHashesMustMatch" classname="ChooGuard.Foundation.Demo.Tests.ReconstructionReviewTests" runstate="Runnable" seed="1606553373" result="Passed" start-time="2026-09-10 01:49:24Z" end-time="2026-09-10 01:49:24Z" duration="0.035595" asserts="0">
                  <properties>
                    <property name="retryIteration" value="0" />
                    <property name="repeatIteration" value="0" />
                  </properties>
                </test-case>
                <test-suite type="ParameterizedMethod" id="1038" name="ViewNavigationKeepsOneAssemblyActiveForOneOrTwoViews" fullname="ChooGuard.Foundation.Demo.Tests.ReconstructionReviewTests.ViewNavigationKeepsOneAssemblyActiveForOneOrTwoViews" classname="ChooGuard.Foundation.Demo.Tests.ReconstructionReviewTests" runstate="Runnable" testcasecount="2" result="Passed" start-time="2026-09-10 01:49:24Z" end-time="2026-09-10 01:49:24Z" duration="0.010000" total="2" passed="2" failed="0" inconclusive="0" skipped="0" asserts="0">
                  <properties />
                  <test-case id="1036" name="ViewNavigationKeepsOneAssemblyActiveForOneOrTwoViews(1)" fullname="ChooGuard.Foundation.Demo.Tests.ReconstructionReviewTests.ViewNavigationKeepsOneAssemblyActiveForOneOrTwoViews(1)" methodname="ViewNavigationKeepsOneAssemblyActiveForOneOrTwoViews" classname="ChooGuard.Foundation.Demo.Tests.ReconstructionReviewTests" runstate="Runnable" seed="1751125917" result="Passed" start-time="2026-09-10 01:49:24Z" end-time="2026-09-10 01:49:24Z" duration="0.007813" asserts="0">
                    <properties>
                      <property name="retryIteration" value="0" />
                      <property name="repeatIteration" value="0" />
                    </properties>
                  </test-case>
                  <test-case id="1037" name="ViewNavigationKeepsOneAssemblyActiveForOneOrTwoViews(2)" fullname="ChooGuard.Foundation.Demo.Tests.ReconstructionReviewTests.ViewNavigationKeepsOneAssemblyActiveForOneOrTwoViews(2)" methodname="ViewNavigationKeepsOneAssemblyActiveForOneOrTwoViews" classname="ChooGuard.Foundation.Demo.Tests.ReconstructionReviewTests" runstate="Runnable" seed="205705604" result="Passed" start-time="2026-09-10 01:49:24Z" end-time="2026-09-10 01:49:24Z" duration="0.000448" asserts="0">
                    <properties>
                      <property name="retryIteration" value="0" />
                      <property name="repeatIteration" value="0" />
                    </properties>
                  </test-case>
                </test-suite>
              </test-suite>
              <test-suite type="TestFixture" id="1041" name="SceneBuilderTests" fullname="ChooGuard.Foundation.Demo.Tests.SceneBuilderTests" classname="ChooGuard.Foundation.Demo.Tests.SceneBuilderTests" runstate="Runnable" testcasecount="25" result="Passed" start-time="2026-09-10 01:49:24Z" end-time="2026-09-10 01:50:41Z" duration="77.002718" total="25" passed="25" failed="0" inconclusive="0" skipped="0" asserts="0">
                <properties />
                <test-case id="1059" name="BlenderModelsHaveMetreScaleAndExpandedRoutesReachEverySharedObject" fullname="ChooGuard.Foundation.Demo.Tests.SceneBuilderTests.BlenderModelsHaveMetreScaleAndExpandedRoutesReachEverySharedObject" methodname="BlenderModelsHaveMetreScaleAndExpandedRoutesReachEverySharedObject" classname="ChooGuard.Foundation.Demo.Tests.SceneBuilderTests" runstate="Runnable" seed="912169643" result="Passed" start-time="2026-09-10 01:49:24Z" end-time="2026-09-10 01:49:30Z" duration="5.464164" asserts="0">
                  <properties>
                    <property name="retryIteration" value="0" />
                    <property name="repeatIteration" value="0" />
                  </properties>
                  <output><![CDATA[Unloading the last loaded scene Assets/CHOOguardGenerated/Tests_e06b45eff15e4390a24b25ccfa3c020a/FoundationDemo.unity(build index: -1), is not supported. Please use SceneManager.LoadScene()/EditorSceneManager.OpenScene() to switch to another scene.
]]></output>
                </test-case>
                <test-case id="1042" name="BuildsMapFiveDistinctAnchorsPlayerCameraAndAssembly" fullname="ChooGuard.Foundation.Demo.Tests.SceneBuilderTests.BuildsMapFiveDistinctAnchorsPlayerCameraAndAssembly" methodname="BuildsMapFiveDistinctAnchorsPlayerCameraAndAssembly" classname="ChooGuard.Foundation.Demo.Tests.SceneBuilderTests" runstate="Runnable" seed="1455794506" result="Passed" start-time="2026-09-10 01:49:30Z" end-time="2026-09-10 01:49:34Z" duration="4.229015" asserts="0">
                  <properties>
                    <property name="retryIteration" value="0" />
                    <property name="repeatIteration" value="0" />
                  </properties>
                  <output><![CDATA[Unloading the last loaded scene Assets/CHOOguardGenerated/Tests_468d377313a24731963b3d1bd1fbc872/FoundationDemo.unity(build index: -1), is not supported. Please use SceneManager.LoadScene()/EditorSceneManager.OpenScene() to switch to another scene.
]]></output>
                </test-case>
                <test-case id="1045" name="CentralRouteAndEveryAnchorApproachHaveCapsuleClearanceAndFloorSupport" fullname="ChooGuard.Foundation.Demo.Tests.SceneBuilderTests.CentralRouteAndEveryAnchorApproachHaveCapsuleClearanceAndFloorSupport" methodname="CentralRouteAndEveryAnchorApproachHaveCapsuleClearanceAndFloorSupport" classname="ChooGuard.Foundation.Demo.Tests.SceneBuilderTests" runstate="Runnable" seed="1208243174" result="Passed" start-time="2026-09-10 01:49:34Z" end-time="2026-09-10 01:49:38Z" duration="4.074476" asserts="0">
                  <properties>
                    <property name="retryIteration" value="0" />
                    <property name="repeatIteration" value="0" />
                  </properties>
                  <output><![CDATA[Unloading the last loaded scene Assets/CHOOguardGenerated/Tests_d2aaf6e216f94d3191854d1be58c72a0/FoundationDemo.unity(build index: -1), is not supported. Please use SceneManager.LoadScene()/EditorSceneManager.OpenScene() to switch to another scene.
]]></output>
                </test-case>
                <test-case id="1054" name="DetailedPropCatalogueUsesDecorativeGeometryAndBoundedComplexity" fullname="ChooGuard.Foundation.Demo.Tests.SceneBuilderTests.DetailedPropCatalogueUsesDecorativeGeometryAndBoundedComplexity" methodname="DetailedPropCatalogueUsesDecorativeGeometryAndBoundedComplexity" classname="ChooGuard.Foundation.Demo.Tests.SceneBuilderTests" runstate="Runnable" seed="1185207468" result="Passed" start-time="2026-09-10 01:49:38Z" end-time="2026-09-10 01:49:42Z" duration="4.224097" asserts="0">
                  <properties>
                    <property name="retryIteration" value="0" />
                    <property name="repeatIteration" value="0" />
                  </properties>
                  <output><![CDATA[Unloading the last loaded scene Assets/CHOOguardGenerated/Tests_7e03c01c0e98456b90bceb3d81854587/FoundationDemo.unity(build index: -1), is not supported. Please use SceneManager.LoadScene()/EditorSceneManager.OpenScene() to switch to another scene.
]]></output>
                </test-case>
                <test-case id="1066" name="DetailedReferencesHaveDistinctTerminalsAndAppropriateCollisionBodies" fullname="ChooGuard.Foundation.Demo.Tests.SceneBuilderTests.DetailedReferencesHaveDistinctTerminalsAndAppropriateCollisionBodies" methodname="DetailedReferencesHaveDistinctTerminalsAndAppropriateCollisionBodies" classname="ChooGuard.Foundation.Demo.Tests.SceneBuilderTests" runstate="Runnable" seed="1412270976" result="Passed" start-time="2026-09-10 01:49:42Z" end-time="2026-09-10 01:49:46Z" duration="4.187648" asserts="0">
                  <properties>
                    <property name="retryIteration" value="0" />
                    <property name="repeatIteration" value="0" />
                  </properties>
                  <output><![CDATA[Unloading the last loaded scene Assets/CHOOguardGenerated/Tests_23a193e06fab4ff3b4bdb0d7bf95ad86/FoundationDemo.unity(build index: -1), is not supported. Please use SceneManager.LoadScene()/EditorSceneManager.OpenScene() to switch to another scene.
]]></output>
                </test-case>
                <test-case id="1053" name="DirtySceneStopsGenerationBeforeWritingAssets" fullname="ChooGuard.Foundation.Demo.Tests.SceneBuilderTests.DirtySceneStopsGenerationBeforeWritingAssets" methodname="DirtySceneStopsGenerationBeforeWritingAssets" classname="ChooGuard.Foundation.Demo.Tests.SceneBuilderTests" runstate="Runnable" seed="100700312" result="Passed" start-time="2026-09-10 01:49:46Z" end-time="2026-09-10 01:49:46Z" duration="0.040890" asserts="0">
                  <properties>
                    <property name="retryIteration" value="0" />
                    <property name="repeatIteration" value="0" />
                  </properties>
                  <output><![CDATA[Unloading the last loaded scene (build index: -1), is not supported. Please use SceneManager.LoadScene()/EditorSceneManager.OpenScene() to switch to another scene.
]]></output>
                </test-case>
                <test-case id="1057" name="EquipmentAndRoomLabelsStayAtPhysicalSignScale" fullname="ChooGuard.Foundation.Demo.Tests.SceneBuilderTests.EquipmentAndRoomLabelsStayAtPhysicalSignScale" methodname="EquipmentAndRoomLabelsStayAtPhysicalSignScale" classname="ChooGuard.Foundation.Demo.Tests.SceneBuilderTests" runstate="Runnable" seed="527514157" result="Passed" start-time="2026-09-10 01:49:46Z" end-time="2026-09-10 01:49:51Z" duration="4.105177" asserts="0">
                  <properties>
                    <property name="retryIteration" value="0" />
                    <property name="repeatIteration" value="0" />
                  </properties>
                  <output><![CDATA[Unloading the last loaded scene Assets/CHOOguardGenerated/Tests_0706e3c8749f4383812ee3171e0aad9e/FoundationDemo.unity(build index: -1), is not supported. Please use SceneManager.LoadScene()/EditorSceneManager.OpenScene() to switch to another scene.
]]></output>
                </test-case>
                <test-case id="1062" name="FloorTileUvCoversTheTopFaceAtOneMetreScale" fullname="ChooGuard.Foundation.Demo.Tests.SceneBuilderTests.FloorTileUvCoversTheTopFaceAtOneMetreScale" methodname="FloorTileUvCoversTheTopFaceAtOneMetreScale" classname="ChooGuard.Foundation.Demo.Tests.SceneBuilderTests" runstate="Runnable" seed="1544946611" result="Passed" start-time="2026-09-10 01:49:51Z" end-time="2026-09-10 01:49:51Z" duration="0.011191" asserts="0">
                  <properties>
                    <property name="retryIteration" value="0" />
                    <property name="repeatIteration" value="0" />
                  </properties>
                </test-case>
                <test-case id="1058" name="GeneratedPrefabLibraryContainsReusablePropFamilies" fullname="ChooGuard.Foundation.Demo.Tests.SceneBuilderTests.GeneratedPrefabLibraryContainsReusablePropFamilies" methodname="GeneratedPrefabLibraryContainsReusablePropFamilies" classname="ChooGuard.Foundation.Demo.Tests.SceneBuilderTests" runstate="Runnable" seed="947986770" result="Passed" start-time="2026-09-10 01:49:51Z" end-time="2026-09-10 01:49:55Z" duration="4.179251" asserts="0">
                  <properties>
                    <property name="retryIteration" value="0" />
                    <property name="repeatIteration" value="0" />
                  </properties>
                  <output><![CDATA[Unloading the last loaded scene Assets/CHOOguardGenerated/Tests_7eb65b96ed18491990d86a187c531d26/FoundationDemo.unity(build index: -1), is not supported. Please use SceneManager.LoadScene()/EditorSceneManager.OpenScene() to switch to another scene.
]]></output>
                </test-case>
                <test-case id="1068" name="ImportedAsymmetricGeometryMatchesAuthoredCollisionCoordinates" fullname="ChooGuard.Foundation.Demo.Tests.SceneBuilderTests.ImportedAsymmetricGeometryMatchesAuthoredCollisionCoordinates" methodname="ImportedAsymmetricGeometryMatchesAuthoredCollisionCoordinates" classname="ChooGuard.Foundation.Demo.Tests.SceneBuilderTests" runstate="Runnable" seed="851763863" result="Passed" start-time="2026-09-10 01:49:55Z" end-time="2026-09-10 01:49:59Z" duration="4.186991" asserts="0">
                  <properties>
                    <property name="retryIteration" value="0" />
                    <property name="repeatIteration" value="0" />
                  </properties>
                  <output><![CDATA[Unloading the last loaded scene Assets/CHOOguardGenerated/Tests_f6dd42bcb2fe4ed5a4e3cc8ad4a31398/FoundationDemo.unity(build index: -1), is not supported. Please use SceneManager.LoadScene()/EditorSceneManager.OpenScene() to switch to another scene.
]]></output>
                </test-case>
                <test-case id="1055" name="MacBuildRefusesForeignOutputBeforeGeneratingOrOverwriting" fullname="ChooGuard.Foundation.Demo.Tests.SceneBuilderTests.MacBuildRefusesForeignOutputBeforeGeneratingOrOverwriting" methodname="MacBuildRefusesForeignOutputBeforeGeneratingOrOverwriting" classname="ChooGuard.Foundation.Demo.Tests.SceneBuilderTests" runstate="Runnable" seed="904948498" result="Passed" start-time="2026-09-10 01:49:59Z" end-time="2026-09-10 01:49:59Z" duration="0.016555" asserts="0">
                  <properties>
                    <property name="retryIteration" value="0" />
                    <property name="repeatIteration" value="0" />
                  </properties>
                </test-case>
                <test-case id="1067" name="MannequinFacingAndSolesMatchTravelAndFloorAtGaitExtremes" fullname="ChooGuard.Foundation.Demo.Tests.SceneBuilderTests.MannequinFacingAndSolesMatchTravelAndFloorAtGaitExtremes" methodname="MannequinFacingAndSolesMatchTravelAndFloorAtGaitExtremes" classname="ChooGuard.Foundation.Demo.Tests.SceneBuilderTests" runstate="Runnable" seed="2059653708" result="Passed" start-time="2026-09-10 01:49:59Z" end-time="2026-09-10 01:50:03Z" duration="4.218079" asserts="0">
                  <properties>
                    <property name="retryIteration" value="0" />
                    <property name="repeatIteration" value="0" />
                  </properties>
                  <output><![CDATA[Unloading the last loaded scene Assets/CHOOguardGenerated/Tests_a5b7c85de6dc48b7b92ea08b590c7ab7/FoundationDemo.unity(build index: -1), is not supported. Please use SceneManager.LoadScene()/EditorSceneManager.OpenScene() to switch to another scene.
]]></output>
                </test-case>
                <test-suite type="ParameterizedMethod" id="1065" name="PreviousMaterialOwnershipMigratesWithoutOverwritingNewTeamFiles" fullname="ChooGuard.Foundation.Demo.Tests.SceneBuilderTests.PreviousMaterialOwnershipMigratesWithoutOverwritingNewTeamFiles" classname="ChooGuard.Foundation.Demo.Tests.SceneBuilderTests" runstate="Runnable" testcasecount="2" result="Passed" start-time="2026-09-10 01:50:03Z" end-time="2026-09-10 01:50:18Z" duration="14.528093" total="2" passed="2" failed="0" inconclusive="0" skipped="0" asserts="0">
                  <properties />
                  <test-case id="1063" name="PreviousMaterialOwnershipMigratesWithoutOverwritingNewTeamFiles(4)" fullname="ChooGuard.Foundation.Demo.Tests.SceneBuilderTests.PreviousMaterialOwnershipMigratesWithoutOverwritingNewTeamFiles(4)" methodname="PreviousMaterialOwnershipMigratesWithoutOverwritingNewTeamFiles" classname="ChooGuard.Foundation.Demo.Tests.SceneBuilderTests" runstate="Runnable" seed="959801866" result="Passed" start-time="2026-09-10 01:50:03Z" end-time="2026-09-10 01:50:11Z" duration="7.787114" asserts="0">
                    <properties>
                      <property name="retryIteration" value="0" />
                      <property name="repeatIteration" value="0" />
                    </properties>
                    <output><![CDATA[Unloading the last loaded scene Assets/CHOOguardGenerated/Tests_ce5f5788b5fa4c09a1014b13c2d0851b/FoundationDemo.unity(build index: -1), is not supported. Please use SceneManager.LoadScene()/EditorSceneManager.OpenScene() to switch to another scene.
Unloading the last loaded scene Assets/CHOOguardGenerated/Tests_ce5f5788b5fa4c09a1014b13c2d0851b/FoundationDemo.unity(build index: -1), is not supported. Please use SceneManager.LoadScene()/EditorSceneManager.OpenScene() to switch to another scene.
]]></output>
                  </test-case>
                  <test-case id="1064" name="PreviousMaterialOwnershipMigratesWithoutOverwritingNewTeamFiles(5)" fullname="ChooGuard.Foundation.Demo.Tests.SceneBuilderTests.PreviousMaterialOwnershipMigratesWithoutOverwritingNewTeamFiles(5)" methodname="PreviousMaterialOwnershipMigratesWithoutOverwritingNewTeamFiles" classname="ChooGuard.Foundation.Demo.Tests.SceneBuilderTests" runstate="Runnable" seed="1236234522" result="Passed" start-time="2026-09-10 01:50:11Z" end-time="2026-09-10 01:50:18Z" duration="6.715589" asserts="0">
                    <properties>
                      <property name="retryIteration" value="0" />
                      <property name="repeatIteration" value="0" />
                    </properties>
                    <output><![CDATA[Unloading the last loaded scene Assets/CHOOguardGenerated/Tests_69d17e15a1a942ff94c366c96c49aa82/FoundationDemo.unity(build index: -1), is not supported. Please use SceneManager.LoadScene()/EditorSceneManager.OpenScene() to switch to another scene.
Unloading the last loaded scene Assets/CHOOguardGenerated/Tests_69d17e15a1a942ff94c366c96c49aa82/FoundationDemo.unity(build index: -1), is not supported. Please use SceneManager.LoadScene()/EditorSceneManager.OpenScene() to switch to another scene.
]]></output>
                  </test-case>
                </test-suite>
                <test-case id="1052" name="PristineUntitledStartupSceneCanGenerateTheDemo" fullname="ChooGuard.Foundation.Demo.Tests.SceneBuilderTests.PristineUntitledStartupSceneCanGenerateTheDemo" methodname="PristineUntitledStartupSceneCanGenerateTheDemo" classname="ChooGuard.Foundation.Demo.Tests.SceneBuilderTests" runstate="Runnable" seed="563368885" result="Passed" start-time="2026-09-10 01:50:18Z" end-time="2026-09-10 01:50:22Z" duration="4.217362" asserts="0">
                  <properties>
                    <property name="retryIteration" value="0" />
                    <property name="repeatIteration" value="0" />
                  </properties>
                  <output><![CDATA[Unloading the last loaded scene Assets/CHOOguardGenerated/Tests_f9c5db63f3464792974557aa9b9ba4bb/FoundationDemo.unity(build index: -1), is not supported. Please use SceneManager.LoadScene()/EditorSceneManager.OpenScene() to switch to another scene.
]]></output>
                </test-case>
                <test-case id="1060" name="ReferenceArtUsesDistinctSurfaceResponseAndValidCurvedNormals" fullname="ChooGuard.Foundation.Demo.Tests.SceneBuilderTests.ReferenceArtUsesDistinctSurfaceResponseAndValidCurvedNormals" methodname="ReferenceArtUsesDistinctSurfaceResponseAndValidCurvedNormals" classname="ChooGuard.Foundation.Demo.Tests.SceneBuilderTests" runstate="Runnable" seed="1612634061" result="Passed" start-time="2026-09-10 01:50:22Z" end-time="2026-09-10 01:50:26Z" duration="4.143865" asserts="0">
                  <properties>
                    <property name="retryIteration" value="0" />
                    <property name="repeatIteration" value="0" />
                  </properties>
                  <output><![CDATA[Unloading the last loaded scene Assets/CHOOguardGenerated/Tests_f29de36639a94eb4895a57ab6b1788f5/FoundationDemo.unity(build index: -1), is not supported. Please use SceneManager.LoadScene()/EditorSceneManager.OpenScene() to switch to another scene.
]]></output>
                </test-case>
                <test-case id="1061" name="ReferenceEnvelopeRetainsWalkableGroundAndClosesUpperWalls" fullname="ChooGuard.Foundation.Demo.Tests.SceneBuilderTests.ReferenceEnvelopeRetainsWalkableGroundAndClosesUpperWalls" methodname="ReferenceEnvelopeRetainsWalkableGroundAndClosesUpperWalls" classname="ChooGuard.Foundation.Demo.Tests.SceneBuilderTests" runstate="Runnable" seed="718121082" result="Passed" start-time="2026-09-10 01:50:26Z" end-time="2026-09-10 01:50:30Z" duration="4.247791" asserts="0">
                  <properties>
                    <property name="retryIteration" value="0" />
                    <property name="repeatIteration" value="0" />
                  </properties>
                  <output><![CDATA[Unloading the last loaded scene Assets/CHOOguardGenerated/Tests_99ae71e26fa340dda935a8121edd6e48/FoundationDemo.unity(build index: -1), is not supported. Please use SceneManager.LoadScene()/EditorSceneManager.OpenScene() to switch to another scene.
]]></output>
                </test-case>
                <test-case id="1046" name="RejectsExistingUnownedDirectoryWithoutChangingItsFile" fullname="ChooGuard.Foundation.Demo.Tests.SceneBuilderTests.RejectsExistingUnownedDirectoryWithoutChangingItsFile" methodname="RejectsExistingUnownedDirectoryWithoutChangingItsFile" classname="ChooGuard.Foundation.Demo.Tests.SceneBuilderTests" runstate="Runnable" seed="427673743" result="Passed" start-time="2026-09-10 01:50:30Z" end-time="2026-09-10 01:50:30Z" duration="0.100020" asserts="0">
                  <properties>
                    <property name="retryIteration" value="0" />
                    <property name="repeatIteration" value="0" />
                  </properties>
                </test-case>
                <test-suite type="ParameterizedMethod" id="1051" name="RejectsOutputOutsideDedicatedGeneratedChild" fullname="ChooGuard.Foundation.Demo.Tests.SceneBuilderTests.RejectsOutputOutsideDedicatedGeneratedChild" classname="ChooGuard.Foundation.Demo.Tests.SceneBuilderTests" runstate="Runnable" testcasecount="4" result="Passed" start-time="2026-09-10 01:50:30Z" end-time="2026-09-10 01:50:30Z" duration="0.069872" total="4" passed="4" failed="0" inconclusive="0" skipped="0" asserts="0">
                  <properties />
                  <test-case id="1047" name="RejectsOutputOutsideDedicatedGeneratedChild(&quot;Assets/ExistingTeamScene&quot;)" fullname="ChooGuard.Foundation.Demo.Tests.SceneBuilderTests.RejectsOutputOutsideDedicatedGeneratedChild(&quot;Assets/ExistingTeamScene&quot;)" methodname="RejectsOutputOutsideDedicatedGeneratedChild" classname="ChooGuard.Foundation.Demo.Tests.SceneBuilderTests" runstate="Runnable" seed="421017631" result="Passed" start-time="2026-09-10 01:50:30Z" end-time="2026-09-10 01:50:30Z" duration="0.006659" asserts="0">
                    <properties>
                      <property name="retryIteration" value="0" />
                      <property name="repeatIteration" value="0" />
                    </properties>
                  </test-case>
                  <test-case id="1048" name="RejectsOutputOutsideDedicatedGeneratedChild(&quot;Assets/CHOOguardGenerated/../ExistingTeamScene&quot;)" fullname="ChooGuard.Foundation.Demo.Tests.SceneBuilderTests.RejectsOutputOutsideDedicatedGeneratedChild(&quot;Assets/CHOOguardGenerated/../ExistingTeamScene&quot;)" methodname="RejectsOutputOutsideDedicatedGeneratedChild" classname="ChooGuard.Foundation.Demo.Tests.SceneBuilderTests" runstate="Runnable" seed="1437901162" result="Passed" start-time="2026-09-10 01:50:30Z" end-time="2026-09-10 01:50:30Z" duration="0.002628" asserts="0">
                    <properties>
                      <property name="retryIteration" value="0" />
                      <property name="repeatIteration" value="0" />
                    </properties>
                  </test-case>
                  <test-case id="1049" name="RejectsOutputOutsideDedicatedGeneratedChild(&quot;Packages/com.xrlab.chooguard.foundation/Demo&quot;)" fullname="ChooGuard.Foundation.Demo.Tests.SceneBuilderTests.RejectsOutputOutsideDedicatedGeneratedChild(&quot;Packages/com.xrlab.chooguard.foundation/Demo&quot;)" methodname="RejectsOutputOutsideDedicatedGeneratedChild" classname="ChooGuard.Foundation.Demo.Tests.SceneBuilderTests" runstate="Runnable" seed="1640923189" result="Passed" start-time="2026-09-10 01:50:30Z" end-time="2026-09-10 01:50:30Z" duration="0.001920" asserts="0">
                    <properties>
                      <property name="retryIteration" value="0" />
                      <property name="repeatIteration" value="0" />
                    </properties>
                  </test-case>
                  <test-case id="1050" name="RejectsOutputOutsideDedicatedGeneratedChild(&quot;Assets/CHOOguardGenerated&quot;)" fullname="ChooGuard.Foundation.Demo.Tests.SceneBuilderTests.RejectsOutputOutsideDedicatedGeneratedChild(&quot;Assets/CHOOguardGenerated&quot;)" methodname="RejectsOutputOutsideDedicatedGeneratedChild" classname="ChooGuard.Foundation.Demo.Tests.SceneBuilderTests" runstate="Runnable" seed="119466494" result="Passed" start-time="2026-09-10 01:50:30Z" end-time="2026-09-10 01:50:30Z" duration="0.001906" asserts="0">
                    <properties>
                      <property name="retryIteration" value="0" />
                      <property name="repeatIteration" value="0" />
                    </properties>
                  </test-case>
                </test-suite>
                <test-case id="1043" name="RepeatGenerationHasStableObjectAndAssetCountsAndPreservesForeignFile" fullname="ChooGuard.Foundation.Demo.Tests.SceneBuilderTests.RepeatGenerationHasStableObjectAndAssetCountsAndPreservesForeignFile" methodname="RepeatGenerationHasStableObjectAndAssetCountsAndPreservesForeignFile" classname="ChooGuard.Foundation.Demo.Tests.SceneBuilderTests" runstate="Runnable" seed="298064037" result="Passed" start-time="2026-09-10 01:50:30Z" end-time="2026-09-10 01:50:37Z" duration="6.399801" asserts="0">
                  <properties>
                    <property name="retryIteration" value="0" />
                    <property name="repeatIteration" value="0" />
                  </properties>
                  <output><![CDATA[Render queue value outside of the allowed range (2501 - 3999) for selected Blend mode, resetting render queue to default
Unloading the last loaded scene Assets/CHOOguardGenerated/Tests_86ffa6ce7b1e481c929f3c777be76daa/FoundationDemo.unity(build index: -1), is not supported. Please use SceneManager.LoadScene()/EditorSceneManager.OpenScene() to switch to another scene.
]]></output>
                </test-case>
                <test-case id="1044" name="SavedSceneReloadKeepsScenarioPlayerAndTargetReferences" fullname="ChooGuard.Foundation.Demo.Tests.SceneBuilderTests.SavedSceneReloadKeepsScenarioPlayerAndTargetReferences" methodname="SavedSceneReloadKeepsScenarioPlayerAndTargetReferences" classname="ChooGuard.Foundation.Demo.Tests.SceneBuilderTests" runstate="Runnable" seed="427807505" result="Passed" start-time="2026-09-10 01:50:37Z" end-time="2026-09-10 01:50:41Z" duration="4.334896" asserts="0">
                  <properties>
                    <property name="retryIteration" value="0" />
                    <property name="repeatIteration" value="0" />
                  </properties>
                  <output><![CDATA[Unloading the last loaded scene Assets/CHOOguardGenerated/Tests_e37d9d03a3cb4b7da4fc822b84c939da/FoundationDemo.unity(build index: -1), is not supported. Please use SceneManager.LoadScene()/EditorSceneManager.OpenScene() to switch to another scene.
Unloading the last loaded scene Assets/CHOOguardGenerated/Tests_e37d9d03a3cb4b7da4fc822b84c939da/FoundationDemo.unity(build index: -1), is not supported. Please use SceneManager.LoadScene()/EditorSceneManager.OpenScene() to switch to another scene.
]]></output>
                </test-case>
                <test-case id="1056" name="WindowsBuildRefusesForeignOutputBeforeGeneratingOrOverwriting" fullname="ChooGuard.Foundation.Demo.Tests.SceneBuilderTests.WindowsBuildRefusesForeignOutputBeforeGeneratingOrOverwriting" methodname="WindowsBuildRefusesForeignOutputBeforeGeneratingOrOverwriting" classname="ChooGuard.Foundation.Demo.Tests.SceneBuilderTests" runstate="Runnable" seed="1762439323" result="Passed" start-time="2026-09-10 01:50:41Z" end-time="2026-09-10 01:50:41Z" duration="0.012819" asserts="0">
                  <properties>
                    <property name="retryIteration" value="0" />
                    <property name="repeatIteration" value="0" />
                  </properties>
                </test-case>
              </test-suite>
              <test-suite type="TestFixture" id="1069" name="StationWorldSceneTests" fullname="ChooGuard.Foundation.Demo.Tests.StationWorldSceneTests" classname="ChooGuard.Foundation.Demo.Tests.StationWorldSceneTests" runstate="Runnable" testcasecount="2" result="Passed" start-time="2026-09-10 01:50:41Z" end-time="2026-09-10 01:50:50Z" duration="8.566088" total="2" passed="2" failed="0" inconclusive="0" skipped="0" asserts="0">
                <properties />
                <test-case id="1071" name="PortalRequiresOppositeSidesInsideOpeningRatherThanProximity" fullname="ChooGuard.Foundation.Demo.Tests.StationWorldSceneTests.PortalRequiresOppositeSidesInsideOpeningRatherThanProximity" methodname="PortalRequiresOppositeSidesInsideOpeningRatherThanProximity" classname="ChooGuard.Foundation.Demo.Tests.StationWorldSceneTests" runstate="Runnable" seed="1043533240" result="Passed" start-time="2026-09-10 01:50:41Z" end-time="2026-09-10 01:50:45Z" duration="4.255287" asserts="0">
                  <properties>
                    <property name="retryIteration" value="0" />
                    <property name="repeatIteration" value="0" />
                  </properties>
                  <output><![CDATA[Unloading the last loaded scene Assets/CHOOguardGenerated/WorldTests_2bb478d7225741ceb8080441dff63305/FoundationDemo.unity(build index: -1), is not supported. Please use SceneManager.LoadScene()/EditorSceneManager.OpenScene() to switch to another scene.
]]></output>
                </test-case>
                <test-case id="1070" name="RegisteredWorldBindingsRoutinesAndAlternateRoutesSurviveEachClosure" fullname="ChooGuard.Foundation.Demo.Tests.StationWorldSceneTests.RegisteredWorldBindingsRoutinesAndAlternateRoutesSurviveEachClosure" methodname="RegisteredWorldBindingsRoutinesAndAlternateRoutesSurviveEachClosure" classname="ChooGuard.Foundation.Demo.Tests.StationWorldSceneTests" runstate="Runnable" seed="1725637776" result="Passed" start-time="2026-09-10 01:50:45Z" end-time="2026-09-10 01:50:50Z" duration="4.305892" asserts="0">
                  <properties>
                    <property name="retryIteration" value="0" />
                    <property name="repeatIteration" value="0" />
                  </properties>
                  <output><![CDATA[Unloading the last loaded scene Assets/CHOOguardGenerated/WorldTests_e2ee37947c9345db82120576b5cad08c/FoundationDemo.unity(build index: -1), is not supported. Please use SceneManager.LoadScene()/EditorSceneManager.OpenScene() to switch to another scene.
]]></output>
                </test-case>
              </test-suite>
              <test-suite type="TestFixture" id="1072" name="StationWorldSessionTests" fullname="ChooGuard.Foundation.Demo.Tests.StationWorldSessionTests" classname="ChooGuard.Foundation.Demo.Tests.StationWorldSessionTests" runstate="Runnable" testcasecount="9" result="Passed" start-time="2026-09-10 01:50:50Z" end-time="2026-09-10 01:50:50Z" duration="0.022159" total="9" passed="9" failed="0" inconclusive="0" skipped="0" asserts="0">
                <properties />
                <test-case id="1081" name="EscalationIsRecordedWithoutInventingPassFailOrChangingAffectedPeople" fullname="ChooGuard.Foundation.Demo.Tests.StationWorldSessionTests.EscalationIsRecordedWithoutInventingPassFailOrChangingAffectedPeople" methodname="EscalationIsRecordedWithoutInventingPassFailOrChangingAffectedPeople" classname="ChooGuard.Foundation.Demo.Tests.StationWorldSessionTests" runstate="Runnable" seed="895207819" result="Passed" start-time="2026-09-10 01:50:50Z" end-time="2026-09-10 01:50:50Z" duration="0.006503" asserts="0">
                  <properties>
                    <property name="retryIteration" value="0" />
                    <property name="repeatIteration" value="0" />
                  </properties>
                </test-case>
                <test-case id="1074" name="OccupiedOrUnknownSitesNeverStartAndInvalidDeltaCannotChangeTheClock" fullname="ChooGuard.Foundation.Demo.Tests.StationWorldSessionTests.OccupiedOrUnknownSitesNeverStartAndInvalidDeltaCannotChangeTheClock" methodname="OccupiedOrUnknownSitesNeverStartAndInvalidDeltaCannotChangeTheClock" classname="ChooGuard.Foundation.Demo.Tests.StationWorldSessionTests" runstate="Runnable" seed="929122879" result="Passed" start-time="2026-09-10 01:50:50Z" end-time="2026-09-10 01:50:50Z" duration="0.001763" asserts="0">
                  <properties>
                    <property name="retryIteration" value="0" />
                    <property name="repeatIteration" value="0" />
                  </properties>
                </test-case>
                <test-case id="1080" name="PausingFreezesTimeAndActionsWhileStaleRevisionAndDuplicateNpcCannotAdvance" fullname="ChooGuard.Foundation.Demo.Tests.StationWorldSessionTests.PausingFreezesTimeAndActionsWhileStaleRevisionAndDuplicateNpcCannotAdvance" methodname="PausingFreezesTimeAndActionsWhileStaleRevisionAndDuplicateNpcCannotAdvance" classname="ChooGuard.Foundation.Demo.Tests.StationWorldSessionTests" runstate="Runnable" seed="411932837" result="Passed" start-time="2026-09-10 01:50:50Z" end-time="2026-09-10 01:50:50Z" duration="0.002337" asserts="0">
                  <properties>
                    <property name="retryIteration" value="0" />
                    <property name="repeatIteration" value="0" />
                  </properties>
                </test-case>
                <test-suite type="ParameterizedMethod" id="1079" name="ResponseHasCausalPrerequisitesAcceptsIndependentOrderAndReturnsToNormal" fullname="ChooGuard.Foundation.Demo.Tests.StationWorldSessionTests.ResponseHasCausalPrerequisitesAcceptsIndependentOrderAndReturnsToNormal" classname="ChooGuard.Foundation.Demo.Tests.StationWorldSessionTests" runstate="Runnable" testcasecount="4" result="Passed" start-time="2026-09-10 01:50:50Z" end-time="2026-09-10 01:50:50Z" duration="0.003874" total="4" passed="4" failed="0" inconclusive="0" skipped="0" asserts="0">
                  <properties />
                  <test-case id="1075" name="ResponseHasCausalPrerequisitesAcceptsIndependentOrderAndReturnsToNormal(1)" fullname="ChooGuard.Foundation.Demo.Tests.StationWorldSessionTests.ResponseHasCausalPrerequisitesAcceptsIndependentOrderAndReturnsToNormal(1)" methodname="ResponseHasCausalPrerequisitesAcceptsIndependentOrderAndReturnsToNormal" classname="ChooGuard.Foundation.Demo.Tests.StationWorldSessionTests" runstate="Runnable" seed="1505645750" result="Passed" start-time="2026-09-10 01:50:50Z" end-time="2026-09-10 01:50:50Z" duration="0.002397" asserts="0">
                    <properties>
                      <property name="retryIteration" value="0" />
                      <property name="repeatIteration" value="0" />
                    </properties>
                  </test-case>
                  <test-case id="1076" name="ResponseHasCausalPrerequisitesAcceptsIndependentOrderAndReturnsToNormal(2)" fullname="ChooGuard.Foundation.Demo.Tests.StationWorldSessionTests.ResponseHasCausalPrerequisitesAcceptsIndependentOrderAndReturnsToNormal(2)" methodname="ResponseHasCausalPrerequisitesAcceptsIndependentOrderAndReturnsToNormal" classname="ChooGuard.Foundation.Demo.Tests.StationWorldSessionTests" runstate="Runnable" seed="1248164862" result="Passed" start-time="2026-09-10 01:50:50Z" end-time="2026-09-10 01:50:50Z" duration="0.000286" asserts="0">
                    <properties>
                      <property name="retryIteration" value="0" />
                      <property name="repeatIteration" value="0" />
                    </properties>
                  </test-case>
                  <test-case id="1077" name="ResponseHasCausalPrerequisitesAcceptsIndependentOrderAndReturnsToNormal(11)" fullname="ChooGuard.Foundation.Demo.Tests.StationWorldSessionTests.ResponseHasCausalPrerequisitesAcceptsIndependentOrderAndReturnsToNormal(11)" methodname="ResponseHasCausalPrerequisitesAcceptsIndependentOrderAndReturnsToNormal" classname="ChooGuard.Foundation.Demo.Tests.StationWorldSessionTests" runstate="Runnable" seed="1147813280" result="Passed" start-time="2026-09-10 01:50:50Z" end-time="2026-09-10 01:50:50Z" duration="0.000189" asserts="0">
                    <properties>
                      <property name="retryIteration" value="0" />
                      <property name="repeatIteration" value="0" />
                    </properties>
                  </test-case>
                  <test-case id="1078" name="ResponseHasCausalPrerequisitesAcceptsIndependentOrderAndReturnsToNormal(1729)" fullname="ChooGuard.Foundation.Demo.Tests.StationWorldSessionTests.ResponseHasCausalPrerequisitesAcceptsIndependentOrderAndReturnsToNormal(1729)" methodname="ResponseHasCausalPrerequisitesAcceptsIndependentOrderAndReturnsToNormal" classname="ChooGuard.Foundation.Demo.Tests.StationWorldSessionTests" runstate="Runnable" seed="1175604357" result="Passed" start-time="2026-09-10 01:50:50Z" end-time="2026-09-10 01:50:50Z" duration="0.000175" asserts="0">
                    <properties>
                      <property name="retryIteration" value="0" />
                      <property name="repeatIteration" value="0" />
                    </properties>
                  </test-case>
                </test-suite>
                <test-case id="1073" name="SeededOnsetIsIndependentOfFrameSizeAndDoesNotRevealTheIncident" fullname="ChooGuard.Foundation.Demo.Tests.StationWorldSessionTests.SeededOnsetIsIndependentOfFrameSizeAndDoesNotRevealTheIncident" methodname="SeededOnsetIsIndependentOfFrameSizeAndDoesNotRevealTheIncident" classname="ChooGuard.Foundation.Demo.Tests.StationWorldSessionTests" runstate="Runnable" seed="1530439656" result="Passed" start-time="2026-09-10 01:50:50Z" end-time="2026-09-10 01:50:50Z" duration="0.003821" asserts="0">
                  <properties>
                    <property name="retryIteration" value="0" />
                    <property name="repeatIteration" value="0" />
                  </properties>
                </test-case>
                <test-case id="1082" name="SyntheticGeometryCannotBeMarkedVerifiedWithoutFacilityAndManualEvidence" fullname="ChooGuard.Foundation.Demo.Tests.StationWorldSessionTests.SyntheticGeometryCannotBeMarkedVerifiedWithoutFacilityAndManualEvidence" methodname="SyntheticGeometryCannotBeMarkedVerifiedWithoutFacilityAndManualEvidence" classname="ChooGuard.Foundation.Demo.Tests.StationWorldSessionTests" runstate="Runnable" seed="1687413054" result="Passed" start-time="2026-09-10 01:50:50Z" end-time="2026-09-10 01:50:50Z" duration="0.000506" asserts="0">
                  <properties>
                    <property name="retryIteration" value="0" />
                    <property name="repeatIteration" value="0" />
                  </properties>
                </test-case>
              </test-suite>
            </test-suite>
          </test-suite>
        </test-suite>
      </test-suite>
    </test-suite>
    <test-suite type="Assembly" id="1148" name="ChooGuard.Foundation.Tests.dll" fullname="&lt;CHECKOUT&gt;/Library/ScriptAssemblies/ChooGuard.Foundation.Tests.dll" runstate="Runnable" testcasecount="52" result="Passed" start-time="2026-09-10 01:50:50Z" end-time="2026-09-10 01:50:50Z" duration="0.075539" total="52" passed="52" failed="0" inconclusive="0" skipped="0" asserts="0">
      <properties>
        <property name="_PID" value="26772" />
        <property name="_APPDOMAIN" value="Unity Child Domain" />
        <property name="platform" value="EditMode" />
        <property name="EditorOnly" value="True" />
      </properties>
      <test-suite type="TestSuite" id="1149" name="ChooGuard" fullname="ChooGuard" runstate="Runnable" testcasecount="52" result="Passed" start-time="2026-09-10 01:50:50Z" end-time="2026-09-10 01:50:50Z" duration="0.075240" total="52" passed="52" failed="0" inconclusive="0" skipped="0" asserts="0">
        <properties />
        <test-suite type="TestSuite" id="1150" name="Foundation" fullname="ChooGuard.Foundation" runstate="Runnable" testcasecount="52" result="Passed" start-time="2026-09-10 01:50:50Z" end-time="2026-09-10 01:50:50Z" duration="0.075117" total="52" passed="52" failed="0" inconclusive="0" skipped="0" asserts="0">
          <properties />
          <test-suite type="TestSuite" id="1151" name="Tests" fullname="ChooGuard.Foundation.Tests" runstate="Runnable" testcasecount="52" result="Passed" start-time="2026-09-10 01:50:50Z" end-time="2026-09-10 01:50:50Z" duration="0.074966" total="52" passed="52" failed="0" inconclusive="0" skipped="0" asserts="0">
            <properties />
            <test-suite type="TestFixture" id="1088" name="CanonicalScenarioTests" fullname="ChooGuard.Foundation.Tests.CanonicalScenarioTests" classname="ChooGuard.Foundation.Tests.CanonicalScenarioTests" runstate="Runnable" testcasecount="15" result="Passed" start-time="2026-09-10 01:50:50Z" end-time="2026-09-10 01:50:50Z" duration="0.029559" total="15" passed="15" failed="0" inconclusive="0" skipped="0" asserts="0">
              <properties />
              <test-suite type="ParameterizedMethod" id="1105" name="CanonicalJsonDrivesAllTenRoleModalityPaths" fullname="ChooGuard.Foundation.Tests.CanonicalScenarioTests.CanonicalJsonDrivesAllTenRoleModalityPaths" classname="ChooGuard.Foundation.Tests.CanonicalScenarioTests" runstate="Runnable" testcasecount="10" result="Passed" start-time="2026-09-10 01:50:50Z" end-time="2026-09-10 01:50:50Z" duration="0.022037" total="10" passed="10" failed="0" inconclusive="0" skipped="0" asserts="0">
                <properties />
                <test-case id="1095" name="CanonicalJsonDrivesAllTenRoleModalityPaths(&quot;role-01&quot;,VR)" fullname="ChooGuard.Foundation.Tests.CanonicalScenarioTests.CanonicalJsonDrivesAllTenRoleModalityPaths(&quot;role-01&quot;,VR)" methodname="CanonicalJsonDrivesAllTenRoleModalityPaths" classname="ChooGuard.Foundation.Tests.CanonicalScenarioTests" runstate="Runnable" seed="571557602" result="Passed" start-time="2026-09-10 01:50:50Z" end-time="2026-09-10 01:50:50Z" duration="0.006014" asserts="0">
                  <properties>
                    <property name="retryIteration" value="0" />
                    <property name="repeatIteration" value="0" />
                  </properties>
                </test-case>
                <test-case id="1096" name="CanonicalJsonDrivesAllTenRoleModalityPaths(&quot;role-01&quot;,Desktop)" fullname="ChooGuard.Foundation.Tests.CanonicalScenarioTests.CanonicalJsonDrivesAllTenRoleModalityPaths(&quot;role-01&quot;,Desktop)" methodname="CanonicalJsonDrivesAllTenRoleModalityPaths" classname="ChooGuard.Foundation.Tests.CanonicalScenarioTests" runstate="Runnable" seed="383746350" result="Passed" start-time="2026-09-10 01:50:50Z" end-time="2026-09-10 01:50:50Z" duration="0.001470" asserts="0">
                  <properties>
                    <property name="retryIteration" value="0" />
                    <property name="repeatIteration" value="0" />
                  </properties>
                </test-case>
                <test-case id="1097" name="CanonicalJsonDrivesAllTenRoleModalityPaths(&quot;role-02&quot;,VR)" fullname="ChooGuard.Foundation.Tests.CanonicalScenarioTests.CanonicalJsonDrivesAllTenRoleModalityPaths(&quot;role-02&quot;,VR)" methodname="CanonicalJsonDrivesAllTenRoleModalityPaths" classname="ChooGuard.Foundation.Tests.CanonicalScenarioTests" runstate="Runnable" seed="1039526130" result="Passed" start-time="2026-09-10 01:50:50Z" end-time="2026-09-10 01:50:50Z" duration="0.001049" asserts="0">
                  <properties>
                    <property name="retryIteration" value="0" />
                    <property name="repeatIteration" value="0" />
                  </properties>
                </test-case>
                <test-case id="1098" name="CanonicalJsonDrivesAllTenRoleModalityPaths(&quot;role-02&quot;,Desktop)" fullname="ChooGuard.Foundation.Tests.CanonicalScenarioTests.CanonicalJsonDrivesAllTenRoleModalityPaths(&quot;role-02&quot;,Desktop)" methodname="CanonicalJsonDrivesAllTenRoleModalityPaths" classname="ChooGuard.Foundation.Tests.CanonicalScenarioTests" runstate="Runnable" seed="1111476681" result="Passed" start-time="2026-09-10 01:50:50Z" end-time="2026-09-10 01:50:50Z" duration="0.004051" asserts="0">
                  <properties>
                    <property name="retryIteration" value="0" />
                    <property name="repeatIteration" value="0" />
                  </properties>
                </test-case>
                <test-case id="1099" name="CanonicalJsonDrivesAllTenRoleModalityPaths(&quot;role-03&quot;,VR)" fullname="ChooGuard.Foundation.Tests.CanonicalScenarioTests.CanonicalJsonDrivesAllTenRoleModalityPaths(&quot;role-03&quot;,VR)" methodname="CanonicalJsonDrivesAllTenRoleModalityPaths" classname="ChooGuard.Foundation.Tests.CanonicalScenarioTests" runstate="Runnable" seed="2039487128" result="Passed" start-time="2026-09-10 01:50:50Z" end-time="2026-09-10 01:50:50Z" duration="0.001201" asserts="0">
                  <properties>
                    <property name="retryIteration" value="0" />
                    <property name="repeatIteration" value="0" />
                  </properties>
                </test-case>
                <test-case id="1100" name="CanonicalJsonDrivesAllTenRoleModalityPaths(&quot;role-03&quot;,Desktop)" fullname="ChooGuard.Foundation.Tests.CanonicalScenarioTests.CanonicalJsonDrivesAllTenRoleModalityPaths(&quot;role-03&quot;,Desktop)" methodname="CanonicalJsonDrivesAllTenRoleModalityPaths" classname="ChooGuard.Foundation.Tests.CanonicalScenarioTests" runstate="Runnable" seed="1925495984" result="Passed" start-time="2026-09-10 01:50:50Z" end-time="2026-09-10 01:50:50Z" duration="0.001522" asserts="0">
                  <properties>
                    <property name="retryIteration" value="0" />
                    <property name="repeatIteration" value="0" />
                  </properties>
                </test-case>
                <test-case id="1101" name="CanonicalJsonDrivesAllTenRoleModalityPaths(&quot;role-04&quot;,VR)" fullname="ChooGuard.Foundation.Tests.CanonicalScenarioTests.CanonicalJsonDrivesAllTenRoleModalityPaths(&quot;role-04&quot;,VR)" methodname="CanonicalJsonDrivesAllTenRoleModalityPaths" classname="ChooGuard.Foundation.Tests.CanonicalScenarioTests" runstate="Runnable" seed="1684940895" result="Passed" start-time="2026-09-10 01:50:50Z" end-time="2026-09-10 01:50:50Z" duration="0.001222" asserts="0">
                  <properties>
                    <property name="retryIteration" value="0" />
                    <property name="repeatIteration" value="0" />
                  </properties>
                </test-case>
                <test-case id="1102" name="CanonicalJsonDrivesAllTenRoleModalityPaths(&quot;role-04&quot;,Desktop)" fullname="ChooGuard.Foundation.Tests.CanonicalScenarioTests.CanonicalJsonDrivesAllTenRoleModalityPaths(&quot;role-04&quot;,Desktop)" methodname="CanonicalJsonDrivesAllTenRoleModalityPaths" classname="ChooGuard.Foundation.Tests.CanonicalScenarioTests" runstate="Runnable" seed="848646521" result="Passed" start-time="2026-09-10 01:50:50Z" end-time="2026-09-10 01:50:50Z" duration="0.001421" asserts="0">
                  <properties>
                    <property name="retryIteration" value="0" />
                    <property name="repeatIteration" value="0" />
                  </properties>
                </test-case>
                <test-case id="1103" name="CanonicalJsonDrivesAllTenRoleModalityPaths(&quot;role-05&quot;,VR)" fullname="ChooGuard.Foundation.Tests.CanonicalScenarioTests.CanonicalJsonDrivesAllTenRoleModalityPaths(&quot;role-05&quot;,VR)" methodname="CanonicalJsonDrivesAllTenRoleModalityPaths" classname="ChooGuard.Foundation.Tests.CanonicalScenarioTests" runstate="Runnable" seed="861029800" result="Passed" start-time="2026-09-10 01:50:50Z" end-time="2026-09-10 01:50:50Z" duration="0.001039" asserts="0">
                  <properties>
                    <property name="retryIteration" value="0" />
                    <property name="repeatIteration" value="0" />
                  </properties>
                </test-case>
                <test-case id="1104" name="CanonicalJsonDrivesAllTenRoleModalityPaths(&quot;role-05&quot;,Desktop)" fullname="ChooGuard.Foundation.Tests.CanonicalScenarioTests.CanonicalJsonDrivesAllTenRoleModalityPaths(&quot;role-05&quot;,Desktop)" methodname="CanonicalJsonDrivesAllTenRoleModalityPaths" classname="ChooGuard.Foundation.Tests.CanonicalScenarioTests" runstate="Runnable" seed="1680772045" result="Passed" start-time="2026-09-10 01:50:50Z" end-time="2026-09-10 01:50:50Z" duration="0.001386" asserts="0">
                  <properties>
                    <property name="retryIteration" value="0" />
                    <property name="repeatIteration" value="0" />
                  </properties>
                </test-case>
              </test-suite>
              <test-suite type="ParameterizedMethod" id="1094" name="CanonicalJsonHasGoldenReadyState" fullname="ChooGuard.Foundation.Tests.CanonicalScenarioTests.CanonicalJsonHasGoldenReadyState" classname="ChooGuard.Foundation.Tests.CanonicalScenarioTests" runstate="Runnable" testcasecount="5" result="Passed" start-time="2026-09-10 01:50:50Z" end-time="2026-09-10 01:50:50Z" duration="0.006673" total="5" passed="5" failed="0" inconclusive="0" skipped="0" asserts="0">
                <properties />
                <test-case id="1089" name="CanonicalJsonHasGoldenReadyState(&quot;role-01&quot;,&quot;e286c404bc7df3fb629399e92bdf3b383f626eff5b959b34c57f07f972438d2c&quot;)" fullname="ChooGuard.Foundation.Tests.CanonicalScenarioTests.CanonicalJsonHasGoldenReadyState(&quot;role-01&quot;,&quot;e286c404bc7df3fb629399e92bdf3b383f626eff5b959b34c57f07f972438d2c&quot;)" methodname="CanonicalJsonHasGoldenReadyState" classname="ChooGuard.Foundation.Tests.CanonicalScenarioTests" runstate="Runnable" seed="1501406600" result="Passed" start-time="2026-09-10 01:50:50Z" end-time="2026-09-10 01:50:50Z" duration="0.001565" asserts="0">
                  <properties>
                    <property name="retryIteration" value="0" />
                    <property name="repeatIteration" value="0" />
                  </properties>
[...]
                    <property name="retryIteration" value="0" />
                    <property name="repeatIteration" value="0" />
                  </properties>
                </test-case>
                <test-case id="1118" name="InvalidActionDoesNotMutateQuestTeamOrAttemptHistory(&quot;anchor&quot;,TargetAnchorMismatch)" fullname="ChooGuard.Foundation.Tests.TrainingSessionTests.InvalidActionDoesNotMutateQuestTeamOrAttemptHistory(&quot;anchor&quot;,TargetAnchorMismatch)" methodname="InvalidActionDoesNotMutateQuestTeamOrAttemptHistory" classname="ChooGuard.Foundation.Tests.TrainingSessionTests" runstate="Runnable" seed="525915841" result="Passed" start-time="2026-09-10 01:50:50Z" end-time="2026-09-10 01:50:50Z" duration="0.000587" asserts="0">
                  <properties>
                    <property name="retryIteration" value="0" />
                    <property name="repeatIteration" value="0" />
                  </properties>
                </test-case>
                <test-case id="1119" name="InvalidActionDoesNotMutateQuestTeamOrAttemptHistory(&quot;action&quot;,ActionMismatch)" fullname="ChooGuard.Foundation.Tests.TrainingSessionTests.InvalidActionDoesNotMutateQuestTeamOrAttemptHistory(&quot;action&quot;,ActionMismatch)" methodname="InvalidActionDoesNotMutateQuestTeamOrAttemptHistory" classname="ChooGuard.Foundation.Tests.TrainingSessionTests" runstate="Runnable" seed="396207718" result="Passed" start-time="2026-09-10 01:50:50Z" end-time="2026-09-10 01:50:50Z" duration="0.000562" asserts="0">
                  <properties>
                    <property name="retryIteration" value="0" />
                    <property name="repeatIteration" value="0" />
                  </properties>
                </test-case>
                <test-case id="1120" name="InvalidActionDoesNotMutateQuestTeamOrAttemptHistory(&quot;hash&quot;,StaleState)" fullname="ChooGuard.Foundation.Tests.TrainingSessionTests.InvalidActionDoesNotMutateQuestTeamOrAttemptHistory(&quot;hash&quot;,StaleState)" methodname="InvalidActionDoesNotMutateQuestTeamOrAttemptHistory" classname="ChooGuard.Foundation.Tests.TrainingSessionTests" runstate="Runnable" seed="1402622148" result="Passed" start-time="2026-09-10 01:50:50Z" end-time="2026-09-10 01:50:50Z" duration="0.000573" asserts="0">
                  <properties>
                    <property name="retryIteration" value="0" />
                    <property name="repeatIteration" value="0" />
                  </properties>
                </test-case>
                <test-case id="1121" name="InvalidActionDoesNotMutateQuestTeamOrAttemptHistory(&quot;attempt&quot;,InvalidAttemptId)" fullname="ChooGuard.Foundation.Tests.TrainingSessionTests.InvalidActionDoesNotMutateQuestTeamOrAttemptHistory(&quot;attempt&quot;,InvalidAttemptId)" methodname="InvalidActionDoesNotMutateQuestTeamOrAttemptHistory" classname="ChooGuard.Foundation.Tests.TrainingSessionTests" runstate="Runnable" seed="489852559" result="Passed" start-time="2026-09-10 01:50:50Z" end-time="2026-09-10 01:50:50Z" duration="0.000582" asserts="0">
                  <properties>
                    <property name="retryIteration" value="0" />
                    <property name="repeatIteration" value="0" />
                  </properties>
                </test-case>
                <test-case id="1122" name="InvalidActionDoesNotMutateQuestTeamOrAttemptHistory(&quot;modality&quot;,InvalidModality)" fullname="ChooGuard.Foundation.Tests.TrainingSessionTests.InvalidActionDoesNotMutateQuestTeamOrAttemptHistory(&quot;modality&quot;,InvalidModality)" methodname="InvalidActionDoesNotMutateQuestTeamOrAttemptHistory" classname="ChooGuard.Foundation.Tests.TrainingSessionTests" runstate="Runnable" seed="479706885" result="Passed" start-time="2026-09-10 01:50:50Z" end-time="2026-09-10 01:50:50Z" duration="0.003599" asserts="0">
                  <properties>
                    <property name="retryIteration" value="0" />
                    <property name="repeatIteration" value="0" />
                  </properties>
                </test-case>
              </test-suite>
              <test-suite type="ParameterizedMethod" id="1146" name="InvalidScenarioFailsBeforeSessionCreation" fullname="ChooGuard.Foundation.Tests.TrainingSessionTests.InvalidScenarioFailsBeforeSessionCreation" classname="ChooGuard.Foundation.Tests.TrainingSessionTests" runstate="Runnable" testcasecount="14" result="Passed" start-time="2026-09-10 01:50:50Z" end-time="2026-09-10 01:50:50Z" duration="0.004842" total="14" passed="14" failed="0" inconclusive="0" skipped="0" asserts="0">
                <properties />
                <test-case id="1132" name="InvalidScenarioFailsBeforeSessionCreation(&quot;schema&quot;)" fullname="ChooGuard.Foundation.Tests.TrainingSessionTests.InvalidScenarioFailsBeforeSessionCreation(&quot;schema&quot;)" methodname="InvalidScenarioFailsBeforeSessionCreation" classname="ChooGuard.Foundation.Tests.TrainingSessionTests" runstate="Runnable" seed="857900998" result="Passed" start-time="2026-09-10 01:50:50Z" end-time="2026-09-10 01:50:50Z" duration="0.001006" asserts="0">
                  <properties>
                    <property name="retryIteration" value="0" />
                    <property name="repeatIteration" value="0" />
                  </properties>
                </test-case>
                <test-case id="1133" name="InvalidScenarioFailsBeforeSessionCreation(&quot;count&quot;)" fullname="ChooGuard.Foundation.Tests.TrainingSessionTests.InvalidScenarioFailsBeforeSessionCreation(&quot;count&quot;)" methodname="InvalidScenarioFailsBeforeSessionCreation" classname="ChooGuard.Foundation.Tests.TrainingSessionTests" runstate="Runnable" seed="382747354" result="Passed" start-time="2026-09-10 01:50:50Z" end-time="2026-09-10 01:50:50Z" duration="0.000714" asserts="0">
                  <properties>
                    <property name="retryIteration" value="0" />
                    <property name="repeatIteration" value="0" />
                  </properties>
                </test-case>
                <test-case id="1134" name="InvalidScenarioFailsBeforeSessionCreation(&quot;provisional&quot;)" fullname="ChooGuard.Foundation.Tests.TrainingSessionTests.InvalidScenarioFailsBeforeSessionCreation(&quot;provisional&quot;)" methodname="InvalidScenarioFailsBeforeSessionCreation" classname="ChooGuard.Foundation.Tests.TrainingSessionTests" runstate="Runnable" seed="1420930242" result="Passed" start-time="2026-09-10 01:50:50Z" end-time="2026-09-10 01:50:50Z" duration="0.000156" asserts="0">
                  <properties>
                    <property name="retryIteration" value="0" />
                    <property name="repeatIteration" value="0" />
                  </properties>
                </test-case>
                <test-case id="1135" name="InvalidScenarioFailsBeforeSessionCreation(&quot;disclaimer&quot;)" fullname="ChooGuard.Foundation.Tests.TrainingSessionTests.InvalidScenarioFailsBeforeSessionCreation(&quot;disclaimer&quot;)" methodname="InvalidScenarioFailsBeforeSessionCreation" classname="ChooGuard.Foundation.Tests.TrainingSessionTests" runstate="Runnable" seed="1970954502" result="Passed" start-time="2026-09-10 01:50:50Z" end-time="2026-09-10 01:50:50Z" duration="0.000125" asserts="0">
                  <properties>
                    <property name="retryIteration" value="0" />
                    <property name="repeatIteration" value="0" />
                  </properties>
                </test-case>
                <test-case id="1136" name="InvalidScenarioFailsBeforeSessionCreation(&quot;duplicate-role&quot;)" fullname="ChooGuard.Foundation.Tests.TrainingSessionTests.InvalidScenarioFailsBeforeSessionCreation(&quot;duplicate-role&quot;)" methodname="InvalidScenarioFailsBeforeSessionCreation" classname="ChooGuard.Foundation.Tests.TrainingSessionTests" runstate="Runnable" seed="1198444687" result="Passed" start-time="2026-09-10 01:50:50Z" end-time="2026-09-10 01:50:50Z" duration="0.000155" asserts="0">
                  <properties>
                    <property name="retryIteration" value="0" />
                    <property name="repeatIteration" value="0" />
                  </properties>
                </test-case>
                <test-case id="1137" name="InvalidScenarioFailsBeforeSessionCreation(&quot;duplicate-action&quot;)" fullname="ChooGuard.Foundation.Tests.TrainingSessionTests.InvalidScenarioFailsBeforeSessionCreation(&quot;duplicate-action&quot;)" methodname="InvalidScenarioFailsBeforeSessionCreation" classname="ChooGuard.Foundation.Tests.TrainingSessionTests" runstate="Runnable" seed="1371100926" result="Passed" start-time="2026-09-10 01:50:50Z" end-time="2026-09-10 01:50:50Z" duration="0.000156" asserts="0">
                  <properties>
                    <property name="retryIteration" value="0" />
                    <property name="repeatIteration" value="0" />
                  </properties>
                </test-case>
                <test-case id="1138" name="InvalidScenarioFailsBeforeSessionCreation(&quot;duplicate-anchor&quot;)" fullname="ChooGuard.Foundation.Tests.TrainingSessionTests.InvalidScenarioFailsBeforeSessionCreation(&quot;duplicate-anchor&quot;)" methodname="InvalidScenarioFailsBeforeSessionCreation" classname="ChooGuard.Foundation.Tests.TrainingSessionTests" runstate="Runnable" seed="779789583" result="Passed" start-time="2026-09-10 01:50:50Z" end-time="2026-09-10 01:50:50Z" duration="0.000129" asserts="0">
                  <properties>
                    <property name="retryIteration" value="0" />
                    <property name="repeatIteration" value="0" />
                  </properties>
                </test-case>
                <test-case id="1139" name="InvalidScenarioFailsBeforeSessionCreation(&quot;unknown-representative&quot;)" fullname="ChooGuard.Foundation.Tests.TrainingSessionTests.InvalidScenarioFailsBeforeSessionCreation(&quot;unknown-representative&quot;)" methodname="InvalidScenarioFailsBeforeSessionCreation" classname="ChooGuard.Foundation.Tests.TrainingSessionTests" runstate="Runnable" seed="2013723243" result="Passed" start-time="2026-09-10 01:50:50Z" end-time="2026-09-10 01:50:50Z" duration="0.000125" asserts="0">
                  <properties>
                    <property name="retryIteration" value="0" />
                    <property name="repeatIteration" value="0" />
                  </properties>
                </test-case>
                <test-case id="1140" name="InvalidScenarioFailsBeforeSessionCreation(&quot;unknown-event-role&quot;)" fullname="ChooGuard.Foundation.Tests.TrainingSessionTests.InvalidScenarioFailsBeforeSessionCreation(&quot;unknown-event-role&quot;)" methodname="InvalidScenarioFailsBeforeSessionCreation" classname="ChooGuard.Foundation.Tests.TrainingSessionTests" runstate="Runnable" seed="926683308" result="Passed" start-time="2026-09-10 01:50:50Z" end-time="2026-09-10 01:50:50Z" duration="0.000122" asserts="0">
                  <properties>
                    <property name="retryIteration" value="0" />
                    <property name="repeatIteration" value="0" />
                  </properties>
                </test-case>
                <test-case id="1141" name="InvalidScenarioFailsBeforeSessionCreation(&quot;self-event&quot;)" fullname="ChooGuard.Foundation.Tests.TrainingSessionTests.InvalidScenarioFailsBeforeSessionCreation(&quot;self-event&quot;)" methodname="InvalidScenarioFailsBeforeSessionCreation" classname="ChooGuard.Foundation.Tests.TrainingSessionTests" runstate="Runnable" seed="1765350660" result="Passed" start-time="2026-09-10 01:50:50Z" end-time="2026-09-10 01:50:50Z" duration="0.000125" asserts="0">
                  <properties>
                    <property name="retryIteration" value="0" />
                    <property name="repeatIteration" value="0" />
                  </properties>
                </test-case>
                <test-case id="1142" name="InvalidScenarioFailsBeforeSessionCreation(&quot;missing-event&quot;)" fullname="ChooGuard.Foundation.Tests.TrainingSessionTests.InvalidScenarioFailsBeforeSessionCreation(&quot;missing-event&quot;)" methodname="InvalidScenarioFailsBeforeSessionCreation" classname="ChooGuard.Foundation.Tests.TrainingSessionTests" runstate="Runnable" seed="360043377" result="Passed" start-time="2026-09-10 01:50:50Z" end-time="2026-09-10 01:50:50Z" duration="0.000122" asserts="0">
                  <properties>
                    <property name="retryIteration" value="0" />
                    <property name="repeatIteration" value="0" />
                  </properties>
                </test-case>
                <test-case id="1143" name="InvalidScenarioFailsBeforeSessionCreation(&quot;duplicate-event-role&quot;)" fullname="ChooGuard.Foundation.Tests.TrainingSessionTests.InvalidScenarioFailsBeforeSessionCreation(&quot;duplicate-event-role&quot;)" methodname="InvalidScenarioFailsBeforeSessionCreation" classname="ChooGuard.Foundation.Tests.TrainingSessionTests" runstate="Runnable" seed="1425360682" result="Passed" start-time="2026-09-10 01:50:50Z" end-time="2026-09-10 01:50:50Z" duration="0.000124" asserts="0">
                  <properties>
                    <property name="retryIteration" value="0" />
                    <property name="repeatIteration" value="0" />
                  </properties>
                </test-case>
                <test-case id="1144" name="InvalidScenarioFailsBeforeSessionCreation(&quot;invalid-quest&quot;)" fullname="ChooGuard.Foundation.Tests.TrainingSessionTests.InvalidScenarioFailsBeforeSessionCreation(&quot;invalid-quest&quot;)" methodname="InvalidScenarioFailsBeforeSessionCreation" classname="ChooGuard.Foundation.Tests.TrainingSessionTests" runstate="Runnable" seed="797333694" result="Passed" start-time="2026-09-10 01:50:50Z" end-time="2026-09-10 01:50:50Z" duration="0.000115" asserts="0">
                  <properties>
                    <property name="retryIteration" value="0" />
                    <property name="repeatIteration" value="0" />
                  </properties>
                </test-case>
                <test-case id="1145" name="InvalidScenarioFailsBeforeSessionCreation(&quot;other-role-completed&quot;)" fullname="ChooGuard.Foundation.Tests.TrainingSessionTests.InvalidScenarioFailsBeforeSessionCreation(&quot;other-role-completed&quot;)" methodname="InvalidScenarioFailsBeforeSessionCreation" classname="ChooGuard.Foundation.Tests.TrainingSessionTests" runstate="Runnable" seed="217476951" result="Passed" start-time="2026-09-10 01:50:50Z" end-time="2026-09-10 01:50:50Z" duration="0.000121" asserts="0">
                  <properties>
                    <property name="retryIteration" value="0" />
                    <property name="repeatIteration" value="0" />
                  </properties>
                </test-case>
              </test-suite>
              <test-case id="1125" name="NewAttemptWithOldHashIsStaleAfterCompletion" fullname="ChooGuard.Foundation.Tests.TrainingSessionTests.NewAttemptWithOldHashIsStaleAfterCompletion" methodname="NewAttemptWithOldHashIsStaleAfterCompletion" classname="ChooGuard.Foundation.Tests.TrainingSessionTests" runstate="Runnable" seed="1640042639" result="Passed" start-time="2026-09-10 01:50:50Z" end-time="2026-09-10 01:50:50Z" duration="0.000832" asserts="0">
                <properties>
                  <property name="retryIteration" value="0" />
                  <property name="repeatIteration" value="0" />
                </properties>
              </test-case>
              <test-suite type="ParameterizedMethod" id="1109" name="RepresentativeRoleCompletesSelectionBriefingActionTeamFeedback" fullname="ChooGuard.Foundation.Tests.TrainingSessionTests.RepresentativeRoleCompletesSelectionBriefingActionTeamFeedback" classname="ChooGuard.Foundation.Tests.TrainingSessionTests" runstate="Runnable" testcasecount="2" result="Passed" start-time="2026-09-10 01:50:50Z" end-time="2026-09-10 01:50:50Z" duration="0.004074" total="2" passed="2" failed="0" inconclusive="0" skipped="0" asserts="0">
                <properties />
                <test-case id="1107" name="RepresentativeRoleCompletesSelectionBriefingActionTeamFeedback(VR)" fullname="ChooGuard.Foundation.Tests.TrainingSessionTests.RepresentativeRoleCompletesSelectionBriefingActionTeamFeedback(VR)" methodname="RepresentativeRoleCompletesSelectionBriefingActionTeamFeedback" classname="ChooGuard.Foundation.Tests.TrainingSessionTests" runstate="Runnable" seed="860236676" result="Passed" start-time="2026-09-10 01:50:50Z" end-time="2026-09-10 01:50:50Z" duration="0.002263" asserts="0">
                  <properties>
                    <property name="retryIteration" value="0" />
                    <property name="repeatIteration" value="0" />
                  </properties>
                </test-case>
                <test-case id="1108" name="RepresentativeRoleCompletesSelectionBriefingActionTeamFeedback(Desktop)" fullname="ChooGuard.Foundation.Tests.TrainingSessionTests.RepresentativeRoleCompletesSelectionBriefingActionTeamFeedback(Desktop)" methodname="RepresentativeRoleCompletesSelectionBriefingActionTeamFeedback" classname="ChooGuard.Foundation.Tests.TrainingSessionTests" runstate="Runnable" seed="1163194547" result="Passed" start-time="2026-09-10 01:50:50Z" end-time="2026-09-10 01:50:50Z" duration="0.001261" asserts="0">
                  <properties>
                    <property name="retryIteration" value="0" />
                    <property name="repeatIteration" value="0" />
                  </properties>
                </test-case>
              </test-suite>
              <test-case id="1129" name="RoleCannotBeChangedDuringAnAttempt" fullname="ChooGuard.Foundation.Tests.TrainingSessionTests.RoleCannotBeChangedDuringAnAttempt" methodname="RoleCannotBeChangedDuringAnAttempt" classname="ChooGuard.Foundation.Tests.TrainingSessionTests" runstate="Runnable" seed="1254369676" result="Passed" start-time="2026-09-10 01:50:50Z" end-time="2026-09-10 01:50:50Z" duration="0.001433" asserts="0">
                <properties>
                  <property name="retryIteration" value="0" />
                  <property name="repeatIteration" value="0" />
                </properties>
              </test-case>
              <test-case id="1147" name="RoleFixtureContainsAUsablePreStateAndReturnsCopies" fullname="ChooGuard.Foundation.Tests.TrainingSessionTests.RoleFixtureContainsAUsablePreStateAndReturnsCopies" methodname="RoleFixtureContainsAUsablePreStateAndReturnsCopies" classname="ChooGuard.Foundation.Tests.TrainingSessionTests" runstate="Runnable" seed="1661359669" result="Passed" start-time="2026-09-10 01:50:50Z" end-time="2026-09-10 01:50:50Z" duration="0.002031" asserts="0">
                <properties>
                  <property name="retryIteration" value="0" />
                  <property name="repeatIteration" value="0" />
                </properties>
              </test-case>
              <test-case id="1128" name="UnknownRoleAndPrematureBriefingDoNotMutateSession" fullname="ChooGuard.Foundation.Tests.TrainingSessionTests.UnknownRoleAndPrematureBriefingDoNotMutateSession" methodname="UnknownRoleAndPrematureBriefingDoNotMutateSession" classname="ChooGuard.Foundation.Tests.TrainingSessionTests" runstate="Runnable" seed="1960843412" result="Passed" start-time="2026-09-10 01:50:50Z" end-time="2026-09-10 01:50:50Z" duration="0.000911" asserts="0">
                <properties>
                  <property name="retryIteration" value="0" />
                  <property name="repeatIteration" value="0" />
                </properties>
                <output><![CDATA[Saving results to: <WORKSPACE>\logs\20260910T014701Z-8090f8a\editmode-results.xml
]]></output>
              </test-case>
            </test-suite>
          </test-suite>
        </test-suite>
      </test-suite>
    </test-suite>
  </test-suite>
</test-run>