<?xml version="1.0" encoding="utf-8" standalone="no"?>

<test-run id="2" testcasecount="1" result="Passed" total="1" passed="1" failed="0" inconclusive="0" skipped="0" asserts="0" engine-version="3.5.0.0" clr-version="4.0.30319.42000" start-time="2026-09-10 01:51:30Z" end-time="2026-09-10 01:51:30Z" duration="0.1351674">
  <test-suite type="TestSuite" id="1000" name="CHOOguard Foundation" fullname="CHOOguard Foundation" runstate="Runnable" testcasecount="119" result="Passed" start-time="2026-09-10 01:51:30Z" end-time="2026-09-10 01:51:30Z" duration="0.135167" total="1" passed="1" failed="0" inconclusive="0" skipped="0" asserts="0">
    <properties>
      <property name="platform" value="EditMode" />
    </properties>
    <test-suite type="Assembly" id="1083" name="ChooGuard.Foundation.Demo.Editor.Tests.dll" fullname="&lt;CHECKOUT&gt;/Library/ScriptAssemblies/ChooGuard.Foundation.Demo.Editor.Tests.dll" runstate="Runnable" testcasecount="67" result="Passed" start-time="2026-09-10 01:51:30Z" end-time="2026-09-10 01:51:30Z" duration="0.116490" total="1" passed="1" failed="0" inconclusive="0" skipped="0" asserts="0">
      <properties>
        <property name="_PID" value="32348" />
        <property name="_APPDOMAIN" value="Unity Child Domain" />
        <property name="platform" value="EditMode" />
        <property name="EditorOnly" value="True" />
      </properties>
      <test-suite type="TestSuite" id="1084" name="ChooGuard" fullname="ChooGuard" runstate="Runnable" testcasecount="67" result="Passed" start-time="2026-09-10 01:51:30Z" end-time="2026-09-10 01:51:30Z" duration="0.115188" total="1" passed="1" failed="0" inconclusive="0" skipped="0" asserts="0">
        <properties />
        <test-suite type="TestSuite" id="1085" name="Foundation" fullname="ChooGuard.Foundation" runstate="Runnable" testcasecount="67" result="Passed" start-time="2026-09-10 01:51:30Z" end-time="2026-09-10 01:51:30Z" duration="0.114308" total="1" passed="1" failed="0" inconclusive="0" skipped="0" asserts="0">
          <properties />
          <test-suite type="TestSuite" id="1086" name="Demo" fullname="ChooGuard.Foundation.Demo" runstate="Runnable" testcasecount="67" result="Passed" start-time="2026-09-10 01:51:30Z" end-time="2026-09-10 01:51:30Z" duration="0.113458" total="1" passed="1" failed="0" inconclusive="0" skipped="0" asserts="0">
            <properties />
            <test-suite type="TestSuite" id="1087" name="Tests" fullname="ChooGuard.Foundation.Demo.Tests" runstate="Runnable" testcasecount="67" result="Passed" start-time="2026-09-10 01:51:30Z" end-time="2026-09-10 01:51:30Z" duration="0.112604" total="1" passed="1" failed="0" inconclusive="0" skipped="0" asserts="0">
              <properties />
              <test-suite type="TestFixture" id="1041" name="SceneBuilderTests" fullname="ChooGuard.Foundation.Demo.Tests.SceneBuilderTests" classname="ChooGuard.Foundation.Demo.Tests.SceneBuilderTests" runstate="Runnable" testcasecount="25" result="Passed" start-time="2026-09-10 01:51:30Z" end-time="2026-09-10 01:51:30Z" duration="0.109636" total="1" passed="1" failed="0" inconclusive="0" skipped="0" asserts="0">
                <properties />
                <test-case id="1056" name="WindowsBuildRefusesForeignOutputBeforeGeneratingOrOverwriting" fullname="ChooGuard.Foundation.Demo.Tests.SceneBuilderTests.WindowsBuildRefusesForeignOutputBeforeGeneratingOrOverwriting" methodname="WindowsBuildRefusesForeignOutputBeforeGeneratingOrOverwriting" classname="ChooGuard.Foundation.Demo.Tests.SceneBuilderTests" runstate="Runnable" seed="755115161" result="Passed" start-time="2026-09-10 01:51:30Z" end-time="2026-09-10 01:51:30Z" duration="0.083700" asserts="0">
                  <properties>
                    <property name="retryIteration" value="0" />
                    <property name="repeatIteration" value="0" />
                  </properties>
                  <output><![CDATA[Saving results to: <WORKSPACE>\logs\20260910T014701Z-8090f8a\ownership-results.xml
]]></output>
                </test-case>
              </test-suite>
            </test-suite>
          </test-suite>
        </test-suite>
      </test-suite>
    </test-suite>
  </test-suite>
</test-run>