<?xml version="1.0" encoding="utf-8"?>
<test-run id="2" testcasecount="1" result="Passed" total="1" passed="1" failed="0" inconclusive="0" skipped="0" asserts="0" engine-version="<IP>" clr-version="4.0.30319.42000" start-time="2026-09-09 14:30:53Z" end-time="2026-09-09 14:30:53Z" duration="0.0644189">
  <test-suite type="TestSuite" id="1000" name="CHOOguard Foundation" fullname="CHOOguard Foundation" runstate="Runnable" testcasecount="119" result="Passed" start-time="2026-09-09 14:30:53Z" end-time="2026-09-09 14:30:53Z" duration="0.064419" total="1" passed="1" failed="0" inconclusive="0" skipped="0" asserts="0">
    <properties>
      <property name="platform" value="EditMode" />
    </properties>
    <test-suite type="Assembly" id="1083" name="ChooGuard.Foundation.Demo.Editor.Tests.dll" fullname="<CHECKOUT>/Library/ScriptAssemblies/ChooGuard.Foundation.Demo.Editor.Tests.dll" runstate="Runnable" testcasecount="67" result="Passed" start-time="2026-09-09 14:30:53Z" end-time="2026-09-09 14:30:53Z" duration="0.053691" total="1" passed="1" failed="0" inconclusive="0" skipped="0" asserts="0">
      <properties>
        <property name="_PID" value="12396" />
        <property name="_APPDOMAIN" value="Unity Child Domain" />
        <property name="platform" value="EditMode" />
        <property name="EditorOnly" value="True" />
      </properties>
      <test-suite type="TestSuite" id="1084" name="ChooGuard" fullname="ChooGuard" runstate="Runnable" testcasecount="67" result="Passed" start-time="2026-09-09 14:30:53Z" end-time="2026-09-09 14:30:53Z" duration="0.052829" total="1" passed="1" failed="0" inconclusive="0" skipped="0" asserts="0">
        <properties />
        <test-suite type="TestSuite" id="1085" name="Foundation" fullname="ChooGuard.Foundation" runstate="Runnable" testcasecount="67" result="Passed" start-time="2026-09-09 14:30:53Z" end-time="2026-09-09 14:30:53Z" duration="0.052280" total="1" passed="1" failed="0" inconclusive="0" skipped="0" asserts="0">
          <properties />
          <test-suite type="TestSuite" id="1086" name="Demo" fullname="ChooGuard.Foundation.Demo" runstate="Runnable" testcasecount="67" result="Passed" start-time="2026-09-09 14:30:53Z" end-time="2026-09-09 14:30:53Z" duration="0.051744" total="1" passed="1" failed="0" inconclusive="0" skipped="0" asserts="0">
            <properties />
            <test-suite type="TestSuite" id="1087" name="Tests" fullname="ChooGuard.Foundation.Demo.Tests" runstate="Runnable" testcasecount="67" result="Passed" start-time="2026-09-09 14:30:53Z" end-time="2026-09-09 14:30:53Z" duration="0.051228" total="1" passed="1" failed="0" inconclusive="0" skipped="0" asserts="0">
              <properties />
              <test-suite type="TestFixture" id="1041" name="SceneBuilderTests" fullname="ChooGuard.Foundation.Demo.Tests.SceneBuilderTests" classname="ChooGuard.Foundation.Demo.Tests.SceneBuilderTests" runstate="Runnable" testcasecount="25" result="Passed" start-time="2026-09-09 14:30:53Z" end-time="2026-09-09 14:30:53Z" duration="0.049685" total="1" passed="1" failed="0" inconclusive="0" skipped="0" asserts="0">
                <properties />
                <test-case id="1056" name="WindowsBuildRefusesForeignOutputBeforeGeneratingOrOverwriting" fullname="ChooGuard.Foundation.Demo.Tests.SceneBuilderTests.WindowsBuildRefusesForeignOutputBeforeGeneratingOrOverwriting" methodname="WindowsBuildRefusesForeignOutputBeforeGeneratingOrOverwriting" classname="ChooGuard.Foundation.Demo.Tests.SceneBuilderTests" runstate="Runnable" seed="1981869615" result="Passed" start-time="2026-09-09 14:30:53Z" end-time="2026-09-09 14:30:53Z" duration="0.035097" asserts="0">
                  <properties>
                    <property name="retryIteration" value="0" />
                    <property name="repeatIteration" value="0" />
                  </properties>
                  <output><![CDATA[Saving results to: <WORKSPACE>\logs\20260909T142855Z-5e339fc\ownership-results.xml
]]></output>
                </test-case>
              </test-suite>
            </test-suite>
          </test-suite>
        </test-suite>
      </test-suite>
    </test-suite>
  </test-suite>
</test-run>