<?xml version="1.0" encoding="utf-8"?>
<test-run id="2" testcasecount="16" result="Passed" total="16" passed="16" failed="0" inconclusive="0" skipped="0" asserts="0" engine-version="<IP>" clr-version="4.0.30319.42000" start-time="2026-09-09 14:30:40Z" end-time="2026-09-09 14:30:46Z" duration="6.2957753">
  <test-suite type="TestSuite" id="1028" name="CHOOguard Foundation" fullname="CHOOguard Foundation" runstate="Runnable" testcasecount="16" result="Passed" start-time="2026-09-09 14:30:40Z" end-time="2026-09-09 14:30:46Z" duration="6.295775" total="16" passed="16" failed="0" inconclusive="0" skipped="0" asserts="0">
    <properties>
      <property name="platform" value="PlayMode" />
    </properties>
    <test-suite type="Assembly" id="1022" name="ChooGuard.Foundation.Demo.PlayModeTests.dll" fullname="<CHECKOUT>/Library/ScriptAssemblies/ChooGuard.Foundation.Demo.PlayModeTests.dll" runstate="Runnable" testcasecount="16" result="Passed" start-time="2026-09-09 14:30:40Z" end-time="2026-09-09 14:30:46Z" duration="6.289168" total="16" passed="16" failed="0" inconclusive="0" skipped="0" asserts="0">
      <properties>
        <property name="_PID" value="22296" />
        <property name="_APPDOMAIN" value="Unity Child Domain" />
        <property name="platform" value="PlayMode" />
        <property name="EditorOnly" value="False" />
      </properties>
      <test-suite type="TestSuite" id="1023" name="ChooGuard" fullname="ChooGuard" runstate="Runnable" testcasecount="16" result="Passed" start-time="2026-09-09 14:30:40Z" end-time="2026-09-09 14:30:46Z" duration="6.288684" total="16" passed="16" failed="0" inconclusive="0" skipped="0" asserts="0">
        <properties />
        <test-suite type="TestSuite" id="1024" name="Foundation" fullname="ChooGuard.Foundation" runstate="Runnable" testcasecount="16" result="Passed" start-time="2026-09-09 14:30:40Z" end-time="2026-09-09 14:30:46Z" duration="6.288499" total="16" passed="16" failed="0" inconclusive="0" skipped="0" asserts="0">
          <properties />
          <test-suite type="TestSuite" id="1025" name="Demo" fullname="ChooGuard.Foundation.Demo" runstate="Runnable" testcasecount="16" result="Passed" start-time="2026-09-09 14:30:40Z" end-time="2026-09-09 14:30:46Z" duration="6.288343" total="16" passed="16" failed="0" inconclusive="0" skipped="0" asserts="0">
            <properties />
            <test-suite type="TestSuite" id="1026" name="Tests" fullname="ChooGuard.Foundation.Demo.Tests" runstate="Runnable" testcasecount="16" result="Passed" start-time="2026-09-09 14:30:40Z" end-time="2026-09-09 14:30:46Z" duration="6.288105" total="16" passed="16" failed="0" inconclusive="0" skipped="0" asserts="0">
              <properties />
              <test-suite type="TestFixture" id="1001" name="DemoEvacuationTests" fullname="ChooGuard.Foundation.Demo.Tests.DemoEvacuationTests" classname="ChooGuard.Foundation.Demo.Tests.DemoEvacuationTests" runstate="Runnable" testcasecount="2" result="Passed" start-time="2026-09-09 14:30:40Z" end-time="2026-09-09 14:30:40Z" duration="0.062488" total="2" passed="2" failed="0" inconclusive="0" skipped="0" asserts="0">
                <properties />
                <test-case id="1002" name="FloorGapIsUnreachableAndDuplicateCrowdCannotMasqueradeAsSixPeople" fullname="ChooGuard.Foundation.Demo.Tests.DemoEvacuationTests.FloorGapIsUnreachableAndDuplicateCrowdCannotMasqueradeAsSixPeople" methodname="FloorGapIsUnreachableAndDuplicateCrowdCannotMasqueradeAsSixPeople" classname="ChooGuard.Foundation.Demo.Tests.DemoEvacuationTests" runstate="Runnable" seed="1601850715" result="Passed" start-time="2026-09-09 14:30:40Z" end-time="2026-09-09 14:30:40Z" duration="0.039276" asserts="0">
                  <properties>
                    <property name="retryIteration" value="0" />
                    <property name="repeatIteration" value="0" />
                  </properties>
                </test-case>
                <test-case id="1003" name="FollowerRoutesAroundWallAndWaitsOnlyAfterRecruitmentAndArrival" fullname="ChooGuard.Foundation.Demo.Tests.DemoEvacuationTests.FollowerRoutesAroundWallAndWaitsOnlyAfterRecruitmentAndArrival" methodname="FollowerRoutesAroundWallAndWaitsOnlyAfterRecruitmentAndArrival" classname="ChooGuard.Foundation.Demo.Tests.DemoEvacuationTests" runstate="Runnable" seed="1573696347" result="Passed" start-time="2026-09-09 14:30:40Z" end-time="2026-09-09 14:30:40Z" duration="0.014812" asserts="0">
                  <properties>
                    <property name="_JOINTYPE" value="UnityCombinatorial" />
                    <property name="retryIteration" value="0" />
                    <property name="repeatIteration" value="0" />
                  </properties>
                </test-case>
              </test-suite>
              <test-suite type="TestFixture" id="1004" name="DemoGameControllerTests" fullname="ChooGuard.Foundation.Demo.Tests.DemoGameControllerTests" classname="ChooGuard.Foundation.Demo.Tests.DemoGameControllerTests" runstate="Runnable" testcasecount="5" result="Passed" start-time="2026-09-09 14:30:40Z" end-time="2026-09-09 14:30:40Z" duration="0.066173" total="5" passed="5" failed="0" inconclusive="0" skipped="0" asserts="0">
                <properties />
                <test-case id="1008" name="AssemblyBeforeActionOrOnDifferentFloorCannotProduceResults" fullname="ChooGuard.Foundation.Demo.Tests.DemoGameControllerTests.AssemblyBeforeActionOrOnDifferentFloorCannotProduceResults" methodname="AssemblyBeforeActionOrOnDifferentFloorCannotProduceResults" classname="ChooGuard.Foundation.Demo.Tests.DemoGameControllerTests" runstate="Runnable" seed="1067895709" result="Passed" start-time="2026-09-09 14:30:40Z" end-time="2026-09-09 14:30:40Z" duration="0.045465" asserts="0">
                  <properties>
                    <property name="_JOINTYPE" value="UnityCombinatorial" />
                    <property name="retryIteration" value="0" />
                    <property name="repeatIteration" value="0" />
                  </properties>
                </test-case>
                <test-case id="1009" name="AssemblyGuidanceFollowsAcceptedActionAndResets" fullname="ChooGuard.Foundation.Demo.Tests.DemoGameControllerTests.AssemblyGuidanceFollowsAcceptedActionAndResets" methodname="AssemblyGuidanceFollowsAcceptedActionAndResets" classname="ChooGuard.Foundation.Demo.Tests.DemoGameControllerTests" runstate="Runnable" seed="1681641122" result="Passed" start-time="2026-09-09 14:30:40Z" end-time="2026-09-09 14:30:40Z" duration="0.003369" asserts="0">
                  <properties>
                    <property name="_JOINTYPE" value="UnityCombinatorial" />
                    <property name="retryIteration" value="0" />
                    <property name="repeatIteration" value="0" />
                  </properties>
                </test-case>
                <test-case id="1005" name="EveryRoleCanPlayAndRestartWithOnlyItsOwnPropCompleted" fullname="ChooGuard.Foundation.Demo.Tests.DemoGameControllerTests.EveryRoleCanPlayAndRestartWithOnlyItsOwnPropCompleted" methodname="EveryRoleCanPlayAndRestartWithOnlyItsOwnPropCompleted" classname="ChooGuard.Foundation.Demo.Tests.DemoGameControllerTests" runstate="Runnable" seed="1470500883" result="Passed" start-time="2026-09-09 14:30:40Z" end-time="2026-09-09 14:30:40Z" duration="0.006572" asserts="0">
                  <properties>
                    <property name="_JOINTYPE" value="UnityCombinatorial" />
                    <property name="retryIteration" value="0" />
                    <property name="repeatIteration" value="0" />
                  </properties>
                </test-case>
                <test-case id="1007" name="PauseUnlocksCursorAndBlocksInteractionAndAssembly" fullname="ChooGuard.Foundation.Demo.Tests.DemoGameControllerTests.PauseUnlocksCursorAndBlocksInteractionAndAssembly" methodname="PauseUnlocksCursorAndBlocksInteractionAndAssembly" classname="ChooGuard.Foundation.Demo.Tests.DemoGameControllerTests" runstate="Runnable" seed="1835913337" result="Passed" start-time="2026-09-09 14:30:40Z" end-time="2026-09-09 14:30:40Z" duration="0.004371" asserts="0">
                  <properties>
                    <property name="_JOINTYPE" value="UnityCombinatorial" />
                    <property name="retryIteration" value="0" />
                    <property name="repeatIteration" value="0" />
                  </properties>
                </test-case>
                <test-case id="1006" name="WrongDistantOccludedAndUnregisteredPropsNeverCompleteQuest" fullname="ChooGuard.Foundation.Demo.Tests.DemoGameControllerTests.WrongDistantOccludedAndUnregisteredPropsNeverCompleteQuest" methodname="WrongDistantOccludedAndUnregisteredPropsNeverCompleteQuest" classname="ChooGuard.Foundation.Demo.Tests.DemoGameControllerTests" runstate="Runnable" seed="1154561649" result="Passed" start-time="2026-09-09 14:30:40Z" end-time="2026-09-09 14:30:40Z" duration="0.004397" asserts="0">
                  <properties>
                    <property name="_JOINTYPE" value="UnityCombinatorial" />
                    <property name="retryIteration" value="0" />
                    <property name="repeatIteration" value="0" />
                  </properties>
                </test-case>
              </test-suite>
              <test-suite type="TestFixture" id="1010" name="DemoGeneratedDrillTests" fullname="ChooGuard.Foundation.Demo.Tests.DemoGeneratedDrillTests" classname="ChooGuard.Foundation.Demo.Tests.DemoGeneratedDrillTests" runstate="Runnable" testcasecount="1" result="Passed" start-time="2026-09-09 14:30:40Z" end-time="2026-09-09 14:30:43Z" duration="2.893574" total="1" passed="1" failed="0" inconclusive="0" skipped="0" asserts="0">
                <properties />
                <test-case id="1011" name="ThreeDrillsAcrossFiveRolesRequireOrderedObjectsAndSixWalkingFollowers" fullname="ChooGuard.Foundation.Demo.Tests.DemoGeneratedDrillTests.ThreeDrillsAcrossFiveRolesRequireOrderedObjectsAndSixWalkingFollowers" methodname="ThreeDrillsAcrossFiveRolesRequireOrderedObjectsAndSixWalkingFollowers" classname="ChooGuard.Foundation.Demo.Tests.DemoGeneratedDrillTests" runstate="Runnable" seed="1922069177" result="Passed" start-time="2026-09-09 14:30:40Z" end-time="2026-09-09 14:30:43Z" duration="2.892806" asserts="0">
                  <properties>
                    <property name="_JOINTYPE" value="UnityCombinatorial" />
                    <property name="retryIteration" value="0" />
                    <property name="repeatIteration" value="0" />
                  </properties>
                </test-case>
              </test-suite>
              <test-suite type="TestFixture" id="1012" name="DemoInteractionTests" fullname="ChooGuard.Foundation.Demo.Tests.DemoInteractionTests" classname="ChooGuard.Foundation.Demo.Tests.DemoInteractionTests" runstate="Runnable" testcasecount="6" result="Passed" start-time="2026-09-09 14:30:43Z" end-time="2026-09-09 14:30:43Z" duration="0.185750" total="6" passed="6" failed="0" inconclusive="0" skipped="0" asserts="0">
                <properties />
                <test-case id="1014" name="CompletedPropRestoresMaterialAndMovingPartOnReset" fullname="ChooGuard.Foundation.Demo.Tests.DemoInteractionTests.CompletedPropRestoresMaterialAndMovingPartOnReset" methodname="CompletedPropRestoresMaterialAndMovingPartOnReset" classname="ChooGuard.Foundation.Demo.Tests.DemoInteractionTests" runstate="Runnable" seed="503227384" result="Passed" start-time="2026-09-09 14:30:43Z" end-time="2026-09-09 14:30:43Z" duration="0.003634" asserts="0">
                  <properties>
                    <property name="_JOINTYPE" value="UnityCombinatorial" />
                    <property name="retryIteration" value="0" />
                    <property name="repeatIteration" value="0" />
                  </properties>
                </test-case>
                <test-case id="1018" name="CursorCaptureIgnoresStaleLookThenAllowsNormalLook" fullname="ChooGuard.Foundation.Demo.Tests.DemoInteractionTests.CursorCaptureIgnoresStaleLookThenAllowsNormalLook" methodname="CursorCaptureIgnoresStaleLookThenAllowsNormalLook" classname="ChooGuard.Foundation.Demo.Tests.DemoInteractionTests" runstate="Runnable" seed="356310619" result="Passed" start-time="2026-09-09 14:30:43Z" end-time="2026-09-09 14:30:43Z" duration="0.162266" asserts="0">
                  <properties>
                    <property name="_JOINTYPE" value="UnityCombinatorial" />
                    <property name="retryIteration" value="0" />
                    <property name="repeatIteration" value="0" />
                  </properties>
                </test-case>
                <test-case id="1016" name="DetailedHousingKeepsItsMaterialWhenStatusLightChanges" fullname="ChooGuard.Foundation.Demo.Tests.DemoInteractionTests.DetailedHousingKeepsItsMaterialWhenStatusLightChanges" methodname="DetailedHousingKeepsItsMaterialWhenStatusLightChanges" classname="ChooGuard.Foundation.Demo.Tests.DemoInteractionTests" runstate="Runnable" seed="508097966" result="Passed" start-time="2026-09-09 14:30:43Z" end-time="2026-09-09 14:30:43Z" duration="0.002130" asserts="0">
                  <properties>
                    <property name="_JOINTYPE" value="UnityCombinatorial" />
                    <property name="retryIteration" value="0" />
                    <property name="repeatIteration" value="0" />
                  </properties>
                </test-case>
                <test-case id="1017" name="InstantiatedHandsKeepTheirSerializedViewPose" fullname="ChooGuard.Foundation.Demo.Tests.DemoInteractionTests.InstantiatedHandsKeepTheirSerializedViewPose" methodname="InstantiatedHandsKeepTheirSerializedViewPose" classname="ChooGuard.Foundation.Demo.Tests.DemoInteractionTests" runstate="Runnable" seed="963497683" result="Passed" start-time="2026-09-09 14:30:43Z" end-time="2026-09-09 14:30:43Z" duration="0.011848" asserts="0">
                  <properties>
                    <property name="_JOINTYPE" value="UnityCombinatorial" />
                    <property name="retryIteration" value="0" />
                    <property name="repeatIteration" value="0" />
                  </properties>
                </test-case>
                <test-case id="1013" name="RaycastFindsOnlyFirstVisibleTargetInsideReach" fullname="ChooGuard.Foundation.Demo.Tests.DemoInteractionTests.RaycastFindsOnlyFirstVisibleTargetInsideReach" methodname="RaycastFindsOnlyFirstVisibleTargetInsideReach" classname="ChooGuard.Foundation.Demo.Tests.DemoInteractionTests" runstate="Runnable" seed="339931385" result="Passed" start-time="2026-09-09 14:30:43Z" end-time="2026-09-09 14:30:43Z" duration="0.002062" asserts="0">
                  <properties>
                    <property name="_JOINTYPE" value="UnityCombinatorial" />
                    <property name="retryIteration" value="0" />
                    <property name="repeatIteration" value="0" />
                  </properties>
                </test-case>
                <test-case id="1015" name="TeleportClearsPitchAndRestoresSpawnWithControllerEnabled" fullname="ChooGuard.Foundation.Demo.Tests.DemoInteractionTests.TeleportClearsPitchAndRestoresSpawnWithControllerEnabled" methodname="TeleportClearsPitchAndRestoresSpawnWithControllerEnabled" classname="ChooGuard.Foundation.Demo.Tests.DemoInteractionTests" runstate="Runnable" seed="1321205629" result="Passed" start-time="2026-09-09 14:30:43Z" end-time="2026-09-09 14:30:43Z" duration="0.001559" asserts="0">
                  <properties>
                    <property name="_JOINTYPE" value="UnityCombinatorial" />
                    <property name="retryIteration" value="0" />
                    <property name="repeatIteration" value="0" />
                  </properties>
                </test-case>
              </test-suite>
              <test-suite type="TestFixture" id="1019" name="StationWorldPlayTests" fullname="ChooGuard.Foundation.Demo.Tests.StationWorldPlayTests" classname="ChooGuard.Foundation.Demo.Tests.StationWorldPlayTests" runstate="Runnable" testcasecount="2" result="Passed" start-time="2026-09-09 14:30:43Z" end-time="2026-09-09 14:30:46Z" duration="3.078924" total="2" passed="2" failed="0" inconclusive="0" skipped="0" asserts="0">
                <properties />
                <test-case id="1020" name="OrdinaryPopulationMovesAndUnseenIncidentHasNoSolutionGuide" fullname="ChooGuard.Foundation.Demo.Tests.StationWorldPlayTests.OrdinaryPopulationMovesAndUnseenIncidentHasNoSolutionGuide" methodname="OrdinaryPopulationMovesAndUnseenIncidentHasNoSolutionGuide" classname="ChooGuard.Foundation.Demo.Tests.StationWorldPlayTests" runstate="Runnable" seed="820034348" result="Passed" start-time="2026-09-09 14:30:43Z" end-time="2026-09-09 14:30:43Z" duration="0.343538" asserts="0">
                  <properties>
                    <property name="_JOINTYPE" value="UnityCombinatorial" />
                    <property name="retryIteration" value="0" />
                    <property name="repeatIteration" value="0" />
                  </properties>
                </test-case>
                <test-case id="1021" name="RandomIncidentVariationsAndTwoConsecutiveEpisodesRecoverWithoutTeleporting" fullname="ChooGuard.Foundation.Demo.Tests.StationWorldPlayTests.RandomIncidentVariationsAndTwoConsecutiveEpisodesRecoverWithoutTeleporting" methodname="RandomIncidentVariationsAndTwoConsecutiveEpisodesRecoverWithoutTeleporting" classname="ChooGuard.Foundation.Demo.Tests.StationWorldPlayTests" runstate="Runnable" seed="424877587" result="Passed" start-time="2026-09-09 14:30:43Z" end-time="2026-09-09 14:30:46Z" duration="2.734559" asserts="0">
                  <properties>
                    <property name="_JOINTYPE" value="UnityCombinatorial" />
                    <property name="retryIteration" value="0" />
                    <property name="repeatIteration" value="0" />
                  </properties>
                  <output><![CDATA[STATION_WORLD_CASE seed=10 site=central kind=PassageObstruction affected=2 arrived=2
STATION_WORLD_CASE seed=1 site=central kind=GuidanceOutage affected=2 arrived=2
STATION_WORLD_CASE seed=2 site=east kind=GuidanceOutage affected=2 arrived=2
STATION_WORLD_CASE seed=104 site=east kind=PassageObstruction affected=3 arrived=3
STATION_WORLD_CASE seed=2107 site=west kind=GuidanceOutage affected=2 arrived=2
STATION_WORLD_CASE seed=6123 site=west kind=PassageObstruction affected=2 arrived=2
Saving results to: <WORKSPACE>\logs\20260909T142855Z-5e339fc\playmode-results.xml
]]></output>
                </test-case>
              </test-suite>
            </test-suite>
          </test-suite>
        </test-suite>
      </test-suite>
    </test-suite>
  </test-suite>
</test-run>