<?xml version="1.0" encoding="utf-8"?>
<test-run id="2" testcasecount="14" result="Passed" total="14" passed="14" failed="0" inconclusive="0" skipped="0" asserts="0" engine-version="3.5.0.0" clr-version="4.0.30319.42000" start-time="2026-09-20 01:45:34Z" end-time="2026-09-20 01:45:34Z" duration="0.4240249">
  <test-suite type="TestSuite" id="1000" name="CHOOGuard" fullname="CHOOGuard" runstate="Runnable" testcasecount="14" result="Passed" start-time="2026-09-20 01:45:34Z" end-time="2026-09-20 01:45:34Z" duration="0.424025" total="14" passed="14" failed="0" inconclusive="0" skipped="0" asserts="0">
    <properties>
      <property name="platform" value="EditMode" />
    </properties>
    <test-suite type="Assembly" id="1017" name="ChooGuard.EditModeTests.dll" fullname="/Users/um-yunsang/CHOOGuard/Library/ScriptAssemblies/ChooGuard.EditModeTests.dll" runstate="Runnable" testcasecount="14" result="Passed" start-time="2026-09-20 01:45:34Z" end-time="2026-09-20 01:45:34Z" duration="0.419639" total="14" passed="14" failed="0" inconclusive="0" skipped="0" asserts="0">
      <properties>
        <property name="_PID" value="87017" />
        <property name="_APPDOMAIN" value="Unity Child Domain" />
        <property name="platform" value="EditMode" />
        <property name="EditorOnly" value="True" />
      </properties>
      <test-suite type="TestSuite" id="1018" name="ChooGuard" fullname="ChooGuard" runstate="Runnable" testcasecount="14" result="Passed" start-time="2026-09-20 01:45:34Z" end-time="2026-09-20 01:45:34Z" duration="0.419234" total="14" passed="14" failed="0" inconclusive="0" skipped="0" asserts="0">
        <properties />
        <test-suite type="TestSuite" id="1019" name="Tests" fullname="ChooGuard.Tests" runstate="Runnable" testcasecount="14" result="Passed" start-time="2026-09-20 01:45:34Z" end-time="2026-09-20 01:45:34Z" duration="0.418933" total="14" passed="14" failed="0" inconclusive="0" skipped="0" asserts="0">
          <properties />
          <test-suite type="TestSuite" id="1020" name="EditMode" fullname="ChooGuard.Tests.EditMode" runstate="Runnable" testcasecount="14" result="Passed" start-time="2026-09-20 01:45:34Z" end-time="2026-09-20 01:45:34Z" duration="0.418743" total="14" passed="14" failed="0" inconclusive="0" skipped="0" asserts="0">
            <properties />
            <test-suite type="TestSuite" id="1021" name="Stories" fullname="ChooGuard.Tests.EditMode.Stories" runstate="Runnable" testcasecount="14" result="Passed" start-time="2026-09-20 01:45:34Z" end-time="2026-09-20 01:45:34Z" duration="0.418461" total="14" passed="14" failed="0" inconclusive="0" skipped="0" asserts="0">
              <properties />
              <test-suite type="TestFixture" id="1001" name="CSBOOT0101Tests" fullname="ChooGuard.Tests.EditMode.Stories.CSBOOT0101Tests" classname="ChooGuard.Tests.EditMode.Stories.CSBOOT0101Tests" runstate="Runnable" testcasecount="14" result="Passed" start-time="2026-09-20 01:45:34Z" end-time="2026-09-20 01:45:34Z" duration="0.417912" total="14" passed="14" failed="0" inconclusive="0" skipped="0" asserts="0">
                <properties />
                <test-case id="1002" name="BootstrapScene_HasOneCameraCanvasAndEventSystem" fullname="ChooGuard.Tests.EditMode.Stories.CSBOOT0101Tests.BootstrapScene_HasOneCameraCanvasAndEventSystem" methodname="BootstrapScene_HasOneCameraCanvasAndEventSystem" classname="ChooGuard.Tests.EditMode.Stories.CSBOOT0101Tests" runstate="Runnable" seed="186721452" result="Passed" start-time="2026-09-20 01:45:34Z" end-time="2026-09-20 01:45:34Z" duration="0.084475" asserts="0">
                  <properties>
                    <property name="retryIteration" value="0" />
                    <property name="repeatIteration" value="0" />
                  </properties>
                </test-case>
                <test-case id="1004" name="Capture_PreservesDirtyUnsavedSceneAndSubmittedBytes" fullname="ChooGuard.Tests.EditMode.Stories.CSBOOT0101Tests.Capture_PreservesDirtyUnsavedSceneAndSubmittedBytes" methodname="Capture_PreservesDirtyUnsavedSceneAndSubmittedBytes" classname="ChooGuard.Tests.EditMode.Stories.CSBOOT0101Tests" runstate="Runnable" seed="970089786" result="Passed" start-time="2026-09-20 01:45:34Z" end-time="2026-09-20 01:45:34Z" duration="0.038479" asserts="0">
                  <properties>
                    <property name="retryIteration" value="0" />
                    <property name="repeatIteration" value="0" />
                  </properties>
                </test-case>
                <test-case id="1005" name="Capture_PreservesOpenSavedScene" fullname="ChooGuard.Tests.EditMode.Stories.CSBOOT0101Tests.Capture_PreservesOpenSavedScene" methodname="Capture_PreservesOpenSavedScene" classname="ChooGuard.Tests.EditMode.Stories.CSBOOT0101Tests" runstate="Runnable" seed="281839457" result="Passed" start-time="2026-09-20 01:45:34Z" end-time="2026-09-20 01:45:34Z" duration="0.150853" asserts="0">
                  <properties>
                    <property name="retryIteration" value="0" />
                    <property name="repeatIteration" value="0" />
                  </properties>
                </test-case>
                <test-suite type="ParameterizedMethod" id="1012" name="DamagedSceneReference_IsRejected" fullname="ChooGuard.Tests.EditMode.Stories.CSBOOT0101Tests.DamagedSceneReference_IsRejected" classname="ChooGuard.Tests.EditMode.Stories.CSBOOT0101Tests" runstate="Runnable" testcasecount="2" result="Passed" start-time="2026-09-20 01:45:34Z" end-time="2026-09-20 01:45:34Z" duration="0.033964" total="2" passed="2" failed="0" inconclusive="0" skipped="0" asserts="0">
                  <properties />
                  <test-case id="1010" name="DamagedSceneReference_IsRejected(&quot;font&quot;,&quot;TMP_RESOURCE_MISSING&quot;)" fullname="ChooGuard.Tests.EditMode.Stories.CSBOOT0101Tests.DamagedSceneReference_IsRejected(&quot;font&quot;,&quot;TMP_RESOURCE_MISSING&quot;)" methodname="DamagedSceneReference_IsRejected" classname="ChooGuard.Tests.EditMode.Stories.CSBOOT0101Tests" runstate="Runnable" seed="654032255" result="Passed" start-time="2026-09-20 01:45:34Z" end-time="2026-09-20 01:45:34Z" duration="0.016513" asserts="0">
                    <properties>
                      <property name="retryIteration" value="0" />
                      <property name="repeatIteration" value="0" />
                    </properties>
                    <output><![CDATA[The LiberationSans SDF Font Asset was not found. There is no Font Asset assigned to Bootstrap Marker.
after-mutation: rawFont=null; markerFont=null; defaultFont=null; sharedMaterial=34984; ownedFont=34982; ownedMaterial=34984
before-observe: rawFont=null; markerFont=null; defaultFont=null; sharedMaterial=34984; ownedFont=34982; ownedMaterial=34984
]]></output>
                  </test-case>
                  <test-case id="1011" name="DamagedSceneReference_IsRejected(&quot;actions&quot;,&quot;INPUT_ACTIONS_MISSING&quot;)" fullname="ChooGuard.Tests.EditMode.Stories.CSBOOT0101Tests.DamagedSceneReference_IsRejected(&quot;actions&quot;,&quot;INPUT_ACTIONS_MISSING&quot;)" methodname="DamagedSceneReference_IsRejected" classname="ChooGuard.Tests.EditMode.Stories.CSBOOT0101Tests" runstate="Runnable" seed="64792884" result="Passed" start-time="2026-09-20 01:45:34Z" end-time="2026-09-20 01:45:34Z" duration="0.013330" asserts="0">
                    <properties>
                      <property name="retryIteration" value="0" />
                      <property name="repeatIteration" value="0" />
                    </properties>
                  </test-case>
                </test-suite>
                <test-case id="1013" name="DamagedUrpReference_IsRejectedAndRestored" fullname="ChooGuard.Tests.EditMode.Stories.CSBOOT0101Tests.DamagedUrpReference_IsRejectedAndRestored" methodname="DamagedUrpReference_IsRejectedAndRestored" classname="ChooGuard.Tests.EditMode.Stories.CSBOOT0101Tests" runstate="Runnable" seed="9216294" result="Passed" start-time="2026-09-20 01:45:34Z" end-time="2026-09-20 01:45:34Z" duration="0.011144" asserts="0">
                  <properties>
                    <property name="retryIteration" value="0" />
                    <property name="repeatIteration" value="0" />
                  </properties>
                </test-case>
                <test-case id="1006" name="DuplicateEventSystem_IsRejected" fullname="ChooGuard.Tests.EditMode.Stories.CSBOOT0101Tests.DuplicateEventSystem_IsRejected" methodname="DuplicateEventSystem_IsRejected" classname="ChooGuard.Tests.EditMode.Stories.CSBOOT0101Tests" runstate="Runnable" seed="1056486959" result="Passed" start-time="2026-09-20 01:45:34Z" end-time="2026-09-20 01:45:34Z" duration="0.011057" asserts="0">
                  <properties>
                    <property name="retryIteration" value="0" />
                    <property name="repeatIteration" value="0" />
                  </properties>
                </test-case>
                <test-case id="1007" name="DuplicateRealEventSystems_AreObservedAndRejected" fullname="ChooGuard.Tests.EditMode.Stories.CSBOOT0101Tests.DuplicateRealEventSystems_AreObservedAndRejected" methodname="DuplicateRealEventSystems_AreObservedAndRejected" classname="ChooGuard.Tests.EditMode.Stories.CSBOOT0101Tests" runstate="Runnable" seed="2141057190" result="Passed" start-time="2026-09-20 01:45:34Z" end-time="2026-09-20 01:45:34Z" duration="0.012111" asserts="0">
                  <properties>
                    <property name="retryIteration" value="0" />
                    <property name="repeatIteration" value="0" />
                  </properties>
                </test-case>
                <test-case id="1008" name="LocalDll_IsObservedFromForeignFilesystemFixture" fullname="ChooGuard.Tests.EditMode.Stories.CSBOOT0101Tests.LocalDll_IsObservedFromForeignFilesystemFixture" methodname="LocalDll_IsObservedFromForeignFilesystemFixture" classname="ChooGuard.Tests.EditMode.Stories.CSBOOT0101Tests" runstate="Runnable" seed="929298565" result="Passed" start-time="2026-09-20 01:45:34Z" end-time="2026-09-20 01:45:34Z" duration="0.004388" asserts="0">
                  <properties>
                    <property name="retryIteration" value="0" />
                    <property name="repeatIteration" value="0" />
                  </properties>
                </test-case>
                <test-case id="1014" name="OwnedUrpGlobal_HasClosedVolumeDependenciesAndNoExcludedDefaults" fullname="ChooGuard.Tests.EditMode.Stories.CSBOOT0101Tests.OwnedUrpGlobal_HasClosedVolumeDependenciesAndNoExcludedDefaults" methodname="OwnedUrpGlobal_HasClosedVolumeDependenciesAndNoExcludedDefaults" classname="ChooGuard.Tests.EditMode.Stories.CSBOOT0101Tests" runstate="Runnable" seed="924090594" result="Passed" start-time="2026-09-20 01:45:34Z" end-time="2026-09-20 01:45:34Z" duration="0.010242" asserts="0">
                  <properties>
                    <property name="retryIteration" value="0" />
                    <property name="repeatIteration" value="0" />
                  </properties>
                </test-case>
                <test-case id="1009" name="RequiredPackages_MatchRegistryAndMissingPackageIsRejected" fullname="ChooGuard.Tests.EditMode.Stories.CSBOOT0101Tests.RequiredPackages_MatchRegistryAndMissingPackageIsRejected" methodname="RequiredPackages_MatchRegistryAndMissingPackageIsRejected" classname="ChooGuard.Tests.EditMode.Stories.CSBOOT0101Tests" runstate="Runnable" seed="368139726" result="Passed" start-time="2026-09-20 01:45:34Z" end-time="2026-09-20 01:45:34Z" duration="0.012130" asserts="0">
                  <properties>
                    <property name="retryIteration" value="0" />
                    <property name="repeatIteration" value="0" />
                  </properties>
                </test-case>
                <test-case id="1003" name="SubmittedScene_HasValidConfigurationAndNoMissingScripts" fullname="ChooGuard.Tests.EditMode.Stories.CSBOOT0101Tests.SubmittedScene_HasValidConfigurationAndNoMissingScripts" methodname="SubmittedScene_HasValidConfigurationAndNoMissingScripts" classname="ChooGuard.Tests.EditMode.Stories.CSBOOT0101Tests" runstate="Runnable" seed="996705037" result="Passed" start-time="2026-09-20 01:45:34Z" end-time="2026-09-20 01:45:34Z" duration="0.013755" asserts="0">
                  <properties>
                    <property name="retryIteration" value="0" />
                    <property name="repeatIteration" value="0" />
                  </properties>
                </test-case>
                <test-case id="1016" name="TmpStaticWhitelist_HasDetachedSourcesAndClosedDependencies" fullname="ChooGuard.Tests.EditMode.Stories.CSBOOT0101Tests.TmpStaticWhitelist_HasDetachedSourcesAndClosedDependencies" methodname="TmpStaticWhitelist_HasDetachedSourcesAndClosedDependencies" classname="ChooGuard.Tests.EditMode.Stories.CSBOOT0101Tests" runstate="Runnable" seed="1502860980" result="Passed" start-time="2026-09-20 01:45:34Z" end-time="2026-09-20 01:45:34Z" duration="0.027317" asserts="0">
                  <properties>
                    <property name="retryIteration" value="0" />
                    <property name="repeatIteration" value="0" />
                  </properties>
                </test-case>
                <test-case id="1015" name="ValidationErrors_AreSortedAndDeduplicated" fullname="ChooGuard.Tests.EditMode.Stories.CSBOOT0101Tests.ValidationErrors_AreSortedAndDeduplicated" methodname="ValidationErrors_AreSortedAndDeduplicated" classname="ChooGuard.Tests.EditMode.Stories.CSBOOT0101Tests" runstate="Runnable" seed="339693381" result="Passed" start-time="2026-09-20 01:45:34Z" end-time="2026-09-20 01:45:34Z" duration="0.000341" asserts="0">
                  <properties>
                    <property name="retryIteration" value="0" />
                    <property name="repeatIteration" value="0" />
                  </properties>
                  <output><![CDATA[Saving results to: /Users/um-yunsang/Library/Application Support/DefaultCompany/CHOOGuard/TestResults.xml
]]></output>
                </test-case>
              </test-suite>
            </test-suite>
          </test-suite>
        </test-suite>
      </test-suite>
    </test-suite>
  </test-suite>
</test-run>