<?xml version="1.0" encoding="utf-8"?>
<test-run id="2" testcasecount="2" result="Passed" total="2" passed="2" failed="0" inconclusive="0" skipped="0" asserts="0" engine-version="3.5.0.0" clr-version="4.0.30319.42000" start-time="2026-09-20 00:44:06Z" end-time="2026-09-20 00:44:06Z" duration="0.0751427">
  <test-suite type="TestSuite" id="1000" name="csboot0101-probe" fullname="csboot0101-probe" runstate="Runnable" testcasecount="2" result="Passed" start-time="2026-09-20 00:44:06Z" end-time="2026-09-20 00:44:06Z" duration="0.075143" total="2" passed="2" failed="0" inconclusive="0" skipped="0" asserts="0">
    <properties>
      <property name="platform" value="EditMode" />
    </properties>
    <test-suite type="Assembly" id="1004" name="ChooGuard.EditModeTests.dll" fullname="/private/tmp/claude-501/-Users-um-yunsang-CHOOGuard/6b3eea63-2426-429e-825b-36b51c3d9b46/scratchpad/csboot0101-probe/Library/ScriptAssemblies/ChooGuard.EditModeTests.dll" runstate="Runnable" testcasecount="2" result="Passed" start-time="2026-09-20 00:44:06Z" end-time="2026-09-20 00:44:06Z" duration="0.070698" total="2" passed="2" failed="0" inconclusive="0" skipped="0" asserts="0">
      <properties>
        <property name="_PID" value="30427" />
        <property name="_APPDOMAIN" value="Unity Child Domain" />
        <property name="platform" value="EditMode" />
        <property name="EditorOnly" value="True" />
      </properties>
      <test-suite type="TestSuite" id="1005" name="ChooGuard" fullname="ChooGuard" runstate="Runnable" testcasecount="2" result="Passed" start-time="2026-09-20 00:44:06Z" end-time="2026-09-20 00:44:06Z" duration="0.070445" total="2" passed="2" failed="0" inconclusive="0" skipped="0" asserts="0">
        <properties />
        <test-suite type="TestSuite" id="1006" name="Tests" fullname="ChooGuard.Tests" runstate="Runnable" testcasecount="2" result="Passed" start-time="2026-09-20 00:44:06Z" end-time="2026-09-20 00:44:06Z" duration="0.070328" total="2" passed="2" failed="0" inconclusive="0" skipped="0" asserts="0">
          <properties />
          <test-suite type="TestSuite" id="1007" name="EditMode" fullname="ChooGuard.Tests.EditMode" runstate="Runnable" testcasecount="2" result="Passed" start-time="2026-09-20 00:44:06Z" end-time="2026-09-20 00:44:06Z" duration="0.070216" total="2" passed="2" failed="0" inconclusive="0" skipped="0" asserts="0">
            <properties />
            <test-suite type="TestSuite" id="1008" name="Stories" fullname="ChooGuard.Tests.EditMode.Stories" runstate="Runnable" testcasecount="2" result="Passed" start-time="2026-09-20 00:44:06Z" end-time="2026-09-20 00:44:06Z" duration="0.070081" total="2" passed="2" failed="0" inconclusive="0" skipped="0" asserts="0">
              <properties />
              <test-suite type="TestFixture" id="1001" name="CSBOOT0101Tests" fullname="ChooGuard.Tests.EditMode.Stories.CSBOOT0101Tests" classname="ChooGuard.Tests.EditMode.Stories.CSBOOT0101Tests" runstate="Runnable" testcasecount="2" result="Passed" start-time="2026-09-20 00:44:06Z" end-time="2026-09-20 00:44:06Z" duration="0.069550" total="2" passed="2" failed="0" inconclusive="0" skipped="0" asserts="0">
                <properties />
                <test-case id="1002" name="TmpStageGuard_RejectsRootMismatchAndChangedManifest" fullname="ChooGuard.Tests.EditMode.Stories.CSBOOT0101Tests.TmpStageGuard_RejectsRootMismatchAndChangedManifest" methodname="TmpStageGuard_RejectsRootMismatchAndChangedManifest" classname="ChooGuard.Tests.EditMode.Stories.CSBOOT0101Tests" runstate="Runnable" seed="2009414960" result="Passed" start-time="2026-09-20 00:44:06Z" end-time="2026-09-20 00:44:06Z" duration="0.012851" asserts="0">
                  <properties>
                    <property name="retryIteration" value="0" />
                    <property name="repeatIteration" value="0" />
                  </properties>
                </test-case>
                <test-case id="1003" name="TmpStaticWhitelist_HasDetachedSourcesAndClosedDependencies" fullname="ChooGuard.Tests.EditMode.Stories.CSBOOT0101Tests.TmpStaticWhitelist_HasDetachedSourcesAndClosedDependencies" methodname="TmpStaticWhitelist_HasDetachedSourcesAndClosedDependencies" classname="ChooGuard.Tests.EditMode.Stories.CSBOOT0101Tests" runstate="Runnable" seed="324440305" result="Passed" start-time="2026-09-20 00:44:06Z" end-time="2026-09-20 00:44:06Z" duration="0.049275" asserts="0">
                  <properties>
                    <property name="retryIteration" value="0" />
                    <property name="repeatIteration" value="0" />
                  </properties>
                  <output><![CDATA[Saving results to: /Users/um-yunsang/Library/Application Support/DefaultCompany/csboot0101-probe/TestResults.xml
]]></output>
                </test-case>
              </test-suite>
            </test-suite>
          </test-suite>
        </test-suite>
      </test-suite>
    </test-suite>
  </test-suite>
</test-run>