<?xml version="1.0" encoding="utf-8"?>
<test-run id="2" testcasecount="46" result="Failed(Child)" total="46" passed="44" failed="2" inconclusive="0" skipped="0" asserts="0" engine-version="3.5.0.0" clr-version="4.0.30319.42000" start-time="2026-09-20 02:37:22Z" end-time="2026-09-20 02:37:23Z" duration="0.5889425">
  <test-suite type="TestSuite" id="1000" name="CHOOGuard" fullname="CHOOGuard" runstate="Runnable" testcasecount="46" result="Failed" site="Child" start-time="2026-09-20 02:37:22Z" end-time="2026-09-20 02:37:23Z" duration="0.588943" total="46" passed="44" failed="2" inconclusive="0" skipped="0" asserts="0">
    <properties>
      <property name="platform" value="EditMode" />
    </properties>
    <failure>
      <message><![CDATA[One or more child tests had errors]]></message>
    </failure>
    <test-suite type="Assembly" id="1053" name="ChooGuard.EditModeTests.dll" fullname="/Users/um-yunsang/CHOOGuard/Library/ScriptAssemblies/ChooGuard.EditModeTests.dll" runstate="Runnable" testcasecount="46" result="Failed" site="Child" start-time="2026-09-20 02:37:22Z" end-time="2026-09-20 02:37:23Z" duration="0.584641" total="46" passed="44" failed="2" inconclusive="0" skipped="0" asserts="0">
      <properties>
        <property name="_PID" value="49519" />
        <property name="_APPDOMAIN" value="Unity Child Domain" />
        <property name="platform" value="EditMode" />
        <property name="EditorOnly" value="True" />
      </properties>
      <failure>
        <message><![CDATA[One or more child tests had errors]]></message>
      </failure>
      <test-suite type="TestSuite" id="1054" name="ChooGuard" fullname="ChooGuard" runstate="Runnable" testcasecount="46" result="Failed" site="Child" start-time="2026-09-20 02:37:22Z" end-time="2026-09-20 02:37:23Z" duration="0.584186" total="46" passed="44" failed="2" inconclusive="0" skipped="0" asserts="0">
        <properties />
        <failure>
          <message><![CDATA[One or more child tests had errors]]></message>
        </failure>
        <test-suite type="TestSuite" id="1055" name="Tests" fullname="ChooGuard.Tests" runstate="Runnable" testcasecount="46" result="Failed" site="Child" start-time="2026-09-20 02:37:22Z" end-time="2026-09-20 02:37:23Z" duration="0.584007" total="46" passed="44" failed="2" inconclusive="0" skipped="0" asserts="0">
          <properties />
          <failure>
            <message><![CDATA[One or more child tests had errors]]></message>
          </failure>
          <test-suite type="TestSuite" id="1056" name="EditMode" fullname="ChooGuard.Tests.EditMode" runstate="Runnable" testcasecount="46" result="Failed" site="Child" start-time="2026-09-20 02:37:22Z" end-time="2026-09-20 02:37:23Z" duration="0.583783" total="46" passed="44" failed="2" inconclusive="0" skipped="0" asserts="0">
            <properties />
            <failure>
              <message><![CDATA[One or more child tests had errors]]></message>
            </failure>
            <test-suite type="TestSuite" id="1057" name="Stories" fullname="ChooGuard.Tests.EditMode.Stories" runstate="Runnable" testcasecount="46" result="Failed" site="Child" start-time="2026-09-20 02:37:22Z" end-time="2026-09-20 02:37:23Z" duration="0.583547" total="46" passed="44" failed="2" inconclusive="0" skipped="0" asserts="0">
              <properties />
              <failure>
                <message><![CDATA[One or more child tests had errors]]></message>
              </failure>
              <test-suite type="TestFixture" id="1001" name="CSBOOT0101Tests" fullname="ChooGuard.Tests.EditMode.Stories.CSBOOT0101Tests" classname="ChooGuard.Tests.EditMode.Stories.CSBOOT0101Tests" runstate="Runnable" testcasecount="46" result="Failed" site="Child" start-time="2026-09-20 02:37:22Z" end-time="2026-09-20 02:37:23Z" duration="0.582952" total="46" passed="44" failed="2" inconclusive="0" skipped="0" asserts="0">
                <properties />
                <failure>
                  <message><![CDATA[One or more child tests had errors]]></message>
                </failure>
                <test-case id="1002" name="BootstrapScene_HasOneCameraCanvasAndEventSystem" fullname="ChooGuard.Tests.EditMode.Stories.CSBOOT0101Tests.BootstrapScene_HasOneCameraCanvasAndEventSystem" methodname="BootstrapScene_HasOneCameraCanvasAndEventSystem" classname="ChooGuard.Tests.EditMode.Stories.CSBOOT0101Tests" runstate="Runnable" seed="1714261146" result="Passed" start-time="2026-09-20 02:37:22Z" end-time="2026-09-20 02:37:22Z" duration="0.088358" asserts="0">
                  <properties>
                    <property name="retryIteration" value="0" />
                    <property name="repeatIteration" value="0" />
                  </properties>
                </test-case>
                <test-suite type="ParameterizedMethod" id="1018" name="BuildArguments_RejectMissingDuplicateOrValuelessOption" fullname="ChooGuard.Tests.EditMode.Stories.CSBOOT0101Tests.BuildArguments_RejectMissingDuplicateOrValuelessOption" classname="ChooGuard.Tests.EditMode.Stories.CSBOOT0101Tests" runstate="Runnable" testcasecount="9" result="Passed" start-time="2026-09-20 02:37:22Z" end-time="2026-09-20 02:37:22Z" duration="0.040432" total="9" passed="9" failed="0" inconclusive="0" skipped="0" asserts="0">
                  <properties />
                  <test-case id="1009" name="BuildArguments_RejectMissingDuplicateOrValuelessOption(&quot;-cgBuildRoot&quot;,&quot;missing&quot;)" fullname="ChooGuard.Tests.EditMode.Stories.CSBOOT0101Tests.BuildArguments_RejectMissingDuplicateOrValuelessOption(&quot;-cgBuildRoot&quot;,&quot;missing&quot;)" methodname="BuildArguments_RejectMissingDuplicateOrValuelessOption" classname="ChooGuard.Tests.EditMode.Stories.CSBOOT0101Tests" runstate="Runnable" seed="414409136" result="Passed" start-time="2026-09-20 02:37:22Z" end-time="2026-09-20 02:37:22Z" duration="0.009892" asserts="0">
                    <properties>
                      <property name="retryIteration" value="0" />
                      <property name="repeatIteration" value="0" />
                    </properties>
                  </test-case>
                  <test-case id="1010" name="BuildArguments_RejectMissingDuplicateOrValuelessOption(&quot;-cgBuildRoot&quot;,&quot;duplicate&quot;)" fullname="ChooGuard.Tests.EditMode.Stories.CSBOOT0101Tests.BuildArguments_RejectMissingDuplicateOrValuelessOption(&quot;-cgBuildRoot&quot;,&quot;duplicate&quot;)" methodname="BuildArguments_RejectMissingDuplicateOrValuelessOption" classname="ChooGuard.Tests.EditMode.Stories.CSBOOT0101Tests" runstate="Runnable" seed="1496869770" result="Passed" start-time="2026-09-20 02:37:22Z" end-time="2026-09-20 02:37:22Z" duration="0.003398" asserts="0">
                    <properties>
                      <property name="retryIteration" value="0" />
                      <property name="repeatIteration" value="0" />
                    </properties>
                  </test-case>
                  <test-case id="1011" name="BuildArguments_RejectMissingDuplicateOrValuelessOption(&quot;-cgBuildRoot&quot;,&quot;no-value&quot;)" fullname="ChooGuard.Tests.EditMode.Stories.CSBOOT0101Tests.BuildArguments_RejectMissingDuplicateOrValuelessOption(&quot;-cgBuildRoot&quot;,&quot;no-value&quot;)" methodname="BuildArguments_RejectMissingDuplicateOrValuelessOption" classname="ChooGuard.Tests.EditMode.Stories.CSBOOT0101Tests" runstate="Runnable" seed="221860686" result="Passed" start-time="2026-09-20 02:37:22Z" end-time="2026-09-20 02:37:22Z" duration="0.003356" asserts="0">
                    <properties>
                      <property name="retryIteration" value="0" />
                      <property name="repeatIteration" value="0" />
                    </properties>
                  </test-case>
                  <test-case id="1012" name="BuildArguments_RejectMissingDuplicateOrValuelessOption(&quot;-cgBuildOutput&quot;,&quot;missing&quot;)" fullname="ChooGuard.Tests.EditMode.Stories.CSBOOT0101Tests.BuildArguments_RejectMissingDuplicateOrValuelessOption(&quot;-cgBuildOutput&quot;,&quot;missing&quot;)" methodname="BuildArguments_RejectMissingDuplicateOrValuelessOption" classname="ChooGuard.Tests.EditMode.Stories.CSBOOT0101Tests" runstate="Runnable" seed="691457769" result="Passed" start-time="2026-09-20 02:37:22Z" end-time="2026-09-20 02:37:22Z" duration="0.003409" asserts="0">
                    <properties>
                      <property name="retryIteration" value="0" />
                      <property name="repeatIteration" value="0" />
                    </properties>
                  </test-case>
                  <test-case id="1013" name="BuildArguments_RejectMissingDuplicateOrValuelessOption(&quot;-cgBuildOutput&quot;,&quot;duplicate&quot;)" fullname="ChooGuard.Tests.EditMode.Stories.CSBOOT0101Tests.BuildArguments_RejectMissingDuplicateOrValuelessOption(&quot;-cgBuildOutput&quot;,&quot;duplicate&quot;)" methodname="BuildArguments_RejectMissingDuplicateOrValuelessOption" classname="ChooGuard.Tests.EditMode.Stories.CSBOOT0101Tests" runstate="Runnable" seed="907000188" result="Passed" start-time="2026-09-20 02:37:22Z" end-time="2026-09-20 02:37:22Z" duration="0.003602" asserts="0">
                    <properties>
                      <property name="retryIteration" value="0" />
                      <property name="repeatIteration" value="0" />
                    </properties>
                  </test-case>
                  <test-case id="1014" name="BuildArguments_RejectMissingDuplicateOrValuelessOption(&quot;-cgBuildOutput&quot;,&quot;no-value&quot;)" fullname="ChooGuard.Tests.EditMode.Stories.CSBOOT0101Tests.BuildArguments_RejectMissingDuplicateOrValuelessOption(&quot;-cgBuildOutput&quot;,&quot;no-value&quot;)" methodname="BuildArguments_RejectMissingDuplicateOrValuelessOption" classname="ChooGuard.Tests.EditMode.Stories.CSBOOT0101Tests" runstate="Runnable" seed="1803136392" result="Passed" start-time="2026-09-20 02:37:22Z" end-time="2026-09-20 02:37:22Z" duration="0.003341" asserts="0">
                    <properties>
                      <property name="retryIteration" value="0" />
                      <property name="repeatIteration" value="0" />
                    </properties>
                  </test-case>
                  <test-case id="1015" name="BuildArguments_RejectMissingDuplicateOrValuelessOption(&quot;-cgBuildTarget&quot;,&quot;missing&quot;)" fullname="ChooGuard.Tests.EditMode.Stories.CSBOOT0101Tests.BuildArguments_RejectMissingDuplicateOrValuelessOption(&quot;-cgBuildTarget&quot;,&quot;missing&quot;)" methodname="BuildArguments_RejectMissingDuplicateOrValuelessOption" classname="ChooGuard.Tests.EditMode.Stories.CSBOOT0101Tests" runstate="Runnable" seed="1395972340" result="Passed" start-time="2026-09-20 02:37:22Z" end-time="2026-09-20 02:37:22Z" duration="0.003316" asserts="0">
                    <properties>
                      <property name="retryIteration" value="0" />
                      <property name="repeatIteration" value="0" />
                    </properties>
                  </test-case>
                  <test-case id="1016" name="BuildArguments_RejectMissingDuplicateOrValuelessOption(&quot;-cgBuildTarget&quot;,&quot;duplicate&quot;)" fullname="ChooGuard.Tests.EditMode.Stories.CSBOOT0101Tests.BuildArguments_RejectMissingDuplicateOrValuelessOption(&quot;-cgBuildTarget&quot;,&quot;duplicate&quot;)" methodname="BuildArguments_RejectMissingDuplicateOrValuelessOption" classname="ChooGuard.Tests.EditMode.Stories.CSBOOT0101Tests" runstate="Runnable" seed="1630083072" result="Passed" start-time="2026-09-20 02:37:22Z" end-time="2026-09-20 02:37:22Z" duration="0.003325" asserts="0">
                    <properties>
                      <property name="retryIteration" value="0" />
                      <property name="repeatIteration" value="0" />
                    </properties>
                  </test-case>
                  <test-case id="1017" name="BuildArguments_RejectMissingDuplicateOrValuelessOption(&quot;-cgBuildTarget&quot;,&quot;no-value&quot;)" fullname="ChooGuard.Tests.EditMode.Stories.CSBOOT0101Tests.BuildArguments_RejectMissingDuplicateOrValuelessOption(&quot;-cgBuildTarget&quot;,&quot;no-value&quot;)" methodname="BuildArguments_RejectMissingDuplicateOrValuelessOption" classname="ChooGuard.Tests.EditMode.Stories.CSBOOT0101Tests" runstate="Runnable" seed="193639099" result="Passed" start-time="2026-09-20 02:37:22Z" end-time="2026-09-20 02:37:22Z" duration="0.003303" asserts="0">
                    <properties>
                      <property name="retryIteration" value="0" />
                      <property name="repeatIteration" value="0" />
                    </properties>
                  </test-case>
                </test-suite>
                <test-case id="1040" name="BuildBoundaries_AcceptNewExplicitScratchOutputWithoutCreatingIt" fullname="ChooGuard.Tests.EditMode.Stories.CSBOOT0101Tests.BuildBoundaries_AcceptNewExplicitScratchOutputWithoutCreatingIt" methodname="BuildBoundaries_AcceptNewExplicitScratchOutputWithoutCreatingIt" classname="ChooGuard.Tests.EditMode.Stories.CSBOOT0101Tests" runstate="Runnable" seed="826431544" result="Passed" start-time="2026-09-20 02:37:22Z" end-time="2026-09-20 02:37:22Z" duration="0.004012" asserts="0">
                  <properties>
                    <property name="retryIteration" value="0" />
                    <property name="repeatIteration" value="0" />
                  </properties>
                </test-case>
                <test-suite type="ParameterizedMethod" id="1039" name="BuildBoundaries_RejectSymbolicLinks" fullname="ChooGuard.Tests.EditMode.Stories.CSBOOT0101Tests.BuildBoundaries_RejectSymbolicLinks" classname="ChooGuard.Tests.EditMode.Stories.CSBOOT0101Tests" runstate="Runnable" testcasecount="4" result="Passed" start-time="2026-09-20 02:37:22Z" end-time="2026-09-20 02:37:22Z" duration="0.014003" total="4" passed="4" failed="0" inconclusive="0" skipped="0" asserts="0">
                  <properties />
                  <test-case id="1035" name="BuildBoundaries_RejectSymbolicLinks(&quot;root-link&quot;)" fullname="ChooGuard.Tests.EditMode.Stories.CSBOOT0101Tests.BuildBoundaries_RejectSymbolicLinks(&quot;root-link&quot;)" methodname="BuildBoundaries_RejectSymbolicLinks" classname="ChooGuard.Tests.EditMode.Stories.CSBOOT0101Tests" runstate="Runnable" seed="622649476" result="Passed" start-time="2026-09-20 02:37:22Z" end-time="2026-09-20 02:37:22Z" duration="0.003595" asserts="0">
                    <properties>
                      <property name="retryIteration" value="0" />
                      <property name="repeatIteration" value="0" />
                    </properties>
                  </test-case>
                  <test-case id="1036" name="BuildBoundaries_RejectSymbolicLinks(&quot;parent-link&quot;)" fullname="ChooGuard.Tests.EditMode.Stories.CSBOOT0101Tests.BuildBoundaries_RejectSymbolicLinks(&quot;parent-link&quot;)" methodname="BuildBoundaries_RejectSymbolicLinks" classname="ChooGuard.Tests.EditMode.Stories.CSBOOT0101Tests" runstate="Runnable" seed="570776254" result="Passed" start-time="2026-09-20 02:37:22Z" end-time="2026-09-20 02:37:22Z" duration="0.002892" asserts="0">
                    <properties>
                      <property name="retryIteration" value="0" />
                      <property name="repeatIteration" value="0" />
                    </properties>
                  </test-case>
                  <test-case id="1037" name="BuildBoundaries_RejectSymbolicLinks(&quot;leaf-link&quot;)" fullname="ChooGuard.Tests.EditMode.Stories.CSBOOT0101Tests.BuildBoundaries_RejectSymbolicLinks(&quot;leaf-link&quot;)" methodname="BuildBoundaries_RejectSymbolicLinks" classname="ChooGuard.Tests.EditMode.Stories.CSBOOT0101Tests" runstate="Runnable" seed="1955949073" result="Passed" start-time="2026-09-20 02:37:22Z" end-time="2026-09-20 02:37:22Z" duration="0.003974" asserts="0">
                    <properties>
                      <property name="retryIteration" value="0" />
                      <property name="repeatIteration" value="0" />
                    </properties>
                  </test-case>
                  <test-case id="1038" name="BuildBoundaries_RejectSymbolicLinks(&quot;dangling-link&quot;)" fullname="ChooGuard.Tests.EditMode.Stories.CSBOOT0101Tests.BuildBoundaries_RejectSymbolicLinks(&quot;dangling-link&quot;)" methodname="BuildBoundaries_RejectSymbolicLinks" classname="ChooGuard.Tests.EditMode.Stories.CSBOOT0101Tests" runstate="Runnable" seed="579745457" result="Passed" start-time="2026-09-20 02:37:22Z" end-time="2026-09-20 02:37:22Z" duration="0.002940" asserts="0">
                    <properties>
                      <property name="retryIteration" value="0" />
                      <property name="repeatIteration" value="0" />
                    </properties>
                  </test-case>
                </test-suite>
                <test-suite type="ParameterizedMethod" id="1034" name="BuildBoundaries_RejectUnsafePathsAndTargets" fullname="ChooGuard.Tests.EditMode.Stories.CSBOOT0101Tests.BuildBoundaries_RejectUnsafePathsAndTargets" classname="ChooGuard.Tests.EditMode.Stories.CSBOOT0101Tests" runstate="Runnable" testcasecount="15" result="Passed" start-time="2026-09-20 02:37:22Z" end-time="2026-09-20 02:37:22Z" duration="0.056097" total="15" passed="15" failed="0" inconclusive="0" skipped="0" asserts="0">
                  <properties />
                  <test-case id="1019" name="BuildBoundaries_RejectUnsafePathsAndTargets(&quot;relative-root&quot;)" fullname="ChooGuard.Tests.EditMode.Stories.CSBOOT0101Tests.BuildBoundaries_RejectUnsafePathsAndTargets(&quot;relative-root&quot;)" methodname="BuildBoundaries_RejectUnsafePathsAndTargets" classname="ChooGuard.Tests.EditMode.Stories.CSBOOT0101Tests" runstate="Runnable" seed="1650901167" result="Passed" start-time="2026-09-20 02:37:22Z" end-time="2026-09-20 02:37:22Z" duration="0.004039" asserts="0">
                    <properties>
                      <property name="retryIteration" value="0" />
                      <property name="repeatIteration" value="0" />
                    </properties>
                  </test-case>
                  <test-case id="1020" name="BuildBoundaries_RejectUnsafePathsAndTargets(&quot;missing-root&quot;)" fullname="ChooGuard.Tests.EditMode.Stories.CSBOOT0101Tests.BuildBoundaries_RejectUnsafePathsAndTargets(&quot;missing-root&quot;)" methodname="BuildBoundaries_RejectUnsafePathsAndTargets" classname="ChooGuard.Tests.EditMode.Stories.CSBOOT0101Tests" runstate="Runnable" seed="965445196" result="Passed" start-time="2026-09-20 02:37:22Z" end-time="2026-09-20 02:37:22Z" duration="0.003805" asserts="0">
                    <properties>
                      <property name="retryIteration" value="0" />
                      <property name="repeatIteration" value="0" />
                    </properties>
                  </test-case>
                  <test-case id="1021" name="BuildBoundaries_RejectUnsafePathsAndTargets(&quot;relative-output&quot;)" fullname="ChooGuard.Tests.EditMode.Stories.CSBOOT0101Tests.BuildBoundaries_RejectUnsafePathsAndTargets(&quot;relative-output&quot;)" methodname="BuildBoundaries_RejectUnsafePathsAndTargets" classname="ChooGuard.Tests.EditMode.Stories.CSBOOT0101Tests" runstate="Runnable" seed="1072561316" result="Passed" start-time="2026-09-20 02:37:22Z" end-time="2026-09-20 02:37:22Z" duration="0.003373" asserts="0">
                    <properties>
                      <property name="retryIteration" value="0" />
                      <property name="repeatIteration" value="0" />
                    </properties>
                  </test-case>
                  <test-case id="1022" name="BuildBoundaries_RejectUnsafePathsAndTargets(&quot;missing-parent&quot;)" fullname="ChooGuard.Tests.EditMode.Stories.CSBOOT0101Tests.BuildBoundaries_RejectUnsafePathsAndTargets(&quot;missing-parent&quot;)" methodname="BuildBoundaries_RejectUnsafePathsAndTargets" classname="ChooGuard.Tests.EditMode.Stories.CSBOOT0101Tests" runstate="Runnable" seed="215593297" result="Passed" start-time="2026-09-20 02:37:22Z" end-time="2026-09-20 02:37:22Z" duration="0.003465" asserts="0">
                    <properties>
                      <property name="retryIteration" value="0" />
                      <property name="repeatIteration" value="0" />
                    </properties>
                  </test-case>
                  <test-case id="1023" name="BuildBoundaries_RejectUnsafePathsAndTargets(&quot;outside-output&quot;)" fullname="ChooGuard.Tests.EditMode.Stories.CSBOOT0101Tests.BuildBoundaries_RejectUnsafePathsAndTargets(&quot;outside-output&quot;)" methodname="BuildBoundaries_RejectUnsafePathsAndTargets" classname="ChooGuard.Tests.EditMode.Stories.CSBOOT0101Tests" runstate="Runnable" seed="715766643" result="Passed" start-time="2026-09-20 02:37:22Z" end-time="2026-09-20 02:37:22Z" duration="0.003344" asserts="0">
                    <properties>
                      <property name="retryIteration" value="0" />
                      <property name="repeatIteration" value="0" />
                    </properties>
                  </test-case>
                  <test-case id="1024" name="BuildBoundaries_RejectUnsafePathsAndTargets(&quot;equal-output&quot;)" fullname="ChooGuard.Tests.EditMode.Stories.CSBOOT0101Tests.BuildBoundaries_RejectUnsafePathsAndTargets(&quot;equal-output&quot;)" methodname="BuildBoundaries_RejectUnsafePathsAndTargets" classname="ChooGuard.Tests.EditMode.Stories.CSBOOT0101Tests" runstate="Runnable" seed="1656330299" result="Passed" start-time="2026-09-20 02:37:22Z" end-time="2026-09-20 02:37:22Z" duration="0.003449" asserts="0">
                    <properties>
                      <property name="retryIteration" value="0" />
                      <property name="repeatIteration" value="0" />
                    </properties>
                  </test-case>
                  <test-case id="1025" name="BuildBoundaries_RejectUnsafePathsAndTargets(&quot;existing-file&quot;)" fullname="ChooGuard.Tests.EditMode.Stories.CSBOOT0101Tests.BuildBoundaries_RejectUnsafePathsAndTargets(&quot;existing-file&quot;)" methodname="BuildBoundaries_RejectUnsafePathsAndTargets" classname="ChooGuard.Tests.EditMode.Stories.CSBOOT0101Tests" runstate="Runnable" seed="305489065" result="Passed" start-time="2026-09-20 02:37:22Z" end-time="2026-09-20 02:37:22Z" duration="0.005051" asserts="0">
                    <properties>
                      <property name="retryIteration" value="0" />
                      <property name="repeatIteration" value="0" />
                    </properties>
                  </test-case>
                  <test-case id="1026" name="BuildBoundaries_RejectUnsafePathsAndTargets(&quot;existing-directory&quot;)" fullname="ChooGuard.Tests.EditMode.Stories.CSBOOT0101Tests.BuildBoundaries_RejectUnsafePathsAndTargets(&quot;existing-directory&quot;)" methodname="BuildBoundaries_RejectUnsafePathsAndTargets" classname="ChooGuard.Tests.EditMode.Stories.CSBOOT0101Tests" runstate="Runnable" seed="1561336187" result="Passed" start-time="2026-09-20 02:37:22Z" end-time="2026-09-20 02:37:22Z" duration="0.003906" asserts="0">
                    <properties>
                      <property name="retryIteration" value="0" />
                      <property name="repeatIteration" value="0" />
                    </properties>
                  </test-case>
                  <test-case id="1027" name="BuildBoundaries_RejectUnsafePathsAndTargets(&quot;project-equal&quot;)" fullname="ChooGuard.Tests.EditMode.Stories.CSBOOT0101Tests.BuildBoundaries_RejectUnsafePathsAndTargets(&quot;project-equal&quot;)" methodname="BuildBoundaries_RejectUnsafePathsAndTargets" classname="ChooGuard.Tests.EditMode.Stories.CSBOOT0101Tests" runstate="Runnable" seed="2127716898" result="Passed" start-time="2026-09-20 02:37:22Z" end-time="2026-09-20 02:37:22Z" duration="0.003761" asserts="0">
                    <properties>
                      <property name="retryIteration" value="0" />
                      <property name="repeatIteration" value="0" />
                    </properties>
                  </test-case>
                  <test-case id="1028" name="BuildBoundaries_RejectUnsafePathsAndTargets(&quot;project-ancestor&quot;)" fullname="ChooGuard.Tests.EditMode.Stories.CSBOOT0101Tests.BuildBoundaries_RejectUnsafePathsAndTargets(&quot;project-ancestor&quot;)" methodname="BuildBoundaries_RejectUnsafePathsAndTargets" classname="ChooGuard.Tests.EditMode.Stories.CSBOOT0101Tests" runstate="Runnable" seed="58519968" result="Passed" start-time="2026-09-20 02:37:22Z" end-time="2026-09-20 02:37:22Z" duration="0.003433" asserts="0">
                    <properties>
                      <property name="retryIteration" value="0" />
                      <property name="repeatIteration" value="0" />
                    </properties>
                  </test-case>
                  <test-case id="1029" name="BuildBoundaries_RejectUnsafePathsAndTargets(&quot;project-descendant&quot;)" fullname="ChooGuard.Tests.EditMode.Stories.CSBOOT0101Tests.BuildBoundaries_RejectUnsafePathsAndTargets(&quot;project-descendant&quot;)" methodname="BuildBoundaries_RejectUnsafePathsAndTargets" classname="ChooGuard.Tests.EditMode.Stories.CSBOOT0101Tests" runstate="Runnable" seed="92280952" result="Passed" start-time="2026-09-20 02:37:22Z" end-time="2026-09-20 02:37:22Z" duration="0.003369" asserts="0">
                    <properties>
                      <property name="retryIteration" value="0" />
                      <property name="repeatIteration" value="0" />
                    </properties>
                  </test-case>
                  <test-case id="1030" name="BuildBoundaries_RejectUnsafePathsAndTargets(&quot;project-case-alias&quot;)" fullname="ChooGuard.Tests.EditMode.Stories.CSBOOT0101Tests.BuildBoundaries_RejectUnsafePathsAndTargets(&quot;project-case-alias&quot;)" methodname="BuildBoundaries_RejectUnsafePathsAndTargets" classname="ChooGuard.Tests.EditMode.Stories.CSBOOT0101Tests" runstate="Runnable" seed="1209490112" result="Passed" start-time="2026-09-20 02:37:22Z" end-time="2026-09-20 02:37:22Z" duration="0.003330" asserts="0">
                    <properties>
                      <property name="retryIteration" value="0" />
                      <property name="repeatIteration" value="0" />
                    </properties>
                  </test-case>
                  <test-case id="1031" name="BuildBoundaries_RejectUnsafePathsAndTargets(&quot;numeric-target&quot;)" fullname="ChooGuard.Tests.EditMode.Stories.CSBOOT0101Tests.BuildBoundaries_RejectUnsafePathsAndTargets(&quot;numeric-target&quot;)" methodname="BuildBoundaries_RejectUnsafePathsAndTargets" classname="ChooGuard.Tests.EditMode.Stories.CSBOOT0101Tests" runstate="Runnable" seed="860206101" result="Passed" start-time="2026-09-20 02:37:22Z" end-time="2026-09-20 02:37:22Z" duration="0.003322" asserts="0">
                    <properties>
                      <property name="retryIteration" value="0" />
                      <property name="repeatIteration" value="0" />
                    </properties>
                  </test-case>
                  <test-case id="1032" name="BuildBoundaries_RejectUnsafePathsAndTargets(&quot;wrong-case-target&quot;)" fullname="ChooGuard.Tests.EditMode.Stories.CSBOOT0101Tests.BuildBoundaries_RejectUnsafePathsAndTargets(&quot;wrong-case-target&quot;)" methodname="BuildBoundaries_RejectUnsafePathsAndTargets" classname="ChooGuard.Tests.EditMode.Stories.CSBOOT0101Tests" runstate="Runnable" seed="1907970596" result="Passed" start-time="2026-09-20 02:37:22Z" end-time="2026-09-20 02:37:22Z" duration="0.003345" asserts="0">
                    <properties>
                      <property name="retryIteration" value="0" />
                      <property name="repeatIteration" value="0" />
                    </properties>
                  </test-case>
                  <test-case id="1033" name="BuildBoundaries_RejectUnsafePathsAndTargets(&quot;option-as-value&quot;)" fullname="ChooGuard.Tests.EditMode.Stories.CSBOOT0101Tests.BuildBoundaries_RejectUnsafePathsAndTargets(&quot;option-as-value&quot;)" methodname="BuildBoundaries_RejectUnsafePathsAndTargets" classname="ChooGuard.Tests.EditMode.Stories.CSBOOT0101Tests" runstate="Runnable" seed="1092542869" result="Passed" start-time="2026-09-20 02:37:22Z" end-time="2026-09-20 02:37:22Z" duration="0.003340" asserts="0">
                    <properties>
                      <property name="retryIteration" value="0" />
                      <property name="repeatIteration" value="0" />
                    </properties>
                  </test-case>
                </test-suite>
                <test-case id="1004" name="Capture_PreservesDirtyUnsavedSceneAndSubmittedBytes" fullname="ChooGuard.Tests.EditMode.Stories.CSBOOT0101Tests.Capture_PreservesDirtyUnsavedSceneAndSubmittedBytes" methodname="Capture_PreservesDirtyUnsavedSceneAndSubmittedBytes" classname="ChooGuard.Tests.EditMode.Stories.CSBOOT0101Tests" runstate="Runnable" seed="502232615" result="Passed" start-time="2026-09-20 02:37:22Z" end-time="2026-09-20 02:37:22Z" duration="0.038175" asserts="0">
                  <properties>
                    <property name="retryIteration" value="0" />
                    <property name="repeatIteration" value="0" />
                  </properties>
                </test-case>
                <test-case id="1005" name="Capture_PreservesOpenSavedScene" fullname="ChooGuard.Tests.EditMode.Stories.CSBOOT0101Tests.Capture_PreservesOpenSavedScene" methodname="Capture_PreservesOpenSavedScene" classname="ChooGuard.Tests.EditMode.Stories.CSBOOT0101Tests" runstate="Runnable" seed="779752682" result="Passed" start-time="2026-09-20 02:37:22Z" end-time="2026-09-20 02:37:22Z" duration="0.151975" asserts="0">
                  <properties>
                    <property name="retryIteration" value="0" />
                    <property name="repeatIteration" value="0" />
                  </properties>
                </test-case>
                <test-suite type="ParameterizedMethod" id="1048" name="DamagedSceneReference_IsRejected" fullname="ChooGuard.Tests.EditMode.Stories.CSBOOT0101Tests.DamagedSceneReference_IsRejected" classname="ChooGuard.Tests.EditMode.Stories.CSBOOT0101Tests" runstate="Runnable" testcasecount="2" result="Passed" start-time="2026-09-20 02:37:22Z" end-time="2026-09-20 02:37:22Z" duration="0.032467" total="2" passed="2" failed="0" inconclusive="0" skipped="0" asserts="0">
                  <properties />
                  <test-case id="1046" name="DamagedSceneReference_IsRejected(&quot;font&quot;,&quot;TMP_RESOURCE_MISSING&quot;)" fullname="ChooGuard.Tests.EditMode.Stories.CSBOOT0101Tests.DamagedSceneReference_IsRejected(&quot;font&quot;,&quot;TMP_RESOURCE_MISSING&quot;)" methodname="DamagedSceneReference_IsRejected" classname="ChooGuard.Tests.EditMode.Stories.CSBOOT0101Tests" runstate="Runnable" seed="764514570" result="Passed" start-time="2026-09-20 02:37:22Z" end-time="2026-09-20 02:37:22Z" duration="0.017224" asserts="0">
                    <properties>
                      <property name="retryIteration" value="0" />
                      <property name="repeatIteration" value="0" />
                    </properties>
                    <output><![CDATA[The LiberationSans SDF Font Asset was not found. There is no Font Asset assigned to Bootstrap Marker.
after-mutation: rawFont=null; markerFont=null; defaultFont=null; sharedMaterial=35026; ownedFont=35024; ownedMaterial=35026
before-observe: rawFont=null; markerFont=null; defaultFont=null; sharedMaterial=35026; ownedFont=35024; ownedMaterial=35026
]]></output>
                  </test-case>
                  <test-case id="1047" name="DamagedSceneReference_IsRejected(&quot;actions&quot;,&quot;INPUT_ACTIONS_MISSING&quot;)" fullname="ChooGuard.Tests.EditMode.Stories.CSBOOT0101Tests.DamagedSceneReference_IsRejected(&quot;actions&quot;,&quot;INPUT_ACTIONS_MISSING&quot;)" methodname="DamagedSceneReference_IsRejected" classname="ChooGuard.Tests.EditMode.Stories.CSBOOT0101Tests" runstate="Runnable" seed="48775568" result="Passed" start-time="2026-09-20 02:37:22Z" end-time="2026-09-20 02:37:22Z" duration="0.012583" asserts="0">
                    <properties>
                      <property name="retryIteration" value="0" />
                      <property name="repeatIteration" value="0" />
                    </properties>
                  </test-case>
                </test-suite>
                <test-case id="1049" name="DamagedUrpReference_IsRejectedAndRestored" fullname="ChooGuard.Tests.EditMode.Stories.CSBOOT0101Tests.DamagedUrpReference_IsRejectedAndRestored" methodname="DamagedUrpReference_IsRejectedAndRestored" classname="ChooGuard.Tests.EditMode.Stories.CSBOOT0101Tests" runstate="Runnable" seed="1158510446" result="Passed" start-time="2026-09-20 02:37:22Z" end-time="2026-09-20 02:37:22Z" duration="0.011302" asserts="0">
                  <properties>
                    <property name="retryIteration" value="0" />
                    <property name="repeatIteration" value="0" />
                  </properties>
                </test-case>
                <test-case id="1042" name="DuplicateEventSystem_IsRejected" fullname="ChooGuard.Tests.EditMode.Stories.CSBOOT0101Tests.DuplicateEventSystem_IsRejected" methodname="DuplicateEventSystem_IsRejected" classname="ChooGuard.Tests.EditMode.Stories.CSBOOT0101Tests" runstate="Runnable" seed="1329082176" result="Passed" start-time="2026-09-20 02:37:22Z" end-time="2026-09-20 02:37:22Z" duration="0.011189" asserts="0">
                  <properties>
                    <property name="retryIteration" value="0" />
                    <property name="repeatIteration" value="0" />
                  </properties>
                </test-case>
                <test-case id="1043" name="DuplicateRealEventSystems_AreObservedAndRejected" fullname="ChooGuard.Tests.EditMode.Stories.CSBOOT0101Tests.DuplicateRealEventSystems_AreObservedAndRejected" methodname="DuplicateRealEventSystems_AreObservedAndRejected" classname="ChooGuard.Tests.EditMode.Stories.CSBOOT0101Tests" runstate="Runnable" seed="240383633" result="Passed" start-time="2026-09-20 02:37:22Z" end-time="2026-09-20 02:37:23Z" duration="0.013998" asserts="0">
                  <properties>
                    <property name="retryIteration" value="0" />
                    <property name="repeatIteration" value="0" />
                  </properties>
                </test-case>
                <test-case id="1044" name="LocalDll_IsObservedFromForeignFilesystemFixture" fullname="ChooGuard.Tests.EditMode.Stories.CSBOOT0101Tests.LocalDll_IsObservedFromForeignFilesystemFixture" methodname="LocalDll_IsObservedFromForeignFilesystemFixture" classname="ChooGuard.Tests.EditMode.Stories.CSBOOT0101Tests" runstate="Runnable" seed="1099790747" result="Passed" start-time="2026-09-20 02:37:23Z" end-time="2026-09-20 02:37:23Z" duration="0.001281" asserts="0">
                  <properties>
                    <property name="retryIteration" value="0" />
                    <property name="repeatIteration" value="0" />
                  </properties>
                </test-case>
                <test-case id="1050" name="OwnedUrpGlobal_HasClosedVolumeDependenciesAndNoExcludedDefaults" fullname="ChooGuard.Tests.EditMode.Stories.CSBOOT0101Tests.OwnedUrpGlobal_HasClosedVolumeDependenciesAndNoExcludedDefaults" methodname="OwnedUrpGlobal_HasClosedVolumeDependenciesAndNoExcludedDefaults" classname="ChooGuard.Tests.EditMode.Stories.CSBOOT0101Tests" runstate="Runnable" seed="1233729545" result="Passed" start-time="2026-09-20 02:37:23Z" end-time="2026-09-20 02:37:23Z" duration="0.013269" asserts="0">
                  <properties>
                    <property name="retryIteration" value="0" />
                    <property name="repeatIteration" value="0" />
                  </properties>
                </test-case>
                <test-case id="1045" name="RequiredPackages_MatchRegistryAndMissingPackageIsRejected" fullname="ChooGuard.Tests.EditMode.Stories.CSBOOT0101Tests.RequiredPackages_MatchRegistryAndMissingPackageIsRejected" methodname="RequiredPackages_MatchRegistryAndMissingPackageIsRejected" classname="ChooGuard.Tests.EditMode.Stories.CSBOOT0101Tests" runstate="Runnable" seed="1717034070" result="Passed" start-time="2026-09-20 02:37:23Z" end-time="2026-09-20 02:37:23Z" duration="0.012029" asserts="0">
                  <properties>
                    <property name="retryIteration" value="0" />
                    <property name="repeatIteration" value="0" />
                  </properties>
                </test-case>
                <test-suite type="ParameterizedMethod" id="1008" name="SimulatedFailedBuildOutcome_RetainsReportedPartialFileAndThrows" fullname="ChooGuard.Tests.EditMode.Stories.CSBOOT0101Tests.SimulatedFailedBuildOutcome_RetainsReportedPartialFileAndThrows" classname="ChooGuard.Tests.EditMode.Stories.CSBOOT0101Tests" runstate="Runnable" testcasecount="2" result="Failed" site="Child" start-time="2026-09-20 02:37:23Z" end-time="2026-09-20 02:37:23Z" duration="0.005176" total="2" passed="0" failed="2" inconclusive="0" skipped="0" asserts="0">
                  <properties />
                  <failure>
                    <message><![CDATA[One or more child tests had errors]]></message>
                  </failure>
                  <test-case id="1006" name="SimulatedFailedBuildOutcome_RetainsReportedPartialFileAndThrows(Failed)" fullname="ChooGuard.Tests.EditMode.Stories.CSBOOT0101Tests.SimulatedFailedBuildOutcome_RetainsReportedPartialFileAndThrows(Failed)" methodname="SimulatedFailedBuildOutcome_RetainsReportedPartialFileAndThrows" classname="ChooGuard.Tests.EditMode.Stories.CSBOOT0101Tests" runstate="Runnable" seed="1319587074" result="Failed" start-time="2026-09-20 02:37:23Z" end-time="2026-09-20 02:37:23Z" duration="0.004026" asserts="0">
                    <properties>
                      <property name="retryIteration" value="0" />
                      <property name="repeatIteration" value="0" />
                    </properties>
                    <failure>
                      <message><![CDATA[  Returned failure must retain reported partial output
  Expected: 1
  But was:  0
]]></message>
                      <stack-trace><![CDATA[at ChooGuard.Tests.EditMode.Stories.CSBOOT0101Tests.SimulatedFailedBuildOutcome_RetainsReportedPartialFileAndThrows (UnityEditor.Build.Reporting.BuildResult result) [0x000e5] in /Users/um-yunsang/CHOOGuard/Assets/ChooGuard/Tests/EditMode/Stories/CSBOOT0101Tests.cs:227
]]></stack-trace>
                    </failure>
                    <output><![CDATA[SIMULATED result via private seam; real scratch file; not an actual failed Unity BuildReport.
]]></output>
                  </test-case>
                  <test-case id="1007" name="SimulatedFailedBuildOutcome_RetainsReportedPartialFileAndThrows(Cancelled)" fullname="ChooGuard.Tests.EditMode.Stories.CSBOOT0101Tests.SimulatedFailedBuildOutcome_RetainsReportedPartialFileAndThrows(Cancelled)" methodname="SimulatedFailedBuildOutcome_RetainsReportedPartialFileAndThrows" classname="ChooGuard.Tests.EditMode.Stories.CSBOOT0101Tests" runstate="Runnable" seed="1700723644" result="Failed" start-time="2026-09-20 02:37:23Z" end-time="2026-09-20 02:37:23Z" duration="0.000557" asserts="0">
                    <properties>
                      <property name="retryIteration" value="0" />
                      <property name="repeatIteration" value="0" />
                    </properties>
                    <failure>
                      <message><![CDATA[  Returned failure must retain reported partial output
  Expected: 1
  But was:  0
]]></message>
                      <stack-trace><![CDATA[at ChooGuard.Tests.EditMode.Stories.CSBOOT0101Tests.SimulatedFailedBuildOutcome_RetainsReportedPartialFileAndThrows (UnityEditor.Build.Reporting.BuildResult result) [0x000e5] in /Users/um-yunsang/CHOOGuard/Assets/ChooGuard/Tests/EditMode/Stories/CSBOOT0101Tests.cs:227
]]></stack-trace>
                    </failure>
                    <output><![CDATA[SIMULATED result via private seam; real scratch file; not an actual failed Unity BuildReport.
]]></output>
                  </test-case>
                </test-suite>
                <test-case id="1003" name="SubmittedScene_HasValidConfigurationAndNoMissingScripts" fullname="ChooGuard.Tests.EditMode.Stories.CSBOOT0101Tests.SubmittedScene_HasValidConfigurationAndNoMissingScripts" methodname="SubmittedScene_HasValidConfigurationAndNoMissingScripts" classname="ChooGuard.Tests.EditMode.Stories.CSBOOT0101Tests" runstate="Runnable" seed="1080009857" result="Passed" start-time="2026-09-20 02:37:23Z" end-time="2026-09-20 02:37:23Z" duration="0.015574" asserts="0">
                  <properties>
                    <property name="retryIteration" value="0" />
                    <property name="repeatIteration" value="0" />
                  </properties>
                </test-case>
                <test-case id="1052" name="TmpStaticWhitelist_HasDetachedSourcesAndClosedDependencies" fullname="ChooGuard.Tests.EditMode.Stories.CSBOOT0101Tests.TmpStaticWhitelist_HasDetachedSourcesAndClosedDependencies" methodname="TmpStaticWhitelist_HasDetachedSourcesAndClosedDependencies" classname="ChooGuard.Tests.EditMode.Stories.CSBOOT0101Tests" runstate="Runnable" seed="163929839" result="Passed" start-time="2026-09-20 02:37:23Z" end-time="2026-09-20 02:37:23Z" duration="0.024648" asserts="0">
                  <properties>
                    <property name="retryIteration" value="0" />
                    <property name="repeatIteration" value="0" />
                  </properties>
                </test-case>
                <test-case id="1051" name="ValidationErrors_AreSortedAndDeduplicated" fullname="ChooGuard.Tests.EditMode.Stories.CSBOOT0101Tests.ValidationErrors_AreSortedAndDeduplicated" methodname="ValidationErrors_AreSortedAndDeduplicated" classname="ChooGuard.Tests.EditMode.Stories.CSBOOT0101Tests" runstate="Runnable" seed="1919850125" result="Passed" start-time="2026-09-20 02:37:23Z" end-time="2026-09-20 02:37:23Z" duration="0.000226" asserts="0">
                  <properties>
                    <property name="retryIteration" value="0" />
                    <property name="repeatIteration" value="0" />
                  </properties>
                </test-case>
                <test-case id="1041" name="WindowsBuild_OnMacRecordsNotRunBeforeValidatorWithoutOutputOrTargetFallback" fullname="ChooGuard.Tests.EditMode.Stories.CSBOOT0101Tests.WindowsBuild_OnMacRecordsNotRunBeforeValidatorWithoutOutputOrTargetFallback" methodname="WindowsBuild_OnMacRecordsNotRunBeforeValidatorWithoutOutputOrTargetFallback" classname="ChooGuard.Tests.EditMode.Stories.CSBOOT0101Tests" runstate="Runnable" seed="909303890" result="Passed" start-time="2026-09-20 02:37:23Z" end-time="2026-09-20 02:37:23Z" duration="0.040895" asserts="0">
                  <properties>
                    <property name="retryIteration" value="0" />
                    <property name="repeatIteration" value="0" />
                  </properties>
                  <output><![CDATA[CG_BOOT_BUILD_NOT_RUN: docs/build/evidence/CS-BOOT.01.01/20260920T0237230791350Z-28eed2/build-receipt.json
Unsupported-host receipt=/Users/um-yunsang/CHOOGuard/docs/build/evidence/CS-BOOT.01.01/20260920T0237230791350Z-28eed2/build-receipt.json
Saving results to: /Users/um-yunsang/Library/Application Support/DefaultCompany/CHOOGuard/TestResults.xml
]]></output>
                </test-case>
              </test-suite>
            </test-suite>
          </test-suite>
        </test-suite>
      </test-suite>
    </test-suite>
  </test-suite>
</test-run>