<?xml version="1.0" encoding="utf-8"?>
<test-run id="2" testcasecount="14" result="Failed(Child)" total="14" passed="13" failed="1" inconclusive="0" skipped="0" asserts="0" engine-version="3.5.0.0" clr-version="4.0.30319.42000" start-time="2026-09-20 01:34:34Z" end-time="2026-09-20 01:34:35Z" duration="0.4122031">
  <test-suite type="TestSuite" id="1000" name="CHOOGuard" fullname="CHOOGuard" runstate="Runnable" testcasecount="14" result="Failed" site="Child" start-time="2026-09-20 01:34:34Z" end-time="2026-09-20 01:34:35Z" duration="0.412203" total="14" passed="13" failed="1" inconclusive="0" skipped="0" asserts="0">
    <properties>
      <property name="platform" value="EditMode" />
    </properties>
    <failure>
      <message><![CDATA[One or more child tests had errors]]></message>
    </failure>
    <test-suite type="Assembly" id="1017" name="ChooGuard.EditModeTests.dll" fullname="/Users/um-yunsang/CHOOGuard/Library/ScriptAssemblies/ChooGuard.EditModeTests.dll" runstate="Runnable" testcasecount="14" result="Failed" site="Child" start-time="2026-09-20 01:34:34Z" end-time="2026-09-20 01:34:35Z" duration="0.408100" total="14" passed="13" failed="1" inconclusive="0" skipped="0" asserts="0">
      <properties>
        <property name="_PID" value="73080" />
        <property name="_APPDOMAIN" value="Unity Child Domain" />
        <property name="platform" value="EditMode" />
        <property name="EditorOnly" value="True" />
      </properties>
      <failure>
        <message><![CDATA[One or more child tests had errors]]></message>
      </failure>
      <test-suite type="TestSuite" id="1018" name="ChooGuard" fullname="ChooGuard" runstate="Runnable" testcasecount="14" result="Failed" site="Child" start-time="2026-09-20 01:34:34Z" end-time="2026-09-20 01:34:35Z" duration="0.407723" total="14" passed="13" failed="1" inconclusive="0" skipped="0" asserts="0">
        <properties />
        <failure>
          <message><![CDATA[One or more child tests had errors]]></message>
        </failure>
        <test-suite type="TestSuite" id="1019" name="Tests" fullname="ChooGuard.Tests" runstate="Runnable" testcasecount="14" result="Failed" site="Child" start-time="2026-09-20 01:34:34Z" end-time="2026-09-20 01:34:35Z" duration="0.407535" total="14" passed="13" failed="1" inconclusive="0" skipped="0" asserts="0">
          <properties />
          <failure>
            <message><![CDATA[One or more child tests had errors]]></message>
          </failure>
          <test-suite type="TestSuite" id="1020" name="EditMode" fullname="ChooGuard.Tests.EditMode" runstate="Runnable" testcasecount="14" result="Failed" site="Child" start-time="2026-09-20 01:34:34Z" end-time="2026-09-20 01:34:35Z" duration="0.407296" total="14" passed="13" failed="1" inconclusive="0" skipped="0" asserts="0">
            <properties />
            <failure>
              <message><![CDATA[One or more child tests had errors]]></message>
            </failure>
            <test-suite type="TestSuite" id="1021" name="Stories" fullname="ChooGuard.Tests.EditMode.Stories" runstate="Runnable" testcasecount="14" result="Failed" site="Child" start-time="2026-09-20 01:34:34Z" end-time="2026-09-20 01:34:35Z" duration="0.407059" total="14" passed="13" failed="1" inconclusive="0" skipped="0" asserts="0">
              <properties />
              <failure>
                <message><![CDATA[One or more child tests had errors]]></message>
              </failure>
              <test-suite type="TestFixture" id="1001" name="CSBOOT0101Tests" fullname="ChooGuard.Tests.EditMode.Stories.CSBOOT0101Tests" classname="ChooGuard.Tests.EditMode.Stories.CSBOOT0101Tests" runstate="Runnable" testcasecount="14" result="Failed" site="Child" start-time="2026-09-20 01:34:34Z" end-time="2026-09-20 01:34:35Z" duration="0.406506" total="14" passed="13" failed="1" inconclusive="0" skipped="0" asserts="0">
                <properties />
                <failure>
                  <message><![CDATA[One or more child tests had errors]]></message>
                </failure>
                <test-case id="1002" name="BootstrapScene_HasOneCameraCanvasAndEventSystem" fullname="ChooGuard.Tests.EditMode.Stories.CSBOOT0101Tests.BootstrapScene_HasOneCameraCanvasAndEventSystem" methodname="BootstrapScene_HasOneCameraCanvasAndEventSystem" classname="ChooGuard.Tests.EditMode.Stories.CSBOOT0101Tests" runstate="Runnable" seed="587209009" result="Passed" start-time="2026-09-20 01:34:34Z" end-time="2026-09-20 01:34:35Z" duration="0.082263" asserts="0">
                  <properties>
                    <property name="retryIteration" value="0" />
                    <property name="repeatIteration" value="0" />
                  </properties>
                </test-case>
                <test-case id="1004" name="Capture_PreservesDirtyUnsavedSceneAndSubmittedBytes" fullname="ChooGuard.Tests.EditMode.Stories.CSBOOT0101Tests.Capture_PreservesDirtyUnsavedSceneAndSubmittedBytes" methodname="Capture_PreservesDirtyUnsavedSceneAndSubmittedBytes" classname="ChooGuard.Tests.EditMode.Stories.CSBOOT0101Tests" runstate="Runnable" seed="860476392" result="Passed" start-time="2026-09-20 01:34:35Z" end-time="2026-09-20 01:34:35Z" duration="0.038746" asserts="0">
                  <properties>
                    <property name="retryIteration" value="0" />
                    <property name="repeatIteration" value="0" />
                  </properties>
                </test-case>
                <test-case id="1005" name="Capture_PreservesOpenSavedScene" fullname="ChooGuard.Tests.EditMode.Stories.CSBOOT0101Tests.Capture_PreservesOpenSavedScene" methodname="Capture_PreservesOpenSavedScene" classname="ChooGuard.Tests.EditMode.Stories.CSBOOT0101Tests" runstate="Runnable" seed="485093938" result="Passed" start-time="2026-09-20 01:34:35Z" end-time="2026-09-20 01:34:35Z" duration="0.145346" asserts="0">
                  <properties>
                    <property name="retryIteration" value="0" />
                    <property name="repeatIteration" value="0" />
                  </properties>
                </test-case>
                <test-suite type="ParameterizedMethod" id="1012" name="DamagedSceneReference_IsRejected" fullname="ChooGuard.Tests.EditMode.Stories.CSBOOT0101Tests.DamagedSceneReference_IsRejected" classname="ChooGuard.Tests.EditMode.Stories.CSBOOT0101Tests" runstate="Runnable" testcasecount="2" result="Failed" site="Child" start-time="2026-09-20 01:34:35Z" end-time="2026-09-20 01:34:35Z" duration="0.033330" total="2" passed="1" failed="1" inconclusive="0" skipped="0" asserts="0">
                  <properties />
                  <failure>
                    <message><![CDATA[One or more child tests had errors]]></message>
                  </failure>
                  <test-case id="1010" name="DamagedSceneReference_IsRejected(&quot;font&quot;,&quot;TMP_RESOURCE_MISSING&quot;)" fullname="ChooGuard.Tests.EditMode.Stories.CSBOOT0101Tests.DamagedSceneReference_IsRejected(&quot;font&quot;,&quot;TMP_RESOURCE_MISSING&quot;)" methodname="DamagedSceneReference_IsRejected" classname="ChooGuard.Tests.EditMode.Stories.CSBOOT0101Tests" runstate="Runnable" seed="1547522063" result="Failed" start-time="2026-09-20 01:34:35Z" end-time="2026-09-20 01:34:35Z" duration="0.017264" asserts="0">
                    <properties>
                      <property name="retryIteration" value="0" />
                      <property name="repeatIteration" value="0" />
                    </properties>
                    <failure>
                      <message><![CDATA[  Expected: collection containing "TMP_RESOURCE_MISSING"
  But was:  <empty>
]]></message>
                      <stack-trace><![CDATA[at ChooGuard.Tests.EditMode.Stories.CSBOOT0101Tests+<>c__DisplayClass16_0.<DamagedSceneReference_IsRejected>b__0 (UnityEngine.SceneManagement.Scene scene) [0x0005e] in /Users/um-yunsang/CHOOGuard/Assets/ChooGuard/Tests/EditMode/Stories/CSBOOT0101Tests.cs:189
at ChooGuard.Tests.EditMode.Stories.CSBOOT0101Tests.Preview (System.Action`1[T] inspect) [0x0000b] in /Users/um-yunsang/CHOOGuard/Assets/ChooGuard/Tests/EditMode/Stories/CSBOOT0101Tests.cs:39
at ChooGuard.Tests.EditMode.Stories.CSBOOT0101Tests.DamagedSceneReference_IsRejected (System.String field, System.String error) [0x00013] in /Users/um-yunsang/CHOOGuard/Assets/ChooGuard/Tests/EditMode/Stories/CSBOOT0101Tests.cs:177
]]></stack-trace>
                    </failure>
                  </test-case>
                  <test-case id="1011" name="DamagedSceneReference_IsRejected(&quot;actions&quot;,&quot;INPUT_ACTIONS_MISSING&quot;)" fullname="ChooGuard.Tests.EditMode.Stories.CSBOOT0101Tests.DamagedSceneReference_IsRejected(&quot;actions&quot;,&quot;INPUT_ACTIONS_MISSING&quot;)" methodname="DamagedSceneReference_IsRejected" classname="ChooGuard.Tests.EditMode.Stories.CSBOOT0101Tests" runstate="Runnable" seed="1247621317" result="Passed" start-time="2026-09-20 01:34:35Z" end-time="2026-09-20 01:34:35Z" duration="0.012653" asserts="0">
                    <properties>
                      <property name="retryIteration" value="0" />
                      <property name="repeatIteration" value="0" />
                    </properties>
                  </test-case>
                </test-suite>
                <test-case id="1013" name="DamagedUrpReference_IsRejectedAndRestored" fullname="ChooGuard.Tests.EditMode.Stories.CSBOOT0101Tests.DamagedUrpReference_IsRejectedAndRestored" methodname="DamagedUrpReference_IsRejectedAndRestored" classname="ChooGuard.Tests.EditMode.Stories.CSBOOT0101Tests" runstate="Runnable" seed="854183987" result="Passed" start-time="2026-09-20 01:34:35Z" end-time="2026-09-20 01:34:35Z" duration="0.010923" asserts="0">
                  <properties>
                    <property name="retryIteration" value="0" />
                    <property name="repeatIteration" value="0" />
                  </properties>
                </test-case>
                <test-case id="1006" name="DuplicateEventSystem_IsRejected" fullname="ChooGuard.Tests.EditMode.Stories.CSBOOT0101Tests.DuplicateEventSystem_IsRejected" methodname="DuplicateEventSystem_IsRejected" classname="ChooGuard.Tests.EditMode.Stories.CSBOOT0101Tests" runstate="Runnable" seed="1414742917" result="Passed" start-time="2026-09-20 01:34:35Z" end-time="2026-09-20 01:34:35Z" duration="0.010858" asserts="0">
                  <properties>
                    <property name="retryIteration" value="0" />
                    <property name="repeatIteration" value="0" />
                  </properties>
                </test-case>
                <test-case id="1007" name="DuplicateRealEventSystems_AreObservedAndRejected" fullname="ChooGuard.Tests.EditMode.Stories.CSBOOT0101Tests.DuplicateRealEventSystems_AreObservedAndRejected" methodname="DuplicateRealEventSystems_AreObservedAndRejected" classname="ChooGuard.Tests.EditMode.Stories.CSBOOT0101Tests" runstate="Runnable" seed="1040209063" result="Passed" start-time="2026-09-20 01:34:35Z" end-time="2026-09-20 01:34:35Z" duration="0.012146" asserts="0">
                  <properties>
                    <property name="retryIteration" value="0" />
                    <property name="repeatIteration" value="0" />
                  </properties>
                </test-case>
                <test-case id="1008" name="LocalDll_IsObservedFromForeignFilesystemFixture" fullname="ChooGuard.Tests.EditMode.Stories.CSBOOT0101Tests.LocalDll_IsObservedFromForeignFilesystemFixture" methodname="LocalDll_IsObservedFromForeignFilesystemFixture" classname="ChooGuard.Tests.EditMode.Stories.CSBOOT0101Tests" runstate="Runnable" seed="1780221008" result="Passed" start-time="2026-09-20 01:34:35Z" end-time="2026-09-20 01:34:35Z" duration="0.004418" asserts="0">
                  <properties>
                    <property name="retryIteration" value="0" />
                    <property name="repeatIteration" value="0" />
                  </properties>
                </test-case>
                <test-case id="1014" name="OwnedUrpGlobal_HasClosedVolumeDependenciesAndNoExcludedDefaults" fullname="ChooGuard.Tests.EditMode.Stories.CSBOOT0101Tests.OwnedUrpGlobal_HasClosedVolumeDependenciesAndNoExcludedDefaults" methodname="OwnedUrpGlobal_HasClosedVolumeDependenciesAndNoExcludedDefaults" classname="ChooGuard.Tests.EditMode.Stories.CSBOOT0101Tests" runstate="Runnable" seed="1068490199" result="Passed" start-time="2026-09-20 01:34:35Z" end-time="2026-09-20 01:34:35Z" duration="0.010304" asserts="0">
                  <properties>
                    <property name="retryIteration" value="0" />
                    <property name="repeatIteration" value="0" />
                  </properties>
                </test-case>
                <test-case id="1009" name="RequiredPackages_MatchRegistryAndMissingPackageIsRejected" fullname="ChooGuard.Tests.EditMode.Stories.CSBOOT0101Tests.RequiredPackages_MatchRegistryAndMissingPackageIsRejected" methodname="RequiredPackages_MatchRegistryAndMissingPackageIsRejected" classname="ChooGuard.Tests.EditMode.Stories.CSBOOT0101Tests" runstate="Runnable" seed="988721763" result="Passed" start-time="2026-09-20 01:34:35Z" end-time="2026-09-20 01:34:35Z" duration="0.012282" asserts="0">
                  <properties>
                    <property name="retryIteration" value="0" />
                    <property name="repeatIteration" value="0" />
                  </properties>
                </test-case>
                <test-case id="1003" name="SubmittedScene_HasValidConfigurationAndNoMissingScripts" fullname="ChooGuard.Tests.EditMode.Stories.CSBOOT0101Tests.SubmittedScene_HasValidConfigurationAndNoMissingScripts" methodname="SubmittedScene_HasValidConfigurationAndNoMissingScripts" classname="ChooGuard.Tests.EditMode.Stories.CSBOOT0101Tests" runstate="Runnable" seed="709609446" result="Passed" start-time="2026-09-20 01:34:35Z" end-time="2026-09-20 01:34:35Z" duration="0.013852" asserts="0">
                  <properties>
                    <property name="retryIteration" value="0" />
                    <property name="repeatIteration" value="0" />
                  </properties>
                </test-case>
                <test-case id="1016" name="TmpStaticWhitelist_HasDetachedSourcesAndClosedDependencies" fullname="ChooGuard.Tests.EditMode.Stories.CSBOOT0101Tests.TmpStaticWhitelist_HasDetachedSourcesAndClosedDependencies" methodname="TmpStaticWhitelist_HasDetachedSourcesAndClosedDependencies" classname="ChooGuard.Tests.EditMode.Stories.CSBOOT0101Tests" runstate="Runnable" seed="1081687185" result="Passed" start-time="2026-09-20 01:34:35Z" end-time="2026-09-20 01:34:35Z" duration="0.024774" asserts="0">
                  <properties>
                    <property name="retryIteration" value="0" />
                    <property name="repeatIteration" value="0" />
                  </properties>
                </test-case>
                <test-case id="1015" name="ValidationErrors_AreSortedAndDeduplicated" fullname="ChooGuard.Tests.EditMode.Stories.CSBOOT0101Tests.ValidationErrors_AreSortedAndDeduplicated" methodname="ValidationErrors_AreSortedAndDeduplicated" classname="ChooGuard.Tests.EditMode.Stories.CSBOOT0101Tests" runstate="Runnable" seed="13792307" result="Passed" start-time="2026-09-20 01:34:35Z" end-time="2026-09-20 01:34:35Z" duration="0.000218" asserts="0">
                  <properties>
                    <property name="retryIteration" value="0" />
                    <property name="repeatIteration" value="0" />
                  </properties>
                  <output><![CDATA[Saving results to: /Users/um-yunsang/Library/Application Support/DefaultCompany/CHOOGuard/TestResults.xml
]]></output>
                </test-case>
              </test-suite>
            </test-suite>
          </test-suite>
        </test-suite>
      </test-suite>
    </test-suite>
  </test-suite>
</test-run>