<?xml version="1.0" encoding="utf-8"?>
<test-run id="2" testcasecount="500" result="Failed(Child)" total="500" passed="423" failed="2" inconclusive="0" skipped="75" asserts="0" engine-version="3.5.0.0" clr-version="4.0.30319.42000" start-time="2026-09-14 08:40:02Z" end-time="2026-09-14 08:41:17Z" duration="74.9349005">
  <test-suite type="TestSuite" id="1000" name="CHOOguard Foundation" fullname="CHOOguard Foundation" runstate="Runnable" testcasecount="500" result="Failed" site="Child" start-time="2026-09-14 08:40:02Z" end-time="2026-09-14 08:41:17Z" duration="74.934901" total="500" passed="423" failed="2" inconclusive="0" skipped="75" asserts="0">
    <properties>
      <property name="platform" value="EditMode" />
    </properties>
    <failure>
      <message><![CDATA[One or more child tests had errors]]></message>
    </failure>
    <test-suite type="Assembly" id="1083" name="ChooGuard.Foundation.Demo.Editor.Tests.dll" fullname="/private/tmp/claude-501/-Users-um-yunsang-CHOOGuard/40311ef6-12f0-41e7-9f12-f7ae1b72c68c/scratchpad/par/i152/Library/ScriptAssemblies/ChooGuard.Foundation.Demo.Editor.Tests.dll" runstate="Runnable" testcasecount="67" result="Skipped" label="Ignored" start-time="2026-09-14 08:40:03Z" end-time="2026-09-14 08:40:40Z" duration="37.772565" total="67" passed="66" failed="0" inconclusive="0" skipped="1" asserts="0">
      <properties>
        <property name="_PID" value="34010" />
        <property name="_APPDOMAIN" value="Unity Child Domain" />
        <property name="platform" value="EditMode" />
        <property name="EditorOnly" value="True" />
      </properties>
      <reason>
        <message><![CDATA[One or more child tests were ignored]]></message>
      </reason>
      <test-suite type="TestSuite" id="1084" name="ChooGuard" fullname="ChooGuard" runstate="Runnable" testcasecount="67" result="Skipped" label="Ignored" start-time="2026-09-14 08:40:03Z" end-time="2026-09-14 08:40:40Z" duration="37.772150" total="67" passed="66" failed="0" inconclusive="0" skipped="1" asserts="0">
        <properties />
        <reason>
          <message><![CDATA[One or more child tests were ignored]]></message>
        </reason>
        <test-suite type="TestSuite" id="1085" name="Foundation" fullname="ChooGuard.Foundation" runstate="Runnable" testcasecount="67" result="Skipped" label="Ignored" start-time="2026-09-14 08:40:03Z" end-time="2026-09-14 08:40:40Z" duration="37.771961" total="67" passed="66" failed="0" inconclusive="0" skipped="1" asserts="0">
          <properties />
          <reason>
            <message><![CDATA[One or more child tests were ignored]]></message>
          </reason>
          <test-suite type="TestSuite" id="1086" name="Demo" fullname="ChooGuard.Foundation.Demo" runstate="Runnable" testcasecount="67" result="Skipped" label="Ignored" start-time="2026-09-14 08:40:03Z" end-time="2026-09-14 08:40:40Z" duration="37.771737" total="67" passed="66" failed="0" inconclusive="0" skipped="1" asserts="0">
            <properties />
            <reason>
              <message><![CDATA[One or more child tests were ignored]]></message>
            </reason>
            <test-suite type="TestSuite" id="1087" name="Tests" fullname="ChooGuard.Foundation.Demo.Tests" runstate="Runnable" testcasecount="67" result="Skipped" label="Ignored" start-time="2026-09-14 08:40:03Z" end-time="2026-09-14 08:40:40Z" duration="37.771430" total="67" passed="66" failed="0" inconclusive="0" skipped="1" asserts="0">
              <properties />
              <reason>
                <message><![CDATA[One or more child tests were ignored]]></message>
              </reason>
              <test-suite type="TestFixture" id="1001" name="DemoExerciseTests" fullname="ChooGuard.Foundation.Demo.Tests.DemoExerciseTests" classname="ChooGuard.Foundation.Demo.Tests.DemoExerciseTests" runstate="Runnable" testcasecount="3" result="Passed" start-time="2026-09-14 08:40:03Z" end-time="2026-09-14 08:40:03Z" duration="0.020368" total="3" passed="3" failed="0" inconclusive="0" skipped="0" asserts="0">
                <properties />
                <test-case id="1004" name="InvalidDrillIsRejected" fullname="ChooGuard.Foundation.Demo.Tests.DemoExerciseTests.InvalidDrillIsRejected" methodname="InvalidDrillIsRejected" classname="ChooGuard.Foundation.Demo.Tests.DemoExerciseTests" runstate="Runnable" seed="721272252" result="Passed" start-time="2026-09-14 08:40:03Z" end-time="2026-09-14 08:40:03Z" duration="0.008191" asserts="0">
                  <properties>
                    <property name="retryIteration" value="0" />
                    <property name="repeatIteration" value="0" />
                  </properties>
                </test-case>
                <test-case id="1002" name="OrderedStepsRejectSkippingAndDuplicatesAndOwnTheirInput" fullname="ChooGuard.Foundation.Demo.Tests.DemoExerciseTests.OrderedStepsRejectSkippingAndDuplicatesAndOwnTheirInput" methodname="OrderedStepsRejectSkippingAndDuplicatesAndOwnTheirInput" classname="ChooGuard.Foundation.Demo.Tests.DemoExerciseTests" runstate="Runnable" seed="1133075269" result="Passed" start-time="2026-09-14 08:40:03Z" end-time="2026-09-14 08:40:03Z" duration="0.003257" asserts="0">
                  <properties>
                    <property name="retryIteration" value="0" />
                    <property name="repeatIteration" value="0" />
                  </properties>
                </test-case>
                <test-case id="1003" name="SelectedRoleOnlyOccursOnceAndCrowdStepsRemainOrdered" fullname="ChooGuard.Foundation.Demo.Tests.DemoExerciseTests.SelectedRoleOnlyOccursOnceAndCrowdStepsRemainOrdered" methodname="SelectedRoleOnlyOccursOnceAndCrowdStepsRemainOrdered" classname="ChooGuard.Foundation.Demo.Tests.DemoExerciseTests" runstate="Runnable" seed="768864046" result="Passed" start-time="2026-09-14 08:40:03Z" end-time="2026-09-14 08:40:03Z" duration="0.001201" asserts="0">
                  <properties>
                    <property name="retryIteration" value="0" />
                    <property name="repeatIteration" value="0" />
                  </properties>
                </test-case>
              </test-suite>
              <test-suite type="TestFixture" id="1005" name="DemoFlowTests" fullname="ChooGuard.Foundation.Demo.Tests.DemoFlowTests" classname="ChooGuard.Foundation.Demo.Tests.DemoFlowTests" runstate="Runnable" testcasecount="10" result="Passed" start-time="2026-09-14 08:40:03Z" end-time="2026-09-14 08:40:03Z" duration="0.022137" total="10" passed="10" failed="0" inconclusive="0" skipped="0" asserts="0">
                <properties />
                <test-suite type="ParameterizedMethod" id="1011" name="EachRoleRequiresBriefingInteractionAndAssembly" fullname="ChooGuard.Foundation.Demo.Tests.DemoFlowTests.EachRoleRequiresBriefingInteractionAndAssembly" classname="ChooGuard.Foundation.Demo.Tests.DemoFlowTests" runstate="Runnable" testcasecount="5" result="Passed" start-time="2026-09-14 08:40:03Z" end-time="2026-09-14 08:40:03Z" duration="0.016541" total="5" passed="5" failed="0" inconclusive="0" skipped="0" asserts="0">
                  <properties />
                  <test-case id="1006" name="EachRoleRequiresBriefingInteractionAndAssembly(&quot;role-01&quot;,&quot;anchor-01&quot;)" fullname="ChooGuard.Foundation.Demo.Tests.DemoFlowTests.EachRoleRequiresBriefingInteractionAndAssembly(&quot;role-01&quot;,&quot;anchor-01&quot;)" methodname="EachRoleRequiresBriefingInteractionAndAssembly" classname="ChooGuard.Foundation.Demo.Tests.DemoFlowTests" runstate="Runnable" seed="1806038774" result="Passed" start-time="2026-09-14 08:40:03Z" end-time="2026-09-14 08:40:03Z" duration="0.014377" asserts="0">
                    <properties>
                      <property name="retryIteration" value="0" />
                      <property name="repeatIteration" value="0" />
                    </properties>
                  </test-case>
                  <test-case id="1007" name="EachRoleRequiresBriefingInteractionAndAssembly(&quot;role-02&quot;,&quot;anchor-02&quot;)" fullname="ChooGuard.Foundation.Demo.Tests.DemoFlowTests.EachRoleRequiresBriefingInteractionAndAssembly(&quot;role-02&quot;,&quot;anchor-02&quot;)" methodname="EachRoleRequiresBriefingInteractionAndAssembly" classname="ChooGuard.Foundation.Demo.Tests.DemoFlowTests" runstate="Runnable" seed="272975685" result="Passed" start-time="2026-09-14 08:40:03Z" end-time="2026-09-14 08:40:03Z" duration="0.000449" asserts="0">
                    <properties>
                      <property name="retryIteration" value="0" />
                      <property name="repeatIteration" value="0" />
                    </properties>
                  </test-case>
                  <test-case id="1008" name="EachRoleRequiresBriefingInteractionAndAssembly(&quot;role-03&quot;,&quot;anchor-03&quot;)" fullname="ChooGuard.Foundation.Demo.Tests.DemoFlowTests.EachRoleRequiresBriefingInteractionAndAssembly(&quot;role-03&quot;,&quot;anchor-03&quot;)" methodname="EachRoleRequiresBriefingInteractionAndAssembly" classname="ChooGuard.Foundation.Demo.Tests.DemoFlowTests" runstate="Runnable" seed="130947674" result="Passed" start-time="2026-09-14 08:40:03Z" end-time="2026-09-14 08:40:03Z" duration="0.000351" asserts="0">
                    <properties>
                      <property name="retryIteration" value="0" />
                      <property name="repeatIteration" value="0" />
                    </properties>
                  </test-case>
                  <test-case id="1009" name="EachRoleRequiresBriefingInteractionAndAssembly(&quot;role-04&quot;,&quot;anchor-04&quot;)" fullname="ChooGuard.Foundation.Demo.Tests.DemoFlowTests.EachRoleRequiresBriefingInteractionAndAssembly(&quot;role-04&quot;,&quot;anchor-04&quot;)" methodname="EachRoleRequiresBriefingInteractionAndAssembly" classname="ChooGuard.Foundation.Demo.Tests.DemoFlowTests" runstate="Runnable" seed="1005690630" result="Passed" start-time="2026-09-14 08:40:03Z" end-time="2026-09-14 08:40:03Z" duration="0.000342" asserts="0">
                    <properties>
                      <property name="retryIteration" value="0" />
                      <property name="repeatIteration" value="0" />
                    </properties>
                  </test-case>
                  <test-case id="1010" name="EachRoleRequiresBriefingInteractionAndAssembly(&quot;role-05&quot;,&quot;anchor-05&quot;)" fullname="ChooGuard.Foundation.Demo.Tests.DemoFlowTests.EachRoleRequiresBriefingInteractionAndAssembly(&quot;role-05&quot;,&quot;anchor-05&quot;)" methodname="EachRoleRequiresBriefingInteractionAndAssembly" classname="ChooGuard.Foundation.Demo.Tests.DemoFlowTests" runstate="Runnable" seed="1984917342" result="Passed" start-time="2026-09-14 08:40:03Z" end-time="2026-09-14 08:40:03Z" duration="0.000339" asserts="0">
                    <properties>
                      <property name="retryIteration" value="0" />
                      <property name="repeatIteration" value="0" />
                    </properties>
                  </test-case>
                </test-suite>
                <test-case id="1017" name="InvalidSelectionAndPrematureStartCannotSkipBriefing" fullname="ChooGuard.Foundation.Demo.Tests.DemoFlowTests.InvalidSelectionAndPrematureStartCannotSkipBriefing" methodname="InvalidSelectionAndPrematureStartCannotSkipBriefing" classname="ChooGuard.Foundation.Demo.Tests.DemoFlowTests" runstate="Runnable" seed="2035068598" result="Passed" start-time="2026-09-14 08:40:03Z" end-time="2026-09-14 08:40:03Z" duration="0.000515" asserts="0">
                  <properties>
                    <property name="retryIteration" value="0" />
                    <property name="repeatIteration" value="0" />
                  </properties>
                </test-case>
                <test-case id="1016" name="RestartClearsRoleIncidentTeamAndFeedback" fullname="ChooGuard.Foundation.Demo.Tests.DemoFlowTests.RestartClearsRoleIncidentTeamAndFeedback" methodname="RestartClearsRoleIncidentTeamAndFeedback" classname="ChooGuard.Foundation.Demo.Tests.DemoFlowTests" runstate="Runnable" seed="574874860" result="Passed" start-time="2026-09-14 08:40:03Z" end-time="2026-09-14 08:40:03Z" duration="0.002121" asserts="0">
                  <properties>
                    <property name="retryIteration" value="0" />
                    <property name="repeatIteration" value="0" />
                  </properties>
                </test-case>
                <test-suite type="ParameterizedMethod" id="1015" name="WrongTargetDoesNotCompleteOrNotify" fullname="ChooGuard.Foundation.Demo.Tests.DemoFlowTests.WrongTargetDoesNotCompleteOrNotify" classname="ChooGuard.Foundation.Demo.Tests.DemoFlowTests" runstate="Runnable" testcasecount="3" result="Passed" start-time="2026-09-14 08:40:03Z" end-time="2026-09-14 08:40:03Z" duration="0.002000" total="3" passed="3" failed="0" inconclusive="0" skipped="0" asserts="0">
                  <properties />
                  <test-case id="1012" name="WrongTargetDoesNotCompleteOrNotify(null)" fullname="ChooGuard.Foundation.Demo.Tests.DemoFlowTests.WrongTargetDoesNotCompleteOrNotify(null)" methodname="WrongTargetDoesNotCompleteOrNotify" classname="ChooGuard.Foundation.Demo.Tests.DemoFlowTests" runstate="Runnable" seed="1899067495" result="Passed" start-time="2026-09-14 08:40:03Z" end-time="2026-09-14 08:40:03Z" duration="0.000738" asserts="0">
                    <properties>
                      <property name="retryIteration" value="0" />
                      <property name="repeatIteration" value="0" />
                    </properties>
                  </test-case>
                  <test-case id="1013" name="WrongTargetDoesNotCompleteOrNotify(&quot;&quot;)" fullname="ChooGuard.Foundation.Demo.Tests.DemoFlowTests.WrongTargetDoesNotCompleteOrNotify(&quot;&quot;)" methodname="WrongTargetDoesNotCompleteOrNotify" classname="ChooGuard.Foundation.Demo.Tests.DemoFlowTests" runstate="Runnable" seed="50886239" result="Passed" start-time="2026-09-14 08:40:03Z" end-time="2026-09-14 08:40:03Z" duration="0.000336" asserts="0">
                    <properties>
                      <property name="retryIteration" value="0" />
                      <property name="repeatIteration" value="0" />
                    </properties>
                  </test-case>
                  <test-case id="1014" name="WrongTargetDoesNotCompleteOrNotify(&quot;anchor-02&quot;)" fullname="ChooGuard.Foundation.Demo.Tests.DemoFlowTests.WrongTargetDoesNotCompleteOrNotify(&quot;anchor-02&quot;)" methodname="WrongTargetDoesNotCompleteOrNotify" classname="ChooGuard.Foundation.Demo.Tests.DemoFlowTests" runstate="Runnable" seed="1001605351" result="Passed" start-time="2026-09-14 08:40:03Z" end-time="2026-09-14 08:40:03Z" duration="0.000338" asserts="0">
                    <properties>
                      <property name="retryIteration" value="0" />
                      <property name="repeatIteration" value="0" />
                    </properties>
                  </test-case>
                </test-suite>
              </test-suite>
              <test-suite type="TestFixture" id="1018" name="DemoNavigationTests" fullname="ChooGuard.Foundation.Demo.Tests.DemoNavigationTests" classname="ChooGuard.Foundation.Demo.Tests.DemoNavigationTests" runstate="Runnable" testcasecount="6" result="Passed" start-time="2026-09-14 08:40:03Z" end-time="2026-09-14 08:40:03Z" duration="0.002559" total="6" passed="6" failed="0" inconclusive="0" skipped="0" asserts="0">
                <properties />
                <test-suite type="ParameterizedMethod" id="1024" name="BearingPreservesTargetsOutsideTheView" fullname="ChooGuard.Foundation.Demo.Tests.DemoNavigationTests.BearingPreservesTargetsOutsideTheView" classname="ChooGuard.Foundation.Demo.Tests.DemoNavigationTests" runstate="Runnable" testcasecount="5" result="Passed" start-time="2026-09-14 08:40:03Z" end-time="2026-09-14 08:40:03Z" duration="0.001978" total="5" passed="5" failed="0" inconclusive="0" skipped="0" asserts="0">
                  <properties />
                  <test-case id="1019" name="BearingPreservesTargetsOutsideTheView(0,0,10,0)" fullname="ChooGuard.Foundation.Demo.Tests.DemoNavigationTests.BearingPreservesTargetsOutsideTheView(0,0,10,0)" methodname="BearingPreservesTargetsOutsideTheView" classname="ChooGuard.Foundation.Demo.Tests.DemoNavigationTests" runstate="Runnable" seed="1913007526" result="Passed" start-time="2026-09-14 08:40:03Z" end-time="2026-09-14 08:40:03Z" duration="0.001306" asserts="0">
                    <properties>
                      <property name="retryIteration" value="0" />
                      <property name="repeatIteration" value="0" />
                    </properties>
                  </test-case>
                  <test-case id="1020" name="BearingPreservesTargetsOutsideTheView(0,10,0,90)" fullname="ChooGuard.Foundation.Demo.Tests.DemoNavigationTests.BearingPreservesTargetsOutsideTheView(0,10,0,90)" methodname="BearingPreservesTargetsOutsideTheView" classname="ChooGuard.Foundation.Demo.Tests.DemoNavigationTests" runstate="Runnable" seed="1341929992" result="Passed" start-time="2026-09-14 08:40:03Z" end-time="2026-09-14 08:40:03Z" duration="0.000042" asserts="0">
                    <properties>
                      <property name="retryIteration" value="0" />
                      <property name="repeatIteration" value="0" />
                    </properties>
                  </test-case>
                  <test-case id="1021" name="BearingPreservesTargetsOutsideTheView(0,-10,0,-90)" fullname="ChooGuard.Foundation.Demo.Tests.DemoNavigationTests.BearingPreservesTargetsOutsideTheView(0,-10,0,-90)" methodname="BearingPreservesTargetsOutsideTheView" classname="ChooGuard.Foundation.Demo.Tests.DemoNavigationTests" runstate="Runnable" seed="81724768" result="Passed" start-time="2026-09-14 08:40:03Z" end-time="2026-09-14 08:40:03Z" duration="0.000044" asserts="0">
                    <properties>
                      <property name="retryIteration" value="0" />
                      <property name="repeatIteration" value="0" />
                    </properties>
                  </test-case>
                  <test-case id="1022" name="BearingPreservesTargetsOutsideTheView(0,0,-10,180)" fullname="ChooGuard.Foundation.Demo.Tests.DemoNavigationTests.BearingPreservesTargetsOutsideTheView(0,0,-10,180)" methodname="BearingPreservesTargetsOutsideTheView" classname="ChooGuard.Foundation.Demo.Tests.DemoNavigationTests" runstate="Runnable" seed="1875888180" result="Passed" start-time="2026-09-14 08:40:03Z" end-time="2026-09-14 08:40:03Z" duration="0.000037" asserts="0">
                    <properties>
                      <property name="retryIteration" value="0" />
                      <property name="repeatIteration" value="0" />
                    </properties>
                  </test-case>
                  <test-case id="1023" name="BearingPreservesTargetsOutsideTheView(90,0,10,-90)" fullname="ChooGuard.Foundation.Demo.Tests.DemoNavigationTests.BearingPreservesTargetsOutsideTheView(90,0,10,-90)" methodname="BearingPreservesTargetsOutsideTheView" classname="ChooGuard.Foundation.Demo.Tests.DemoNavigationTests" runstate="Runnable" seed="1774144027" result="Passed" start-time="2026-09-14 08:40:03Z" end-time="2026-09-14 08:40:03Z" duration="0.000034" asserts="0">
                    <properties>
                      <property name="retryIteration" value="0" />
                      <property name="repeatIteration" value="0" />
                    </properties>
                  </test-case>
                </test-suite>
                <test-case id="1025" name="CoincidentTargetHasNoSpuriousHeading" fullname="ChooGuard.Foundation.Demo.Tests.DemoNavigationTests.CoincidentTargetHasNoSpuriousHeading" methodname="CoincidentTargetHasNoSpuriousHeading" classname="ChooGuard.Foundation.Demo.Tests.DemoNavigationTests" runstate="Runnable" seed="999800887" result="Passed" start-time="2026-09-14 08:40:03Z" end-time="2026-09-14 08:40:03Z" duration="0.000120" asserts="0">
                  <properties>
                    <property name="retryIteration" value="0" />
                    <property name="repeatIteration" value="0" />
                  </properties>
                </test-case>
              </test-suite>
              <test-suite type="TestFixture" id="1026" name="ReconstructionReviewTests" fullname="ChooGuard.Foundation.Demo.Tests.ReconstructionReviewTests" classname="ChooGuard.Foundation.Demo.Tests.ReconstructionReviewTests" runstate="Runnable" testcasecount="12" result="Skipped" label="Ignored" start-time="2026-09-14 08:40:03Z" end-time="2026-09-14 08:40:03Z" duration="0.035674" total="12" passed="11" failed="0" inconclusive="0" skipped="1" asserts="0">
                <properties />
                <reason>
                  <message><![CDATA[One or more child tests were ignored]]></message>
                </reason>
                <test-case id="1027" name="BatchStartupMayReplaceOnlyOneCleanUntitledScene" fullname="ChooGuard.Foundation.Demo.Tests.ReconstructionReviewTests.BatchStartupMayReplaceOnlyOneCleanUntitledScene" methodname="BatchStartupMayReplaceOnlyOneCleanUntitledScene" classname="ChooGuard.Foundation.Demo.Tests.ReconstructionReviewTests" runstate="Runnable" seed="743645868" result="Passed" start-time="2026-09-14 08:40:03Z" end-time="2026-09-14 08:40:03Z" duration="0.000262" asserts="0">
                  <properties>
                    <property name="retryIteration" value="0" />
                    <property name="repeatIteration" value="0" />
                  </properties>
                </test-case>
                <test-case id="1029" name="ImportedGeometryRequiresCorrectBoundsColorsTrianglesAndNoCollision" fullname="ChooGuard.Foundation.Demo.Tests.ReconstructionReviewTests.ImportedGeometryRequiresCorrectBoundsColorsTrianglesAndNoCollision" methodname="ImportedGeometryRequiresCorrectBoundsColorsTrianglesAndNoCollision" classname="ChooGuard.Foundation.Demo.Tests.ReconstructionReviewTests" runstate="Runnable" seed="717527656" result="Passed" start-time="2026-09-14 08:40:03Z" end-time="2026-09-14 08:40:03Z" duration="0.009103" asserts="0">
                  <properties>
                    <property name="retryIteration" value="0" />
                    <property name="repeatIteration" value="0" />
                  </properties>
                </test-case>
                <test-case id="1030" name="ImportedLinearColorSamplesRejectChannelSwapGammaAndWrongSamplePosition" fullname="ChooGuard.Foundation.Demo.Tests.ReconstructionReviewTests.ImportedLinearColorSamplesRejectChannelSwapGammaAndWrongSamplePosition" methodname="ImportedLinearColorSamplesRejectChannelSwapGammaAndWrongSamplePosition" classname="ChooGuard.Foundation.Demo.Tests.ReconstructionReviewTests" runstate="Runnable" seed="1336381265" result="Passed" start-time="2026-09-14 08:40:03Z" end-time="2026-09-14 08:40:03Z" duration="0.002981" asserts="0">
                  <properties>
                    <property name="retryIteration" value="0" />
                    <property name="repeatIteration" value="0" />
                  </properties>
                </test-case>
                <test-case id="1031" name="ManifestRejectsMetricCollisionAndWrongCoordinateContract" fullname="ChooGuard.Foundation.Demo.Tests.ReconstructionReviewTests.ManifestRejectsMetricCollisionAndWrongCoordinateContract" methodname="ManifestRejectsMetricCollisionAndWrongCoordinateContract" classname="ChooGuard.Foundation.Demo.Tests.ReconstructionReviewTests" runstate="Runnable" seed="833482933" result="Passed" start-time="2026-09-14 08:40:03Z" end-time="2026-09-14 08:40:03Z" duration="0.003530" asserts="0">
                  <properties>
                    <property name="retryIteration" value="0" />
                    <property name="repeatIteration" value="0" />
                  </properties>
                </test-case>
                <test-suite type="ParameterizedMethod" id="1035" name="OnlyAuthoredStudyReceivesReviewLightsAndLitShader" fullname="ChooGuard.Foundation.Demo.Tests.ReconstructionReviewTests.OnlyAuthoredStudyReceivesReviewLightsAndLitShader" classname="ChooGuard.Foundation.Demo.Tests.ReconstructionReviewTests" runstate="Runnable" testcasecount="2" result="Passed" start-time="2026-09-14 08:40:03Z" end-time="2026-09-14 08:40:03Z" duration="0.003916" total="2" passed="2" failed="0" inconclusive="0" skipped="0" asserts="0">
                  <properties />
                  <test-case id="1033" name="OnlyAuthoredStudyReceivesReviewLightsAndLitShader(&quot;observed-unlit&quot;,0,&quot;CHOOGuard/ReconstructionVertexColor&quot;)" fullname="ChooGuard.Foundation.Demo.Tests.ReconstructionReviewTests.OnlyAuthoredStudyReceivesReviewLightsAndLitShader(&quot;observed-unlit&quot;,0,&quot;CHOOGuard/ReconstructionVertexColor&quot;)" methodname="OnlyAuthoredStudyReceivesReviewLightsAndLitShader" classname="ChooGuard.Foundation.Demo.Tests.ReconstructionReviewTests" runstate="Runnable" seed="1340800516" result="Passed" start-time="2026-09-14 08:40:03Z" end-time="2026-09-14 08:40:03Z" duration="0.002216" asserts="0">
                    <properties>
                      <property name="retryIteration" value="0" />
                      <property name="repeatIteration" value="0" />
                    </properties>
                  </test-case>
                  <test-case id="1034" name="OnlyAuthoredStudyReceivesReviewLightsAndLitShader(&quot;authored-lit&quot;,2,&quot;CHOOGuard/ReconstructionVertexColorLit&quot;)" fullname="ChooGuard.Foundation.Demo.Tests.ReconstructionReviewTests.OnlyAuthoredStudyReceivesReviewLightsAndLitShader(&quot;authored-lit&quot;,2,&quot;CHOOGuard/ReconstructionVertexColorLit&quot;)" methodname="OnlyAuthoredStudyReceivesReviewLightsAndLitShader" classname="ChooGuard.Foundation.Demo.Tests.ReconstructionReviewTests" runstate="Runnable" seed="103514517" result="Passed" start-time="2026-09-14 08:40:03Z" end-time="2026-09-14 08:40:03Z" duration="0.000990" asserts="0">
                    <properties>
                      <property name="retryIteration" value="0" />
                      <property name="repeatIteration" value="0" />
                    </properties>
                  </test-case>
                </test-suite>
                <test-case id="1028" name="ReviewCoordinateReflectionPreservesAsymmetricFixtureWithoutMetricScaling" fullname="ChooGuard.Foundation.Demo.Tests.ReconstructionReviewTests.ReviewCoordinateReflectionPreservesAsymmetricFixtureWithoutMetricScaling" methodname="ReviewCoordinateReflectionPreservesAsymmetricFixtureWithoutMetricScaling" classname="ChooGuard.Foundation.Demo.Tests.ReconstructionReviewTests" runstate="Runnable" seed="1798155399" result="Passed" start-time="2026-09-14 08:40:03Z" end-time="2026-09-14 08:40:03Z" duration="0.000636" asserts="0">
                  <properties>
                    <property name="retryIteration" value="0" />
                    <property name="repeatIteration" value="0" />
                  </properties>
                </test-case>
                <test-case id="1032" name="ShadingDefaultsToObservedAndRejectsUnknownOrAmbiguousModes" fullname="ChooGuard.Foundation.Demo.Tests.ReconstructionReviewTests.ShadingDefaultsToObservedAndRejectsUnknownOrAmbiguousModes" methodname="ShadingDefaultsToObservedAndRejectsUnknownOrAmbiguousModes" classname="ChooGuard.Foundation.Demo.Tests.ReconstructionReviewTests" runstate="Runnable" seed="336569178" result="Passed" start-time="2026-09-14 08:40:03Z" end-time="2026-09-14 08:40:03Z" duration="0.000696" asserts="0">
                  <properties>
                    <property name="retryIteration" value="0" />
                    <property name="repeatIteration" value="0" />
                  </properties>
                </test-case>
                <test-case id="1040" name="SourceAvailableBuildPreservesBoundsOneViewAndSerializedOriginCamera" fullname="ChooGuard.Foundation.Demo.Tests.ReconstructionReviewTests.SourceAvailableBuildPreservesBoundsOneViewAndSerializedOriginCamera" methodname="SourceAvailableBuildPreservesBoundsOneViewAndSerializedOriginCamera" classname="ChooGuard.Foundation.Demo.Tests.ReconstructionReviewTests" runstate="Runnable" seed="866835917" result="Skipped" label="Ignored" start-time="2026-09-14 08:40:03Z" end-time="2026-09-14 08:40:03Z" duration="0.003940" asserts="0">
                  <properties>
                    <property name="retryIteration" value="0" />
                    <property name="repeatIteration" value="0" />
                  </properties>
                  <reason>
                    <message><![CDATA[Local reconstruction output is intentionally not Git-tracked.]]></message>
                  </reason>
                </test-case>
                <test-case id="1039" name="SourceMustBeOwnedLocalOutputAndItsHashesMustMatch" fullname="ChooGuard.Foundation.Demo.Tests.ReconstructionReviewTests.SourceMustBeOwnedLocalOutputAndItsHashesMustMatch" methodname="SourceMustBeOwnedLocalOutputAndItsHashesMustMatch" classname="ChooGuard.Foundation.Demo.Tests.ReconstructionReviewTests" runstate="Runnable" seed="1565485289" result="Passed" start-time="2026-09-14 08:40:03Z" end-time="2026-09-14 08:40:03Z" duration="0.005593" asserts="0">
                  <properties>
                    <property name="retryIteration" value="0" />
                    <property name="repeatIteration" value="0" />
                  </properties>
                </test-case>
                <test-suite type="ParameterizedMethod" id="1038" name="ViewNavigationKeepsOneAssemblyActiveForOneOrTwoViews" fullname="ChooGuard.Foundation.Demo.Tests.ReconstructionReviewTests.ViewNavigationKeepsOneAssemblyActiveForOneOrTwoViews" classname="ChooGuard.Foundation.Demo.Tests.ReconstructionReviewTests" runstate="Runnable" testcasecount="2" result="Passed" start-time="2026-09-14 08:40:03Z" end-time="2026-09-14 08:40:03Z" duration="0.003618" total="2" passed="2" failed="0" inconclusive="0" skipped="0" asserts="0">
                  <properties />
                  <test-case id="1036" name="ViewNavigationKeepsOneAssemblyActiveForOneOrTwoViews(1)" fullname="ChooGuard.Foundation.Demo.Tests.ReconstructionReviewTests.ViewNavigationKeepsOneAssemblyActiveForOneOrTwoViews(1)" methodname="ViewNavigationKeepsOneAssemblyActiveForOneOrTwoViews" classname="ChooGuard.Foundation.Demo.Tests.ReconstructionReviewTests" runstate="Runnable" seed="1489746140" result="Passed" start-time="2026-09-14 08:40:03Z" end-time="2026-09-14 08:40:03Z" duration="0.002745" asserts="0">
                    <properties>
                      <property name="retryIteration" value="0" />
                      <property name="repeatIteration" value="0" />
                    </properties>
                  </test-case>
                  <test-case id="1037" name="ViewNavigationKeepsOneAssemblyActiveForOneOrTwoViews(2)" fullname="ChooGuard.Foundation.Demo.Tests.ReconstructionReviewTests.ViewNavigationKeepsOneAssemblyActiveForOneOrTwoViews(2)" methodname="ViewNavigationKeepsOneAssemblyActiveForOneOrTwoViews" classname="ChooGuard.Foundation.Demo.Tests.ReconstructionReviewTests" runstate="Runnable" seed="58427204" result="Passed" start-time="2026-09-14 08:40:03Z" end-time="2026-09-14 08:40:03Z" duration="0.000140" asserts="0">
                    <properties>
                      <property name="retryIteration" value="0" />
                      <property name="repeatIteration" value="0" />
                    </properties>
                  </test-case>
                </test-suite>
              </test-suite>
              <test-suite type="TestFixture" id="1041" name="SceneBuilderTests" fullname="ChooGuard.Foundation.Demo.Tests.SceneBuilderTests" classname="ChooGuard.Foundation.Demo.Tests.SceneBuilderTests" runstate="Runnable" testcasecount="25" result="Passed" start-time="2026-09-14 08:40:03Z" end-time="2026-09-14 08:40:37Z" duration="34.430131" total="25" passed="25" failed="0" inconclusive="0" skipped="0" asserts="0">
                <properties />
                <test-case id="1059" name="BlenderModelsHaveMetreScaleAndExpandedRoutesReachEverySharedObject" fullname="ChooGuard.Foundation.Demo.Tests.SceneBuilderTests.BlenderModelsHaveMetreScaleAndExpandedRoutesReachEverySharedObject" methodname="BlenderModelsHaveMetreScaleAndExpandedRoutesReachEverySharedObject" classname="ChooGuard.Foundation.Demo.Tests.SceneBuilderTests" runstate="Runnable" seed="962010133" result="Passed" start-time="2026-09-14 08:40:03Z" end-time="2026-09-14 08:40:05Z" duration="2.389410" asserts="0">
                  <properties>
                    <property name="retryIteration" value="0" />
                    <property name="repeatIteration" value="0" />
                  </properties>
                  <output><![CDATA[Unloading the last loaded scene Assets/CHOOguardGenerated/Tests_77aa1a492cbd461b97a09e97ce083fe9/FoundationDemo.unity(build index: -1), is not supported. Please use SceneManager.LoadScene()/EditorSceneManager.OpenScene() to switch to another scene.
]]></output>
                </test-case>
                <test-case id="1042" name="BuildsMapFiveDistinctAnchorsPlayerCameraAndAssembly" fullname="ChooGuard.Foundation.Demo.Tests.SceneBuilderTests.BuildsMapFiveDistinctAnchorsPlayerCameraAndAssembly" methodname="BuildsMapFiveDistinctAnchorsPlayerCameraAndAssembly" classname="ChooGuard.Foundation.Demo.Tests.SceneBuilderTests" runstate="Runnable" seed="377498079" result="Passed" start-time="2026-09-14 08:40:05Z" end-time="2026-09-14 08:40:07Z" duration="1.707098" asserts="0">
                  <properties>
                    <property name="retryIteration" value="0" />
                    <property name="repeatIteration" value="0" />
                  </properties>
                  <output><![CDATA[Unloading the last loaded scene Assets/CHOOguardGenerated/Tests_95107132d4164fd0afb8a4597041c523/FoundationDemo.unity(build index: -1), is not supported. Please use SceneManager.LoadScene()/EditorSceneManager.OpenScene() to switch to another scene.
]]></output>
                </test-case>
                <test-case id="1045" name="CentralRouteAndEveryAnchorApproachHaveCapsuleClearanceAndFloorSupport" fullname="ChooGuard.Foundation.Demo.Tests.SceneBuilderTests.CentralRouteAndEveryAnchorApproachHaveCapsuleClearanceAndFloorSupport" methodname="CentralRouteAndEveryAnchorApproachHaveCapsuleClearanceAndFloorSupport" classname="ChooGuard.Foundation.Demo.Tests.SceneBuilderTests" runstate="Runnable" seed="1492591744" result="Passed" start-time="2026-09-14 08:40:07Z" end-time="2026-09-14 08:40:11Z" duration="4.386725" asserts="0">
                  <properties>
                    <property name="retryIteration" value="0" />
                    <property name="repeatIteration" value="0" />
                  </properties>
                  <output><![CDATA[Unloading the last loaded scene Assets/CHOOguardGenerated/Tests_26fe0c3d4f6a4991b14065f5612ff919/FoundationDemo.unity(build index: -1), is not supported. Please use SceneManager.LoadScene()/EditorSceneManager.OpenScene() to switch to another scene.
]]></output>
                </test-case>
                <test-case id="1054" name="DetailedPropCatalogueUsesDecorativeGeometryAndBoundedComplexity" fullname="ChooGuard.Foundation.Demo.Tests.SceneBuilderTests.DetailedPropCatalogueUsesDecorativeGeometryAndBoundedComplexity" methodname="DetailedPropCatalogueUsesDecorativeGeometryAndBoundedComplexity" classname="ChooGuard.Foundation.Demo.Tests.SceneBuilderTests" runstate="Runnable" seed="104773193" result="Passed" start-time="2026-09-14 08:40:11Z" end-time="2026-09-14 08:40:14Z" duration="3.014443" asserts="0">
                  <properties>
                    <property name="retryIteration" value="0" />
                    <property name="repeatIteration" value="0" />
                  </properties>
                  <output><![CDATA[Unloading the last loaded scene Assets/CHOOguardGenerated/Tests_3a3ff2a0aa15457a98dd18a6d8fad6d3/FoundationDemo.unity(build index: -1), is not supported. Please use SceneManager.LoadScene()/EditorSceneManager.OpenScene() to switch to another scene.
]]></output>
                </test-case>
                <test-case id="1066" name="DetailedReferencesHaveDistinctTerminalsAndAppropriateCollisionBodies" fullname="ChooGuard.Foundation.Demo.Tests.SceneBuilderTests.DetailedReferencesHaveDistinctTerminalsAndAppropriateCollisionBodies" methodname="DetailedReferencesHaveDistinctTerminalsAndAppropriateCollisionBodies" classname="ChooGuard.Foundation.Demo.Tests.SceneBuilderTests" runstate="Runnable" seed="203539050" result="Passed" start-time="2026-09-14 08:40:14Z" end-time="2026-09-14 08:40:16Z" duration="1.566287" asserts="0">
                  <properties>
                    <property name="retryIteration" value="0" />
                    <property name="repeatIteration" value="0" />
                  </properties>
                  <output><![CDATA[Unloading the last loaded scene Assets/CHOOguardGenerated/Tests_e0bcfe4c778b4e3487d2940c93b49af0/FoundationDemo.unity(build index: -1), is not supported. Please use SceneManager.LoadScene()/EditorSceneManager.OpenScene() to switch to another scene.
]]></output>
                </test-case>
                <test-case id="1053" name="DirtySceneStopsGenerationBeforeWritingAssets" fullname="ChooGuard.Foundation.Demo.Tests.SceneBuilderTests.DirtySceneStopsGenerationBeforeWritingAssets" methodname="DirtySceneStopsGenerationBeforeWritingAssets" classname="ChooGuard.Foundation.Demo.Tests.SceneBuilderTests" runstate="Runnable" seed="1710331102" result="Passed" start-time="2026-09-14 08:40:16Z" end-time="2026-09-14 08:40:16Z" duration="0.017149" asserts="0">
                  <properties>
                    <property name="retryIteration" value="0" />
                    <property name="repeatIteration" value="0" />
                  </properties>
                  <output><![CDATA[Unloading the last loaded scene (build index: -1), is not supported. Please use SceneManager.LoadScene()/EditorSceneManager.OpenScene() to switch to another scene.
]]></output>
                </test-case>
                <test-case id="1057" name="EquipmentAndRoomLabelsStayAtPhysicalSignScale" fullname="ChooGuard.Foundation.Demo.Tests.SceneBuilderTests.EquipmentAndRoomLabelsStayAtPhysicalSignScale" methodname="EquipmentAndRoomLabelsStayAtPhysicalSignScale" classname="ChooGuard.Foundation.Demo.Tests.SceneBuilderTests" runstate="Runnable" seed="1593121838" result="Passed" start-time="2026-09-14 08:40:16Z" end-time="2026-09-14 08:40:17Z" duration="1.554061" asserts="0">
                  <properties>
                    <property name="retryIteration" value="0" />
                    <property name="repeatIteration" value="0" />
                  </properties>
                  <output><![CDATA[Unloading the last loaded scene Assets/CHOOguardGenerated/Tests_1e47382088184577b1cbb4d6ac64580e/FoundationDemo.unity(build index: -1), is not supported. Please use SceneManager.LoadScene()/EditorSceneManager.OpenScene() to switch to another scene.
]]></output>
                </test-case>
                <test-case id="1062" name="FloorTileUvCoversTheTopFaceAtOneMetreScale" fullname="ChooGuard.Foundation.Demo.Tests.SceneBuilderTests.FloorTileUvCoversTheTopFaceAtOneMetreScale" methodname="FloorTileUvCoversTheTopFaceAtOneMetreScale" classname="ChooGuard.Foundation.Demo.Tests.SceneBuilderTests" runstate="Runnable" seed="624624744" result="Passed" start-time="2026-09-14 08:40:17Z" end-time="2026-09-14 08:40:17Z" duration="0.004636" asserts="0">
                  <properties>
                    <property name="retryIteration" value="0" />
                    <property name="repeatIteration" value="0" />
                  </properties>
                </test-case>
                <test-case id="1058" name="GeneratedPrefabLibraryContainsReusablePropFamilies" fullname="ChooGuard.Foundation.Demo.Tests.SceneBuilderTests.GeneratedPrefabLibraryContainsReusablePropFamilies" methodname="GeneratedPrefabLibraryContainsReusablePropFamilies" classname="ChooGuard.Foundation.Demo.Tests.SceneBuilderTests" runstate="Runnable" seed="1473832412" result="Passed" start-time="2026-09-14 08:40:17Z" end-time="2026-09-14 08:40:19Z" duration="1.486194" asserts="0">
                  <properties>
                    <property name="retryIteration" value="0" />
                    <property name="repeatIteration" value="0" />
                  </properties>
                  <output><![CDATA[Unloading the last loaded scene Assets/CHOOguardGenerated/Tests_19793032aede4f10b802d014a3b4ed5c/FoundationDemo.unity(build index: -1), is not supported. Please use SceneManager.LoadScene()/EditorSceneManager.OpenScene() to switch to another scene.
]]></output>
                </test-case>
                <test-case id="1068" name="ImportedAsymmetricGeometryMatchesAuthoredCollisionCoordinates" fullname="ChooGuard.Foundation.Demo.Tests.SceneBuilderTests.ImportedAsymmetricGeometryMatchesAuthoredCollisionCoordinates" methodname="ImportedAsymmetricGeometryMatchesAuthoredCollisionCoordinates" classname="ChooGuard.Foundation.Demo.Tests.SceneBuilderTests" runstate="Runnable" seed="1921586768" result="Passed" start-time="2026-09-14 08:40:19Z" end-time="2026-09-14 08:40:20Z" duration="1.522132" asserts="0">
                  <properties>
                    <property name="retryIteration" value="0" />
                    <property name="repeatIteration" value="0" />
                  </properties>
                  <output><![CDATA[Unloading the last loaded scene Assets/CHOOguardGenerated/Tests_87740a3d5e3844ec9a038c4f9b698890/FoundationDemo.unity(build index: -1), is not supported. Please use SceneManager.LoadScene()/EditorSceneManager.OpenScene() to switch to another scene.
]]></output>
                </test-case>
                <test-case id="1055" name="MacBuildRefusesForeignOutputBeforeGeneratingOrOverwriting" fullname="ChooGuard.Foundation.Demo.Tests.SceneBuilderTests.MacBuildRefusesForeignOutputBeforeGeneratingOrOverwriting" methodname="MacBuildRefusesForeignOutputBeforeGeneratingOrOverwriting" classname="ChooGuard.Foundation.Demo.Tests.SceneBuilderTests" runstate="Runnable" seed="725902630" result="Passed" start-time="2026-09-14 08:40:20Z" end-time="2026-09-14 08:40:20Z" duration="0.004924" asserts="0">
                  <properties>
                    <property name="retryIteration" value="0" />
                    <property name="repeatIteration" value="0" />
                  </properties>
                </test-case>
                <test-case id="1067" name="MannequinFacingAndSolesMatchTravelAndFloorAtGaitExtremes" fullname="ChooGuard.Foundation.Demo.Tests.SceneBuilderTests.MannequinFacingAndSolesMatchTravelAndFloorAtGaitExtremes" methodname="MannequinFacingAndSolesMatchTravelAndFloorAtGaitExtremes" classname="ChooGuard.Foundation.Demo.Tests.SceneBuilderTests" runstate="Runnable" seed="420898890" result="Passed" start-time="2026-09-14 08:40:20Z" end-time="2026-09-14 08:40:22Z" duration="2.103132" asserts="0">
                  <properties>
                    <property name="retryIteration" value="0" />
                    <property name="repeatIteration" value="0" />
                  </properties>
                  <output><![CDATA[Unloading the last loaded scene Assets/CHOOguardGenerated/Tests_704b81dc4b544d279ab552513edf5b37/FoundationDemo.unity(build index: -1), is not supported. Please use SceneManager.LoadScene()/EditorSceneManager.OpenScene() to switch to another scene.
]]></output>
                </test-case>
                <test-suite type="ParameterizedMethod" id="1065" name="PreviousMaterialOwnershipMigratesWithoutOverwritingNewTeamFiles" fullname="ChooGuard.Foundation.Demo.Tests.SceneBuilderTests.PreviousMaterialOwnershipMigratesWithoutOverwritingNewTeamFiles" classname="ChooGuard.Foundation.Demo.Tests.SceneBuilderTests" runstate="Runnable" testcasecount="2" result="Passed" start-time="2026-09-14 08:40:22Z" end-time="2026-09-14 08:40:28Z" duration="5.838438" total="2" passed="2" failed="0" inconclusive="0" skipped="0" asserts="0">
                  <properties />
                  <test-case id="1063" name="PreviousMaterialOwnershipMigratesWithoutOverwritingNewTeamFiles(4)" fullname="ChooGuard.Foundation.Demo.Tests.SceneBuilderTests.PreviousMaterialOwnershipMigratesWithoutOverwritingNewTeamFiles(4)" methodname="PreviousMaterialOwnershipMigratesWithoutOverwritingNewTeamFiles" classname="ChooGuard.Foundation.Demo.Tests.SceneBuilderTests" runstate="Runnable" seed="1622474451" result="Passed" start-time="2026-09-14 08:40:22Z" end-time="2026-09-14 08:40:26Z" duration="3.168396" asserts="0">
                    <properties>
                      <property name="retryIteration" value="0" />
                      <property name="repeatIteration" value="0" />
                    </properties>
                    <output><![CDATA[Unloading the last loaded scene Assets/CHOOguardGenerated/Tests_5246720a99594051b2b80dda9699d5a7/FoundationDemo.unity(build index: -1), is not supported. Please use SceneManager.LoadScene()/EditorSceneManager.OpenScene() to switch to another scene.
Unloading the last loaded scene Assets/CHOOguardGenerated/Tests_5246720a99594051b2b80dda9699d5a7/FoundationDemo.unity(build index: -1), is not supported. Please use SceneManager.LoadScene()/EditorSceneManager.OpenScene() to switch to another scene.
]]></output>
                  </test-case>
                  <test-case id="1064" name="PreviousMaterialOwnershipMigratesWithoutOverwritingNewTeamFiles(5)" fullname="ChooGuard.Foundation.Demo.Tests.SceneBuilderTests.PreviousMaterialOwnershipMigratesWithoutOverwritingNewTeamFiles(5)" methodname="PreviousMaterialOwnershipMigratesWithoutOverwritingNewTeamFiles" classname="ChooGuard.Foundation.Demo.Tests.SceneBuilderTests" runstate="Runnable" seed="1346518403" result="Passed" start-time="2026-09-14 08:40:26Z" end-time="2026-09-14 08:40:28Z" duration="2.650403" asserts="0">
                    <properties>
                      <property name="retryIteration" value="0" />
                      <property name="repeatIteration" value="0" />
                    </properties>
                    <output><![CDATA[Unloading the last loaded scene Assets/CHOOguardGenerated/Tests_9253cfa9a8f54e46bd965252c7dd75bf/FoundationDemo.unity(build index: -1), is not supported. Please use SceneManager.LoadScene()/EditorSceneManager.OpenScene() to switch to another scene.
Unloading the last loaded scene Assets/CHOOguardGenerated/Tests_9253cfa9a8f54e46bd965252c7dd75bf/FoundationDemo.unity(build index: -1), is not supported. Please use SceneManager.LoadScene()/EditorSceneManager.OpenScene() to switch to another scene.
]]></output>
                  </test-case>
                </test-suite>
                <test-case id="1052" name="PristineUntitledStartupSceneCanGenerateTheDemo" fullname="ChooGuard.Foundation.Demo.Tests.SceneBuilderTests.PristineUntitledStartupSceneCanGenerateTheDemo" methodname="PristineUntitledStartupSceneCanGenerateTheDemo" classname="ChooGuard.Foundation.Demo.Tests.SceneBuilderTests" runstate="Runnable" seed="1353059113" result="Passed" start-time="2026-09-14 08:40:28Z" end-time="2026-09-14 08:40:30Z" duration="1.574876" asserts="0">
                  <properties>
                    <property name="retryIteration" value="0" />
                    <property name="repeatIteration" value="0" />
                  </properties>
                  <output><![CDATA[Unloading the last loaded scene Assets/CHOOguardGenerated/Tests_3f126ee473af4a16957582b59f02f71d/FoundationDemo.unity(build index: -1), is not supported. Please use SceneManager.LoadScene()/EditorSceneManager.OpenScene() to switch to another scene.
]]></output>
                </test-case>
                <test-case id="1060" name="ReferenceArtUsesDistinctSurfaceResponseAndValidCurvedNormals" fullname="ChooGuard.Foundation.Demo.Tests.SceneBuilderTests.ReferenceArtUsesDistinctSurfaceResponseAndValidCurvedNormals" methodname="ReferenceArtUsesDistinctSurfaceResponseAndValidCurvedNormals" classname="ChooGuard.Foundation.Demo.Tests.SceneBuilderTests" runstate="Runnable" seed="1883231012" result="Passed" start-time="2026-09-14 08:40:30Z" end-time="2026-09-14 08:40:31Z" duration="1.595096" asserts="0">
                  <properties>
                    <property name="retryIteration" value="0" />
                    <property name="repeatIteration" value="0" />
                  </properties>
                  <output><![CDATA[Unloading the last loaded scene Assets/CHOOguardGenerated/Tests_e79e44ed91054a3db2f4f9c30afec3e4/FoundationDemo.unity(build index: -1), is not supported. Please use SceneManager.LoadScene()/EditorSceneManager.OpenScene() to switch to another scene.
]]></output>
                </test-case>
                <test-case id="1061" name="ReferenceEnvelopeRetainsWalkableGroundAndClosesUpperWalls" fullname="ChooGuard.Foundation.Demo.Tests.SceneBuilderTests.ReferenceEnvelopeRetainsWalkableGroundAndClosesUpperWalls" methodname="ReferenceEnvelopeRetainsWalkableGroundAndClosesUpperWalls" classname="ChooGuard.Foundation.Demo.Tests.SceneBuilderTests" runstate="Runnable" seed="2099592069" result="Passed" start-time="2026-09-14 08:40:31Z" end-time="2026-09-14 08:40:33Z" duration="1.614790" asserts="0">
                  <properties>
                    <property name="retryIteration" value="0" />
                    <property name="repeatIteration" value="0" />
                  </properties>
                  <output><![CDATA[Unloading the last loaded scene Assets/CHOOguardGenerated/Tests_44407cb4a98349849ab19f4d67837a83/FoundationDemo.unity(build index: -1), is not supported. Please use SceneManager.LoadScene()/EditorSceneManager.OpenScene() to switch to another scene.
]]></output>
                </test-case>
                <test-case id="1046" name="RejectsExistingUnownedDirectoryWithoutChangingItsFile" fullname="ChooGuard.Foundation.Demo.Tests.SceneBuilderTests.RejectsExistingUnownedDirectoryWithoutChangingItsFile" methodname="RejectsExistingUnownedDirectoryWithoutChangingItsFile" classname="ChooGuard.Foundation.Demo.Tests.SceneBuilderTests" runstate="Runnable" seed="1348560053" result="Passed" start-time="2026-09-14 08:40:33Z" end-time="2026-09-14 08:40:33Z" duration="0.034176" asserts="0">
                  <properties>
                    <property name="retryIteration" value="0" />
                    <property name="repeatIteration" value="0" />
                  </properties>
                </test-case>
                <test-suite type="ParameterizedMethod" id="1051" name="RejectsOutputOutsideDedicatedGeneratedChild" fullname="ChooGuard.Foundation.Demo.Tests.SceneBuilderTests.RejectsOutputOutsideDedicatedGeneratedChild" classname="ChooGuard.Foundation.Demo.Tests.SceneBuilderTests" runstate="Runnable" testcasecount="4" result="Passed" start-time="2026-09-14 08:40:33Z" end-time="2026-09-14 08:40:33Z" duration="0.010251" total="4" passed="4" failed="0" inconclusive="0" skipped="0" asserts="0">
                  <properties />
                  <test-case id="1047" name="RejectsOutputOutsideDedicatedGeneratedChild(&quot;Assets/ExistingTeamScene&quot;)" fullname="ChooGuard.Foundation.Demo.Tests.SceneBuilderTests.RejectsOutputOutsideDedicatedGeneratedChild(&quot;Assets/ExistingTeamScene&quot;)" methodname="RejectsOutputOutsideDedicatedGeneratedChild" classname="ChooGuard.Foundation.Demo.Tests.SceneBuilderTests" runstate="Runnable" seed="64960150" result="Passed" start-time="2026-09-14 08:40:33Z" end-time="2026-09-14 08:40:33Z" duration="0.001660" asserts="0">
                    <properties>
                      <property name="retryIteration" value="0" />
                      <property name="repeatIteration" value="0" />
                    </properties>
                  </test-case>
                  <test-case id="1048" name="RejectsOutputOutsideDedicatedGeneratedChild(&quot;Assets/CHOOguardGenerated/../ExistingTeamScene&quot;)" fullname="ChooGuard.Foundation.Demo.Tests.SceneBuilderTests.RejectsOutputOutsideDedicatedGeneratedChild(&quot;Assets/CHOOguardGenerated/../ExistingTeamScene&quot;)" methodname="RejectsOutputOutsideDedicatedGeneratedChild" classname="ChooGuard.Foundation.Demo.Tests.SceneBuilderTests" runstate="Runnable" seed="1106752781" result="Passed" start-time="2026-09-14 08:40:33Z" end-time="2026-09-14 08:40:33Z" duration="0.000791" asserts="0">
                    <properties>
                      <property name="retryIteration" value="0" />
                      <property name="repeatIteration" value="0" />
                    </properties>
                  </test-case>
                  <test-case id="1049" name="RejectsOutputOutsideDedicatedGeneratedChild(&quot;Packages/com.xrlab.chooguard.foundation/Demo&quot;)" fullname="ChooGuard.Foundation.Demo.Tests.SceneBuilderTests.RejectsOutputOutsideDedicatedGeneratedChild(&quot;Packages/com.xrlab.chooguard.foundation/Demo&quot;)" methodname="RejectsOutputOutsideDedicatedGeneratedChild" classname="ChooGuard.Foundation.Demo.Tests.SceneBuilderTests" runstate="Runnable" seed="48915299" result="Passed" start-time="2026-09-14 08:40:33Z" end-time="2026-09-14 08:40:33Z" duration="0.000588" asserts="0">
                    <properties>
                      <property name="retryIteration" value="0" />
                      <property name="repeatIteration" value="0" />
                    </properties>
                  </test-case>
                  <test-case id="1050" name="RejectsOutputOutsideDedicatedGeneratedChild(&quot;Assets/CHOOguardGenerated&quot;)" fullname="ChooGuard.Foundation.Demo.Tests.SceneBuilderTests.RejectsOutputOutsideDedicatedGeneratedChild(&quot;Assets/CHOOguardGenerated&quot;)" methodname="RejectsOutputOutsideDedicatedGeneratedChild" classname="ChooGuard.Foundation.Demo.Tests.SceneBuilderTests" runstate="Runnable" seed="103093980" result="Passed" start-time="2026-09-14 08:40:33Z" end-time="2026-09-14 08:40:33Z" duration="0.000581" asserts="0">
                    <properties>
                      <property name="retryIteration" value="0" />
                      <property name="repeatIteration" value="0" />
                    </properties>
                  </test-case>
                </test-suite>
                <test-case id="1043" name="RepeatGenerationHasStableObjectAndAssetCountsAndPreservesForeignFile" fullname="ChooGuard.Foundation.Demo.Tests.SceneBuilderTests.RepeatGenerationHasStableObjectAndAssetCountsAndPreservesForeignFile" methodname="RepeatGenerationHasStableObjectAndAssetCountsAndPreservesForeignFile" classname="ChooGuard.Foundation.Demo.Tests.SceneBuilderTests" runstate="Runnable" seed="1884451626" result="Passed" start-time="2026-09-14 08:40:33Z" end-time="2026-09-14 08:40:35Z" duration="2.434175" asserts="0">
                  <properties>
                    <property name="retryIteration" value="0" />
                    <property name="repeatIteration" value="0" />
                  </properties>
                  <output><![CDATA[Render queue value outside of the allowed range (2501 - 3999) for selected Blend mode, resetting render queue to default
Unloading the last loaded scene Assets/CHOOguardGenerated/Tests_aa44ec85e76e4ad2bfc084df63cbc40b/FoundationDemo.unity(build index: -1), is not supported. Please use SceneManager.LoadScene()/EditorSceneManager.OpenScene() to switch to another scene.
]]></output>
                </test-case>
                <test-case id="1044" name="SavedSceneReloadKeepsScenarioPlayerAndTargetReferences" fullname="ChooGuard.Foundation.Demo.Tests.SceneBuilderTests.SavedSceneReloadKeepsScenarioPlayerAndTargetReferences" methodname="SavedSceneReloadKeepsScenarioPlayerAndTargetReferences" classname="ChooGuard.Foundation.Demo.Tests.SceneBuilderTests" runstate="Runnable" seed="1565144273" result="Passed" start-time="2026-09-14 08:40:35Z" end-time="2026-09-14 08:40:37Z" duration="1.564976" asserts="0">
                  <properties>
                    <property name="retryIteration" value="0" />
                    <property name="repeatIteration" value="0" />
                  </properties>
                  <output><![CDATA[Unloading the last loaded scene Assets/CHOOguardGenerated/Tests_65b356e3112b421fa98f5ba5bc9b507f/FoundationDemo.unity(build index: -1), is not supported. Please use SceneManager.LoadScene()/EditorSceneManager.OpenScene() to switch to another scene.
Unloading the last loaded scene Assets/CHOOguardGenerated/Tests_65b356e3112b421fa98f5ba5bc9b507f/FoundationDemo.unity(build index: -1), is not supported. Please use SceneManager.LoadScene()/EditorSceneManager.OpenScene() to switch to another scene.
]]></output>
                </test-case>
                <test-case id="1056" name="WindowsBuildRefusesForeignOutputBeforeGeneratingOrOverwriting" fullname="ChooGuard.Foundation.Demo.Tests.SceneBuilderTests.WindowsBuildRefusesForeignOutputBeforeGeneratingOrOverwriting" methodname="WindowsBuildRefusesForeignOutputBeforeGeneratingOrOverwriting" classname="ChooGuard.Foundation.Demo.Tests.SceneBuilderTests" runstate="Runnable" seed="2062828691" result="Passed" start-time="2026-09-14 08:40:37Z" end-time="2026-09-14 08:40:37Z" duration="0.002987" asserts="0">
                  <properties>
                    <property name="retryIteration" value="0" />
                    <property name="repeatIteration" value="0" />
                  </properties>
                </test-case>
              </test-suite>
              <test-suite type="TestFixture" id="1069" name="StationWorldSceneTests" fullname="ChooGuard.Foundation.Demo.Tests.StationWorldSceneTests" classname="ChooGuard.Foundation.Demo.Tests.StationWorldSceneTests" runstate="Runnable" testcasecount="2" result="Passed" start-time="2026-09-14 08:40:37Z" end-time="2026-09-14 08:40:40Z" duration="3.245795" total="2" passed="2" failed="0" inconclusive="0" skipped="0" asserts="0">
                <properties />
                <test-case id="1071" name="PortalRequiresOppositeSidesInsideOpeningRatherThanProximity" fullname="ChooGuard.Foundation.Demo.Tests.StationWorldSceneTests.PortalRequiresOppositeSidesInsideOpeningRatherThanProximity" methodname="PortalRequiresOppositeSidesInsideOpeningRatherThanProximity" classname="ChooGuard.Foundation.Demo.Tests.StationWorldSceneTests" runstate="Runnable" seed="28911704" result="Passed" start-time="2026-09-14 08:40:37Z" end-time="2026-09-14 08:40:38Z" duration="1.436736" asserts="0">
                  <properties>
                    <property name="retryIteration" value="0" />
                    <property name="repeatIteration" value="0" />
                  </properties>
                  <output><![CDATA[Unloading the last loaded scene Assets/CHOOguardGenerated/WorldTests_f22fba7f07bb458cacc56d1e5ed25bd5/FoundationDemo.unity(build index: -1), is not supported. Please use SceneManager.LoadScene()/EditorSceneManager.OpenScene() to switch to another scene.
]]></output>
                </test-case>
                <test-case id="1070" name="RegisteredWorldBindingsRoutinesAndAlternateRoutesSurviveEachClosure" fullname="ChooGuard.Foundation.Demo.Tests.StationWorldSceneTests.RegisteredWorldBindingsRoutinesAndAlternateRoutesSurviveEachClosure" methodname="RegisteredWorldBindingsRoutinesAndAlternateRoutesSurviveEachClosure" classname="ChooGuard.Foundation.Demo.Tests.StationWorldSceneTests" runstate="Runnable" seed="1873245446" result="Passed" start-time="2026-09-14 08:40:38Z" end-time="2026-09-14 08:40:40Z" duration="1.806320" asserts="0">
                  <properties>
                    <property name="retryIteration" value="0" />
                    <property name="repeatIteration" value="0" />
                  </properties>
                  <output><![CDATA[Unloading the last loaded scene Assets/CHOOguardGenerated/WorldTests_d6f4e40dc8b74ab3a8cc83ce3dd79dd4/FoundationDemo.unity(build index: -1), is not supported. Please use SceneManager.LoadScene()/EditorSceneManager.OpenScene() to switch to another scene.
]]></output>
                </test-case>
              </test-suite>
              <test-suite type="TestFixture" id="1072" name="StationWorldSessionTests" fullname="ChooGuard.Foundation.Demo.Tests.StationWorldSessionTests" classname="ChooGuard.Foundation.Demo.Tests.StationWorldSessionTests" runstate="Runnable" testcasecount="9" result="Passed" start-time="2026-09-14 08:40:40Z" end-time="2026-09-14 08:40:40Z" duration="0.013361" total="9" passed="9" failed="0" inconclusive="0" skipped="0" asserts="0">
                <properties />
                <test-case id="1081" name="EscalationIsRecordedWithoutInventingPassFailOrChangingAffectedPeople" fullname="ChooGuard.Foundation.Demo.Tests.StationWorldSessionTests.EscalationIsRecordedWithoutInventingPassFailOrChangingAffectedPeople" methodname="EscalationIsRecordedWithoutInventingPassFailOrChangingAffectedPeople" classname="ChooGuard.Foundation.Demo.Tests.StationWorldSessionTests" runstate="Runnable" seed="1485841929" result="Passed" start-time="2026-09-14 08:40:40Z" end-time="2026-09-14 08:40:40Z" duration="0.002914" asserts="0">
                  <properties>
                    <property name="retryIteration" value="0" />
                    <property name="repeatIteration" value="0" />
                  </properties>
                </test-case>
                <test-case id="1074" name="OccupiedOrUnknownSitesNeverStartAndInvalidDeltaCannotChangeTheClock" fullname="ChooGuard.Foundation.Demo.Tests.StationWorldSessionTests.OccupiedOrUnknownSitesNeverStartAndInvalidDeltaCannotChangeTheClock" methodname="OccupiedOrUnknownSitesNeverStartAndInvalidDeltaCannotChangeTheClock" classname="ChooGuard.Foundation.Demo.Tests.StationWorldSessionTests" runstate="Runnable" seed="1157785626" result="Passed" start-time="2026-09-14 08:40:40Z" end-time="2026-09-14 08:40:40Z" duration="0.000641" asserts="0">
                  <properties>
                    <property name="retryIteration" value="0" />
                    <property name="repeatIteration" value="0" />
                  </properties>
                </test-case>
                <test-case id="1080" name="PausingFreezesTimeAndActionsWhileStaleRevisionAndDuplicateNpcCannotAdvance" fullname="ChooGuard.Foundation.Demo.Tests.StationWorldSessionTests.PausingFreezesTimeAndActionsWhileStaleRevisionAndDuplicateNpcCannotAdvance" methodname="PausingFreezesTimeAndActionsWhileStaleRevisionAndDuplicateNpcCannotAdvance" classname="ChooGuard.Foundation.Demo.Tests.StationWorldSessionTests" runstate="Runnable" seed="774023779" result="Passed" start-time="2026-09-14 08:40:40Z" end-time="2026-09-14 08:40:40Z" duration="0.001206" asserts="0">
                  <properties>
                    <property name="retryIteration" value="0" />
                    <property name="repeatIteration" value="0" />
                  </properties>
                </test-case>
                <test-suite type="ParameterizedMethod" id="1079" name="ResponseHasCausalPrerequisitesAcceptsIndependentOrderAndReturnsToNormal" fullname="ChooGuard.Foundation.Demo.Tests.StationWorldSessionTests.ResponseHasCausalPrerequisitesAcceptsIndependentOrderAndReturnsToNormal" classname="ChooGuard.Foundation.Demo.Tests.StationWorldSessionTests" runstate="Runnable" testcasecount="4" result="Passed" start-time="2026-09-14 08:40:40Z" end-time="2026-09-14 08:40:40Z" duration="0.002292" total="4" passed="4" failed="0" inconclusive="0" skipped="0" asserts="0">
                  <properties />
                  <test-case id="1075" name="ResponseHasCausalPrerequisitesAcceptsIndependentOrderAndReturnsToNormal(1)" fullname="ChooGuard.Foundation.Demo.Tests.StationWorldSessionTests.ResponseHasCausalPrerequisitesAcceptsIndependentOrderAndReturnsToNormal(1)" methodname="ResponseHasCausalPrerequisitesAcceptsIndependentOrderAndReturnsToNormal" classname="ChooGuard.Foundation.Demo.Tests.StationWorldSessionTests" runstate="Runnable" seed="1137208755" result="Passed" start-time="2026-09-14 08:40:40Z" end-time="2026-09-14 08:40:40Z" duration="0.001361" asserts="0">
                    <properties>
                      <property name="retryIteration" value="0" />
                      <property name="repeatIteration" value="0" />
                    </properties>
                  </test-case>
                  <test-case id="1076" name="ResponseHasCausalPrerequisitesAcceptsIndependentOrderAndReturnsToNormal(2)" fullname="ChooGuard.Foundation.Demo.Tests.StationWorldSessionTests.ResponseHasCausalPrerequisitesAcceptsIndependentOrderAndReturnsToNormal(2)" methodname="ResponseHasCausalPrerequisitesAcceptsIndependentOrderAndReturnsToNormal" classname="ChooGuard.Foundation.Demo.Tests.StationWorldSessionTests" runstate="Runnable" seed="1750732987" result="Passed" start-time="2026-09-14 08:40:40Z" end-time="2026-09-14 08:40:40Z" duration="0.000134" asserts="0">
                    <properties>
                      <property name="retryIteration" value="0" />
                      <property name="repeatIteration" value="0" />
                    </properties>
                  </test-case>
                  <test-case id="1077" name="ResponseHasCausalPrerequisitesAcceptsIndependentOrderAndReturnsToNormal(11)" fullname="ChooGuard.Foundation.Demo.Tests.StationWorldSessionTests.ResponseHasCausalPrerequisitesAcceptsIndependentOrderAndReturnsToNormal(11)" methodname="ResponseHasCausalPrerequisitesAcceptsIndependentOrderAndReturnsToNormal" classname="ChooGuard.Foundation.Demo.Tests.StationWorldSessionTests" runstate="Runnable" seed="1758113084" result="Passed" start-time="2026-09-14 08:40:40Z" end-time="2026-09-14 08:40:40Z" duration="0.000116" asserts="0">
                    <properties>
                      <property name="retryIteration" value="0" />
                      <property name="repeatIteration" value="0" />
                    </properties>
                  </test-case>
                  <test-case id="1078" name="ResponseHasCausalPrerequisitesAcceptsIndependentOrderAndReturnsToNormal(1729)" fullname="ChooGuard.Foundation.Demo.Tests.StationWorldSessionTests.ResponseHasCausalPrerequisitesAcceptsIndependentOrderAndReturnsToNormal(1729)" methodname="ResponseHasCausalPrerequisitesAcceptsIndependentOrderAndReturnsToNormal" classname="ChooGuard.Foundation.Demo.Tests.StationWorldSessionTests" runstate="Runnable" seed="2089337333" result="Passed" start-time="2026-09-14 08:40:40Z" end-time="2026-09-14 08:40:40Z" duration="0.000113" asserts="0">
                    <properties>
                      <property name="retryIteration" value="0" />
                      <property name="repeatIteration" value="0" />
                    </properties>
                  </test-case>
                </test-suite>
                <test-case id="1073" name="SeededOnsetIsIndependentOfFrameSizeAndDoesNotRevealTheIncident" fullname="ChooGuard.Foundation.Demo.Tests.StationWorldSessionTests.SeededOnsetIsIndependentOfFrameSizeAndDoesNotRevealTheIncident" methodname="SeededOnsetIsIndependentOfFrameSizeAndDoesNotRevealTheIncident" classname="ChooGuard.Foundation.Demo.Tests.StationWorldSessionTests" runstate="Runnable" seed="1333727281" result="Passed" start-time="2026-09-14 08:40:40Z" end-time="2026-09-14 08:40:40Z" duration="0.003018" asserts="0">
                  <properties>
                    <property name="retryIteration" value="0" />
                    <property name="repeatIteration" value="0" />
                  </properties>
                </test-case>
                <test-case id="1082" name="SyntheticGeometryCannotBeMarkedVerifiedWithoutFacilityAndManualEvidence" fullname="ChooGuard.Foundation.Demo.Tests.StationWorldSessionTests.SyntheticGeometryCannotBeMarkedVerifiedWithoutFacilityAndManualEvidence" methodname="SyntheticGeometryCannotBeMarkedVerifiedWithoutFacilityAndManualEvidence" classname="ChooGuard.Foundation.Demo.Tests.StationWorldSessionTests" runstate="Runnable" seed="766805988" result="Passed" start-time="2026-09-14 08:40:40Z" end-time="2026-09-14 08:40:40Z" duration="0.000168" asserts="0">
                  <properties>
                    <property name="retryIteration" value="0" />
                    <property name="repeatIteration" value="0" />
                  </properties>
                </test-case>
              </test-suite>
            </test-suite>
          </test-suite>
        </test-suite>
      </test-suite>
    </test-suite>
    <test-suite type="Assembly" id="1337" name="ChooGuard.Foundation.Multiplayer.Tests.dll" fullname="/private/tmp/claude-501/-Users-um-yunsang-CHOOGuard/40311ef6-12f0-41e7-9f12-f7ae1b72c68c/scratchpad/par/i152/Library/ScriptAssemblies/ChooGuard.Foundation.Multiplayer.Tests.dll" runstate="Runnable" testcasecount="212" result="Failed" site="Child" start-time="2026-09-14 08:40:40Z" end-time="2026-09-14 08:40:55Z" duration="14.764135" total="212" passed="138" failed="2" inconclusive="0" skipped="72" asserts="0">
      <properties>
        <property name="_PID" value="34010" />
        <property name="_APPDOMAIN" value="Unity Child Domain" />
        <property name="platform" value="EditMode" />
        <property name="EditorOnly" value="True" />
      </properties>
      <failure>
        <message><![CDATA[One or more child tests had errors]]></message>
      </failure>
      <test-suite type="TestSuite" id="1338" name="ChooGuard" fullname="ChooGuard" runstate="Runnable" testcasecount="200" result="Failed" site="Child" start-time="2026-09-14 08:40:40Z" end-time="2026-09-14 08:40:52Z" duration="11.766427" total="200" passed="126" failed="2" inconclusive="0" skipped="72" asserts="0">
        <properties />
        <failure>
          <message><![CDATA[One or more child tests had errors]]></message>
        </failure>
        <test-suite type="TestSuite" id="1339" name="Foundation" fullname="ChooGuard.Foundation" runstate="Runnable" testcasecount="200" result="Failed" site="Child" start-time="2026-09-14 08:40:40Z" end-time="2026-09-14 08:40:52Z" duration="11.766268" total="200" passed="126" failed="2" inconclusive="0" skipped="72" asserts="0">
          <properties />
          <failure>
            <message><![CDATA[One or more child tests had errors]]></message>
          </failure>
          <test-suite type="TestSuite" id="1340" name="Multiplayer" fullname="ChooGuard.Foundation.Multiplayer" runstate="Runnable" testcasecount="200" result="Failed" site="Child" start-time="2026-09-14 08:40:40Z" end-time="2026-09-14 08:40:52Z" duration="11.766029" total="200" passed="126" failed="2" inconclusive="0" skipped="72" asserts="0">
            <properties />
            <failure>
              <message><![CDATA[One or more child tests had errors]]></message>
            </failure>
            <test-suite type="TestSuite" id="1341" name="Tests" fullname="ChooGuard.Foundation.Multiplayer.Tests" runstate="Runnable" testcasecount="200" result="Failed" site="Child" start-time="2026-09-14 08:40:40Z" end-time="2026-09-14 08:40:52Z" duration="11.765702" total="200" passed="126" failed="2" inconclusive="0" skipped="72" asserts="0">
              <properties />
              <failure>
                <message><![CDATA[One or more child tests had errors]]></message>
              </failure>
              <test-suite type="TestFixture" id="1109" name="AdmissionTests" fullname="ChooGuard.Foundation.Multiplayer.Tests.AdmissionTests" classname="ChooGuard.Foundation.Multiplayer.Tests.AdmissionTests" runstate="Runnable" testcasecount="2" result="Passed" start-time="2026-09-14 08:40:40Z" end-time="2026-09-14 08:40:40Z" duration="0.002313" total="2" passed="2" failed="0" inconclusive="0" skipped="0" asserts="0">
                <properties />
                <test-case id="1111" name="InvalidOrDuplicateRosterCannotStartAdmission" fullname="ChooGuard.Foundation.Multiplayer.Tests.AdmissionTests.InvalidOrDuplicateRosterCannotStartAdmission" methodname="InvalidOrDuplicateRosterCannotStartAdmission" classname="ChooGuard.Foundation.Multiplayer.Tests.AdmissionTests" runstate="Runnable" seed="108645598" result="Passed" start-time="2026-09-14 08:40:40Z" end-time="2026-09-14 08:40:40Z" duration="0.000554" asserts="0">
                  <properties>
                    <property name="retryIteration" value="0" />
                    <property name="repeatIteration" value="0" />
                  </properties>
                </test-case>
                <test-case id="1110" name="TicketIsBoundToWorldShiftAndRosterIdentity" fullname="ChooGuard.Foundation.Multiplayer.Tests.AdmissionTests.TicketIsBoundToWorldShiftAndRosterIdentity" methodname="TicketIsBoundToWorldShiftAndRosterIdentity" classname="ChooGuard.Foundation.Multiplayer.Tests.AdmissionTests" runstate="Runnable" seed="1154814742" result="Passed" start-time="2026-09-14 08:40:40Z" end-time="2026-09-14 08:40:40Z" duration="0.001231" asserts="0">
                  <properties>
                    <property name="retryIteration" value="0" />
                    <property name="repeatIteration" value="0" />
                  </properties>
                </test-case>
              </test-suite>
              <test-suite type="TestFixture" id="1112" name="ConnectedRegionEffectTests" fullname="ChooGuard.Foundation.Multiplayer.Tests.ConnectedRegionEffectTests" classname="ChooGuard.Foundation.Multiplayer.Tests.ConnectedRegionEffectTests" runstate="Runnable" testcasecount="1" result="Passed" start-time="2026-09-14 08:40:40Z" end-time="2026-09-14 08:40:40Z" duration="0.001391" total="1" passed="1" failed="0" inconclusive="0" skipped="0" asserts="0">
                <properties />
                <test-case id="1113" name="RequestedEquipmentDoesNotOverrideTheLastPhysicalLightingEffect" fullname="ChooGuard.Foundation.Multiplayer.Tests.ConnectedRegionEffectTests.RequestedEquipmentDoesNotOverrideTheLastPhysicalLightingEffect" methodname="RequestedEquipmentDoesNotOverrideTheLastPhysicalLightingEffect" classname="ChooGuard.Foundation.Multiplayer.Tests.ConnectedRegionEffectTests" runstate="Runnable" seed="1791291229" result="Passed" start-time="2026-09-14 08:40:40Z" end-time="2026-09-14 08:40:40Z" duration="0.000976" asserts="0">
                  <properties>
                    <property name="retryIteration" value="0" />
                    <property name="repeatIteration" value="0" />
                  </properties>
                </test-case>
              </test-suite>
              <test-suite type="TestFixture" id="1114" name="ConnectedWorldTests" fullname="ChooGuard.Foundation.Multiplayer.Tests.ConnectedWorldTests" classname="ChooGuard.Foundation.Multiplayer.Tests.ConnectedWorldTests" runstate="Runnable" testcasecount="12" result="Failed" site="Child" start-time="2026-09-14 08:40:40Z" end-time="2026-09-14 08:40:40Z" duration="0.045375" total="12" passed="11" failed="1" inconclusive="0" skipped="0" asserts="0">
                <properties />
                <failure>
                  <message><![CDATA[One or more child tests had errors]]></message>
                </failure>
                <test-case id="1117" name="ClosedPassageAllowsRetreatAndDoesNotTrapAnActorOnItsOwnSide" fullname="ChooGuard.Foundation.Multiplayer.Tests.ConnectedWorldTests.ClosedPassageAllowsRetreatAndDoesNotTrapAnActorOnItsOwnSide" methodname="ClosedPassageAllowsRetreatAndDoesNotTrapAnActorOnItsOwnSide" classname="ChooGuard.Foundation.Multiplayer.Tests.ConnectedWorldTests" runstate="Runnable" seed="1640060870" result="Passed" start-time="2026-09-14 08:40:40Z" end-time="2026-09-14 08:40:40Z" duration="0.002405" asserts="0">
                  <properties>
                    <property name="retryIteration" value="0" />
                    <property name="repeatIteration" value="0" />
                  </properties>
                </test-case>
                <test-case id="1123" name="DisconnectedPoseReservesDoorwaySoReconnectCannotBeTrappedInsideAClosure" fullname="ChooGuard.Foundation.Multiplayer.Tests.ConnectedWorldTests.DisconnectedPoseReservesDoorwaySoReconnectCannotBeTrappedInsideAClosure" methodname="DisconnectedPoseReservesDoorwaySoReconnectCannotBeTrappedInsideAClosure" classname="ChooGuard.Foundation.Multiplayer.Tests.ConnectedWorldTests" runstate="Runnable" seed="905063646" result="Passed" start-time="2026-09-14 08:40:40Z" end-time="2026-09-14 08:40:40Z" duration="0.001936" asserts="0">
                  <properties>
                    <property name="retryIteration" value="0" />
                    <property name="repeatIteration" value="0" />
                  </properties>
                </test-case>
                <test-case id="1115" name="ExactCoverageTreeHasBidirectionalRoutesAndNoInventedDetours" fullname="ChooGuard.Foundation.Multiplayer.Tests.ConnectedWorldTests.ExactCoverageTreeHasBidirectionalRoutesAndNoInventedDetours" methodname="ExactCoverageTreeHasBidirectionalRoutesAndNoInventedDetours" classname="ChooGuard.Foundation.Multiplayer.Tests.ConnectedWorldTests" runstate="Runnable" seed="1558143056" result="Passed" start-time="2026-09-14 08:40:40Z" end-time="2026-09-14 08:40:40Z" duration="0.004494" asserts="0">
                  <properties>
                    <property name="retryIteration" value="0" />
                    <property name="repeatIteration" value="0" />
                  </properties>
                </test-case>
                <test-case id="1118" name="LegacyJsonRemainsReadableButSchemaTwoRejectsLegacyCommits" fullname="ChooGuard.Foundation.Multiplayer.Tests.ConnectedWorldTests.LegacyJsonRemainsReadableButSchemaTwoRejectsLegacyCommits" methodname="LegacyJsonRemainsReadableButSchemaTwoRejectsLegacyCommits" classname="ChooGuard.Foundation.Multiplayer.Tests.ConnectedWorldTests" runstate="Runnable" seed="1841199941" result="Passed" start-time="2026-09-14 08:40:40Z" end-time="2026-09-14 08:40:40Z" duration="0.006627" asserts="0">
                  <properties>
                    <property name="retryIteration" value="0" />
                    <property name="repeatIteration" value="0" />
                  </properties>
                </test-case>
                <test-case id="1119" name="OccupiedDoorClosureFailsBeforeCommitAndDoesNotOverrideAcceptedDuplicates" fullname="ChooGuard.Foundation.Multiplayer.Tests.ConnectedWorldTests.OccupiedDoorClosureFailsBeforeCommitAndDoesNotOverrideAcceptedDuplicates" methodname="OccupiedDoorClosureFailsBeforeCommitAndDoesNotOverrideAcceptedDuplicates" classname="ChooGuard.Foundation.Multiplayer.Tests.ConnectedWorldTests" runstate="Runnable" seed="664214369" result="Passed" start-time="2026-09-14 08:40:40Z" end-time="2026-09-14 08:40:40Z" duration="0.003835" asserts="0">
                  <properties>
                    <property name="retryIteration" value="0" />
                    <property name="repeatIteration" value="0" />
                  </properties>
                </test-case>
                <test-case id="1122" name="PortalProjectionUsesAllControlsFromEitherSideAndOnLateJoinWithoutLeakingEntities" fullname="ChooGuard.Foundation.Multiplayer.Tests.ConnectedWorldTests.PortalProjectionUsesAllControlsFromEitherSideAndOnLateJoinWithoutLeakingEntities" methodname="PortalProjectionUsesAllControlsFromEitherSideAndOnLateJoinWithoutLeakingEntities" classname="ChooGuard.Foundation.Multiplayer.Tests.ConnectedWorldTests" runstate="Runnable" seed="437704763" result="Passed" start-time="2026-09-14 08:40:40Z" end-time="2026-09-14 08:40:40Z" duration="0.002239" asserts="0">
                  <properties>
                    <property name="retryIteration" value="0" />
                    <property name="repeatIteration" value="0" />
                  </properties>
                </test-case>
[...]
                  </properties>
                </test-case>
                <test-case id="1588" name="InvalidScenarioFailsBeforeSessionCreation(&quot;invalid-quest&quot;)" fullname="ChooGuard.Foundation.Tests.TrainingSessionTests.InvalidScenarioFailsBeforeSessionCreation(&quot;invalid-quest&quot;)" methodname="InvalidScenarioFailsBeforeSessionCreation" classname="ChooGuard.Foundation.Tests.TrainingSessionTests" runstate="Runnable" seed="113251481" result="Passed" start-time="2026-09-14 08:41:17Z" end-time="2026-09-14 08:41:17Z" duration="0.000075" asserts="0">
                  <properties>
                    <property name="retryIteration" value="0" />
                    <property name="repeatIteration" value="0" />
                  </properties>
                </test-case>
                <test-case id="1589" name="InvalidScenarioFailsBeforeSessionCreation(&quot;other-role-completed&quot;)" fullname="ChooGuard.Foundation.Tests.TrainingSessionTests.InvalidScenarioFailsBeforeSessionCreation(&quot;other-role-completed&quot;)" methodname="InvalidScenarioFailsBeforeSessionCreation" classname="ChooGuard.Foundation.Tests.TrainingSessionTests" runstate="Runnable" seed="501111053" result="Passed" start-time="2026-09-14 08:41:17Z" end-time="2026-09-14 08:41:17Z" duration="0.000082" asserts="0">
                  <properties>
                    <property name="retryIteration" value="0" />
                    <property name="repeatIteration" value="0" />
                  </properties>
                </test-case>
              </test-suite>
              <test-case id="1569" name="NewAttemptWithOldHashIsStaleAfterCompletion" fullname="ChooGuard.Foundation.Tests.TrainingSessionTests.NewAttemptWithOldHashIsStaleAfterCompletion" methodname="NewAttemptWithOldHashIsStaleAfterCompletion" classname="ChooGuard.Foundation.Tests.TrainingSessionTests" runstate="Runnable" seed="701190257" result="Passed" start-time="2026-09-14 08:41:17Z" end-time="2026-09-14 08:41:17Z" duration="0.000462" asserts="0">
                <properties>
                  <property name="retryIteration" value="0" />
                  <property name="repeatIteration" value="0" />
                </properties>
              </test-case>
              <test-suite type="ParameterizedMethod" id="1553" name="RepresentativeRoleCompletesSelectionBriefingActionTeamFeedback" fullname="ChooGuard.Foundation.Tests.TrainingSessionTests.RepresentativeRoleCompletesSelectionBriefingActionTeamFeedback" classname="ChooGuard.Foundation.Tests.TrainingSessionTests" runstate="Runnable" testcasecount="2" result="Passed" start-time="2026-09-14 08:41:17Z" end-time="2026-09-14 08:41:17Z" duration="0.001808" total="2" passed="2" failed="0" inconclusive="0" skipped="0" asserts="0">
                <properties />
                <test-case id="1551" name="RepresentativeRoleCompletesSelectionBriefingActionTeamFeedback(VR)" fullname="ChooGuard.Foundation.Tests.TrainingSessionTests.RepresentativeRoleCompletesSelectionBriefingActionTeamFeedback(VR)" methodname="RepresentativeRoleCompletesSelectionBriefingActionTeamFeedback" classname="ChooGuard.Foundation.Tests.TrainingSessionTests" runstate="Runnable" seed="974946219" result="Passed" start-time="2026-09-14 08:41:17Z" end-time="2026-09-14 08:41:17Z" duration="0.001186" asserts="0">
                  <properties>
                    <property name="retryIteration" value="0" />
                    <property name="repeatIteration" value="0" />
                  </properties>
                </test-case>
                <test-case id="1552" name="RepresentativeRoleCompletesSelectionBriefingActionTeamFeedback(Desktop)" fullname="ChooGuard.Foundation.Tests.TrainingSessionTests.RepresentativeRoleCompletesSelectionBriefingActionTeamFeedback(Desktop)" methodname="RepresentativeRoleCompletesSelectionBriefingActionTeamFeedback" classname="ChooGuard.Foundation.Tests.TrainingSessionTests" runstate="Runnable" seed="1712547146" result="Passed" start-time="2026-09-14 08:41:17Z" end-time="2026-09-14 08:41:17Z" duration="0.000340" asserts="0">
                  <properties>
                    <property name="retryIteration" value="0" />
                    <property name="repeatIteration" value="0" />
                  </properties>
                </test-case>
              </test-suite>
              <test-case id="1573" name="RoleCannotBeChangedDuringAnAttempt" fullname="ChooGuard.Foundation.Tests.TrainingSessionTests.RoleCannotBeChangedDuringAnAttempt" methodname="RoleCannotBeChangedDuringAnAttempt" classname="ChooGuard.Foundation.Tests.TrainingSessionTests" runstate="Runnable" seed="1513901905" result="Passed" start-time="2026-09-14 08:41:17Z" end-time="2026-09-14 08:41:17Z" duration="0.000328" asserts="0">
                <properties>
                  <property name="retryIteration" value="0" />
                  <property name="repeatIteration" value="0" />
                </properties>
              </test-case>
              <test-case id="1591" name="RoleFixtureContainsAUsablePreStateAndReturnsCopies" fullname="ChooGuard.Foundation.Tests.TrainingSessionTests.RoleFixtureContainsAUsablePreStateAndReturnsCopies" methodname="RoleFixtureContainsAUsablePreStateAndReturnsCopies" classname="ChooGuard.Foundation.Tests.TrainingSessionTests" runstate="Runnable" seed="1074615680" result="Passed" start-time="2026-09-14 08:41:17Z" end-time="2026-09-14 08:41:17Z" duration="0.000452" asserts="0">
                <properties>
                  <property name="retryIteration" value="0" />
                  <property name="repeatIteration" value="0" />
                </properties>
              </test-case>
              <test-case id="1572" name="UnknownRoleAndPrematureBriefingDoNotMutateSession" fullname="ChooGuard.Foundation.Tests.TrainingSessionTests.UnknownRoleAndPrematureBriefingDoNotMutateSession" methodname="UnknownRoleAndPrematureBriefingDoNotMutateSession" classname="ChooGuard.Foundation.Tests.TrainingSessionTests" runstate="Runnable" seed="1441067896" result="Passed" start-time="2026-09-14 08:41:17Z" end-time="2026-09-14 08:41:17Z" duration="0.000354" asserts="0">
                <properties>
                  <property name="retryIteration" value="0" />
                  <property name="repeatIteration" value="0" />
                </properties>
              </test-case>
            </test-suite>
            <test-suite type="TestFixture" id="1542" name="TrainOperationTests" fullname="ChooGuard.Foundation.Tests.TrainOperationTests" classname="ChooGuard.Foundation.Tests.TrainOperationTests" runstate="Runnable" testcasecount="6" result="Passed" start-time="2026-09-14 08:41:17Z" end-time="2026-09-14 08:41:17Z" duration="0.083909" total="6" passed="6" failed="0" inconclusive="0" skipped="0" asserts="0">
              <properties />
              <test-suite type="ParameterizedMethod" id="1545" name="AutomaticTrainRepeatsStopsWithoutPositionSnapsOrOvershooting" fullname="ChooGuard.Foundation.Tests.TrainOperationTests.AutomaticTrainRepeatsStopsWithoutPositionSnapsOrOvershooting" classname="ChooGuard.Foundation.Tests.TrainOperationTests" runstate="Runnable" testcasecount="2" result="Passed" start-time="2026-09-14 08:41:17Z" end-time="2026-09-14 08:41:17Z" duration="0.081031" total="2" passed="2" failed="0" inconclusive="0" skipped="0" asserts="0">
                <properties />
                <test-case id="1543" name="AutomaticTrainRepeatsStopsWithoutPositionSnapsOrOvershooting(0.05d)" fullname="ChooGuard.Foundation.Tests.TrainOperationTests.AutomaticTrainRepeatsStopsWithoutPositionSnapsOrOvershooting(0.05d)" methodname="AutomaticTrainRepeatsStopsWithoutPositionSnapsOrOvershooting" classname="ChooGuard.Foundation.Tests.TrainOperationTests" runstate="Runnable" seed="815749039" result="Passed" start-time="2026-09-14 08:41:17Z" end-time="2026-09-14 08:41:17Z" duration="0.057599" asserts="0">
                  <properties>
                    <property name="retryIteration" value="0" />
                    <property name="repeatIteration" value="0" />
                  </properties>
                </test-case>
                <test-case id="1544" name="AutomaticTrainRepeatsStopsWithoutPositionSnapsOrOvershooting(0.137d)" fullname="ChooGuard.Foundation.Tests.TrainOperationTests.AutomaticTrainRepeatsStopsWithoutPositionSnapsOrOvershooting(0.137d)" methodname="AutomaticTrainRepeatsStopsWithoutPositionSnapsOrOvershooting" classname="ChooGuard.Foundation.Tests.TrainOperationTests" runstate="Runnable" seed="718686692" result="Passed" start-time="2026-09-14 08:41:17Z" end-time="2026-09-14 08:41:17Z" duration="0.023108" asserts="0">
                  <properties>
                    <property name="retryIteration" value="0" />
                    <property name="repeatIteration" value="0" />
                  </properties>
                </test-case>
              </test-suite>
              <test-case id="1547" name="EmergencyStopsBetweenStationsAndRequiresExplicitRecovery" fullname="ChooGuard.Foundation.Tests.TrainOperationTests.EmergencyStopsBetweenStationsAndRequiresExplicitRecovery" methodname="EmergencyStopsBetweenStationsAndRequiresExplicitRecovery" classname="ChooGuard.Foundation.Tests.TrainOperationTests" runstate="Runnable" seed="1987759766" result="Passed" start-time="2026-09-14 08:41:17Z" end-time="2026-09-14 08:41:17Z" duration="0.000392" asserts="0">
                <properties>
                  <property name="retryIteration" value="0" />
                  <property name="repeatIteration" value="0" />
                </properties>
              </test-case>
              <test-case id="1548" name="EqualTargetEmergencyCanCancelServiceDelayAndContradictoryRestoresAreRejected" fullname="ChooGuard.Foundation.Tests.TrainOperationTests.EqualTargetEmergencyCanCancelServiceDelayAndContradictoryRestoresAreRejected" methodname="EqualTargetEmergencyCanCancelServiceDelayAndContradictoryRestoresAreRejected" classname="ChooGuard.Foundation.Tests.TrainOperationTests" runstate="Runnable" seed="890740426" result="Passed" start-time="2026-09-14 08:41:17Z" end-time="2026-09-14 08:41:17Z" duration="0.001437" asserts="0">
                <properties>
                  <property name="retryIteration" value="0" />
                  <property name="repeatIteration" value="0" />
                </properties>
              </test-case>
              <test-case id="1549" name="InvalidOperatingDefinitionCannotStartAnUnrepresentedConsist" fullname="ChooGuard.Foundation.Tests.TrainOperationTests.InvalidOperatingDefinitionCannotStartAnUnrepresentedConsist" methodname="InvalidOperatingDefinitionCannotStartAnUnrepresentedConsist" classname="ChooGuard.Foundation.Tests.TrainOperationTests" runstate="Runnable" seed="972368374" result="Passed" start-time="2026-09-14 08:41:17Z" end-time="2026-09-14 08:41:17Z" duration="0.000139" asserts="0">
                <properties>
                  <property name="retryIteration" value="0" />
                  <property name="repeatIteration" value="0" />
                </properties>
              </test-case>
              <test-case id="1546" name="OccupiedBoardingAreaPreventsClosingAndDeparture" fullname="ChooGuard.Foundation.Tests.TrainOperationTests.OccupiedBoardingAreaPreventsClosingAndDeparture" methodname="OccupiedBoardingAreaPreventsClosingAndDeparture" classname="ChooGuard.Foundation.Tests.TrainOperationTests" runstate="Runnable" seed="1232916925" result="Passed" start-time="2026-09-14 08:41:17Z" end-time="2026-09-14 08:41:17Z" duration="0.000234" asserts="0">
                <properties>
                  <property name="retryIteration" value="0" />
                  <property name="repeatIteration" value="0" />
                </properties>
              </test-case>
            </test-suite>
            <test-suite type="TestFixture" id="1592" name="VoiceContractTests" fullname="ChooGuard.Foundation.Tests.VoiceContractTests" classname="ChooGuard.Foundation.Tests.VoiceContractTests" runstate="Runnable" testcasecount="7" result="Passed" start-time="2026-09-14 08:41:17Z" end-time="2026-09-14 08:41:17Z" duration="0.002728" total="7" passed="7" failed="0" inconclusive="0" skipped="0" asserts="0">
              <properties />
              <test-case id="1596" name="CaptureStopStillRunsWhenNativeMuteThrows" fullname="ChooGuard.Foundation.Tests.VoiceContractTests.CaptureStopStillRunsWhenNativeMuteThrows" methodname="CaptureStopStillRunsWhenNativeMuteThrows" classname="ChooGuard.Foundation.Tests.VoiceContractTests" runstate="Runnable" seed="1006624180" result="Passed" start-time="2026-09-14 08:41:17Z" end-time="2026-09-14 08:41:17Z" duration="0.000326" asserts="0">
                <properties>
                  <property name="retryIteration" value="0" />
                  <property name="repeatIteration" value="0" />
                </properties>
              </test-case>
              <test-case id="1595" name="ChannelSwitchInvalidatesEarlierAsyncStart" fullname="ChooGuard.Foundation.Tests.VoiceContractTests.ChannelSwitchInvalidatesEarlierAsyncStart" methodname="ChannelSwitchInvalidatesEarlierAsyncStart" classname="ChooGuard.Foundation.Tests.VoiceContractTests" runstate="Runnable" seed="1300668818" result="Passed" start-time="2026-09-14 08:41:17Z" end-time="2026-09-14 08:41:17Z" duration="0.000178" asserts="0">
                <properties>
                  <property name="retryIteration" value="0" />
                  <property name="repeatIteration" value="0" />
                </properties>
              </test-case>
              <test-case id="1598" name="CommandChannelPublicationRequiresInstructorAndEpochChangesRoom" fullname="ChooGuard.Foundation.Tests.VoiceContractTests.CommandChannelPublicationRequiresInstructorAndEpochChangesRoom" methodname="CommandChannelPublicationRequiresInstructorAndEpochChangesRoom" classname="ChooGuard.Foundation.Tests.VoiceContractTests" runstate="Runnable" seed="1193074733" result="Passed" start-time="2026-09-14 08:41:17Z" end-time="2026-09-14 08:41:17Z" duration="0.000463" asserts="0">
                <properties>
                  <property name="retryIteration" value="0" />
                  <property name="repeatIteration" value="0" />
                </properties>
              </test-case>
              <test-case id="1594" name="FocusLossDisconnectAndInputPauseNeverResumeTransmissionAutomatically" fullname="ChooGuard.Foundation.Tests.VoiceContractTests.FocusLossDisconnectAndInputPauseNeverResumeTransmissionAutomatically" methodname="FocusLossDisconnectAndInputPauseNeverResumeTransmissionAutomatically" classname="ChooGuard.Foundation.Tests.VoiceContractTests" runstate="Runnable" seed="1372121295" result="Passed" start-time="2026-09-14 08:41:17Z" end-time="2026-09-14 08:41:17Z" duration="0.000173" asserts="0">
                <properties>
                  <property name="retryIteration" value="0" />
                  <property name="repeatIteration" value="0" />
                </properties>
              </test-case>
              <test-case id="1599" name="MaximumLengthTeamIdentityFitsTheInternalRoomNamespace" fullname="ChooGuard.Foundation.Tests.VoiceContractTests.MaximumLengthTeamIdentityFitsTheInternalRoomNamespace" methodname="MaximumLengthTeamIdentityFitsTheInternalRoomNamespace" classname="ChooGuard.Foundation.Tests.VoiceContractTests" runstate="Runnable" seed="691214519" result="Passed" start-time="2026-09-14 08:41:17Z" end-time="2026-09-14 08:41:17Z" duration="0.000176" asserts="0">
                <properties>
                  <property name="retryIteration" value="0" />
                  <property name="repeatIteration" value="0" />
                </properties>
              </test-case>
              <test-case id="1593" name="ReleaseInvalidatesLateCaptureOrPublishCompletion" fullname="ChooGuard.Foundation.Tests.VoiceContractTests.ReleaseInvalidatesLateCaptureOrPublishCompletion" methodname="ReleaseInvalidatesLateCaptureOrPublishCompletion" classname="ChooGuard.Foundation.Tests.VoiceContractTests" runstate="Runnable" seed="1337102823" result="Passed" start-time="2026-09-14 08:41:17Z" end-time="2026-09-14 08:41:17Z" duration="0.000103" asserts="0">
                <properties>
                  <property name="retryIteration" value="0" />
                  <property name="repeatIteration" value="0" />
                </properties>
              </test-case>
              <test-case id="1597" name="VoiceGrantBindsIdentityAndRoomWithoutAdminOrDataPermission" fullname="ChooGuard.Foundation.Tests.VoiceContractTests.VoiceGrantBindsIdentityAndRoomWithoutAdminOrDataPermission" methodname="VoiceGrantBindsIdentityAndRoomWithoutAdminOrDataPermission" classname="ChooGuard.Foundation.Tests.VoiceContractTests" runstate="Runnable" seed="1048339927" result="Passed" start-time="2026-09-14 08:41:17Z" end-time="2026-09-14 08:41:17Z" duration="0.000395" asserts="0">
                <properties>
                  <property name="retryIteration" value="0" />
                  <property name="repeatIteration" value="0" />
                </properties>
              </test-case>
            </test-suite>
          </test-suite>
        </test-suite>
      </test-suite>
      <test-suite type="TestFixture" id="1342" name="CrowdPhaseTests" fullname="CrowdPhaseTests" classname="CrowdPhaseTests" runstate="Runnable" testcasecount="2" result="Passed" start-time="2026-09-14 08:41:17Z" end-time="2026-09-14 08:41:17Z" duration="0.002567" total="2" passed="2" failed="0" inconclusive="0" skipped="0" asserts="0">
        <properties />
        <test-case id="1343" name="ComposedClockMatchesFullSnapshotNormalizationAndRejectsEmptyReusedOrRestoredTokens" fullname="CrowdPhaseTests.ComposedClockMatchesFullSnapshotNormalizationAndRejectsEmptyReusedOrRestoredTokens" methodname="ComposedClockMatchesFullSnapshotNormalizationAndRejectsEmptyReusedOrRestoredTokens" classname="CrowdPhaseTests" runstate="Runnable" seed="1384874367" result="Passed" start-time="2026-09-14 08:41:17Z" end-time="2026-09-14 08:41:17Z" duration="0.000923" asserts="0">
          <properties>
            <property name="retryIteration" value="0" />
            <property name="repeatIteration" value="0" />
          </properties>
        </test-case>
        <test-case id="1344" name="DiagnosticPhasesKeepExactCheckpointAndSweptMinimumGap" fullname="CrowdPhaseTests.DiagnosticPhasesKeepExactCheckpointAndSweptMinimumGap" methodname="DiagnosticPhasesKeepExactCheckpointAndSweptMinimumGap" classname="CrowdPhaseTests" runstate="Runnable" seed="170977899" result="Passed" start-time="2026-09-14 08:41:17Z" end-time="2026-09-14 08:41:17Z" duration="0.001239" asserts="0">
          <properties>
            <property name="retryIteration" value="0" />
            <property name="repeatIteration" value="0" />
          </properties>
        </test-case>
      </test-suite>
      <test-suite type="TestFixture" id="1345" name="SmokeOpticsTests" fullname="SmokeOpticsTests" classname="SmokeOpticsTests" runstate="Runnable" testcasecount="1" result="Passed" start-time="2026-09-14 08:41:17Z" end-time="2026-09-14 08:41:17Z" duration="0.004883" total="1" passed="1" failed="0" inconclusive="0" skipped="0" asserts="0">
        <properties />
        <test-case id="1346" name="AnalyticGeometryCases" fullname="SmokeOpticsTests.AnalyticGeometryCases" methodname="AnalyticGeometryCases" classname="SmokeOpticsTests" runstate="Runnable" seed="1954341994" result="Passed" start-time="2026-09-14 08:41:17Z" end-time="2026-09-14 08:41:17Z" duration="0.004362" asserts="0">
          <properties>
            <property name="retryIteration" value="0" />
            <property name="repeatIteration" value="0" />
          </properties>
          <output><![CDATA[Saving results to: /Users/um-yunsang/Library/Application Support/XRLab/CHOOguard Foundation/TestResults.xml
]]></output>
        </test-case>
      </test-suite>
    </test-suite>
  </test-suite>
</test-run>