<?xml version="1.0" encoding="utf-8"?>
<test-run id="2" testcasecount="169" result="Passed" total="169" passed="169" failed="0" inconclusive="0" skipped="0" asserts="0" engine-version="3.5.0.0" clr-version="4.0.30319.42000" start-time="2026-09-14 08:51:23Z" end-time="2026-09-14 08:52:14Z" duration="51.512676">
  <test-suite type="TestSuite" id="1000" name="CHOOguard Foundation" fullname="CHOOguard Foundation" runstate="Runnable" testcasecount="500" result="Passed" start-time="2026-09-14 08:51:23Z" end-time="2026-09-14 08:52:14Z" duration="51.512676" total="169" passed="169" failed="0" inconclusive="0" skipped="0" asserts="0">
    <properties>
      <property name="platform" value="EditMode" />
    </properties>
    <test-suite type="Assembly" id="1337" name="ChooGuard.Foundation.Multiplayer.Tests.dll" fullname="/private/tmp/claude-501/-Users-um-yunsang-CHOOGuard/40311ef6-12f0-41e7-9f12-f7ae1b72c68c/scratchpad/par/i152/Library/ScriptAssemblies/ChooGuard.Foundation.Multiplayer.Tests.dll" runstate="Runnable" testcasecount="212" result="Passed" start-time="2026-09-14 08:51:23Z" end-time="2026-09-14 08:52:14Z" duration="51.500320" total="169" passed="169" failed="0" inconclusive="0" skipped="0" asserts="0">
      <properties>
        <property name="_PID" value="1581" />
        <property name="_APPDOMAIN" value="Unity Child Domain" />
        <property name="platform" value="EditMode" />
        <property name="EditorOnly" value="True" />
      </properties>
      <test-suite type="TestSuite" id="1338" name="ChooGuard" fullname="ChooGuard" runstate="Runnable" testcasecount="200" result="Passed" start-time="2026-09-14 08:51:23Z" end-time="2026-09-14 08:52:14Z" duration="51.498699" total="169" passed="169" failed="0" inconclusive="0" skipped="0" asserts="0">
        <properties />
        <test-suite type="TestSuite" id="1339" name="Foundation" fullname="ChooGuard.Foundation" runstate="Runnable" testcasecount="200" result="Passed" start-time="2026-09-14 08:51:23Z" end-time="2026-09-14 08:52:14Z" duration="51.497869" total="169" passed="169" failed="0" inconclusive="0" skipped="0" asserts="0">
          <properties />
          <test-suite type="TestSuite" id="1340" name="Multiplayer" fullname="ChooGuard.Foundation.Multiplayer" runstate="Runnable" testcasecount="200" result="Passed" start-time="2026-09-14 08:51:23Z" end-time="2026-09-14 08:52:14Z" duration="51.497026" total="169" passed="169" failed="0" inconclusive="0" skipped="0" asserts="0">
            <properties />
            <test-suite type="TestSuite" id="1341" name="Tests" fullname="ChooGuard.Foundation.Multiplayer.Tests" runstate="Runnable" testcasecount="200" result="Passed" start-time="2026-09-14 08:51:23Z" end-time="2026-09-14 08:52:14Z" duration="51.496108" total="169" passed="169" failed="0" inconclusive="0" skipped="0" asserts="0">
              <properties />
              <test-suite type="TestFixture" id="1146" name="ShiftJournalTests" fullname="ChooGuard.Foundation.Multiplayer.Tests.ShiftJournalTests" classname="ChooGuard.Foundation.Multiplayer.Tests.ShiftJournalTests" runstate="Runnable" testcasecount="4" result="Passed" start-time="2026-09-14 08:51:23Z" end-time="2026-09-14 08:51:23Z" duration="0.094710" total="4" passed="4" failed="0" inconclusive="0" skipped="0" asserts="0">
                <properties />
                <test-case id="1150" name="CheckpointRejectsForeignIdentityMissingReceiptAndChangedFingerprintWithoutReplacingFile" fullname="ChooGuard.Foundation.Multiplayer.Tests.ShiftJournalTests.CheckpointRejectsForeignIdentityMissingReceiptAndChangedFingerprintWithoutReplacingFile" methodname="CheckpointRejectsForeignIdentityMissingReceiptAndChangedFingerprintWithoutReplacingFile" classname="ChooGuard.Foundation.Multiplayer.Tests.ShiftJournalTests" runstate="Runnable" seed="1615533399" result="Passed" start-time="2026-09-14 08:51:23Z" end-time="2026-09-14 08:51:23Z" duration="0.067673" asserts="0">
                  <properties>
                    <property name="retryIteration" value="0" />
                    <property name="repeatIteration" value="0" />
                  </properties>
                </test-case>
                <test-case id="1149" name="CheckpointWithChangedBytesOrForeignWorldIsNeverLoaded" fullname="ChooGuard.Foundation.Multiplayer.Tests.ShiftJournalTests.CheckpointWithChangedBytesOrForeignWorldIsNeverLoaded" methodname="CheckpointWithChangedBytesOrForeignWorldIsNeverLoaded" classname="ChooGuard.Foundation.Multiplayer.Tests.ShiftJournalTests" runstate="Runnable" seed="1033714952" result="Passed" start-time="2026-09-14 08:51:23Z" end-time="2026-09-14 08:51:23Z" duration="0.002824" asserts="0">
                  <properties>
                    <property name="retryIteration" value="0" />
                    <property name="repeatIteration" value="0" />
                  </properties>
                </test-case>
                <test-case id="1148" name="InterruptedLastWriteIsDiscardedButCompleteCorruptionFailsClosed" fullname="ChooGuard.Foundation.Multiplayer.Tests.ShiftJournalTests.InterruptedLastWriteIsDiscardedButCompleteCorruptionFailsClosed" methodname="InterruptedLastWriteIsDiscardedButCompleteCorruptionFailsClosed" classname="ChooGuard.Foundation.Multiplayer.Tests.ShiftJournalTests" runstate="Runnable" seed="1460603642" result="Passed" start-time="2026-09-14 08:51:23Z" end-time="2026-09-14 08:51:23Z" duration="0.005727" asserts="0">
                  <properties>
                    <property name="retryIteration" value="0" />
                    <property name="repeatIteration" value="0" />
                  </properties>
                </test-case>
                <test-case id="1147" name="RealDiskJournalRestoresApprovedCommandAndRejectsDuplicateWriter" fullname="ChooGuard.Foundation.Multiplayer.Tests.ShiftJournalTests.RealDiskJournalRestoresApprovedCommandAndRejectsDuplicateWriter" methodname="RealDiskJournalRestoresApprovedCommandAndRejectsDuplicateWriter" classname="ChooGuard.Foundation.Multiplayer.Tests.ShiftJournalTests" runstate="Runnable" seed="1490352803" result="Passed" start-time="2026-09-14 08:51:23Z" end-time="2026-09-14 08:51:23Z" duration="0.006404" asserts="0">
                  <properties>
                    <property name="retryIteration" value="0" />
                    <property name="repeatIteration" value="0" />
                  </properties>
                </test-case>
              </test-suite>
              <test-suite type="TestFixture" id="1151" name="SimulationJournalTests" fullname="ChooGuard.Foundation.Multiplayer.Tests.SimulationJournalTests" classname="ChooGuard.Foundation.Multiplayer.Tests.SimulationJournalTests" runstate="Runnable" testcasecount="5" result="Passed" start-time="2026-09-14 08:51:23Z" end-time="2026-09-14 08:51:23Z" duration="0.245867" total="5" passed="5" failed="0" inconclusive="0" skipped="0" asserts="0">
                <properties />
                <test-case id="1152" name="ApprovedActionsAndAutonomousPhysicalBoundaryReplayTogether" fullname="ChooGuard.Foundation.Multiplayer.Tests.SimulationJournalTests.ApprovedActionsAndAutonomousPhysicalBoundaryReplayTogether" methodname="ApprovedActionsAndAutonomousPhysicalBoundaryReplayTogether" classname="ChooGuard.Foundation.Multiplayer.Tests.SimulationJournalTests" runstate="Runnable" seed="1291266838" result="Passed" start-time="2026-09-14 08:51:23Z" end-time="2026-09-14 08:51:23Z" duration="0.136264" asserts="0">
                  <properties>
                    <property name="retryIteration" value="0" />
                    <property name="repeatIteration" value="0" />
                  </properties>
                </test-case>
                <test-case id="1156" name="CheckpointCannotMoveBehindTheDurablePhysicalBoundaryAndWriterIsExclusive" fullname="ChooGuard.Foundation.Multiplayer.Tests.SimulationJournalTests.CheckpointCannotMoveBehindTheDurablePhysicalBoundaryAndWriterIsExclusive" methodname="CheckpointCannotMoveBehindTheDurablePhysicalBoundaryAndWriterIsExclusive" classname="ChooGuard.Foundation.Multiplayer.Tests.SimulationJournalTests" runstate="Runnable" seed="712483160" result="Passed" start-time="2026-09-14 08:51:23Z" end-time="2026-09-14 08:51:23Z" duration="0.007348" asserts="0">
                  <properties>
                    <property name="retryIteration" value="0" />
                    <property name="repeatIteration" value="0" />
                  </properties>
                </test-case>
                <test-case id="1155" name="RejectedBoundaryCannotPoisonAnOtherwiseRecoverableJournal" fullname="ChooGuard.Foundation.Multiplayer.Tests.SimulationJournalTests.RejectedBoundaryCannotPoisonAnOtherwiseRecoverableJournal" methodname="RejectedBoundaryCannotPoisonAnOtherwiseRecoverableJournal" classname="ChooGuard.Foundation.Multiplayer.Tests.SimulationJournalTests" runstate="Runnable" seed="1778532373" result="Passed" start-time="2026-09-14 08:51:23Z" end-time="2026-09-14 08:51:23Z" duration="0.066365" asserts="0">
                  <properties>
                    <property name="retryIteration" value="0" />
                    <property name="repeatIteration" value="0" />
                  </properties>
                </test-case>
                <test-case id="1154" name="StalePhysicalViewCannotOverwriteALaterApprovedActionAtTheSameTick" fullname="ChooGuard.Foundation.Multiplayer.Tests.SimulationJournalTests.StalePhysicalViewCannotOverwriteALaterApprovedActionAtTheSameTick" methodname="StalePhysicalViewCannotOverwriteALaterApprovedActionAtTheSameTick" classname="ChooGuard.Foundation.Multiplayer.Tests.SimulationJournalTests" runstate="Runnable" seed="33285934" result="Passed" start-time="2026-09-14 08:51:23Z" end-time="2026-09-14 08:51:23Z" duration="0.015250" asserts="0">
                  <properties>
                    <property name="retryIteration" value="0" />
                    <property name="repeatIteration" value="0" />
                  </properties>
                </test-case>
                <test-case id="1153" name="TruncatedUnacknowledgedTailIsRemovedButCompleteCorruptionIsRejected" fullname="ChooGuard.Foundation.Multiplayer.Tests.SimulationJournalTests.TruncatedUnacknowledgedTailIsRemovedButCompleteCorruptionIsRejected" methodname="TruncatedUnacknowledgedTailIsRemovedButCompleteCorruptionIsRejected" classname="ChooGuard.Foundation.Multiplayer.Tests.SimulationJournalTests" runstate="Runnable" seed="611911342" result="Passed" start-time="2026-09-14 08:51:23Z" end-time="2026-09-14 08:51:23Z" duration="0.017796" asserts="0">
                  <properties>
                    <property name="retryIteration" value="0" />
                    <property name="repeatIteration" value="0" />
                  </properties>
                </test-case>
              </test-suite>
              <test-suite type="TestFixture" id="1157" name="SnapshotFreshnessTests" fullname="ChooGuard.Foundation.Multiplayer.Tests.SnapshotFreshnessTests" classname="ChooGuard.Foundation.Multiplayer.Tests.SnapshotFreshnessTests" runstate="Runnable" testcasecount="1" result="Passed" start-time="2026-09-14 08:51:23Z" end-time="2026-09-14 08:51:23Z" duration="0.001828" total="1" passed="1" failed="0" inconclusive="0" skipped="0" asserts="0">
                <properties />
                <test-case id="1158" name="InputNeedsACompletedCurrentSnapshotEvenIfTheConnectionIsAlive" fullname="ChooGuard.Foundation.Multiplayer.Tests.SnapshotFreshnessTests.InputNeedsACompletedCurrentSnapshotEvenIfTheConnectionIsAlive" methodname="InputNeedsACompletedCurrentSnapshotEvenIfTheConnectionIsAlive" classname="ChooGuard.Foundation.Multiplayer.Tests.SnapshotFreshnessTests" runstate="Runnable" seed="1478310930" result="Passed" start-time="2026-09-14 08:51:23Z" end-time="2026-09-14 08:51:23Z" duration="0.000746" asserts="0">
                  <properties>
                    <property name="retryIteration" value="0" />
                    <property name="repeatIteration" value="0" />
                  </properties>
                </test-case>
              </test-suite>
              <test-suite type="TestFixture" id="1159" name="VoiceEpochCoordinatorTests" fullname="ChooGuard.Foundation.Multiplayer.Tests.VoiceEpochCoordinatorTests" classname="ChooGuard.Foundation.Multiplayer.Tests.VoiceEpochCoordinatorTests" runstate="Runnable" testcasecount="89" result="Passed" start-time="2026-09-14 08:51:23Z" end-time="2026-09-14 08:51:23Z" duration="0.205168" total="89" passed="89" failed="0" inconclusive="0" skipped="0" asserts="0">
                <properties />
                <test-suite type="ParameterizedMethod" id="1234" name="A_D01_FailedDeleteFakePreservesWhetherTheRemoteSideEffectOccurred" fullname="ChooGuard.Foundation.Multiplayer.Tests.VoiceEpochCoordinatorTests.A_D01_FailedDeleteFakePreservesWhetherTheRemoteSideEffectOccurred" classname="ChooGuard.Foundation.Multiplayer.Tests.VoiceEpochCoordinatorTests" runstate="Runnable" testcasecount="2" result="Passed" start-time="2026-09-14 08:51:23Z" end-time="2026-09-14 08:51:23Z" duration="0.049669" total="2" passed="2" failed="0" inconclusive="0" skipped="0" asserts="0">
                  <properties />
                  <test-case id="1232" name="A_D01_FailedDeleteFakePreservesWhetherTheRemoteSideEffectOccurred(False)" fullname="ChooGuard.Foundation.Multiplayer.Tests.VoiceEpochCoordinatorTests.A_D01_FailedDeleteFakePreservesWhetherTheRemoteSideEffectOccurred(False)" methodname="A_D01_FailedDeleteFakePreservesWhetherTheRemoteSideEffectOccurred" classname="ChooGuard.Foundation.Multiplayer.Tests.VoiceEpochCoordinatorTests" runstate="Runnable" seed="1666760617" result="Passed" start-time="2026-09-14 08:51:23Z" end-time="2026-09-14 08:51:23Z" duration="0.027116" asserts="0">
                    <properties>
                      <property name="retryIteration" value="0" />
                      <property name="repeatIteration" value="0" />
                    </properties>
                  </test-case>
                  <test-case id="1233" name="A_D01_FailedDeleteFakePreservesWhetherTheRemoteSideEffectOccurred(True)" fullname="ChooGuard.Foundation.Multiplayer.Tests.VoiceEpochCoordinatorTests.A_D01_FailedDeleteFakePreservesWhetherTheRemoteSideEffectOccurred(True)" methodname="A_D01_FailedDeleteFakePreservesWhetherTheRemoteSideEffectOccurred" classname="ChooGuard.Foundation.Multiplayer.Tests.VoiceEpochCoordinatorTests" runstate="Runnable" seed="500575494" result="Passed" start-time="2026-09-14 08:51:23Z" end-time="2026-09-14 08:51:23Z" duration="0.021467" asserts="0">
                    <properties>
                      <property name="retryIteration" value="0" />
                      <property name="repeatIteration" value="0" />
                    </properties>
                  </test-case>
                </test-suite>
                <test-case id="1221" name="A_D01_FreshKnownEmptyRetirementSucceedsWithoutRemoteMutation" fullname="ChooGuard.Foundation.Multiplayer.Tests.VoiceEpochCoordinatorTests.A_D01_FreshKnownEmptyRetirementSucceedsWithoutRemoteMutation" methodname="A_D01_FreshKnownEmptyRetirementSucceedsWithoutRemoteMutation" classname="ChooGuard.Foundation.Multiplayer.Tests.VoiceEpochCoordinatorTests" runstate="Runnable" seed="262228077" result="Passed" start-time="2026-09-14 08:51:23Z" end-time="2026-09-14 08:51:23Z" duration="0.000816" asserts="0">
                  <properties>
                    <property name="retryIteration" value="0" />
                    <property name="repeatIteration" value="0" />
                  </properties>
                </test-case>
                <test-case id="1173" name="A_D01_JsonUtilityRoundTripsEveryCanonicalFieldForReadyFalseAndTrue" fullname="ChooGuard.Foundation.Multiplayer.Tests.VoiceEpochCoordinatorTests.A_D01_JsonUtilityRoundTripsEveryCanonicalFieldForReadyFalseAndTrue" methodname="A_D01_JsonUtilityRoundTripsEveryCanonicalFieldForReadyFalseAndTrue" classname="ChooGuard.Foundation.Multiplayer.Tests.VoiceEpochCoordinatorTests" runstate="Runnable" seed="1079897497" result="Passed" start-time="2026-09-14 08:51:23Z" end-time="2026-09-14 08:51:23Z" duration="0.001601" asserts="0">
                  <properties>
                    <property name="retryIteration" value="0" />
                    <property name="repeatIteration" value="0" />
                  </properties>
                </test-case>
                <test-case id="1222" name="A_D01_KnownEmptyPrecommitFailureStillRetiresWithoutRemoteMutation" fullname="ChooGuard.Foundation.Multiplayer.Tests.VoiceEpochCoordinatorTests.A_D01_KnownEmptyPrecommitFailureStillRetiresWithoutRemoteMutation" methodname="A_D01_KnownEmptyPrecommitFailureStillRetiresWithoutRemoteMutation" classname="ChooGuard.Foundation.Multiplayer.Tests.VoiceEpochCoordinatorTests" runstate="Runnable" seed="1603125896" result="Passed" start-time="2026-09-14 08:51:23Z" end-time="2026-09-14 08:51:23Z" duration="0.002936" asserts="0">
                  <properties>
                    <property name="retryIteration" value="0" />
                    <property name="repeatIteration" value="0" />
                  </properties>
                </test-case>
                <test-case id="1224" name="A_D01_MissingAfterPossibleFailedCreateEffectCannotReportRetired" fullname="ChooGuard.Foundation.Multiplayer.Tests.VoiceEpochCoordinatorTests.A_D01_MissingAfterPossibleFailedCreateEffectCannotReportRetired" methodname="A_D01_MissingAfterPossibleFailedCreateEffectCannotReportRetired" classname="ChooGuard.Foundation.Multiplayer.Tests.VoiceEpochCoordinatorTests" runstate="Runnable" seed="1442727144" result="Passed" start-time="2026-09-14 08:51:23Z" end-time="2026-09-14 08:51:23Z" duration="0.010736" asserts="0">
                  <properties>
                    <property name="retryIteration" value="0" />
                    <property name="repeatIteration" value="0" />
                  </properties>
                </test-case>
                <test-case id="1225" name="A_D01_MissingAfterUncertainIntentCommitCannotReportRetired" fullname="ChooGuard.Foundation.Multiplayer.Tests.VoiceEpochCoordinatorTests.A_D01_MissingAfterUncertainIntentCommitCannotReportRetired" methodname="A_D01_MissingAfterUncertainIntentCommitCannotReportRetired" classname="ChooGuard.Foundation.Multiplayer.Tests.VoiceEpochCoordinatorTests" runstate="Runnable" seed="307225240" result="Passed" start-time="2026-09-14 08:51:23Z" end-time="2026-09-14 08:51:23Z" duration="0.000634" asserts="0">
                  <properties>
                    <property name="retryIteration" value="0" />
                    <property name="repeatIteration" value="0" />
                  </properties>
                </test-case>
                <test-suite type="ParameterizedMethod" id="1200" name="A_D01_ProductionStoreRejectsAnyMissingPersistenceField" fullname="ChooGuard.Foundation.Multiplayer.Tests.VoiceEpochCoordinatorTests.A_D01_ProductionStoreRejectsAnyMissingPersistenceField" classname="ChooGuard.Foundation.Multiplayer.Tests.VoiceEpochCoordinatorTests" runstate="Runnable" testcasecount="7" result="Passed" start-time="2026-09-14 08:51:23Z" end-time="2026-09-14 08:51:23Z" duration="0.003706" total="7" passed="7" failed="0" inconclusive="0" skipped="0" asserts="0">
                  <properties />
                  <test-case id="1193" name="A_D01_ProductionStoreRejectsAnyMissingPersistenceField(&quot;Schema&quot;)" fullname="ChooGuard.Foundation.Multiplayer.Tests.VoiceEpochCoordinatorTests.A_D01_ProductionStoreRejectsAnyMissingPersistenceField(&quot;Schema&quot;)" methodname="A_D01_ProductionStoreRejectsAnyMissingPersistenceField" classname="ChooGuard.Foundation.Multiplayer.Tests.VoiceEpochCoordinatorTests" runstate="Runnable" seed="2033695641" result="Passed" start-time="2026-09-14 08:51:23Z" end-time="2026-09-14 08:51:23Z" duration="0.001921" asserts="0">
                    <properties>
                      <property name="retryIteration" value="0" />
                      <property name="repeatIteration" value="0" />
                    </properties>
                  </test-case>
                  <test-case id="1194" name="A_D01_ProductionStoreRejectsAnyMissingPersistenceField(&quot;WorldId&quot;)" fullname="ChooGuard.Foundation.Multiplayer.Tests.VoiceEpochCoordinatorTests.A_D01_ProductionStoreRejectsAnyMissingPersistenceField(&quot;WorldId&quot;)" methodname="A_D01_ProductionStoreRejectsAnyMissingPersistenceField" classname="ChooGuard.Foundation.Multiplayer.Tests.VoiceEpochCoordinatorTests" runstate="Runnable" seed="1819095792" result="Passed" start-time="2026-09-14 08:51:23Z" end-time="2026-09-14 08:51:23Z" duration="0.000105" asserts="0">
                    <properties>
                      <property name="retryIteration" value="0" />
                      <property name="repeatIteration" value="0" />
                    </properties>
                  </test-case>
                  <test-case id="1195" name="A_D01_ProductionStoreRejectsAnyMissingPersistenceField(&quot;ShiftId&quot;)" fullname="ChooGuard.Foundation.Multiplayer.Tests.VoiceEpochCoordinatorTests.A_D01_ProductionStoreRejectsAnyMissingPersistenceField(&quot;ShiftId&quot;)" methodname="A_D01_ProductionStoreRejectsAnyMissingPersistenceField" classname="ChooGuard.Foundation.Multiplayer.Tests.VoiceEpochCoordinatorTests" runstate="Runnable" seed="1455512723" result="Passed" start-time="2026-09-14 08:51:23Z" end-time="2026-09-14 08:51:23Z" duration="0.000074" asserts="0">
                    <properties>
                      <property name="retryIteration" value="0" />
                      <property name="repeatIteration" value="0" />
                    </properties>
                  </test-case>
                  <test-case id="1196" name="A_D01_ProductionStoreRejectsAnyMissingPersistenceField(&quot;Epoch&quot;)" fullname="ChooGuard.Foundation.Multiplayer.Tests.VoiceEpochCoordinatorTests.A_D01_ProductionStoreRejectsAnyMissingPersistenceField(&quot;Epoch&quot;)" methodname="A_D01_ProductionStoreRejectsAnyMissingPersistenceField" classname="ChooGuard.Foundation.Multiplayer.Tests.VoiceEpochCoordinatorTests" runstate="Runnable" seed="656858111" result="Passed" start-time="2026-09-14 08:51:23Z" end-time="2026-09-14 08:51:23Z" duration="0.000070" asserts="0">
                    <properties>
                      <property name="retryIteration" value="0" />
                      <property name="repeatIteration" value="0" />
                    </properties>
                  </test-case>
                  <test-case id="1197" name="A_D01_ProductionStoreRejectsAnyMissingPersistenceField(&quot;Rooms&quot;)" fullname="ChooGuard.Foundation.Multiplayer.Tests.VoiceEpochCoordinatorTests.A_D01_ProductionStoreRejectsAnyMissingPersistenceField(&quot;Rooms&quot;)" methodname="A_D01_ProductionStoreRejectsAnyMissingPersistenceField" classname="ChooGuard.Foundation.Multiplayer.Tests.VoiceEpochCoordinatorTests" runstate="Runnable" seed="193100805" result="Passed" start-time="2026-09-14 08:51:23Z" end-time="2026-09-14 08:51:23Z" duration="0.000078" asserts="0">
                    <properties>
                      <property name="retryIteration" value="0" />
                      <property name="repeatIteration" value="0" />
                    </properties>
                  </test-case>
                  <test-case id="1198" name="A_D01_ProductionStoreRejectsAnyMissingPersistenceField(&quot;PendingOperations&quot;)" fullname="ChooGuard.Foundation.Multiplayer.Tests.VoiceEpochCoordinatorTests.A_D01_ProductionStoreRejectsAnyMissingPersistenceField(&quot;PendingOperations&quot;)" methodname="A_D01_ProductionStoreRejectsAnyMissingPersistenceField" classname="ChooGuard.Foundation.Multiplayer.Tests.VoiceEpochCoordinatorTests" runstate="Runnable" seed="1143042838" result="Passed" start-time="2026-09-14 08:51:23Z" end-time="2026-09-14 08:51:23Z" duration="0.000068" asserts="0">
                    <properties>
                      <property name="retryIteration" value="0" />
                      <property name="repeatIteration" value="0" />
                    </properties>
                  </test-case>
                  <test-case id="1199" name="A_D01_ProductionStoreRejectsAnyMissingPersistenceField(&quot;Ready&quot;)" fullname="ChooGuard.Foundation.Multiplayer.Tests.VoiceEpochCoordinatorTests.A_D01_ProductionStoreRejectsAnyMissingPersistenceField(&quot;Ready&quot;)" methodname="A_D01_ProductionStoreRejectsAnyMissingPersistenceField" classname="ChooGuard.Foundation.Multiplayer.Tests.VoiceEpochCoordinatorTests" runstate="Runnable" seed="2029822711" result="Passed" start-time="2026-09-14 08:51:23Z" end-time="2026-09-14 08:51:23Z" duration="0.000066" asserts="0">
                    <properties>
                      <property name="retryIteration" value="0" />
                      <property name="repeatIteration" value="0" />
                    </properties>
                  </test-case>
                </test-suite>
                <test-case id="1190" name="A_D01_ProductionStoreUtf8RoundTripsReadyFalseAndTrueThroughFreshInstances" fullname="ChooGuard.Foundation.Multiplayer.Tests.VoiceEpochCoordinatorTests.A_D01_ProductionStoreUtf8RoundTripsReadyFalseAndTrueThroughFreshInstances" methodname="A_D01_ProductionStoreUtf8RoundTripsReadyFalseAndTrueThroughFreshInstances" classname="ChooGuard.Foundation.Multiplayer.Tests.VoiceEpochCoordinatorTests" runstate="Runnable" seed="579697322" result="Passed" start-time="2026-09-14 08:51:23Z" end-time="2026-09-14 08:51:23Z" duration="0.002664" asserts="0">
                  <properties>
                    <property name="retryIteration" value="0" />
                    <property name="repeatIteration" value="0" />
                  </properties>
                </test-case>
                <test-case id="1223" name="A_D01_ReadyThenMissingRequiresCanonicalRecoveryBeforeExactRetirement" fullname="ChooGuard.Foundation.Multiplayer.Tests.VoiceEpochCoordinatorTests.A_D01_ReadyThenMissingRequiresCanonicalRecoveryBeforeExactRetirement" methodname="A_D01_ReadyThenMissingRequiresCanonicalRecoveryBeforeExactRetirement" classname="ChooGuard.Foundation.Multiplayer.Tests.VoiceEpochCoordinatorTests" runstate="Runnable" seed="250657884" result="Passed" start-time="2026-09-14 08:51:23Z" end-time="2026-09-14 08:51:23Z" duration="0.003319" asserts="0">
                  <properties>
                    <property name="retryIteration" value="0" />
                    <property name="repeatIteration" value="0" />
                  </properties>
                  <output><![CDATA[Voice rooms provisioned with a new authorization epoch.
]]></output>
                </test-case>
                <test-suite type="ParameterizedMethod" id="1231" name="A_D02_PreadvancedDuplicateCannotMutateOrReleaseOwnerAtTransportPause" fullname="ChooGuard.Foundation.Multiplayer.Tests.VoiceEpochCoordinatorTests.A_D02_PreadvancedDuplicateCannotMutateOrReleaseOwnerAtTransportPause" classname="ChooGuard.Foundation.Multiplayer.Tests.VoiceEpochCoordinatorTests" runstate="Runnable" testcasecount="3" result="Passed" start-time="2026-09-14 08:51:23Z" end-time="2026-09-14 08:51:23Z" duration="0.006784" total="3" passed="3" failed="0" inconclusive="0" skipped="0" asserts="0">
                  <properties />
                  <test-case id="1228" name="A_D02_PreadvancedDuplicateCannotMutateOrReleaseOwnerAtTransportPause(&quot;DeleteRoom&quot;)" fullname="ChooGuard.Foundation.Multiplayer.Tests.VoiceEpochCoordinatorTests.A_D02_PreadvancedDuplicateCannotMutateOrReleaseOwnerAtTransportPause(&quot;DeleteRoom&quot;)" methodname="A_D02_PreadvancedDuplicateCannotMutateOrReleaseOwnerAtTransportPause" classname="ChooGuard.Foundation.Multiplayer.Tests.VoiceEpochCoordinatorTests" runstate="Runnable" seed="81480818" result="Passed" start-time="2026-09-14 08:51:23Z" end-time="2026-09-14 08:51:23Z" duration="0.002917" asserts="0">
                    <properties>
                      <property name="retryIteration" value="0" />
                      <property name="repeatIteration" value="0" />
                    </properties>
                    <output><![CDATA[Voice rooms provisioned with a new authorization epoch.
]]></output>
                  </test-case>
                  <test-case id="1229" name="A_D02_PreadvancedDuplicateCannotMutateOrReleaseOwnerAtTransportPause(&quot;CreateRoom&quot;)" fullname="ChooGuard.Foundation.Multiplayer.Tests.VoiceEpochCoordinatorTests.A_D02_PreadvancedDuplicateCannotMutateOrReleaseOwnerAtTransportPause(&quot;CreateRoom&quot;)" methodname="A_D02_PreadvancedDuplicateCannotMutateOrReleaseOwnerAtTransportPause" classname="ChooGuard.Foundation.Multiplayer.Tests.VoiceEpochCoordinatorTests" runstate="Runnable" seed="1442014714" result="Passed" start-time="2026-09-14 08:51:23Z" end-time="2026-09-14 08:51:23Z" duration="0.001135" asserts="0">
                    <properties>
                      <property name="retryIteration" value="0" />
                      <property name="repeatIteration" value="0" />
                    </properties>
                    <output><![CDATA[Voice rooms provisioned with a new authorization epoch.
]]></output>
                  </test-case>
                  <test-case id="1230" name="A_D02_PreadvancedDuplicateCannotMutateOrReleaseOwnerAtTransportPause(&quot;RemoveParticipant&quot;)" fullname="ChooGuard.Foundation.Multiplayer.Tests.VoiceEpochCoordinatorTests.A_D02_PreadvancedDuplicateCannotMutateOrReleaseOwnerAtTransportPause(&quot;RemoveParticipant&quot;)" methodname="A_D02_PreadvancedDuplicateCannotMutateOrReleaseOwnerAtTransportPause" classname="ChooGuard.Foundation.Multiplayer.Tests.VoiceEpochCoordinatorTests" runstate="Runnable" seed="874362912" result="Passed" start-time="2026-09-14 08:51:23Z" end-time="2026-09-14 08:51:23Z" duration="0.001893" asserts="0">
                    <properties>
                      <property name="retryIteration" value="0" />
                      <property name="repeatIteration" value="0" />
                    </properties>
                    <output><![CDATA[Voice rooms provisioned with a new authorization epoch.
]]></output>
                  </test-case>
                </test-suite>
                <test-case id="1227" name="A_D02_RetirementStartedBeforeYieldedRetryChildBlocksQueuedRevocationMutation" fullname="ChooGuard.Foundation.Multiplayer.Tests.VoiceEpochCoordinatorTests.A_D02_RetirementStartedBeforeYieldedRetryChildBlocksQueuedRevocationMutation" methodname="A_D02_RetirementStartedBeforeYieldedRetryChildBlocksQueuedRevocationMutation" classname="ChooGuard.Foundation.Multiplayer.Tests.VoiceEpochCoordinatorTests" runstate="Runnable" seed="356403463" result="Passed" start-time="2026-09-14 08:51:23Z" end-time="2026-09-14 08:51:23Z" duration="0.001042" asserts="0">
                  <properties>
                    <property name="retryIteration" value="0" />
                    <property name="repeatIteration" value="0" />
                  </properties>
                </test-case>
                <test-case id="1226" name="A_D02_TwoPreadvancedRetryParentsKeepOneCoordinatorAndOneEpoch" fullname="ChooGuard.Foundation.Multiplayer.Tests.VoiceEpochCoordinatorTests.A_D02_TwoPreadvancedRetryParentsKeepOneCoordinatorAndOneEpoch" methodname="A_D02_TwoPreadvancedRetryParentsKeepOneCoordinatorAndOneEpoch" classname="ChooGuard.Foundation.Multiplayer.Tests.VoiceEpochCoordinatorTests" runstate="Runnable" seed="837259359" result="Passed" start-time="2026-09-14 08:51:23Z" end-time="2026-09-14 08:51:23Z" duration="0.001655" asserts="0">
                  <properties>
                    <property name="retryIteration" value="0" />
                    <property name="repeatIteration" value="0" />
                  </properties>
                  <output><![CDATA[Voice rooms provisioned with a new authorization epoch.
]]></output>
                </test-case>
                <test-case id="1178" name="A_D05_CommitAcknowledgementRequiresValidExactCanonicalReread" fullname="ChooGuard.Foundation.Multiplayer.Tests.VoiceEpochCoordinatorTests.A_D05_CommitAcknowledgementRequiresValidExactCanonicalReread" methodname="A_D05_CommitAcknowledgementRequiresValidExactCanonicalReread" classname="ChooGuard.Foundation.Multiplayer.Tests.VoiceEpochCoordinatorTests" runstate="Runnable" seed="23100443" result="Passed" start-time="2026-09-14 08:51:23Z" end-time="2026-09-14 08:51:23Z" duration="0.000387" asserts="0">
                  <properties>
                    <property name="retryIteration" value="0" />
                    <property name="repeatIteration" value="0" />
                  </properties>
                </test-case>
                <test-case id="1179" name="A_D05_CommitRereadExceptionFailsClosedWithoutEscaping" fullname="ChooGuard.Foundation.Multiplayer.Tests.VoiceEpochCoordinatorTests.A_D05_CommitRereadExceptionFailsClosedWithoutEscaping" methodname="A_D05_CommitRereadExceptionFailsClosedWithoutEscaping" classname="ChooGuard.Foundation.Multiplayer.Tests.VoiceEpochCoordinatorTests" runstate="Runnable" seed="734128673" result="Passed" start-time="2026-09-14 08:51:23Z" end-time="2026-09-14 08:51:23Z" duration="0.000264" asserts="0">
                  <properties>
                    <property name="retryIteration" value="0" />
                    <property name="repeatIteration" value="0" />
                  </properties>
                </test-case>
                <test-case id="1180" name="A_D05_CommitTrueStillRequiresExactRoomOrderInCanonicalReread" fullname="ChooGuard.Foundation.Multiplayer.Tests.VoiceEpochCoordinatorTests.A_D05_CommitTrueStillRequiresExactRoomOrderInCanonicalReread" methodname="A_D05_CommitTrueStillRequiresExactRoomOrderInCanonicalReread" classname="ChooGuard.Foundation.Multiplayer.Tests.VoiceEpochCoordinatorTests" runstate="Runnable" seed="1596829614" result="Passed" start-time="2026-09-14 08:51:23Z" end-time="2026-09-14 08:51:23Z" duration="0.000273" asserts="0">
                  <properties>
                    <property name="retryIteration" value="0" />
                    <property name="repeatIteration" value="0" />
                  </properties>
                </test-case>
                <test-suite type="ParameterizedMethod" id="1170" name="A_D05_MalformedExpectedInventoryIsNotNormalizedIntoAnAcceptedCandidate" fullname="ChooGuard.Foundation.Multiplayer.Tests.VoiceEpochCoordinatorTests.A_D05_MalformedExpectedInventoryIsNotNormalizedIntoAnAcceptedCandidate" classname="ChooGuard.Foundation.Multiplayer.Tests.VoiceEpochCoordinatorTests" runstate="Runnable" testcasecount="4" result="Passed" start-time="2026-09-14 08:51:23Z" end-time="2026-09-14 08:51:23Z" duration="0.001600" total="4" passed="4" failed="0" inconclusive="0" skipped="0" asserts="0">
                  <properties />
                  <test-case id="1166" name="A_D05_MalformedExpectedInventoryIsNotNormalizedIntoAnAcceptedCandidate(&quot;null&quot;)" fullname="ChooGuard.Foundation.Multiplayer.Tests.VoiceEpochCoordinatorTests.A_D05_MalformedExpectedInventoryIsNotNormalizedIntoAnAcceptedCandidate(&quot;null&quot;)" methodname="A_D05_MalformedExpectedInventoryIsNotNormalizedIntoAnAcceptedCandidate" classname="ChooGuard.Foundation.Multiplayer.Tests.VoiceEpochCoordinatorTests" runstate="Runnable" seed="889416064" result="Passed" start-time="2026-09-14 08:51:23Z" end-time="2026-09-14 08:51:23Z" duration="0.000388" asserts="0">
                    <properties>
                      <property name="retryIteration" value="0" />
                      <property name="repeatIteration" value="0" />
                    </properties>
                  </test-case>
                  <test-case id="1167" name="A_D05_MalformedExpectedInventoryIsNotNormalizedIntoAnAcceptedCandidate(&quot;empty&quot;)" fullname="ChooGuard.Foundation.Multiplayer.Tests.VoiceEpochCoordinatorTests.A_D05_MalformedExpectedInventoryIsNotNormalizedIntoAnAcceptedCandidate(&quot;empty&quot;)" methodname="A_D05_MalformedExpectedInventoryIsNotNormalizedIntoAnAcceptedCandidate" classname="ChooGuard.Foundation.Multiplayer.Tests.VoiceEpochCoordinatorTests" runstate="Runnable" seed="1763600155" result="Passed" start-time="2026-09-14 08:51:23Z" end-time="2026-09-14 08:51:23Z" duration="0.000054" asserts="0">
                    <properties>
                      <property name="retryIteration" value="0" />
                      <property name="repeatIteration" value="0" />
                    </properties>
                  </test-case>
                  <test-case id="1168" name="A_D05_MalformedExpectedInventoryIsNotNormalizedIntoAnAcceptedCandidate(&quot;blank&quot;)" fullname="ChooGuard.Foundation.Multiplayer.Tests.VoiceEpochCoordinatorTests.A_D05_MalformedExpectedInventoryIsNotNormalizedIntoAnAcceptedCandidate(&quot;blank&quot;)" methodname="A_D05_MalformedExpectedInventoryIsNotNormalizedIntoAnAcceptedCandidate" classname="ChooGuard.Foundation.Multiplayer.Tests.VoiceEpochCoordinatorTests" runstate="Runnable" seed="724865012" result="Passed" start-time="2026-09-14 08:51:23Z" end-time="2026-09-14 08:51:23Z" duration="0.000054" asserts="0">
                    <properties>
                      <property name="retryIteration" value="0" />
                      <property name="repeatIteration" value="0" />
                    </properties>
                  </test-case>
                  <test-case id="1169" name="A_D05_MalformedExpectedInventoryIsNotNormalizedIntoAnAcceptedCandidate(&quot;duplicate&quot;)" fullname="ChooGuard.Foundation.Multiplayer.Tests.VoiceEpochCoordinatorTests.A_D05_MalformedExpectedInventoryIsNotNormalizedIntoAnAcceptedCandidate(&quot;duplicate&quot;)" methodname="A_D05_MalformedExpectedInventoryIsNotNormalizedIntoAnAcceptedCandidate" classname="ChooGuard.Foundation.Multiplayer.Tests.VoiceEpochCoordinatorTests" runstate="Runnable" seed="966724931" result="Passed" start-time="2026-09-14 08:51:23Z" end-time="2026-09-14 08:51:23Z" duration="0.000054" asserts="0">
                    <properties>
                      <property name="retryIteration" value="0" />
                      <property name="repeatIteration" value="0" />
                    </properties>
                  </test-case>
                </test-suite>
                <test-suite type="ParameterizedMethod" id="1177" name="A_D05_NullOrEmptyRawRoomIsRejected" fullname="ChooGuard.Foundation.Multiplayer.Tests.VoiceEpochCoordinatorTests.A_D05_NullOrEmptyRawRoomIsRejected" classname="ChooGuard.Foundation.Multiplayer.Tests.VoiceEpochCoordinatorTests" runstate="Runnable" testcasecount="2" result="Passed" start-time="2026-09-14 08:51:23Z" end-time="2026-09-14 08:51:23Z" duration="0.000712" total="2" passed="2" failed="0" inconclusive="0" skipped="0" asserts="0">
                  <properties />
                  <test-case id="1175" name="A_D05_NullOrEmptyRawRoomIsRejected(null)" fullname="ChooGuard.Foundation.Multiplayer.Tests.VoiceEpochCoordinatorTests.A_D05_NullOrEmptyRawRoomIsRejected(null)" methodname="A_D05_NullOrEmptyRawRoomIsRejected" classname="ChooGuard.Foundation.Multiplayer.Tests.VoiceEpochCoordinatorTests" runstate="Runnable" seed="37762212" result="Passed" start-time="2026-09-14 08:51:23Z" end-time="2026-09-14 08:51:23Z" duration="0.000170" asserts="0">
                    <properties>
                      <property name="retryIteration" value="0" />
                      <property name="repeatIteration" value="0" />
                    </properties>
                  </test-case>
                  <test-case id="1176" name="A_D05_NullOrEmptyRawRoomIsRejected(&quot;&quot;)" fullname="ChooGuard.Foundation.Multiplayer.Tests.VoiceEpochCoordinatorTests.A_D05_NullOrEmptyRawRoomIsRejected(&quot;&quot;)" methodname="A_D05_NullOrEmptyRawRoomIsRejected" classname="ChooGuard.Foundation.Multiplayer.Tests.VoiceEpochCoordinatorTests" runstate="Runnable" seed="1257186965" result="Passed" start-time="2026-09-14 08:51:23Z" end-time="2026-09-14 08:51:23Z" duration="0.000053" asserts="0">
                    <properties>
                      <property name="retryIteration" value="0" />
                      <property name="repeatIteration" value="0" />
                    </properties>
                  </test-case>
                </test-suite>
                <test-case id="1201" name="A_D05_ProductionStoreRejectsNullEmptyDuplicateAndMalformedInventory" fullname="ChooGuard.Foundation.Multiplayer.Tests.VoiceEpochCoordinatorTests.A_D05_ProductionStoreRejectsNullEmptyDuplicateAndMalformedInventory" methodname="A_D05_ProductionStoreRejectsNullEmptyDuplicateAndMalformedInventory" classname="ChooGuard.Foundation.Multiplayer.Tests.VoiceEpochCoordinatorTests" runstate="Runnable" seed="1714363850" result="Passed" start-time="2026-09-14 08:51:23Z" end-time="2026-09-14 08:51:23Z" duration="0.000260" asserts="0">
                  <properties>
                    <property name="retryIteration" value="0" />
                    <property name="repeatIteration" value="0" />
                  </properties>
                </test-case>
                <test-case id="1182" name="AB_D02_CreateCompletionCannotRestoreReadyWhileRevocationRemoveIsPendingOrFailed" fullname="ChooGuard.Foundation.Multiplayer.Tests.VoiceEpochCoordinatorTests.AB_D02_CreateCompletionCannotRestoreReadyWhileRevocationRemoveIsPendingOrFailed" methodname="AB_D02_CreateCompletionCannotRestoreReadyWhileRevocationRemoveIsPendingOrFailed" classname="ChooGuard.Foundation.Multiplayer.Tests.VoiceEpochCoordinatorTests" runstate="Runnable" seed="871142480" result="Passed" start-time="2026-09-14 08:51:23Z" end-time="2026-09-14 08:51:23Z" duration="0.003810" asserts="0">
                  <properties>
                    <property name="retryIteration" value="0" />
                    <property name="repeatIteration" value="0" />
                  </properties>
                  <output><![CDATA[Voice rooms provisioned with a new authorization epoch.
]]></output>
                </test-case>
                <test-case id="1174" name="AB_D02_PendingRevocationBlocksGrantEvenIfReadyWasRestoredByAnOldProvision" fullname="ChooGuard.Foundation.Multiplayer.Tests.VoiceEpochCoordinatorTests.AB_D02_PendingRevocationBlocksGrantEvenIfReadyWasRestoredByAnOldProvision" methodname="AB_D02_PendingRevocationBlocksGrantEvenIfReadyWasRestoredByAnOldProvision" classname="ChooGuard.Foundation.Multiplayer.Tests.VoiceEpochCoordinatorTests" runstate="Runnable" seed="1703535765" result="Passed" start-time="2026-09-14 08:51:23Z" end-time="2026-09-14 08:51:23Z" duration="0.000618" asserts="0">
                  <properties>
                    <property name="retryIteration" value="0" />
                    <property name="repeatIteration" value="0" />
                  </properties>
                </test-case>
                <test-case id="1189" name="AB_D03_InvalidCanonicalBlocksServiceCreateDeleteAndRemoveMutations" fullname="ChooGuard.Foundation.Multiplayer.Tests.VoiceEpochCoordinatorTests.AB_D03_InvalidCanonicalBlocksServiceCreateDeleteAndRemoveMutations" methodname="AB_D03_InvalidCanonicalBlocksServiceCreateDeleteAndRemoveMutations" classname="ChooGuard.Foundation.Multiplayer.Tests.VoiceEpochCoordinatorTests" runstate="Runnable" seed="2066008736" result="Passed" start-time="2026-09-14 08:51:23Z" end-time="2026-09-14 08:51:23Z" duration="0.002425" asserts="0">
                  <properties>
                    <property name="retryIteration" value="0" />
                    <property name="repeatIteration" value="0" />
                  </properties>
                </test-case>
                <test-case id="1181" name="AB_D04_CoordinatorInitialReadExceptionIsControlledAndRawInvalidIsNotDurableAuthority" fullname="ChooGuard.Foundation.Multiplayer.Tests.VoiceEpochCoordinatorTests.AB_D04_CoordinatorInitialReadExceptionIsControlledAndRawInvalidIsNotDurableAuthority" methodname="AB_D04_CoordinatorInitialReadExceptionIsControlledAndRawInvalidIsNotDurableAuthority" classname="ChooGuard.Foundation.Multiplayer.Tests.VoiceEpochCoordinatorTests" runstate="Runnable" seed="1346291296" result="Passed" start-time="2026-09-14 08:51:23Z" end-time="2026-09-14 08:51:23Z" duration="0.000410" asserts="0">
                  <properties>
                    <property name="retryIteration" value="0" />
                    <property name="repeatIteration" value="0" />
                  </properties>
                </test-case>
                <test-case id="1192" name="AB_D04_D05_CommitUsesValidatedCanonicalAcrossMoveReplaceAndAcknowledgementUncertainty" fullname="ChooGuard.Foundation.Multiplayer.Tests.VoiceEpochCoordinatorTests.AB_D04_D05_CommitUsesValidatedCanonicalAcrossMoveReplaceAndAcknowledgementUncertainty" methodname="AB_D04_D05_CommitUsesValidatedCanonicalAcrossMoveReplaceAndAcknowledgementUncertainty" classname="ChooGuard.Foundation.Multiplayer.Tests.VoiceEpochCoordinatorTests" runstate="Runnable" seed="1845998303" result="Passed" start-time="2026-09-14 08:51:23Z" end-time="2026-09-14 08:51:23Z" duration="0.001447" asserts="0">
                  <properties>
                    <property name="retryIteration" value="0" />
                    <property name="repeatIteration" value="0" />
                  </properties>
                </test-case>
                <test-case id="1191" name="AB_D04_ExplicitNotFoundIsMissingButReadUncertaintyFailsClosedAndRecovers" fullname="ChooGuard.Foundation.Multiplayer.Tests.VoiceEpochCoordinatorTests.AB_D04_ExplicitNotFoundIsMissingButReadUncertaintyFailsClosedAndRecovers" methodname="AB_D04_ExplicitNotFoundIsMissingButReadUncertaintyFailsClosedAndRecovers" classname="ChooGuard.Foundation.Multiplayer.Tests.VoiceEpochCoordinatorTests" runstate="Runnable" seed="1037227871" result="Passed" start-time="2026-09-14 08:51:23Z" end-time="2026-09-14 08:51:23Z" duration="0.000491" asserts="0">
                  <properties>
                    <property name="retryIteration" value="0" />
                    <property name="repeatIteration" value="0" />
                  </properties>
                </test-case>
                <test-case id="1209" name="AB_D04_MissingRaceNeverReplacesNewInvalidOrDifferentCanonical" fullname="ChooGuard.Foundation.Multiplayer.Tests.VoiceEpochCoordinatorTests.AB_D04_MissingRaceNeverReplacesNewInvalidOrDifferentCanonical" methodname="AB_D04_MissingRaceNeverReplacesNewInvalidOrDifferentCanonical" classname="ChooGuard.Foundation.Multiplayer.Tests.VoiceEpochCoordinatorTests" runstate="Runnable" seed="173439392" result="Passed" start-time="2026-09-14 08:51:23Z" end-time="2026-09-14 08:51:23Z" duration="0.000354" asserts="0">
                  <properties>
                    <property name="retryIteration" value="0" />
                    <property name="repeatIteration" value="0" />
                  </properties>
                </test-case>
                <test-case id="1211" name="AB_G01_G02_ServiceRetryRetiresPossibleInventoryBeforeCreateAndKeepsGrantsClosedOnFailure" fullname="ChooGuard.Foundation.Multiplayer.Tests.VoiceEpochCoordinatorTests.AB_G01_G02_ServiceRetryRetiresPossibleInventoryBeforeCreateAndKeepsGrantsClosedOnFailure" methodname="AB_G01_G02_ServiceRetryRetiresPossibleInventoryBeforeCreateAndKeepsGrantsClosedOnFailure" classname="ChooGuard.Foundation.Multiplayer.Tests.VoiceEpochCoordinatorTests" runstate="Runnable" seed="1961714938" result="Passed" start-time="2026-09-14 08:51:23Z" end-time="2026-09-14 08:51:23Z" duration="0.001651" asserts="0">
                  <properties>
                    <property name="retryIteration" value="0" />
                    <property name="repeatIteration" value="0" />
                  </properties>
                  <output><![CDATA[Voice rooms provisioned with a new authorization epoch.
]]></output>
                </test-case>
                <test-case id="1236" name="B_D01_DetachedStartedTransportCallSettlesBeforeReplacementAndLeavesOnlyCanonicalRooms" fullname="ChooGuard.Foundation.Multiplayer.Tests.VoiceEpochCoordinatorTests.B_D01_DetachedStartedTransportCallSettlesBeforeReplacementAndLeavesOnlyCanonicalRooms" methodname="B_D01_DetachedStartedTransportCallSettlesBeforeReplacementAndLeavesOnlyCanonicalRooms" classname="ChooGuard.Foundation.Multiplayer.Tests.VoiceEpochCoordinatorTests" runstate="Runnable" seed="1388142307" result="Passed" start-time="2026-09-14 08:51:23Z" end-time="2026-09-14 08:51:23Z" duration="0.001399" asserts="0">
                  <properties>
                    <property name="retryIteration" value="0" />
                    <property name="repeatIteration" value="0" />
                  </properties>
                </test-case>
                <test-case id="1235" name="B_D01_DetachedUnstartedCreateCallCannotDispatchAfterReplacementEpochCommits" fullname="ChooGuard.Foundation.Multiplayer.Tests.VoiceEpochCoordinatorTests.B_D01_DetachedUnstartedCreateCallCannotDispatchAfterReplacementEpochCommits" methodname="B_D01_DetachedUnstartedCreateCallCannotDispatchAfterReplacementEpochCommits" classname="ChooGuard.Foundation.Multiplayer.Tests.VoiceEpochCoordinatorTests" runstate="Runnable" seed="1188793940" result="Passed" start-time="2026-09-14 08:51:23Z" end-time="2026-09-14 08:51:23Z" duration="0.001430" asserts="0">
                  <properties>
                    <property name="retryIteration" value="0" />
                    <property name="repeatIteration" value="0" />
                  </properties>
                  <output><![CDATA[Voice rooms provisioned with a new authorization epoch.
]]></output>
                </test-case>
                <test-case id="1239" name="B_D01_DetachedUnstartedRemoveCannotDispatchAfterItsLeaseIsReplaced" fullname="ChooGuard.Foundation.Multiplayer.Tests.VoiceEpochCoordinatorTests.B_D01_DetachedUnstartedRemoveCannotDispatchAfterItsLeaseIsReplaced" methodname="B_D01_DetachedUnstartedRemoveCannotDispatchAfterItsLeaseIsReplaced" classname="ChooGuard.Foundation.Multiplayer.Tests.VoiceEpochCoordinatorTests" runstate="Runnable" seed="857205271" result="Passed" start-time="2026-09-14 08:51:23Z" end-time="2026-09-14 08:51:23Z" duration="0.001502" asserts="0">
                  <properties>
                    <property name="retryIteration" value="0" />
                    <property name="repeatIteration" value="0" />
                  </properties>
                  <output><![CDATA[Voice rooms provisioned with a new authorization epoch.
]]></output>
                </test-case>
                <test-case id="1240" name="B_D01_DetachedUnstartedRetirementDeleteCannotRunAfterSuccessfulRetirement" fullname="ChooGuard.Foundation.Multiplayer.Tests.VoiceEpochCoordinatorTests.B_D01_DetachedUnstartedRetirementDeleteCannotRunAfterSuccessfulRetirement" methodname="B_D01_DetachedUnstartedRetirementDeleteCannotRunAfterSuccessfulRetirement" classname="ChooGuard.Foundation.Multiplayer.Tests.VoiceEpochCoordinatorTests" runstate="Runnable" seed="529332063" result="Passed" start-time="2026-09-14 08:51:23Z" end-time="2026-09-14 08:51:23Z" duration="0.000594" asserts="0">
                  <properties>
                    <property name="retryIteration" value="0" />
                    <property name="repeatIteration" value="0" />
                  </properties>
                </test-case>
                <test-case id="1238" name="B_D01_DispatchedCreateWithLateCallbackBlocksReplacementUntilExplicitSettlement" fullname="ChooGuard.Foundation.Multiplayer.Tests.VoiceEpochCoordinatorTests.B_D01_DispatchedCreateWithLateCallbackBlocksReplacementUntilExplicitSettlement" methodname="B_D01_DispatchedCreateWithLateCallbackBlocksReplacementUntilExplicitSettlement" classname="ChooGuard.Foundation.Multiplayer.Tests.VoiceEpochCoordinatorTests" runstate="Runnable" seed="1103051637" result="Passed" start-time="2026-09-14 08:51:23Z" end-time="2026-09-14 08:51:23Z" duration="0.001976" asserts="0">
                  <properties>
                    <property name="retryIteration" value="0" />
                    <property name="repeatIteration" value="0" />
                  </properties>
                  <output><![CDATA[Voice rooms provisioned with a new authorization epoch.
]]></output>
                </test-case>
                <test-case id="1237" name="B_D01_NestedTransportAdvancementStaysInsideGuardedCallUntilSettlement" fullname="ChooGuard.Foundation.Multiplayer.Tests.VoiceEpochCoordinatorTests.B_D01_NestedTransportAdvancementStaysInsideGuardedCallUntilSettlement" methodname="B_D01_NestedTransportAdvancementStaysInsideGuardedCallUntilSettlement" classname="ChooGuard.Foundation.Multiplayer.Tests.VoiceEpochCoordinatorTests" runstate="Runnable" seed="1240966781" result="Passed" start-time="2026-09-14 08:51:23Z" end-time="2026-09-14 08:51:23Z" duration="0.001785" asserts="0">
                  <properties>
                    <property name="retryIteration" value="0" />
                    <property name="repeatIteration" value="0" />
                  </properties>
                  <output><![CDATA[Voice rooms provisioned with a new authorization epoch.
]]></output>
                </test-case>
                <test-case id="1212" name="B01_InitialPrecommitFailureWithKnownDisconnectRecoversThroughExplicitRetry" fullname="ChooGuard.Foundation.Multiplayer.Tests.VoiceEpochCoordinatorTests.B01_InitialPrecommitFailureWithKnownDisconnectRecoversThroughExplicitRetry" methodname="B01_InitialPrecommitFailureWithKnownDisconnectRecoversThroughExplicitRetry" classname="ChooGuard.Foundation.Multiplayer.Tests.VoiceEpochCoordinatorTests" runstate="Runnable" seed="879702373" result="Passed" start-time="2026-09-14 08:51:23Z" end-time="2026-09-14 08:51:23Z" duration="0.001381" asserts="0">
                  <properties>
                    <property name="retryIteration" value="0" />
                    <property name="repeatIteration" value="0" />
                  </properties>
                  <output><![CDATA[Voice rooms provisioned with a new authorization epoch.
]]></output>
                </test-case>
                <test-case id="1213" name="B01_KnownEmptyRecoveryNeverAppliesAfterAuthorityLossOrCommitUncertainty" fullname="ChooGuard.Foundation.Multiplayer.Tests.VoiceEpochCoordinatorTests.B01_KnownEmptyRecoveryNeverAppliesAfterAuthorityLossOrCommitUncertainty" methodname="B01_KnownEmptyRecoveryNeverAppliesAfterAuthorityLossOrCommitUncertainty" classname="ChooGuard.Foundation.Multiplayer.Tests.VoiceEpochCoordinatorTests" runstate="Runnable" seed="748420035" result="Passed" start-time="2026-09-14 08:51:23Z" end-time="2026-09-14 08:51:23Z" duration="0.002425" asserts="0">
                  <properties>
                    <property name="retryIteration" value="0" />
                    <property name="repeatIteration" value="0" />
                  </properties>
                  <output><![CDATA[Voice rooms provisioned with a new authorization epoch.
]]></output>
                </test-case>
                <test-case id="1214" name="B01_MissingCanonicalAfterPossibleCreateEffectDoesNotBecomeKnownEmpty" fullname="ChooGuard.Foundation.Multiplayer.Tests.VoiceEpochCoordinatorTests.B01_MissingCanonicalAfterPossibleCreateEffectDoesNotBecomeKnownEmpty" methodname="B01_MissingCanonicalAfterPossibleCreateEffectDoesNotBecomeKnownEmpty" classname="ChooGuard.Foundation.Multiplayer.Tests.VoiceEpochCoordinatorTests" runstate="Runnable" seed="335077797" result="Passed" start-time="2026-09-14 08:51:23Z" end-time="2026-09-14 08:51:23Z" duration="0.000665" asserts="0">
                  <properties>
                    <property name="retryIteration" value="0" />
                    <property name="repeatIteration" value="0" />
                  </properties>
                </test-case>
                <test-case id="1215" name="B02_ConfigureIsRejectedBeforeReplacingAnOwnerWithDelayedCreateAfterDelete404" fullname="ChooGuard.Foundation.Multiplayer.Tests.VoiceEpochCoordinatorTests.B02_ConfigureIsRejectedBeforeReplacingAnOwnerWithDelayedCreateAfterDelete404" methodname="B02_ConfigureIsRejectedBeforeReplacingAnOwnerWithDelayedCreateAfterDelete404" classname="ChooGuard.Foundation.Multiplayer.Tests.VoiceEpochCoordinatorTests" runstate="Runnable" seed="300869661" result="Passed" start-time="2026-09-14 08:51:23Z" end-time="2026-09-14 08:51:23Z" duration="0.001985" asserts="0">
                  <properties>
                    <property name="retryIteration" value="0" />
                    <property name="repeatIteration" value="0" />
                  </properties>
                  <output><![CDATA[Voice rooms provisioned with a new authorization epoch.
]]></output>
                </test-case>
                <test-case id="1216" name="B02_DuplicateRetireIsRejectedWithoutReplacingTheActiveCoordinator" fullname="ChooGuard.Foundation.Multiplayer.Tests.VoiceEpochCoordinatorTests.B02_DuplicateRetireIsRejectedWithoutReplacingTheActiveCoordinator" methodname="B02_DuplicateRetireIsRejectedWithoutReplacingTheActiveCoordinator" classname="ChooGuard.Foundation.Multiplayer.Tests.VoiceEpochCoordinatorTests" runstate="Runnable" seed="1712385230" result="Passed" start-time="2026-09-14 08:51:23Z" end-time="2026-09-14 08:51:23Z" duration="0.001194" asserts="0">
                  <properties>
                    <property name="retryIteration" value="0" />
                    <property name="repeatIteration" value="0" />
                  </properties>
                  <output><![CDATA[Voice rooms provisioned with a new authorization epoch.
]]></output>
                </test-case>
                <test-suite type="ParameterizedMethod" id="1220" name="B02_EveryTransportPauseKeepsOneLifecycleOwnerAndClosesGrants" fullname="ChooGuard.Foundation.Multiplayer.Tests.VoiceEpochCoordinatorTests.B02_EveryTransportPauseKeepsOneLifecycleOwnerAndClosesGrants" classname="ChooGuard.Foundation.Multiplayer.Tests.VoiceEpochCoordinatorTests" runstate="Runnable" testcasecount="3" result="Passed" start-time="2026-09-14 08:51:23Z" end-time="2026-09-14 08:51:23Z" duration="0.003672" total="3" passed="3" failed="0" inconclusive="0" skipped="0" asserts="0">
                  <properties />
                  <test-case id="1217" name="B02_EveryTransportPauseKeepsOneLifecycleOwnerAndClosesGrants(&quot;DeleteRoom&quot;)" fullname="ChooGuard.Foundation.Multiplayer.Tests.VoiceEpochCoordinatorTests.B02_EveryTransportPauseKeepsOneLifecycleOwnerAndClosesGrants(&quot;DeleteRoom&quot;)" methodname="B02_EveryTransportPauseKeepsOneLifecycleOwnerAndClosesGrants" classname="ChooGuard.Foundation.Multiplayer.Tests.VoiceEpochCoordinatorTests" runstate="Runnable" seed="1316269314" result="Passed" start-time="2026-09-14 08:51:23Z" end-time="2026-09-14 08:51:23Z" duration="0.001258" asserts="0">
                    <properties>
                      <property name="retryIteration" value="0" />
                      <property name="repeatIteration" value="0" />
                    </properties>
                  </test-case>
                  <test-case id="1218" name="B02_EveryTransportPauseKeepsOneLifecycleOwnerAndClosesGrants(&quot;CreateRoom&quot;)" fullname="ChooGuard.Foundation.Multiplayer.Tests.VoiceEpochCoordinatorTests.B02_EveryTransportPauseKeepsOneLifecycleOwnerAndClosesGrants(&quot;CreateRoom&quot;)" methodname="B02_EveryTransportPauseKeepsOneLifecycleOwnerAndClosesGrants" classname="ChooGuard.Foundation.Multiplayer.Tests.VoiceEpochCoordinatorTests" runstate="Runnable" seed="12743783" result="Passed" start-time="2026-09-14 08:51:23Z" end-time="2026-09-14 08:51:23Z" duration="0.000631" asserts="0">
                    <properties>
                      <property name="retryIteration" value="0" />
                      <property name="repeatIteration" value="0" />
                    </properties>
                  </test-case>
                  <test-case id="1219" name="B02_EveryTransportPauseKeepsOneLifecycleOwnerAndClosesGrants(&quot;RemoveParticipant&quot;)" fullname="ChooGuard.Foundation.Multiplayer.Tests.VoiceEpochCoordinatorTests.B02_EveryTransportPauseKeepsOneLifecycleOwnerAndClosesGrants(&quot;RemoveParticipant&quot;)" methodname="B02_EveryTransportPauseKeepsOneLifecycleOwnerAndClosesGrants" classname="ChooGuard.Foundation.Multiplayer.Tests.VoiceEpochCoordinatorTests" runstate="Runnable" seed="533297475" result="Passed" start-time="2026-09-14 08:51:23Z" end-time="2026-09-14 08:51:23Z" duration="0.000851" asserts="0">
                    <properties>
                      <property name="retryIteration" value="0" />
                      <property name="repeatIteration" value="0" />
                    </properties>
                  </test-case>
                </test-suite>
                <test-suite type="ParameterizedMethod" id="1186" name="F1_F3_FirstMiddleAndLastCreateFailureKeepWholeCandidateForExplicitRetry" fullname="ChooGuard.Foundation.Multiplayer.Tests.VoiceEpochCoordinatorTests.F1_F3_FirstMiddleAndLastCreateFailureKeepWholeCandidateForExplicitRetry" classname="ChooGuard.Foundation.Multiplayer.Tests.VoiceEpochCoordinatorTests" runstate="Runnable" testcasecount="3" result="Passed" start-time="2026-09-14 08:51:23Z" end-time="2026-09-14 08:51:23Z" duration="0.005793" total="3" passed="3" failed="0" inconclusive="0" skipped="0" asserts="0">
                  <properties />
                  <test-case id="1183" name="F1_F3_FirstMiddleAndLastCreateFailureKeepWholeCandidateForExplicitRetry(0)" fullname="ChooGuard.Foundation.Multiplayer.Tests.VoiceEpochCoordinatorTests.F1_F3_FirstMiddleAndLastCreateFailureKeepWholeCandidateForExplicitRetry(0)" methodname="F1_F3_FirstMiddleAndLastCreateFailureKeepWholeCandidateForExplicitRetry" classname="ChooGuard.Foundation.Multiplayer.Tests.VoiceEpochCoordinatorTests" runstate="Runnable" seed="1229269590" result="Passed" start-time="2026-09-14 08:51:23Z" end-time="2026-09-14 08:51:23Z" duration="0.002127" asserts="0">
                    <properties>
                      <property name="retryIteration" value="0" />
                      <property name="repeatIteration" value="0" />
                    </properties>
                    <output><![CDATA[Voice rooms provisioned with a new authorization epoch.
]]></output>
                  </test-case>
                  <test-case id="1184" name="F1_F3_FirstMiddleAndLastCreateFailureKeepWholeCandidateForExplicitRetry(1)" fullname="ChooGuard.Foundation.Multiplayer.Tests.VoiceEpochCoordinatorTests.F1_F3_FirstMiddleAndLastCreateFailureKeepWholeCandidateForExplicitRetry(1)" methodname="F1_F3_FirstMiddleAndLastCreateFailureKeepWholeCandidateForExplicitRetry" classname="ChooGuard.Foundation.Multiplayer.Tests.VoiceEpochCoordinatorTests" runstate="Runnable" seed="1761147674" result="Passed" start-time="2026-09-14 08:51:23Z" end-time="2026-09-14 08:51:23Z" duration="0.001473" asserts="0">
                    <properties>
                      <property name="retryIteration" value="0" />
                      <property name="repeatIteration" value="0" />
                    </properties>
                    <output><![CDATA[Voice rooms provisioned with a new authorization epoch.
]]></output>
                  </test-case>
                  <test-case id="1185" name="F1_F3_FirstMiddleAndLastCreateFailureKeepWholeCandidateForExplicitRetry(2)" fullname="ChooGuard.Foundation.Multiplayer.Tests.VoiceEpochCoordinatorTests.F1_F3_FirstMiddleAndLastCreateFailureKeepWholeCandidateForExplicitRetry(2)" methodname="F1_F3_FirstMiddleAndLastCreateFailureKeepWholeCandidateForExplicitRetry" classname="ChooGuard.Foundation.Multiplayer.Tests.VoiceEpochCoordinatorTests" runstate="Runnable" seed="468037079" result="Passed" start-time="2026-09-14 08:51:23Z" end-time="2026-09-14 08:51:23Z" duration="0.001369" asserts="0">
                    <properties>
                      <property name="retryIteration" value="0" />
                      <property name="repeatIteration" value="0" />
                    </properties>
                    <output><![CDATA[Voice rooms provisioned with a new authorization epoch.
]]></output>
                  </test-case>
                </test-suite>
                <test-case id="1160" name="F1_OldRetirementIsCompletedBeforeAnyReplacementCreate" fullname="ChooGuard.Foundation.Multiplayer.Tests.VoiceEpochCoordinatorTests.F1_OldRetirementIsCompletedBeforeAnyReplacementCreate" methodname="F1_OldRetirementIsCompletedBeforeAnyReplacementCreate" classname="ChooGuard.Foundation.Multiplayer.Tests.VoiceEpochCoordinatorTests" runstate="Runnable" seed="1063154163" result="Passed" start-time="2026-09-14 08:51:23Z" end-time="2026-09-14 08:51:23Z" duration="0.002706" asserts="0">
                  <properties>
                    <property name="retryIteration" value="0" />
                    <property name="repeatIteration" value="0" />
                  </properties>
                </test-case>
                <test-case id="1187" name="F2_F3_PartialCreateAndResponseLossRemainRetirableAcrossServiceReconstruction" fullname="ChooGuard.Foundation.Multiplayer.Tests.VoiceEpochCoordinatorTests.F2_F3_PartialCreateAndResponseLossRemainRetirableAcrossServiceReconstruction" methodname="F2_F3_PartialCreateAndResponseLossRemainRetirableAcrossServiceReconstruction" classname="ChooGuard.Foundation.Multiplayer.Tests.VoiceEpochCoordinatorTests" runstate="Runnable" seed="825485258" result="Passed" start-time="2026-09-14 08:51:23Z" end-time="2026-09-14 08:51:23Z" duration="0.001766" asserts="0">
                  <properties>
                    <property name="retryIteration" value="0" />
                    <property name="repeatIteration" value="0" />
                  </properties>
                </test-case>
                <test-case id="1161" name="F2_FailedCandidateRemainsRetirableAfterReconstruction" fullname="ChooGuard.Foundation.Multiplayer.Tests.VoiceEpochCoordinatorTests.F2_FailedCandidateRemainsRetirableAfterReconstruction" methodname="F2_FailedCandidateRemainsRetirableAfterReconstruction" classname="ChooGuard.Foundation.Multiplayer.Tests.VoiceEpochCoordinatorTests" runstate="Runnable" seed="1615164346" result="Passed" start-time="2026-09-14 08:51:23Z" end-time="2026-09-14 08:51:23Z" duration="0.000760" asserts="0">
                  <properties>
                    <property name="retryIteration" value="0" />
                    <property name="repeatIteration" value="0" />
                  </properties>
                </test-case>
                <test-case id="1188" name="F2_ShutdownRequestedDuringInflightCreateRetiresTheDurableWholeCandidate" fullname="ChooGuard.Foundation.Multiplayer.Tests.VoiceEpochCoordinatorTests.F2_ShutdownRequestedDuringInflightCreateRetiresTheDurableWholeCandidate" methodname="F2_ShutdownRequestedDuringInflightCreateRetiresTheDurableWholeCandidate" classname="ChooGuard.Foundation.Multiplayer.Tests.VoiceEpochCoordinatorTests" runstate="Runnable" seed="1007920281" result="Passed" start-time="2026-09-14 08:51:23Z" end-time="2026-09-14 08:51:23Z" duration="0.000577" asserts="0">
                  <properties>
                    <property name="retryIteration" value="0" />
                    <property name="repeatIteration" value="0" />
                  </properties>
                </test-case>
                <test-case id="1162" name="F3_ResponseLossKeepsCandidateInventoryForExplicitRetry" fullname="ChooGuard.Foundation.Multiplayer.Tests.VoiceEpochCoordinatorTests.F3_ResponseLossKeepsCandidateInventoryForExplicitRetry" methodname="F3_ResponseLossKeepsCandidateInventoryForExplicitRetry" classname="ChooGuard.Foundation.Multiplayer.Tests.VoiceEpochCoordinatorTests" runstate="Runnable" seed="2083828448" result="Passed" start-time="2026-09-14 08:51:23Z" end-time="2026-09-14 08:51:23Z" duration="0.000689" asserts="0">
                  <properties>
                    <property name="retryIteration" value="0" />
                    <property name="repeatIteration" value="0" />
                  </properties>
                </test-case>
                <test-case id="1163" name="F4_FreshCoordinatorUsesDurableIntentWithoutMemoryState" fullname="ChooGuard.Foundation.Multiplayer.Tests.VoiceEpochCoordinatorTests.F4_FreshCoordinatorUsesDurableIntentWithoutMemoryState" methodname="F4_FreshCoordinatorUsesDurableIntentWithoutMemoryState" classname="ChooGuard.Foundation.Multiplayer.Tests.VoiceEpochCoordinatorTests" runstate="Runnable" seed="1813307429" result="Passed" start-time="2026-09-14 08:51:23Z" end-time="2026-09-14 08:51:23Z" duration="0.000287" asserts="0">
                  <properties>
                    <property name="retryIteration" value="0" />
                    <property name="repeatIteration" value="0" />
                  </properties>
                </test-case>
                <test-case id="1164" name="F5_HappyPathKeepsReadyEpochAndExpectedRoomInventory" fullname="ChooGuard.Foundation.Multiplayer.Tests.VoiceEpochCoordinatorTests.F5_HappyPathKeepsReadyEpochAndExpectedRoomInventory" methodname="F5_HappyPathKeepsReadyEpochAndExpectedRoomInventory" classname="ChooGuard.Foundation.Multiplayer.Tests.VoiceEpochCoordinatorTests" runstate="Runnable" seed="437741388" result="Passed" start-time="2026-09-14 08:51:23Z" end-time="2026-09-14 08:51:23Z" duration="0.000773" asserts="0">
                  <properties>
                    <property name="retryIteration" value="0" />
                    <property name="repeatIteration" value="0" />
                  </properties>
                </test-case>
                <test-suite type="ParameterizedMethod" id="1208" name="F5_HttpResultClassifiesOnlySuccessfulOrIdempotentNotFoundMutations" fullname="ChooGuard.Foundation.Multiplayer.Tests.VoiceEpochCoordinatorTests.F5_HttpResultClassifiesOnlySuccessfulOrIdempotentNotFoundMutations" classname="ChooGuard.Foundation.Multiplayer.Tests.VoiceEpochCoordinatorTests" runstate="Runnable" testcasecount="6" result="Passed" start-time="2026-09-14 08:51:23Z" end-time="2026-09-14 08:51:23Z" duration="0.001671" total="6" passed="6" failed="0" inconclusive="0" skipped="0" asserts="0">
                  <properties />
                  <test-case id="1202" name="F5_HttpResultClassifiesOnlySuccessfulOrIdempotentNotFoundMutations(&quot;CreateRoom&quot;,ProtocolError,404,False)" fullname="ChooGuard.Foundation.Multiplayer.Tests.VoiceEpochCoordinatorTests.F5_HttpResultClassifiesOnlySuccessfulOrIdempotentNotFoundMutations(&quot;CreateRoom&quot;,ProtocolError,404,False)" methodname="F5_HttpResultClassifiesOnlySuccessfulOrIdempotentNotFoundMutations" classname="ChooGuard.Foundation.Multiplayer.Tests.VoiceEpochCoordinatorTests" runstate="Runnable" seed="883306501" result="Passed" start-time="2026-09-14 08:51:23Z" end-time="2026-09-14 08:51:23Z" duration="0.000240" asserts="0">
                    <properties>
                      <property name="retryIteration" value="0" />
                      <property name="repeatIteration" value="0" />
                    </properties>
                  </test-case>
                  <test-case id="1203" name="F5_HttpResultClassifiesOnlySuccessfulOrIdempotentNotFoundMutations(&quot;DeleteRoom&quot;,ProtocolError,404,True)" fullname="ChooGuard.Foundation.Multiplayer.Tests.VoiceEpochCoordinatorTests.F5_HttpResultClassifiesOnlySuccessfulOrIdempotentNotFoundMutations(&quot;DeleteRoom&quot;,ProtocolError,404,True)" methodname="F5_HttpResultClassifiesOnlySuccessfulOrIdempotentNotFoundMutations" classname="ChooGuard.Foundation.Multiplayer.Tests.VoiceEpochCoordinatorTests" runstate="Runnable" seed="884438187" result="Passed" start-time="2026-09-14 08:51:23Z" end-time="2026-09-14 08:51:23Z" duration="0.000065" asserts="0">
                    <properties>
                      <property name="retryIteration" value="0" />
                      <property name="repeatIteration" value="0" />
                    </properties>
                  </test-case>
                  <test-case id="1204" name="F5_HttpResultClassifiesOnlySuccessfulOrIdempotentNotFoundMutations(&quot;RemoveParticipant&quot;,ProtocolError,404,True)" fullname="ChooGuard.Foundation.Multiplayer.Tests.VoiceEpochCoordinatorTests.F5_HttpResultClassifiesOnlySuccessfulOrIdempotentNotFoundMutations(&quot;RemoveParticipant&quot;,ProtocolError,404,True)" methodname="F5_HttpResultClassifiesOnlySuccessfulOrIdempotentNotFoundMutations" classname="ChooGuard.Foundation.Multiplayer.Tests.VoiceEpochCoordinatorTests" runstate="Runnable" seed="39544873" result="Passed" start-time="2026-09-14 08:51:23Z" end-time="2026-09-14 08:51:23Z" duration="0.000071" asserts="0">
                    <properties>
                      <property name="retryIteration" value="0" />
                      <property name="repeatIteration" value="0" />
                    </properties>
                  </test-case>
                  <test-case id="1205" name="F5_HttpResultClassifiesOnlySuccessfulOrIdempotentNotFoundMutations(&quot;DeleteRoom&quot;,ConnectionError,404,False)" fullname="ChooGuard.Foundation.Multiplayer.Tests.VoiceEpochCoordinatorTests.F5_HttpResultClassifiesOnlySuccessfulOrIdempotentNotFoundMutations(&quot;DeleteRoom&quot;,ConnectionError,404,False)" methodname="F5_HttpResultClassifiesOnlySuccessfulOrIdempotentNotFoundMutations" classname="ChooGuard.Foundation.Multiplayer.Tests.VoiceEpochCoordinatorTests" runstate="Runnable" seed="1625479793" result="Passed" start-time="2026-09-14 08:51:23Z" end-time="2026-09-14 08:51:23Z" duration="0.000059" asserts="0">
                    <properties>
                      <property name="retryIteration" value="0" />
                      <property name="repeatIteration" value="0" />
                    </properties>
                  </test-case>
                  <test-case id="1206" name="F5_HttpResultClassifiesOnlySuccessfulOrIdempotentNotFoundMutations(&quot;RemoveParticipant&quot;,DataProcessingError,404,False)" fullname="ChooGuard.Foundation.Multiplayer.Tests.VoiceEpochCoordinatorTests.F5_HttpResultClassifiesOnlySuccessfulOrIdempotentNotFoundMutations(&quot;RemoveParticipant&quot;,DataProcessingError,404,False)" methodname="F5_HttpResultClassifiesOnlySuccessfulOrIdempotentNotFoundMutations" classname="ChooGuard.Foundation.Multiplayer.Tests.VoiceEpochCoordinatorTests" runstate="Runnable" seed="1718011609" result="Passed" start-time="2026-09-14 08:51:23Z" end-time="2026-09-14 08:51:23Z" duration="0.000055" asserts="0">
                    <properties>
                      <property name="retryIteration" value="0" />
                      <property name="repeatIteration" value="0" />
                    </properties>
                  </test-case>
                  <test-case id="1207" name="F5_HttpResultClassifiesOnlySuccessfulOrIdempotentNotFoundMutations(&quot;CreateRoom&quot;,Success,200,True)" fullname="ChooGuard.Foundation.Multiplayer.Tests.VoiceEpochCoordinatorTests.F5_HttpResultClassifiesOnlySuccessfulOrIdempotentNotFoundMutations(&quot;CreateRoom&quot;,Success,200,True)" methodname="F5_HttpResultClassifiesOnlySuccessfulOrIdempotentNotFoundMutations" classname="ChooGuard.Foundation.Multiplayer.Tests.VoiceEpochCoordinatorTests" runstate="Runnable" seed="2089324535" result="Passed" start-time="2026-09-14 08:51:23Z" end-time="2026-09-14 08:51:23Z" duration="0.000058" asserts="0">
                    <properties>
                      <property name="retryIteration" value="0" />
                      <property name="repeatIteration" value="0" />
                    </properties>
                  </test-case>
                </test-suite>
                <test-case id="1210" name="F5_JwtPayloadPreservesIdentityRoomJoinRoleAndMicrophoneOnlyForNinetySeconds" fullname="ChooGuard.Foundation.Multiplayer.Tests.VoiceEpochCoordinatorTests.F5_JwtPayloadPreservesIdentityRoomJoinRoleAndMicrophoneOnlyForNinetySeconds" methodname="F5_JwtPayloadPreservesIdentityRoomJoinRoleAndMicrophoneOnlyForNinetySeconds" classname="ChooGuard.Foundation.Multiplayer.Tests.VoiceEpochCoordinatorTests" runstate="Runnable" seed="26695294" result="Passed" start-time="2026-09-14 08:51:23Z" end-time="2026-09-14 08:51:23Z" duration="0.001196" asserts="0">
                  <properties>
                    <property name="retryIteration" value="0" />
                    <property name="repeatIteration" value="0" />
                  </properties>
                </test-case>
                <test-case id="1171" name="F6_CommitReadyAcknowledgementIsAcceptedOnlyWhenExactReadyCanonicalIsReread" fullname="ChooGuard.Foundation.Multiplayer.Tests.VoiceEpochCoordinatorTests.F6_CommitReadyAcknowledgementIsAcceptedOnlyWhenExactReadyCanonicalIsReread" methodname="F6_CommitReadyAcknowledgementIsAcceptedOnlyWhenExactReadyCanonicalIsReread" classname="ChooGuard.Foundation.Multiplayer.Tests.VoiceEpochCoordinatorTests" runstate="Runnable" seed="216368874" result="Passed" start-time="2026-09-14 08:51:23Z" end-time="2026-09-14 08:51:23Z" duration="0.000572" asserts="0">
                  <properties>
                    <property name="retryIteration" value="0" />
                    <property name="repeatIteration" value="0" />
                  </properties>
                </test-case>
                <test-case id="1165" name="F6_CommitUncertaintyFailsClosedBeforeRemoteCreate" fullname="ChooGuard.Foundation.Multiplayer.Tests.VoiceEpochCoordinatorTests.F6_CommitUncertaintyFailsClosedBeforeRemoteCreate" methodname="F6_CommitUncertaintyFailsClosedBeforeRemoteCreate" classname="ChooGuard.Foundation.Multiplayer.Tests.VoiceEpochCoordinatorTests" runstate="Runnable" seed="893144908" result="Passed" start-time="2026-09-14 08:51:23Z" end-time="2026-09-14 08:51:23Z" duration="0.000559" asserts="0">
                  <properties>
                    <property name="retryIteration" value="0" />
                    <property name="repeatIteration" value="0" />
                  </properties>
                </test-case>
                <test-case id="1172" name="F7_InvalidManifestPerformsNoRemoteMutation" fullname="ChooGuard.Foundation.Multiplayer.Tests.VoiceEpochCoordinatorTests.F7_InvalidManifestPerformsNoRemoteMutation" methodname="F7_InvalidManifestPerformsNoRemoteMutation" classname="ChooGuard.Foundation.Multiplayer.Tests.VoiceEpochCoordinatorTests" runstate="Runnable" seed="1699163302" result="Passed" start-time="2026-09-14 08:51:23Z" end-time="2026-09-14 08:51:23Z" duration="0.000277" asserts="0">
                  <properties>
                    <property name="retryIteration" value="0" />
                    <property name="repeatIteration" value="0" />
                  </properties>
                </test-case>
                <test-case id="1250" name="R6_F4_FreshServiceAndFreshStoreAdapterCannotReplaceStartedOldCreate" fullname="ChooGuard.Foundation.Multiplayer.Tests.VoiceEpochCoordinatorTests.R6_F4_FreshServiceAndFreshStoreAdapterCannotReplaceStartedOldCreate" methodname="R6_F4_FreshServiceAndFreshStoreAdapterCannotReplaceStartedOldCreate" classname="ChooGuard.Foundation.Multiplayer.Tests.VoiceEpochCoordinatorTests" runstate="Runnable" seed="983781334" result="Passed" start-time="2026-09-14 08:51:23Z" end-time="2026-09-14 08:51:23Z" duration="0.003490" asserts="0">
                  <properties>
                    <property name="retryIteration" value="0" />
                    <property name="repeatIteration" value="0" />
                  </properties>
                </test-case>
[...]
                    <properties>
                      <property name="retryIteration" value="0" />
                      <property name="repeatIteration" value="0" />
                    </properties>
                    <output><![CDATA[World motion traversal 0.41 metro_platforms -> rolling_stock_metro steps=100 seconds=0.3072127
]]></output>
                  </test-case>
                </test-suite>
                <test-suite type="ParameterizedMethod" id="1328" name="ClosedTreeEdgeWaitsAndActualPropGetsAPathAroundIt" fullname="ChooGuard.Foundation.Multiplayer.Tests.WorldMotionAdapterTests.ClosedTreeEdgeWaitsAndActualPropGetsAPathAroundIt" classname="ChooGuard.Foundation.Multiplayer.Tests.WorldMotionAdapterTests" runstate="Runnable" testcasecount="2" result="Passed" start-time="2026-09-14 08:52:00Z" end-time="2026-09-14 08:52:01Z" duration="0.243459" total="2" passed="2" failed="0" inconclusive="0" skipped="0" asserts="0">
                  <properties />
                  <test-case id="1326" name="ClosedTreeEdgeWaitsAndActualPropGetsAPathAroundIt(0.3d)" fullname="ChooGuard.Foundation.Multiplayer.Tests.WorldMotionAdapterTests.ClosedTreeEdgeWaitsAndActualPropGetsAPathAroundIt(0.3d)" methodname="ClosedTreeEdgeWaitsAndActualPropGetsAPathAroundIt" classname="ChooGuard.Foundation.Multiplayer.Tests.WorldMotionAdapterTests" runstate="Runnable" seed="1443129664" result="Passed" start-time="2026-09-14 08:52:00Z" end-time="2026-09-14 08:52:01Z" duration="0.116514" asserts="0">
                    <properties>
                      <property name="retryIteration" value="0" />
                      <property name="repeatIteration" value="0" />
                    </properties>
                  </test-case>
                  <test-case id="1327" name="ClosedTreeEdgeWaitsAndActualPropGetsAPathAroundIt(0.41d)" fullname="ChooGuard.Foundation.Multiplayer.Tests.WorldMotionAdapterTests.ClosedTreeEdgeWaitsAndActualPropGetsAPathAroundIt(0.41d)" methodname="ClosedTreeEdgeWaitsAndActualPropGetsAPathAroundIt" classname="ChooGuard.Foundation.Multiplayer.Tests.WorldMotionAdapterTests" runstate="Runnable" seed="865760835" result="Passed" start-time="2026-09-14 08:52:01Z" end-time="2026-09-14 08:52:01Z" duration="0.125125" asserts="0">
                    <properties>
                      <property name="retryIteration" value="0" />
                      <property name="repeatIteration" value="0" />
                    </properties>
                  </test-case>
                </test-suite>
                <test-case id="1263" name="DescriptorSourcesAndAvatarEnvelopeAgreeWithActualGeometry" fullname="ChooGuard.Foundation.Multiplayer.Tests.WorldMotionAdapterTests.DescriptorSourcesAndAvatarEnvelopeAgreeWithActualGeometry" methodname="DescriptorSourcesAndAvatarEnvelopeAgreeWithActualGeometry" classname="ChooGuard.Foundation.Multiplayer.Tests.WorldMotionAdapterTests" runstate="Runnable" seed="1495831267" result="Passed" start-time="2026-09-14 08:52:01Z" end-time="2026-09-14 08:52:01Z" duration="0.014745" asserts="0">
                  <properties>
                    <property name="retryIteration" value="0" />
                    <property name="repeatIteration" value="0" />
                  </properties>
                </test-case>
                <test-case id="1262" name="DetachedTrainCanContinueWhileStationBodyEntersAndLeavesTheClosedBridge" fullname="ChooGuard.Foundation.Multiplayer.Tests.WorldMotionAdapterTests.DetachedTrainCanContinueWhileStationBodyEntersAndLeavesTheClosedBridge" methodname="DetachedTrainCanContinueWhileStationBodyEntersAndLeavesTheClosedBridge" classname="ChooGuard.Foundation.Multiplayer.Tests.WorldMotionAdapterTests" runstate="Runnable" seed="777445288" result="Passed" start-time="2026-09-14 08:52:01Z" end-time="2026-09-14 08:52:01Z" duration="0.241819" asserts="0">
                  <properties>
                    <property name="retryIteration" value="0" />
                    <property name="repeatIteration" value="0" />
                  </properties>
                </test-case>
                <test-case id="1333" name="ExactOuterBinaryCheckpointRestoresMotionFramesAndNavigationAndRejectsMalformedPayloadAtomically" fullname="ChooGuard.Foundation.Multiplayer.Tests.WorldMotionAdapterTests.ExactOuterBinaryCheckpointRestoresMotionFramesAndNavigationAndRejectsMalformedPayloadAtomically" methodname="ExactOuterBinaryCheckpointRestoresMotionFramesAndNavigationAndRejectsMalformedPayloadAtomically" classname="ChooGuard.Foundation.Multiplayer.Tests.WorldMotionAdapterTests" runstate="Runnable" seed="17975111" result="Passed" start-time="2026-09-14 08:52:01Z" end-time="2026-09-14 08:52:02Z" duration="0.576512" asserts="0">
                  <properties>
                    <property name="retryIteration" value="0" />
                    <property name="repeatIteration" value="0" />
                  </properties>
                </test-case>
                <test-suite type="ParameterizedMethod" id="1318" name="ExecutionOptimizationsKeepExact120BodySnapshotsMinimumGapsAndFailureAtomicity" fullname="ChooGuard.Foundation.Multiplayer.Tests.WorldMotionAdapterTests.ExecutionOptimizationsKeepExact120BodySnapshotsMinimumGapsAndFailureAtomicity" classname="ChooGuard.Foundation.Multiplayer.Tests.WorldMotionAdapterTests" runstate="Runnable" testcasecount="3" result="Passed" start-time="2026-09-14 08:52:02Z" end-time="2026-09-14 08:52:08Z" duration="6.851779" total="3" passed="3" failed="0" inconclusive="0" skipped="0" asserts="0">
                  <properties />
                  <test-case id="1315" name="ExecutionOptimizationsKeepExact120BodySnapshotsMinimumGapsAndFailureAtomicity(ComposedClock)" fullname="ChooGuard.Foundation.Multiplayer.Tests.WorldMotionAdapterTests.ExecutionOptimizationsKeepExact120BodySnapshotsMinimumGapsAndFailureAtomicity(ComposedClock)" methodname="ExecutionOptimizationsKeepExact120BodySnapshotsMinimumGapsAndFailureAtomicity" classname="ChooGuard.Foundation.Multiplayer.Tests.WorldMotionAdapterTests" runstate="Runnable" seed="143375827" result="Passed" start-time="2026-09-14 08:52:02Z" end-time="2026-09-14 08:52:04Z" duration="2.271386" asserts="0">
                    <properties>
                      <property name="retryIteration" value="0" />
                      <property name="repeatIteration" value="0" />
                    </properties>
                  </test-case>
                  <test-case id="1316" name="ExecutionOptimizationsKeepExact120BodySnapshotsMinimumGapsAndFailureAtomicity(PreparedClearance)" fullname="ChooGuard.Foundation.Multiplayer.Tests.WorldMotionAdapterTests.ExecutionOptimizationsKeepExact120BodySnapshotsMinimumGapsAndFailureAtomicity(PreparedClearance)" methodname="ExecutionOptimizationsKeepExact120BodySnapshotsMinimumGapsAndFailureAtomicity" classname="ChooGuard.Foundation.Multiplayer.Tests.WorldMotionAdapterTests" runstate="Runnable" seed="930917283" result="Passed" start-time="2026-09-14 08:52:04Z" end-time="2026-09-14 08:52:06Z" duration="2.536403" asserts="0">
                    <properties>
                      <property name="retryIteration" value="0" />
                      <property name="repeatIteration" value="0" />
                    </properties>
                  </test-case>
                  <test-case id="1317" name="ExecutionOptimizationsKeepExact120BodySnapshotsMinimumGapsAndFailureAtomicity(All)" fullname="ChooGuard.Foundation.Multiplayer.Tests.WorldMotionAdapterTests.ExecutionOptimizationsKeepExact120BodySnapshotsMinimumGapsAndFailureAtomicity(All)" methodname="ExecutionOptimizationsKeepExact120BodySnapshotsMinimumGapsAndFailureAtomicity" classname="ChooGuard.Foundation.Multiplayer.Tests.WorldMotionAdapterTests" runstate="Runnable" seed="1473648091" result="Passed" start-time="2026-09-14 08:52:06Z" end-time="2026-09-14 08:52:08Z" duration="2.041956" asserts="0">
                    <properties>
                      <property name="retryIteration" value="0" />
                      <property name="repeatIteration" value="0" />
                    </properties>
                  </test-case>
                </test-suite>
                <test-suite type="ParameterizedMethod" id="1322" name="ExecutionOptimizationsKeepMovingCarExactAndRejectedFrameAtomic" fullname="ChooGuard.Foundation.Multiplayer.Tests.WorldMotionAdapterTests.ExecutionOptimizationsKeepMovingCarExactAndRejectedFrameAtomic" classname="ChooGuard.Foundation.Multiplayer.Tests.WorldMotionAdapterTests" runstate="Runnable" testcasecount="3" result="Passed" start-time="2026-09-14 08:52:08Z" end-time="2026-09-14 08:52:10Z" duration="1.535270" total="3" passed="3" failed="0" inconclusive="0" skipped="0" asserts="0">
                  <properties />
                  <test-case id="1319" name="ExecutionOptimizationsKeepMovingCarExactAndRejectedFrameAtomic(ComposedClock)" fullname="ChooGuard.Foundation.Multiplayer.Tests.WorldMotionAdapterTests.ExecutionOptimizationsKeepMovingCarExactAndRejectedFrameAtomic(ComposedClock)" methodname="ExecutionOptimizationsKeepMovingCarExactAndRejectedFrameAtomic" classname="ChooGuard.Foundation.Multiplayer.Tests.WorldMotionAdapterTests" runstate="Runnable" seed="28013646" result="Passed" start-time="2026-09-14 08:52:08Z" end-time="2026-09-14 08:52:09Z" duration="0.486868" asserts="0">
                    <properties>
                      <property name="retryIteration" value="0" />
                      <property name="repeatIteration" value="0" />
                    </properties>
                  </test-case>
                  <test-case id="1320" name="ExecutionOptimizationsKeepMovingCarExactAndRejectedFrameAtomic(PreparedClearance)" fullname="ChooGuard.Foundation.Multiplayer.Tests.WorldMotionAdapterTests.ExecutionOptimizationsKeepMovingCarExactAndRejectedFrameAtomic(PreparedClearance)" methodname="ExecutionOptimizationsKeepMovingCarExactAndRejectedFrameAtomic" classname="ChooGuard.Foundation.Multiplayer.Tests.WorldMotionAdapterTests" runstate="Runnable" seed="1560006266" result="Passed" start-time="2026-09-14 08:52:09Z" end-time="2026-09-14 08:52:09Z" duration="0.545761" asserts="0">
                    <properties>
                      <property name="retryIteration" value="0" />
                      <property name="repeatIteration" value="0" />
                    </properties>
                  </test-case>
                  <test-case id="1321" name="ExecutionOptimizationsKeepMovingCarExactAndRejectedFrameAtomic(All)" fullname="ChooGuard.Foundation.Multiplayer.Tests.WorldMotionAdapterTests.ExecutionOptimizationsKeepMovingCarExactAndRejectedFrameAtomic(All)" methodname="ExecutionOptimizationsKeepMovingCarExactAndRejectedFrameAtomic" classname="ChooGuard.Foundation.Multiplayer.Tests.WorldMotionAdapterTests" runstate="Runnable" seed="984850665" result="Passed" start-time="2026-09-14 08:52:09Z" end-time="2026-09-14 08:52:10Z" duration="0.501441" asserts="0">
                    <properties>
                      <property name="retryIteration" value="0" />
                      <property name="repeatIteration" value="0" />
                    </properties>
                  </test-case>
                </test-suite>
                <test-case id="1323" name="ExecutionOptimizationsRollBackAfterCrowdAdvanceFailsTheLaterPhysXCheck" fullname="ChooGuard.Foundation.Multiplayer.Tests.WorldMotionAdapterTests.ExecutionOptimizationsRollBackAfterCrowdAdvanceFailsTheLaterPhysXCheck" methodname="ExecutionOptimizationsRollBackAfterCrowdAdvanceFailsTheLaterPhysXCheck" classname="ChooGuard.Foundation.Multiplayer.Tests.WorldMotionAdapterTests" runstate="Runnable" seed="1543438878" result="Passed" start-time="2026-09-14 08:52:10Z" end-time="2026-09-14 08:52:10Z" duration="0.111685" asserts="0">
                  <properties>
                    <property name="retryIteration" value="0" />
                    <property name="repeatIteration" value="0" />
                  </properties>
                </test-case>
                <test-case id="1329" name="FrameTransactionCarriesOfflineBodiesKeepsBridgesAndRestoresExactly" fullname="ChooGuard.Foundation.Multiplayer.Tests.WorldMotionAdapterTests.FrameTransactionCarriesOfflineBodiesKeepsBridgesAndRestoresExactly" methodname="FrameTransactionCarriesOfflineBodiesKeepsBridgesAndRestoresExactly" classname="ChooGuard.Foundation.Multiplayer.Tests.WorldMotionAdapterTests" runstate="Runnable" seed="1387965396" result="Passed" start-time="2026-09-14 08:52:10Z" end-time="2026-09-14 08:52:10Z" duration="0.271077" asserts="0">
                  <properties>
                    <property name="retryIteration" value="0" />
                    <property name="repeatIteration" value="0" />
                  </properties>
                </test-case>
                <test-case id="1313" name="FullRosterMixedContactAndSeparatedFloorsRemainCollective" fullname="ChooGuard.Foundation.Multiplayer.Tests.WorldMotionAdapterTests.FullRosterMixedContactAndSeparatedFloorsRemainCollective" methodname="FullRosterMixedContactAndSeparatedFloorsRemainCollective" classname="ChooGuard.Foundation.Multiplayer.Tests.WorldMotionAdapterTests" runstate="Runnable" seed="43613188" result="Passed" start-time="2026-09-14 08:52:10Z" end-time="2026-09-14 08:52:11Z" duration="0.855947" asserts="0">
                  <properties>
                    <property name="retryIteration" value="0" />
                    <property name="repeatIteration" value="0" />
                  </properties>
                  <output><![CDATA[World motion120 body step milliseconds (10 synthetic50ms ticks): 129.934,57.204,55.490,56.491,75.615,82.661,71.773,70.892,71.447,71.966
]]></output>
                </test-case>
                <test-case id="1334" name="InvalidCandidateAndForeignCheckpointCannotPartiallyCommit" fullname="ChooGuard.Foundation.Multiplayer.Tests.WorldMotionAdapterTests.InvalidCandidateAndForeignCheckpointCannotPartiallyCommit" methodname="InvalidCandidateAndForeignCheckpointCannotPartiallyCommit" classname="ChooGuard.Foundation.Multiplayer.Tests.WorldMotionAdapterTests" runstate="Runnable" seed="2078198569" result="Passed" start-time="2026-09-14 08:52:11Z" end-time="2026-09-14 08:52:11Z" duration="0.146007" asserts="0">
                  <properties>
                    <property name="retryIteration" value="0" />
                    <property name="repeatIteration" value="0" />
                  </properties>
                </test-case>
                <test-case id="1325" name="Mixed120BodiesKeepContactsAcrossActualRampAndBothLandings" fullname="ChooGuard.Foundation.Multiplayer.Tests.WorldMotionAdapterTests.Mixed120BodiesKeepContactsAcrossActualRampAndBothLandings" methodname="Mixed120BodiesKeepContactsAcrossActualRampAndBothLandings" classname="ChooGuard.Foundation.Multiplayer.Tests.WorldMotionAdapterTests" runstate="Runnable" seed="1984165422" result="Passed" start-time="2026-09-14 08:52:11Z" end-time="2026-09-14 08:52:13Z" duration="1.912255" asserts="0">
                  <properties>
                    <property name="retryIteration" value="0" />
                    <property name="repeatIteration" value="0" />
                  </properties>
                </test-case>
                <test-case id="1324" name="MovingAnUnrelatedClosedTrainPreservesTheStationNavigationPath" fullname="ChooGuard.Foundation.Multiplayer.Tests.WorldMotionAdapterTests.MovingAnUnrelatedClosedTrainPreservesTheStationNavigationPath" methodname="MovingAnUnrelatedClosedTrainPreservesTheStationNavigationPath" classname="ChooGuard.Foundation.Multiplayer.Tests.WorldMotionAdapterTests" runstate="Runnable" seed="1737631345" result="Passed" start-time="2026-09-14 08:52:13Z" end-time="2026-09-14 08:52:13Z" duration="0.096637" asserts="0">
                  <properties>
                    <property name="retryIteration" value="0" />
                    <property name="repeatIteration" value="0" />
                  </properties>
                </test-case>
                <test-case id="1261" name="NavigationStringPrefixesAreBoundedBeforeReadingPayload" fullname="ChooGuard.Foundation.Multiplayer.Tests.WorldMotionAdapterTests.NavigationStringPrefixesAreBoundedBeforeReadingPayload" methodname="NavigationStringPrefixesAreBoundedBeforeReadingPayload" classname="ChooGuard.Foundation.Multiplayer.Tests.WorldMotionAdapterTests" runstate="Runnable" seed="1440284234" result="Passed" start-time="2026-09-14 08:52:13Z" end-time="2026-09-14 08:52:13Z" duration="0.084491" asserts="0">
                  <properties>
                    <property name="retryIteration" value="0" />
                    <property name="repeatIteration" value="0" />
                  </properties>
                </test-case>
                <test-case id="1331" name="RestoreRejectsChangedStaticTransformLabelsAndSameEpochPin" fullname="ChooGuard.Foundation.Multiplayer.Tests.WorldMotionAdapterTests.RestoreRejectsChangedStaticTransformLabelsAndSameEpochPin" methodname="RestoreRejectsChangedStaticTransformLabelsAndSameEpochPin" classname="ChooGuard.Foundation.Multiplayer.Tests.WorldMotionAdapterTests" runstate="Runnable" seed="2011696972" result="Passed" start-time="2026-09-14 08:52:13Z" end-time="2026-09-14 08:52:14Z" duration="0.489251" asserts="0">
                  <properties>
                    <property name="retryIteration" value="0" />
                    <property name="repeatIteration" value="0" />
                  </properties>
                </test-case>
                <test-case id="1332" name="SameGoalAndObstaclePathContinueExactlyAfterBinaryPathCheckpointRestore" fullname="ChooGuard.Foundation.Multiplayer.Tests.WorldMotionAdapterTests.SameGoalAndObstaclePathContinueExactlyAfterBinaryPathCheckpointRestore" methodname="SameGoalAndObstaclePathContinueExactlyAfterBinaryPathCheckpointRestore" classname="ChooGuard.Foundation.Multiplayer.Tests.WorldMotionAdapterTests" runstate="Runnable" seed="1192267525" result="Passed" start-time="2026-09-14 08:52:14Z" end-time="2026-09-14 08:52:14Z" duration="0.226709" asserts="0">
                  <properties>
                    <property name="retryIteration" value="0" />
                    <property name="repeatIteration" value="0" />
                  </properties>
                </test-case>
                <test-case id="1330" name="StraddlingOfflineNpcRejectsClosureAndDepartureWithoutPartialCommit" fullname="ChooGuard.Foundation.Multiplayer.Tests.WorldMotionAdapterTests.StraddlingOfflineNpcRejectsClosureAndDepartureWithoutPartialCommit" methodname="StraddlingOfflineNpcRejectsClosureAndDepartureWithoutPartialCommit" classname="ChooGuard.Foundation.Multiplayer.Tests.WorldMotionAdapterTests" runstate="Runnable" seed="1544847131" result="Passed" start-time="2026-09-14 08:52:14Z" end-time="2026-09-14 08:52:14Z" duration="0.059040" asserts="0">
                  <properties>
                    <property name="retryIteration" value="0" />
                    <property name="repeatIteration" value="0" />
                  </properties>
                  <output><![CDATA[Saving results to: /Users/um-yunsang/Library/Application Support/XRLab/CHOOguard Foundation/TestResults.xml
]]></output>
                </test-case>
              </test-suite>
            </test-suite>
          </test-suite>
        </test-suite>
      </test-suite>
    </test-suite>
  </test-suite>
</test-run>