<?xml version="1.0" encoding="utf-8"?>
<test-run id="2" testcasecount="14" result="Passed" total="14" passed="14" failed="0" inconclusive="0" skipped="0" asserts="0" engine-version="3.5.0.0" clr-version="4.0.30319.42000" start-time="2026-09-20 01:58:57Z" end-time="2026-09-20 01:58:58Z" duration="0.415301">
  <test-suite type="TestSuite" id="1000" name="CHOOGuard" fullname="CHOOGuard" runstate="Runnable" testcasecount="14" result="Passed" start-time="2026-09-20 01:58:57Z" end-time="2026-09-20 01:58:58Z" duration="0.415301" total="14" passed="14" failed="0" inconclusive="0" skipped="0" asserts="0">
    <properties>
      <property name="platform" value="EditMode" />
    </properties>
    <test-suite type="Assembly" id="1017" name="ChooGuard.EditModeTests.dll" fullname="/Users/um-yunsang/CHOOGuard/Library/ScriptAssemblies/ChooGuard.EditModeTests.dll" runstate="Runnable" testcasecount="14" result="Passed" start-time="2026-09-20 01:58:57Z" end-time="2026-09-20 01:58:58Z" duration="0.411301" total="14" passed="14" failed="0" inconclusive="0" skipped="0" asserts="0">
      <properties>
        <property name="_PID" value="105" />
        <property name="_APPDOMAIN" value="Unity Child Domain" />
        <property name="platform" value="EditMode" />
        <property name="EditorOnly" value="True" />
      </properties>
      <test-suite type="TestSuite" id="1018" name="ChooGuard" fullname="ChooGuard" runstate="Runnable" testcasecount="14" result="Passed" start-time="2026-09-20 01:58:57Z" end-time="2026-09-20 01:58:58Z" duration="0.410999" total="14" passed="14" failed="0" inconclusive="0" skipped="0" asserts="0">
        <properties />
        <test-suite type="TestSuite" id="1019" name="Tests" fullname="ChooGuard.Tests" runstate="Runnable" testcasecount="14" result="Passed" start-time="2026-09-20 01:58:57Z" end-time="2026-09-20 01:58:58Z" duration="0.410788" total="14" passed="14" failed="0" inconclusive="0" skipped="0" asserts="0">
          <properties />
          <test-suite type="TestSuite" id="1020" name="EditMode" fullname="ChooGuard.Tests.EditMode" runstate="Runnable" testcasecount="14" result="Passed" start-time="2026-09-20 01:58:57Z" end-time="2026-09-20 01:58:58Z" duration="0.410563" total="14" passed="14" failed="0" inconclusive="0" skipped="0" asserts="0">
            <properties />
            <test-suite type="TestSuite" id="1021" name="Stories" fullname="ChooGuard.Tests.EditMode.Stories" runstate="Runnable" testcasecount="14" result="Passed" start-time="2026-09-20 01:58:57Z" end-time="2026-09-20 01:58:58Z" duration="0.410320" total="14" passed="14" failed="0" inconclusive="0" skipped="0" asserts="0">
              <properties />
              <test-suite type="TestFixture" id="1001" name="CSBOOT0101Tests" fullname="ChooGuard.Tests.EditMode.Stories.CSBOOT0101Tests" classname="ChooGuard.Tests.EditMode.Stories.CSBOOT0101Tests" runstate="Runnable" testcasecount="14" result="Passed" start-time="2026-09-20 01:58:57Z" end-time="2026-09-20 01:58:58Z" duration="0.409783" total="14" passed="14" failed="0" inconclusive="0" skipped="0" asserts="0">
                <properties />
                <test-case id="1002" name="BootstrapScene_HasOneCameraCanvasAndEventSystem" fullname="ChooGuard.Tests.EditMode.Stories.CSBOOT0101Tests.BootstrapScene_HasOneCameraCanvasAndEventSystem" methodname="BootstrapScene_HasOneCameraCanvasAndEventSystem" classname="ChooGuard.Tests.EditMode.Stories.CSBOOT0101Tests" runstate="Runnable" seed="595852473" result="Passed" start-time="2026-09-20 01:58:57Z" end-time="2026-09-20 01:58:58Z" duration="0.088267" asserts="0">
                  <properties>
                    <property name="retryIteration" value="0" />
                    <property name="repeatIteration" value="0" />
                  </properties>
                </test-case>
                <test-case id="1004" name="Capture_PreservesDirtyUnsavedSceneAndSubmittedBytes" fullname="ChooGuard.Tests.EditMode.Stories.CSBOOT0101Tests.Capture_PreservesDirtyUnsavedSceneAndSubmittedBytes" methodname="Capture_PreservesDirtyUnsavedSceneAndSubmittedBytes" classname="ChooGuard.Tests.EditMode.Stories.CSBOOT0101Tests" runstate="Runnable" seed="427633038" result="Passed" start-time="2026-09-20 01:58:58Z" end-time="2026-09-20 01:58:58Z" duration="0.038452" asserts="0">
                  <properties>
                    <property name="retryIteration" value="0" />
                    <property name="repeatIteration" value="0" />
                  </properties>
                </test-case>
                <test-case id="1005" name="Capture_PreservesOpenSavedScene" fullname="ChooGuard.Tests.EditMode.Stories.CSBOOT0101Tests.Capture_PreservesOpenSavedScene" methodname="Capture_PreservesOpenSavedScene" classname="ChooGuard.Tests.EditMode.Stories.CSBOOT0101Tests" runstate="Runnable" seed="799754295" result="Passed" start-time="2026-09-20 01:58:58Z" end-time="2026-09-20 01:58:58Z" duration="0.140912" asserts="0">
                  <properties>
                    <property name="retryIteration" value="0" />
                    <property name="repeatIteration" value="0" />
                  </properties>
                </test-case>
                <test-suite type="ParameterizedMethod" id="1012" name="DamagedSceneReference_IsRejected" fullname="ChooGuard.Tests.EditMode.Stories.CSBOOT0101Tests.DamagedSceneReference_IsRejected" classname="ChooGuard.Tests.EditMode.Stories.CSBOOT0101Tests" runstate="Runnable" testcasecount="2" result="Passed" start-time="2026-09-20 01:58:58Z" end-time="2026-09-20 01:58:58Z" duration="0.034186" total="2" passed="2" failed="0" inconclusive="0" skipped="0" asserts="0">
                  <properties />
                  <test-case id="1010" name="DamagedSceneReference_IsRejected(&quot;font&quot;,&quot;TMP_RESOURCE_MISSING&quot;)" fullname="ChooGuard.Tests.EditMode.Stories.CSBOOT0101Tests.DamagedSceneReference_IsRejected(&quot;font&quot;,&quot;TMP_RESOURCE_MISSING&quot;)" methodname="DamagedSceneReference_IsRejected" classname="ChooGuard.Tests.EditMode.Stories.CSBOOT0101Tests" runstate="Runnable" seed="159668756" result="Passed" start-time="2026-09-20 01:58:58Z" end-time="2026-09-20 01:58:58Z" duration="0.017081" asserts="0">
                    <properties>
                      <property name="retryIteration" value="0" />
                      <property name="repeatIteration" value="0" />
                    </properties>
                    <output><![CDATA[The LiberationSans SDF Font Asset was not found. There is no Font Asset assigned to Bootstrap Marker.
after-mutation: rawFont=null; markerFont=null; defaultFont=null; sharedMaterial=34988; ownedFont=34986; ownedMaterial=34988
before-observe: rawFont=null; markerFont=null; defaultFont=null; sharedMaterial=34988; ownedFont=34986; ownedMaterial=34988
]]></output>
                  </test-case>
                  <test-case id="1011" name="DamagedSceneReference_IsRejected(&quot;actions&quot;,&quot;INPUT_ACTIONS_MISSING&quot;)" fullname="ChooGuard.Tests.EditMode.Stories.CSBOOT0101Tests.DamagedSceneReference_IsRejected(&quot;actions&quot;,&quot;INPUT_ACTIONS_MISSING&quot;)" methodname="DamagedSceneReference_IsRejected" classname="ChooGuard.Tests.EditMode.Stories.CSBOOT0101Tests" runstate="Runnable" seed="1491879111" result="Passed" start-time="2026-09-20 01:58:58Z" end-time="2026-09-20 01:58:58Z" duration="0.012686" asserts="0">
                    <properties>
                      <property name="retryIteration" value="0" />
                      <property name="repeatIteration" value="0" />
                    </properties>
                  </test-case>
                </test-suite>
                <test-case id="1013" name="DamagedUrpReference_IsRejectedAndRestored" fullname="ChooGuard.Tests.EditMode.Stories.CSBOOT0101Tests.DamagedUrpReference_IsRejectedAndRestored" methodname="DamagedUrpReference_IsRejectedAndRestored" classname="ChooGuard.Tests.EditMode.Stories.CSBOOT0101Tests" runstate="Runnable" seed="2049329264" result="Passed" start-time="2026-09-20 01:58:58Z" end-time="2026-09-20 01:58:58Z" duration="0.010930" asserts="0">
                  <properties>
                    <property name="retryIteration" value="0" />
                    <property name="repeatIteration" value="0" />
                  </properties>
                </test-case>
                <test-case id="1006" name="DuplicateEventSystem_IsRejected" fullname="ChooGuard.Tests.EditMode.Stories.CSBOOT0101Tests.DuplicateEventSystem_IsRejected" methodname="DuplicateEventSystem_IsRejected" classname="ChooGuard.Tests.EditMode.Stories.CSBOOT0101Tests" runstate="Runnable" seed="1389690475" result="Passed" start-time="2026-09-20 01:58:58Z" end-time="2026-09-20 01:58:58Z" duration="0.010901" asserts="0">
                  <properties>
                    <property name="retryIteration" value="0" />
                    <property name="repeatIteration" value="0" />
                  </properties>
                </test-case>
                <test-case id="1007" name="DuplicateRealEventSystems_AreObservedAndRejected" fullname="ChooGuard.Tests.EditMode.Stories.CSBOOT0101Tests.DuplicateRealEventSystems_AreObservedAndRejected" methodname="DuplicateRealEventSystems_AreObservedAndRejected" classname="ChooGuard.Tests.EditMode.Stories.CSBOOT0101Tests" runstate="Runnable" seed="778293916" result="Passed" start-time="2026-09-20 01:58:58Z" end-time="2026-09-20 01:58:58Z" duration="0.012332" asserts="0">
                  <properties>
                    <property name="retryIteration" value="0" />
                    <property name="repeatIteration" value="0" />
                  </properties>
                </test-case>
                <test-case id="1008" name="LocalDll_IsObservedFromForeignFilesystemFixture" fullname="ChooGuard.Tests.EditMode.Stories.CSBOOT0101Tests.LocalDll_IsObservedFromForeignFilesystemFixture" methodname="LocalDll_IsObservedFromForeignFilesystemFixture" classname="ChooGuard.Tests.EditMode.Stories.CSBOOT0101Tests" runstate="Runnable" seed="421872907" result="Passed" start-time="2026-09-20 01:58:58Z" end-time="2026-09-20 01:58:58Z" duration="0.004388" asserts="0">
                  <properties>
                    <property name="retryIteration" value="0" />
                    <property name="repeatIteration" value="0" />
                  </properties>
                </test-case>
                <test-case id="1014" name="OwnedUrpGlobal_HasClosedVolumeDependenciesAndNoExcludedDefaults" fullname="ChooGuard.Tests.EditMode.Stories.CSBOOT0101Tests.OwnedUrpGlobal_HasClosedVolumeDependenciesAndNoExcludedDefaults" methodname="OwnedUrpGlobal_HasClosedVolumeDependenciesAndNoExcludedDefaults" classname="ChooGuard.Tests.EditMode.Stories.CSBOOT0101Tests" runstate="Runnable" seed="2129917031" result="Passed" start-time="2026-09-20 01:58:58Z" end-time="2026-09-20 01:58:58Z" duration="0.010353" asserts="0">
                  <properties>
                    <property name="retryIteration" value="0" />
                    <property name="repeatIteration" value="0" />
                  </properties>
                </test-case>
                <test-case id="1009" name="RequiredPackages_MatchRegistryAndMissingPackageIsRejected" fullname="ChooGuard.Tests.EditMode.Stories.CSBOOT0101Tests.RequiredPackages_MatchRegistryAndMissingPackageIsRejected" methodname="RequiredPackages_MatchRegistryAndMissingPackageIsRejected" classname="ChooGuard.Tests.EditMode.Stories.CSBOOT0101Tests" runstate="Runnable" seed="230341528" result="Passed" start-time="2026-09-20 01:58:58Z" end-time="2026-09-20 01:58:58Z" duration="0.012575" asserts="0">
                  <properties>
                    <property name="retryIteration" value="0" />
                    <property name="repeatIteration" value="0" />
                  </properties>
                </test-case>
                <test-case id="1003" name="SubmittedScene_HasValidConfigurationAndNoMissingScripts" fullname="ChooGuard.Tests.EditMode.Stories.CSBOOT0101Tests.SubmittedScene_HasValidConfigurationAndNoMissingScripts" methodname="SubmittedScene_HasValidConfigurationAndNoMissingScripts" classname="ChooGuard.Tests.EditMode.Stories.CSBOOT0101Tests" runstate="Runnable" seed="1625775889" result="Passed" start-time="2026-09-20 01:58:58Z" end-time="2026-09-20 01:58:58Z" duration="0.013790" asserts="0">
                  <properties>
                    <property name="retryIteration" value="0" />
                    <property name="repeatIteration" value="0" />
                  </properties>
                </test-case>
                <test-case id="1016" name="TmpStaticWhitelist_HasDetachedSourcesAndClosedDependencies" fullname="ChooGuard.Tests.EditMode.Stories.CSBOOT0101Tests.TmpStaticWhitelist_HasDetachedSourcesAndClosedDependencies" methodname="TmpStaticWhitelist_HasDetachedSourcesAndClosedDependencies" classname="ChooGuard.Tests.EditMode.Stories.CSBOOT0101Tests" runstate="Runnable" seed="1314890820" result="Passed" start-time="2026-09-20 01:58:58Z" end-time="2026-09-20 01:58:58Z" duration="0.025078" asserts="0">
                  <properties>
                    <property name="retryIteration" value="0" />
                    <property name="repeatIteration" value="0" />
                  </properties>
                </test-case>
                <test-case id="1015" name="ValidationErrors_AreSortedAndDeduplicated" fullname="ChooGuard.Tests.EditMode.Stories.CSBOOT0101Tests.ValidationErrors_AreSortedAndDeduplicated" methodname="ValidationErrors_AreSortedAndDeduplicated" classname="ChooGuard.Tests.EditMode.Stories.CSBOOT0101Tests" runstate="Runnable" seed="99672244" result="Passed" start-time="2026-09-20 01:58:58Z" end-time="2026-09-20 01:58:58Z" duration="0.000236" asserts="0">
                  <properties>
                    <property name="retryIteration" value="0" />
                    <property name="repeatIteration" value="0" />
                  </properties>
                  <output><![CDATA[Saving results to: /Users/um-yunsang/Library/Application Support/DefaultCompany/CHOOGuard/TestResults.xml
]]></output>
                </test-case>
              </test-suite>
            </test-suite>
          </test-suite>
        </test-suite>
      </test-suite>
    </test-suite>
  </test-suite>
</test-run>