<?xml version="1.0" encoding="utf-8"?>
<test-run id="2" testcasecount="159" result="Passed" total="159" passed="159" failed="0" inconclusive="0" skipped="0" asserts="0" engine-version="3.5.0.0" clr-version="4.0.30319.42000" start-time="2026-09-14 08:47:57Z" end-time="2026-09-14 08:48:45Z" duration="47.6474676">
  <test-suite type="TestSuite" id="1000" name="CHOOguard Foundation" fullname="CHOOguard Foundation" runstate="Runnable" testcasecount="500" result="Passed" start-time="2026-09-14 08:47:57Z" end-time="2026-09-14 08:48:45Z" duration="47.647468" total="159" passed="159" failed="0" inconclusive="0" skipped="0" asserts="0">
    <properties>
      <property name="platform" value="EditMode" />
    </properties>
    <test-suite type="Assembly" id="1337" name="ChooGuard.Foundation.Multiplayer.Tests.dll" fullname="/private/tmp/claude-501/-Users-um-yunsang-CHOOGuard/40311ef6-12f0-41e7-9f12-f7ae1b72c68c/scratchpad/par/i152/Library/ScriptAssemblies/ChooGuard.Foundation.Multiplayer.Tests.dll" runstate="Runnable" testcasecount="212" result="Passed" start-time="2026-09-14 08:47:57Z" end-time="2026-09-14 08:48:45Z" duration="47.629750" total="159" passed="159" failed="0" inconclusive="0" skipped="0" asserts="0">
      <properties>
        <property name="_PID" value="55823" />
        <property name="_APPDOMAIN" value="Unity Child Domain" />
        <property name="platform" value="EditMode" />
        <property name="EditorOnly" value="True" />
      </properties>
      <test-suite type="TestSuite" id="1338" name="ChooGuard" fullname="ChooGuard" runstate="Runnable" testcasecount="200" result="Passed" start-time="2026-09-14 08:47:57Z" end-time="2026-09-14 08:48:45Z" duration="47.626782" total="159" passed="159" failed="0" inconclusive="0" skipped="0" asserts="0">
        <properties />
        <test-suite type="TestSuite" id="1339" name="Foundation" fullname="ChooGuard.Foundation" runstate="Runnable" testcasecount="200" result="Passed" start-time="2026-09-14 08:47:57Z" end-time="2026-09-14 08:48:45Z" duration="47.625005" total="159" passed="159" failed="0" inconclusive="0" skipped="0" asserts="0">
          <properties />
          <test-suite type="TestSuite" id="1340" name="Multiplayer" fullname="ChooGuard.Foundation.Multiplayer" runstate="Runnable" testcasecount="200" result="Passed" start-time="2026-09-14 08:47:57Z" end-time="2026-09-14 08:48:45Z" duration="47.623156" total="159" passed="159" failed="0" inconclusive="0" skipped="0" asserts="0">
            <properties />
            <test-suite type="TestSuite" id="1341" name="Tests" fullname="ChooGuard.Foundation.Multiplayer.Tests" runstate="Runnable" testcasecount="200" result="Passed" start-time="2026-09-14 08:47:57Z" end-time="2026-09-14 08:48:45Z" duration="47.620827" total="159" passed="159" failed="0" inconclusive="0" skipped="0" asserts="0">
              <properties />
              <test-suite type="TestFixture" id="1159" name="VoiceEpochCoordinatorTests" fullname="ChooGuard.Foundation.Multiplayer.Tests.VoiceEpochCoordinatorTests" classname="ChooGuard.Foundation.Multiplayer.Tests.VoiceEpochCoordinatorTests" runstate="Runnable" testcasecount="89" result="Passed" start-time="2026-09-14 08:47:57Z" end-time="2026-09-14 08:47:57Z" duration="0.191160" total="89" passed="89" failed="0" inconclusive="0" skipped="0" asserts="0">
                <properties />
                <test-suite type="ParameterizedMethod" id="1234" name="A_D01_FailedDeleteFakePreservesWhetherTheRemoteSideEffectOccurred" fullname="ChooGuard.Foundation.Multiplayer.Tests.VoiceEpochCoordinatorTests.A_D01_FailedDeleteFakePreservesWhetherTheRemoteSideEffectOccurred" classname="ChooGuard.Foundation.Multiplayer.Tests.VoiceEpochCoordinatorTests" runstate="Runnable" testcasecount="2" result="Passed" start-time="2026-09-14 08:47:57Z" end-time="2026-09-14 08:47:57Z" duration="0.026557" total="2" passed="2" failed="0" inconclusive="0" skipped="0" asserts="0">
                  <properties />
                  <test-case id="1232" name="A_D01_FailedDeleteFakePreservesWhetherTheRemoteSideEffectOccurred(False)" fullname="ChooGuard.Foundation.Multiplayer.Tests.VoiceEpochCoordinatorTests.A_D01_FailedDeleteFakePreservesWhetherTheRemoteSideEffectOccurred(False)" methodname="A_D01_FailedDeleteFakePreservesWhetherTheRemoteSideEffectOccurred" classname="ChooGuard.Foundation.Multiplayer.Tests.VoiceEpochCoordinatorTests" runstate="Runnable" seed="479601309" result="Passed" start-time="2026-09-14 08:47:57Z" end-time="2026-09-14 08:47:57Z" duration="0.022558" asserts="0">
                    <properties>
                      <property name="retryIteration" value="0" />
                      <property name="repeatIteration" value="0" />
                    </properties>
                  </test-case>
                  <test-case id="1233" name="A_D01_FailedDeleteFakePreservesWhetherTheRemoteSideEffectOccurred(True)" fullname="ChooGuard.Foundation.Multiplayer.Tests.VoiceEpochCoordinatorTests.A_D01_FailedDeleteFakePreservesWhetherTheRemoteSideEffectOccurred(True)" methodname="A_D01_FailedDeleteFakePreservesWhetherTheRemoteSideEffectOccurred" classname="ChooGuard.Foundation.Multiplayer.Tests.VoiceEpochCoordinatorTests" runstate="Runnable" seed="787725882" result="Passed" start-time="2026-09-14 08:47:57Z" end-time="2026-09-14 08:47:57Z" duration="0.000540" asserts="0">
                    <properties>
                      <property name="retryIteration" value="0" />
                      <property name="repeatIteration" value="0" />
                    </properties>
                  </test-case>
                </test-suite>
                <test-case id="1221" name="A_D01_FreshKnownEmptyRetirementSucceedsWithoutRemoteMutation" fullname="ChooGuard.Foundation.Multiplayer.Tests.VoiceEpochCoordinatorTests.A_D01_FreshKnownEmptyRetirementSucceedsWithoutRemoteMutation" methodname="A_D01_FreshKnownEmptyRetirementSucceedsWithoutRemoteMutation" classname="ChooGuard.Foundation.Multiplayer.Tests.VoiceEpochCoordinatorTests" runstate="Runnable" seed="1545304751" result="Passed" start-time="2026-09-14 08:47:57Z" end-time="2026-09-14 08:47:57Z" duration="0.001598" asserts="0">
                  <properties>
                    <property name="retryIteration" value="0" />
                    <property name="repeatIteration" value="0" />
                  </properties>
                </test-case>
                <test-case id="1173" name="A_D01_JsonUtilityRoundTripsEveryCanonicalFieldForReadyFalseAndTrue" fullname="ChooGuard.Foundation.Multiplayer.Tests.VoiceEpochCoordinatorTests.A_D01_JsonUtilityRoundTripsEveryCanonicalFieldForReadyFalseAndTrue" methodname="A_D01_JsonUtilityRoundTripsEveryCanonicalFieldForReadyFalseAndTrue" classname="ChooGuard.Foundation.Multiplayer.Tests.VoiceEpochCoordinatorTests" runstate="Runnable" seed="560053802" result="Passed" start-time="2026-09-14 08:47:57Z" end-time="2026-09-14 08:47:57Z" duration="0.000951" asserts="0">
                  <properties>
                    <property name="retryIteration" value="0" />
                    <property name="repeatIteration" value="0" />
                  </properties>
                </test-case>
                <test-case id="1222" name="A_D01_KnownEmptyPrecommitFailureStillRetiresWithoutRemoteMutation" fullname="ChooGuard.Foundation.Multiplayer.Tests.VoiceEpochCoordinatorTests.A_D01_KnownEmptyPrecommitFailureStillRetiresWithoutRemoteMutation" methodname="A_D01_KnownEmptyPrecommitFailureStillRetiresWithoutRemoteMutation" classname="ChooGuard.Foundation.Multiplayer.Tests.VoiceEpochCoordinatorTests" runstate="Runnable" seed="432131003" result="Passed" start-time="2026-09-14 08:47:57Z" end-time="2026-09-14 08:47:57Z" duration="0.002115" asserts="0">
                  <properties>
                    <property name="retryIteration" value="0" />
                    <property name="repeatIteration" value="0" />
                  </properties>
                </test-case>
                <test-case id="1224" name="A_D01_MissingAfterPossibleFailedCreateEffectCannotReportRetired" fullname="ChooGuard.Foundation.Multiplayer.Tests.VoiceEpochCoordinatorTests.A_D01_MissingAfterPossibleFailedCreateEffectCannotReportRetired" methodname="A_D01_MissingAfterPossibleFailedCreateEffectCannotReportRetired" classname="ChooGuard.Foundation.Multiplayer.Tests.VoiceEpochCoordinatorTests" runstate="Runnable" seed="1148302106" result="Passed" start-time="2026-09-14 08:47:57Z" end-time="2026-09-14 08:47:57Z" duration="0.001947" asserts="0">
                  <properties>
                    <property name="retryIteration" value="0" />
                    <property name="repeatIteration" value="0" />
                  </properties>
                </test-case>
                <test-case id="1225" name="A_D01_MissingAfterUncertainIntentCommitCannotReportRetired" fullname="ChooGuard.Foundation.Multiplayer.Tests.VoiceEpochCoordinatorTests.A_D01_MissingAfterUncertainIntentCommitCannotReportRetired" methodname="A_D01_MissingAfterUncertainIntentCommitCannotReportRetired" classname="ChooGuard.Foundation.Multiplayer.Tests.VoiceEpochCoordinatorTests" runstate="Runnable" seed="326111841" result="Passed" start-time="2026-09-14 08:47:57Z" end-time="2026-09-14 08:47:57Z" duration="0.000454" asserts="0">
                  <properties>
                    <property name="retryIteration" value="0" />
                    <property name="repeatIteration" value="0" />
                  </properties>
                </test-case>
                <test-suite type="ParameterizedMethod" id="1200" name="A_D01_ProductionStoreRejectsAnyMissingPersistenceField" fullname="ChooGuard.Foundation.Multiplayer.Tests.VoiceEpochCoordinatorTests.A_D01_ProductionStoreRejectsAnyMissingPersistenceField" classname="ChooGuard.Foundation.Multiplayer.Tests.VoiceEpochCoordinatorTests" runstate="Runnable" testcasecount="7" result="Passed" start-time="2026-09-14 08:47:57Z" end-time="2026-09-14 08:47:57Z" duration="0.002782" total="7" passed="7" failed="0" inconclusive="0" skipped="0" asserts="0">
                  <properties />
                  <test-case id="1193" name="A_D01_ProductionStoreRejectsAnyMissingPersistenceField(&quot;Schema&quot;)" fullname="ChooGuard.Foundation.Multiplayer.Tests.VoiceEpochCoordinatorTests.A_D01_ProductionStoreRejectsAnyMissingPersistenceField(&quot;Schema&quot;)" methodname="A_D01_ProductionStoreRejectsAnyMissingPersistenceField" classname="ChooGuard.Foundation.Multiplayer.Tests.VoiceEpochCoordinatorTests" runstate="Runnable" seed="146218084" result="Passed" start-time="2026-09-14 08:47:57Z" end-time="2026-09-14 08:47:57Z" duration="0.001343" asserts="0">
                    <properties>
                      <property name="retryIteration" value="0" />
                      <property name="repeatIteration" value="0" />
                    </properties>
                  </test-case>
                  <test-case id="1194" name="A_D01_ProductionStoreRejectsAnyMissingPersistenceField(&quot;WorldId&quot;)" fullname="ChooGuard.Foundation.Multiplayer.Tests.VoiceEpochCoordinatorTests.A_D01_ProductionStoreRejectsAnyMissingPersistenceField(&quot;WorldId&quot;)" methodname="A_D01_ProductionStoreRejectsAnyMissingPersistenceField" classname="ChooGuard.Foundation.Multiplayer.Tests.VoiceEpochCoordinatorTests" runstate="Runnable" seed="1364247928" result="Passed" start-time="2026-09-14 08:47:57Z" end-time="2026-09-14 08:47:57Z" duration="0.000060" asserts="0">
                    <properties>
                      <property name="retryIteration" value="0" />
                      <property name="repeatIteration" value="0" />
                    </properties>
                  </test-case>
                  <test-case id="1195" name="A_D01_ProductionStoreRejectsAnyMissingPersistenceField(&quot;ShiftId&quot;)" fullname="ChooGuard.Foundation.Multiplayer.Tests.VoiceEpochCoordinatorTests.A_D01_ProductionStoreRejectsAnyMissingPersistenceField(&quot;ShiftId&quot;)" methodname="A_D01_ProductionStoreRejectsAnyMissingPersistenceField" classname="ChooGuard.Foundation.Multiplayer.Tests.VoiceEpochCoordinatorTests" runstate="Runnable" seed="2086950888" result="Passed" start-time="2026-09-14 08:47:57Z" end-time="2026-09-14 08:47:57Z" duration="0.000053" asserts="0">
                    <properties>
                      <property name="retryIteration" value="0" />
                      <property name="repeatIteration" value="0" />
                    </properties>
                  </test-case>
                  <test-case id="1196" name="A_D01_ProductionStoreRejectsAnyMissingPersistenceField(&quot;Epoch&quot;)" fullname="ChooGuard.Foundation.Multiplayer.Tests.VoiceEpochCoordinatorTests.A_D01_ProductionStoreRejectsAnyMissingPersistenceField(&quot;Epoch&quot;)" methodname="A_D01_ProductionStoreRejectsAnyMissingPersistenceField" classname="ChooGuard.Foundation.Multiplayer.Tests.VoiceEpochCoordinatorTests" runstate="Runnable" seed="1068444710" result="Passed" start-time="2026-09-14 08:47:57Z" end-time="2026-09-14 08:47:57Z" duration="0.000055" asserts="0">
                    <properties>
                      <property name="retryIteration" value="0" />
                      <property name="repeatIteration" value="0" />
                    </properties>
                  </test-case>
                  <test-case id="1197" name="A_D01_ProductionStoreRejectsAnyMissingPersistenceField(&quot;Rooms&quot;)" fullname="ChooGuard.Foundation.Multiplayer.Tests.VoiceEpochCoordinatorTests.A_D01_ProductionStoreRejectsAnyMissingPersistenceField(&quot;Rooms&quot;)" methodname="A_D01_ProductionStoreRejectsAnyMissingPersistenceField" classname="ChooGuard.Foundation.Multiplayer.Tests.VoiceEpochCoordinatorTests" runstate="Runnable" seed="1691394027" result="Passed" start-time="2026-09-14 08:47:57Z" end-time="2026-09-14 08:47:57Z" duration="0.000055" asserts="0">
                    <properties>
                      <property name="retryIteration" value="0" />
                      <property name="repeatIteration" value="0" />
                    </properties>
                  </test-case>
                  <test-case id="1198" name="A_D01_ProductionStoreRejectsAnyMissingPersistenceField(&quot;PendingOperations&quot;)" fullname="ChooGuard.Foundation.Multiplayer.Tests.VoiceEpochCoordinatorTests.A_D01_ProductionStoreRejectsAnyMissingPersistenceField(&quot;PendingOperations&quot;)" methodname="A_D01_ProductionStoreRejectsAnyMissingPersistenceField" classname="ChooGuard.Foundation.Multiplayer.Tests.VoiceEpochCoordinatorTests" runstate="Runnable" seed="1145901274" result="Passed" start-time="2026-09-14 08:47:57Z" end-time="2026-09-14 08:47:57Z" duration="0.000052" asserts="0">
                    <properties>
                      <property name="retryIteration" value="0" />
                      <property name="repeatIteration" value="0" />
                    </properties>
                  </test-case>
                  <test-case id="1199" name="A_D01_ProductionStoreRejectsAnyMissingPersistenceField(&quot;Ready&quot;)" fullname="ChooGuard.Foundation.Multiplayer.Tests.VoiceEpochCoordinatorTests.A_D01_ProductionStoreRejectsAnyMissingPersistenceField(&quot;Ready&quot;)" methodname="A_D01_ProductionStoreRejectsAnyMissingPersistenceField" classname="ChooGuard.Foundation.Multiplayer.Tests.VoiceEpochCoordinatorTests" runstate="Runnable" seed="2113599647" result="Passed" start-time="2026-09-14 08:47:57Z" end-time="2026-09-14 08:47:57Z" duration="0.000054" asserts="0">
                    <properties>
                      <property name="retryIteration" value="0" />
                      <property name="repeatIteration" value="0" />
                    </properties>
                  </test-case>
                </test-suite>
                <test-case id="1190" name="A_D01_ProductionStoreUtf8RoundTripsReadyFalseAndTrueThroughFreshInstances" fullname="ChooGuard.Foundation.Multiplayer.Tests.VoiceEpochCoordinatorTests.A_D01_ProductionStoreUtf8RoundTripsReadyFalseAndTrueThroughFreshInstances" methodname="A_D01_ProductionStoreUtf8RoundTripsReadyFalseAndTrueThroughFreshInstances" classname="ChooGuard.Foundation.Multiplayer.Tests.VoiceEpochCoordinatorTests" runstate="Runnable" seed="1685150794" result="Passed" start-time="2026-09-14 08:47:57Z" end-time="2026-09-14 08:47:57Z" duration="0.001969" asserts="0">
                  <properties>
                    <property name="retryIteration" value="0" />
                    <property name="repeatIteration" value="0" />
                  </properties>
                </test-case>
                <test-case id="1223" name="A_D01_ReadyThenMissingRequiresCanonicalRecoveryBeforeExactRetirement" fullname="ChooGuard.Foundation.Multiplayer.Tests.VoiceEpochCoordinatorTests.A_D01_ReadyThenMissingRequiresCanonicalRecoveryBeforeExactRetirement" methodname="A_D01_ReadyThenMissingRequiresCanonicalRecoveryBeforeExactRetirement" classname="ChooGuard.Foundation.Multiplayer.Tests.VoiceEpochCoordinatorTests" runstate="Runnable" seed="1806142387" result="Passed" start-time="2026-09-14 08:47:57Z" end-time="2026-09-14 08:47:57Z" duration="0.002514" asserts="0">
                  <properties>
                    <property name="retryIteration" value="0" />
                    <property name="repeatIteration" value="0" />
                  </properties>
                  <output><![CDATA[Voice rooms provisioned with a new authorization epoch.
]]></output>
                </test-case>
                <test-suite type="ParameterizedMethod" id="1231" name="A_D02_PreadvancedDuplicateCannotMutateOrReleaseOwnerAtTransportPause" fullname="ChooGuard.Foundation.Multiplayer.Tests.VoiceEpochCoordinatorTests.A_D02_PreadvancedDuplicateCannotMutateOrReleaseOwnerAtTransportPause" classname="ChooGuard.Foundation.Multiplayer.Tests.VoiceEpochCoordinatorTests" runstate="Runnable" testcasecount="3" result="Passed" start-time="2026-09-14 08:47:57Z" end-time="2026-09-14 08:47:57Z" duration="0.005280" total="3" passed="3" failed="0" inconclusive="0" skipped="0" asserts="0">
                  <properties />
                  <test-case id="1228" name="A_D02_PreadvancedDuplicateCannotMutateOrReleaseOwnerAtTransportPause(&quot;DeleteRoom&quot;)" fullname="ChooGuard.Foundation.Multiplayer.Tests.VoiceEpochCoordinatorTests.A_D02_PreadvancedDuplicateCannotMutateOrReleaseOwnerAtTransportPause(&quot;DeleteRoom&quot;)" methodname="A_D02_PreadvancedDuplicateCannotMutateOrReleaseOwnerAtTransportPause" classname="ChooGuard.Foundation.Multiplayer.Tests.VoiceEpochCoordinatorTests" runstate="Runnable" seed="1588841226" result="Passed" start-time="2026-09-14 08:47:57Z" end-time="2026-09-14 08:47:57Z" duration="0.002154" asserts="0">
                    <properties>
                      <property name="retryIteration" value="0" />
                      <property name="repeatIteration" value="0" />
                    </properties>
                    <output><![CDATA[Voice rooms provisioned with a new authorization epoch.
]]></output>
                  </test-case>
                  <test-case id="1229" name="A_D02_PreadvancedDuplicateCannotMutateOrReleaseOwnerAtTransportPause(&quot;CreateRoom&quot;)" fullname="ChooGuard.Foundation.Multiplayer.Tests.VoiceEpochCoordinatorTests.A_D02_PreadvancedDuplicateCannotMutateOrReleaseOwnerAtTransportPause(&quot;CreateRoom&quot;)" methodname="A_D02_PreadvancedDuplicateCannotMutateOrReleaseOwnerAtTransportPause" classname="ChooGuard.Foundation.Multiplayer.Tests.VoiceEpochCoordinatorTests" runstate="Runnable" seed="1951915870" result="Passed" start-time="2026-09-14 08:47:57Z" end-time="2026-09-14 08:47:57Z" duration="0.000817" asserts="0">
                    <properties>
                      <property name="retryIteration" value="0" />
                      <property name="repeatIteration" value="0" />
                    </properties>
                    <output><![CDATA[Voice rooms provisioned with a new authorization epoch.
]]></output>
                  </test-case>
                  <test-case id="1230" name="A_D02_PreadvancedDuplicateCannotMutateOrReleaseOwnerAtTransportPause(&quot;RemoveParticipant&quot;)" fullname="ChooGuard.Foundation.Multiplayer.Tests.VoiceEpochCoordinatorTests.A_D02_PreadvancedDuplicateCannotMutateOrReleaseOwnerAtTransportPause(&quot;RemoveParticipant&quot;)" methodname="A_D02_PreadvancedDuplicateCannotMutateOrReleaseOwnerAtTransportPause" classname="ChooGuard.Foundation.Multiplayer.Tests.VoiceEpochCoordinatorTests" runstate="Runnable" seed="337072952" result="Passed" start-time="2026-09-14 08:47:57Z" end-time="2026-09-14 08:47:57Z" duration="0.001663" asserts="0">
                    <properties>
                      <property name="retryIteration" value="0" />
                      <property name="repeatIteration" value="0" />
                    </properties>
                    <output><![CDATA[Voice rooms provisioned with a new authorization epoch.
]]></output>
                  </test-case>
                </test-suite>
                <test-case id="1227" name="A_D02_RetirementStartedBeforeYieldedRetryChildBlocksQueuedRevocationMutation" fullname="ChooGuard.Foundation.Multiplayer.Tests.VoiceEpochCoordinatorTests.A_D02_RetirementStartedBeforeYieldedRetryChildBlocksQueuedRevocationMutation" methodname="A_D02_RetirementStartedBeforeYieldedRetryChildBlocksQueuedRevocationMutation" classname="ChooGuard.Foundation.Multiplayer.Tests.VoiceEpochCoordinatorTests" runstate="Runnable" seed="1141799153" result="Passed" start-time="2026-09-14 08:47:57Z" end-time="2026-09-14 08:47:57Z" duration="0.000807" asserts="0">
                  <properties>
                    <property name="retryIteration" value="0" />
                    <property name="repeatIteration" value="0" />
                  </properties>
                </test-case>
                <test-case id="1226" name="A_D02_TwoPreadvancedRetryParentsKeepOneCoordinatorAndOneEpoch" fullname="ChooGuard.Foundation.Multiplayer.Tests.VoiceEpochCoordinatorTests.A_D02_TwoPreadvancedRetryParentsKeepOneCoordinatorAndOneEpoch" methodname="A_D02_TwoPreadvancedRetryParentsKeepOneCoordinatorAndOneEpoch" classname="ChooGuard.Foundation.Multiplayer.Tests.VoiceEpochCoordinatorTests" runstate="Runnable" seed="957597636" result="Passed" start-time="2026-09-14 08:47:57Z" end-time="2026-09-14 08:47:57Z" duration="0.001413" asserts="0">
                  <properties>
                    <property name="retryIteration" value="0" />
                    <property name="repeatIteration" value="0" />
                  </properties>
                  <output><![CDATA[Voice rooms provisioned with a new authorization epoch.
]]></output>
                </test-case>
                <test-case id="1178" name="A_D05_CommitAcknowledgementRequiresValidExactCanonicalReread" fullname="ChooGuard.Foundation.Multiplayer.Tests.VoiceEpochCoordinatorTests.A_D05_CommitAcknowledgementRequiresValidExactCanonicalReread" methodname="A_D05_CommitAcknowledgementRequiresValidExactCanonicalReread" classname="ChooGuard.Foundation.Multiplayer.Tests.VoiceEpochCoordinatorTests" runstate="Runnable" seed="1582594321" result="Passed" start-time="2026-09-14 08:47:57Z" end-time="2026-09-14 08:47:57Z" duration="0.000305" asserts="0">
                  <properties>
                    <property name="retryIteration" value="0" />
                    <property name="repeatIteration" value="0" />
                  </properties>
                </test-case>
                <test-case id="1179" name="A_D05_CommitRereadExceptionFailsClosedWithoutEscaping" fullname="ChooGuard.Foundation.Multiplayer.Tests.VoiceEpochCoordinatorTests.A_D05_CommitRereadExceptionFailsClosedWithoutEscaping" methodname="A_D05_CommitRereadExceptionFailsClosedWithoutEscaping" classname="ChooGuard.Foundation.Multiplayer.Tests.VoiceEpochCoordinatorTests" runstate="Runnable" seed="998557493" result="Passed" start-time="2026-09-14 08:47:57Z" end-time="2026-09-14 08:47:57Z" duration="0.000196" asserts="0">
                  <properties>
                    <property name="retryIteration" value="0" />
                    <property name="repeatIteration" value="0" />
                  </properties>
                </test-case>
                <test-case id="1180" name="A_D05_CommitTrueStillRequiresExactRoomOrderInCanonicalReread" fullname="ChooGuard.Foundation.Multiplayer.Tests.VoiceEpochCoordinatorTests.A_D05_CommitTrueStillRequiresExactRoomOrderInCanonicalReread" methodname="A_D05_CommitTrueStillRequiresExactRoomOrderInCanonicalReread" classname="ChooGuard.Foundation.Multiplayer.Tests.VoiceEpochCoordinatorTests" runstate="Runnable" seed="1305851375" result="Passed" start-time="2026-09-14 08:47:57Z" end-time="2026-09-14 08:47:57Z" duration="0.000204" asserts="0">
                  <properties>
                    <property name="retryIteration" value="0" />
                    <property name="repeatIteration" value="0" />
                  </properties>
                </test-case>
                <test-suite type="ParameterizedMethod" id="1170" name="A_D05_MalformedExpectedInventoryIsNotNormalizedIntoAnAcceptedCandidate" fullname="ChooGuard.Foundation.Multiplayer.Tests.VoiceEpochCoordinatorTests.A_D05_MalformedExpectedInventoryIsNotNormalizedIntoAnAcceptedCandidate" classname="ChooGuard.Foundation.Multiplayer.Tests.VoiceEpochCoordinatorTests" runstate="Runnable" testcasecount="4" result="Passed" start-time="2026-09-14 08:47:57Z" end-time="2026-09-14 08:47:57Z" duration="0.001247" total="4" passed="4" failed="0" inconclusive="0" skipped="0" asserts="0">
                  <properties />
                  <test-case id="1166" name="A_D05_MalformedExpectedInventoryIsNotNormalizedIntoAnAcceptedCandidate(&quot;null&quot;)" fullname="ChooGuard.Foundation.Multiplayer.Tests.VoiceEpochCoordinatorTests.A_D05_MalformedExpectedInventoryIsNotNormalizedIntoAnAcceptedCandidate(&quot;null&quot;)" methodname="A_D05_MalformedExpectedInventoryIsNotNormalizedIntoAnAcceptedCandidate" classname="ChooGuard.Foundation.Multiplayer.Tests.VoiceEpochCoordinatorTests" runstate="Runnable" seed="115097476" result="Passed" start-time="2026-09-14 08:47:57Z" end-time="2026-09-14 08:47:57Z" duration="0.000248" asserts="0">
                    <properties>
                      <property name="retryIteration" value="0" />
                      <property name="repeatIteration" value="0" />
                    </properties>
                  </test-case>
                  <test-case id="1167" name="A_D05_MalformedExpectedInventoryIsNotNormalizedIntoAnAcceptedCandidate(&quot;empty&quot;)" fullname="ChooGuard.Foundation.Multiplayer.Tests.VoiceEpochCoordinatorTests.A_D05_MalformedExpectedInventoryIsNotNormalizedIntoAnAcceptedCandidate(&quot;empty&quot;)" methodname="A_D05_MalformedExpectedInventoryIsNotNormalizedIntoAnAcceptedCandidate" classname="ChooGuard.Foundation.Multiplayer.Tests.VoiceEpochCoordinatorTests" runstate="Runnable" seed="2065115018" result="Passed" start-time="2026-09-14 08:47:57Z" end-time="2026-09-14 08:47:57Z" duration="0.000039" asserts="0">
                    <properties>
                      <property name="retryIteration" value="0" />
                      <property name="repeatIteration" value="0" />
                    </properties>
                  </test-case>
                  <test-case id="1168" name="A_D05_MalformedExpectedInventoryIsNotNormalizedIntoAnAcceptedCandidate(&quot;blank&quot;)" fullname="ChooGuard.Foundation.Multiplayer.Tests.VoiceEpochCoordinatorTests.A_D05_MalformedExpectedInventoryIsNotNormalizedIntoAnAcceptedCandidate(&quot;blank&quot;)" methodname="A_D05_MalformedExpectedInventoryIsNotNormalizedIntoAnAcceptedCandidate" classname="ChooGuard.Foundation.Multiplayer.Tests.VoiceEpochCoordinatorTests" runstate="Runnable" seed="638167016" result="Passed" start-time="2026-09-14 08:47:57Z" end-time="2026-09-14 08:47:57Z" duration="0.000048" asserts="0">
                    <properties>
                      <property name="retryIteration" value="0" />
                      <property name="repeatIteration" value="0" />
                    </properties>
                  </test-case>
                  <test-case id="1169" name="A_D05_MalformedExpectedInventoryIsNotNormalizedIntoAnAcceptedCandidate(&quot;duplicate&quot;)" fullname="ChooGuard.Foundation.Multiplayer.Tests.VoiceEpochCoordinatorTests.A_D05_MalformedExpectedInventoryIsNotNormalizedIntoAnAcceptedCandidate(&quot;duplicate&quot;)" methodname="A_D05_MalformedExpectedInventoryIsNotNormalizedIntoAnAcceptedCandidate" classname="ChooGuard.Foundation.Multiplayer.Tests.VoiceEpochCoordinatorTests" runstate="Runnable" seed="2095566929" result="Passed" start-time="2026-09-14 08:47:57Z" end-time="2026-09-14 08:47:57Z" duration="0.000039" asserts="0">
                    <properties>
                      <property name="retryIteration" value="0" />
                      <property name="repeatIteration" value="0" />
                    </properties>
                  </test-case>
                </test-suite>
                <test-suite type="ParameterizedMethod" id="1177" name="A_D05_NullOrEmptyRawRoomIsRejected" fullname="ChooGuard.Foundation.Multiplayer.Tests.VoiceEpochCoordinatorTests.A_D05_NullOrEmptyRawRoomIsRejected" classname="ChooGuard.Foundation.Multiplayer.Tests.VoiceEpochCoordinatorTests" runstate="Runnable" testcasecount="2" result="Passed" start-time="2026-09-14 08:47:57Z" end-time="2026-09-14 08:47:57Z" duration="0.000483" total="2" passed="2" failed="0" inconclusive="0" skipped="0" asserts="0">
                  <properties />
                  <test-case id="1175" name="A_D05_NullOrEmptyRawRoomIsRejected(null)" fullname="ChooGuard.Foundation.Multiplayer.Tests.VoiceEpochCoordinatorTests.A_D05_NullOrEmptyRawRoomIsRejected(null)" methodname="A_D05_NullOrEmptyRawRoomIsRejected" classname="ChooGuard.Foundation.Multiplayer.Tests.VoiceEpochCoordinatorTests" runstate="Runnable" seed="673589573" result="Passed" start-time="2026-09-14 08:47:57Z" end-time="2026-09-14 08:47:57Z" duration="0.000128" asserts="0">
                    <properties>
                      <property name="retryIteration" value="0" />
                      <property name="repeatIteration" value="0" />
                    </properties>
                  </test-case>
                  <test-case id="1176" name="A_D05_NullOrEmptyRawRoomIsRejected(&quot;&quot;)" fullname="ChooGuard.Foundation.Multiplayer.Tests.VoiceEpochCoordinatorTests.A_D05_NullOrEmptyRawRoomIsRejected(&quot;&quot;)" methodname="A_D05_NullOrEmptyRawRoomIsRejected" classname="ChooGuard.Foundation.Multiplayer.Tests.VoiceEpochCoordinatorTests" runstate="Runnable" seed="1245935246" result="Passed" start-time="2026-09-14 08:47:57Z" end-time="2026-09-14 08:47:57Z" duration="0.000036" asserts="0">
                    <properties>
                      <property name="retryIteration" value="0" />
                      <property name="repeatIteration" value="0" />
                    </properties>
                  </test-case>
                </test-suite>
                <test-case id="1201" name="A_D05_ProductionStoreRejectsNullEmptyDuplicateAndMalformedInventory" fullname="ChooGuard.Foundation.Multiplayer.Tests.VoiceEpochCoordinatorTests.A_D05_ProductionStoreRejectsNullEmptyDuplicateAndMalformedInventory" methodname="A_D05_ProductionStoreRejectsNullEmptyDuplicateAndMalformedInventory" classname="ChooGuard.Foundation.Multiplayer.Tests.VoiceEpochCoordinatorTests" runstate="Runnable" seed="667725027" result="Passed" start-time="2026-09-14 08:47:57Z" end-time="2026-09-14 08:47:57Z" duration="0.000190" asserts="0">
                  <properties>
                    <property name="retryIteration" value="0" />
                    <property name="repeatIteration" value="0" />
                  </properties>
                </test-case>
                <test-case id="1182" name="AB_D02_CreateCompletionCannotRestoreReadyWhileRevocationRemoveIsPendingOrFailed" fullname="ChooGuard.Foundation.Multiplayer.Tests.VoiceEpochCoordinatorTests.AB_D02_CreateCompletionCannotRestoreReadyWhileRevocationRemoveIsPendingOrFailed" methodname="AB_D02_CreateCompletionCannotRestoreReadyWhileRevocationRemoveIsPendingOrFailed" classname="ChooGuard.Foundation.Multiplayer.Tests.VoiceEpochCoordinatorTests" runstate="Runnable" seed="480603313" result="Passed" start-time="2026-09-14 08:47:57Z" end-time="2026-09-14 08:47:57Z" duration="0.002755" asserts="0">
                  <properties>
                    <property name="retryIteration" value="0" />
                    <property name="repeatIteration" value="0" />
                  </properties>
                  <output><![CDATA[Voice rooms provisioned with a new authorization epoch.
]]></output>
                </test-case>
                <test-case id="1174" name="AB_D02_PendingRevocationBlocksGrantEvenIfReadyWasRestoredByAnOldProvision" fullname="ChooGuard.Foundation.Multiplayer.Tests.VoiceEpochCoordinatorTests.AB_D02_PendingRevocationBlocksGrantEvenIfReadyWasRestoredByAnOldProvision" methodname="AB_D02_PendingRevocationBlocksGrantEvenIfReadyWasRestoredByAnOldProvision" classname="ChooGuard.Foundation.Multiplayer.Tests.VoiceEpochCoordinatorTests" runstate="Runnable" seed="1447080723" result="Passed" start-time="2026-09-14 08:47:57Z" end-time="2026-09-14 08:47:57Z" duration="0.000404" asserts="0">
                  <properties>
                    <property name="retryIteration" value="0" />
                    <property name="repeatIteration" value="0" />
                  </properties>
                </test-case>
                <test-case id="1189" name="AB_D03_InvalidCanonicalBlocksServiceCreateDeleteAndRemoveMutations" fullname="ChooGuard.Foundation.Multiplayer.Tests.VoiceEpochCoordinatorTests.AB_D03_InvalidCanonicalBlocksServiceCreateDeleteAndRemoveMutations" methodname="AB_D03_InvalidCanonicalBlocksServiceCreateDeleteAndRemoveMutations" classname="ChooGuard.Foundation.Multiplayer.Tests.VoiceEpochCoordinatorTests" runstate="Runnable" seed="231291671" result="Passed" start-time="2026-09-14 08:47:57Z" end-time="2026-09-14 08:47:57Z" duration="0.002496" asserts="0">
                  <properties>
                    <property name="retryIteration" value="0" />
                    <property name="repeatIteration" value="0" />
                  </properties>
                </test-case>
                <test-case id="1181" name="AB_D04_CoordinatorInitialReadExceptionIsControlledAndRawInvalidIsNotDurableAuthority" fullname="ChooGuard.Foundation.Multiplayer.Tests.VoiceEpochCoordinatorTests.AB_D04_CoordinatorInitialReadExceptionIsControlledAndRawInvalidIsNotDurableAuthority" methodname="AB_D04_CoordinatorInitialReadExceptionIsControlledAndRawInvalidIsNotDurableAuthority" classname="ChooGuard.Foundation.Multiplayer.Tests.VoiceEpochCoordinatorTests" runstate="Runnable" seed="2112976298" result="Passed" start-time="2026-09-14 08:47:57Z" end-time="2026-09-14 08:47:57Z" duration="0.000408" asserts="0">
                  <properties>
                    <property name="retryIteration" value="0" />
                    <property name="repeatIteration" value="0" />
                  </properties>
                </test-case>
                <test-case id="1192" name="AB_D04_D05_CommitUsesValidatedCanonicalAcrossMoveReplaceAndAcknowledgementUncertainty" fullname="ChooGuard.Foundation.Multiplayer.Tests.VoiceEpochCoordinatorTests.AB_D04_D05_CommitUsesValidatedCanonicalAcrossMoveReplaceAndAcknowledgementUncertainty" methodname="AB_D04_D05_CommitUsesValidatedCanonicalAcrossMoveReplaceAndAcknowledgementUncertainty" classname="ChooGuard.Foundation.Multiplayer.Tests.VoiceEpochCoordinatorTests" runstate="Runnable" seed="25443606" result="Passed" start-time="2026-09-14 08:47:57Z" end-time="2026-09-14 08:47:57Z" duration="0.001394" asserts="0">
                  <properties>
                    <property name="retryIteration" value="0" />
                    <property name="repeatIteration" value="0" />
                  </properties>
                </test-case>
                <test-case id="1191" name="AB_D04_ExplicitNotFoundIsMissingButReadUncertaintyFailsClosedAndRecovers" fullname="ChooGuard.Foundation.Multiplayer.Tests.VoiceEpochCoordinatorTests.AB_D04_ExplicitNotFoundIsMissingButReadUncertaintyFailsClosedAndRecovers" methodname="AB_D04_ExplicitNotFoundIsMissingButReadUncertaintyFailsClosedAndRecovers" classname="ChooGuard.Foundation.Multiplayer.Tests.VoiceEpochCoordinatorTests" runstate="Runnable" seed="2074283655" result="Passed" start-time="2026-09-14 08:47:57Z" end-time="2026-09-14 08:47:57Z" duration="0.000520" asserts="0">
                  <properties>
                    <property name="retryIteration" value="0" />
                    <property name="repeatIteration" value="0" />
                  </properties>
                </test-case>
                <test-case id="1209" name="AB_D04_MissingRaceNeverReplacesNewInvalidOrDifferentCanonical" fullname="ChooGuard.Foundation.Multiplayer.Tests.VoiceEpochCoordinatorTests.AB_D04_MissingRaceNeverReplacesNewInvalidOrDifferentCanonical" methodname="AB_D04_MissingRaceNeverReplacesNewInvalidOrDifferentCanonical" classname="ChooGuard.Foundation.Multiplayer.Tests.VoiceEpochCoordinatorTests" runstate="Runnable" seed="1093699516" result="Passed" start-time="2026-09-14 08:47:57Z" end-time="2026-09-14 08:47:57Z" duration="0.000319" asserts="0">
                  <properties>
                    <property name="retryIteration" value="0" />
                    <property name="repeatIteration" value="0" />
                  </properties>
                </test-case>
                <test-case id="1211" name="AB_G01_G02_ServiceRetryRetiresPossibleInventoryBeforeCreateAndKeepsGrantsClosedOnFailure" fullname="ChooGuard.Foundation.Multiplayer.Tests.VoiceEpochCoordinatorTests.AB_G01_G02_ServiceRetryRetiresPossibleInventoryBeforeCreateAndKeepsGrantsClosedOnFailure" methodname="AB_G01_G02_ServiceRetryRetiresPossibleInventoryBeforeCreateAndKeepsGrantsClosedOnFailure" classname="ChooGuard.Foundation.Multiplayer.Tests.VoiceEpochCoordinatorTests" runstate="Runnable" seed="1070062937" result="Passed" start-time="2026-09-14 08:47:57Z" end-time="2026-09-14 08:47:57Z" duration="0.001436" asserts="0">
                  <properties>
                    <property name="retryIteration" value="0" />
                    <property name="repeatIteration" value="0" />
                  </properties>
                  <output><![CDATA[Voice rooms provisioned with a new authorization epoch.
]]></output>
                </test-case>
                <test-case id="1236" name="B_D01_DetachedStartedTransportCallSettlesBeforeReplacementAndLeavesOnlyCanonicalRooms" fullname="ChooGuard.Foundation.Multiplayer.Tests.VoiceEpochCoordinatorTests.B_D01_DetachedStartedTransportCallSettlesBeforeReplacementAndLeavesOnlyCanonicalRooms" methodname="B_D01_DetachedStartedTransportCallSettlesBeforeReplacementAndLeavesOnlyCanonicalRooms" classname="ChooGuard.Foundation.Multiplayer.Tests.VoiceEpochCoordinatorTests" runstate="Runnable" seed="644026078" result="Passed" start-time="2026-09-14 08:47:57Z" end-time="2026-09-14 08:47:57Z" duration="0.001309" asserts="0">
                  <properties>
                    <property name="retryIteration" value="0" />
                    <property name="repeatIteration" value="0" />
                  </properties>
                </test-case>
                <test-case id="1235" name="B_D01_DetachedUnstartedCreateCallCannotDispatchAfterReplacementEpochCommits" fullname="ChooGuard.Foundation.Multiplayer.Tests.VoiceEpochCoordinatorTests.B_D01_DetachedUnstartedCreateCallCannotDispatchAfterReplacementEpochCommits" methodname="B_D01_DetachedUnstartedCreateCallCannotDispatchAfterReplacementEpochCommits" classname="ChooGuard.Foundation.Multiplayer.Tests.VoiceEpochCoordinatorTests" runstate="Runnable" seed="1382442810" result="Passed" start-time="2026-09-14 08:47:57Z" end-time="2026-09-14 08:47:57Z" duration="0.001251" asserts="0">
                  <properties>
                    <property name="retryIteration" value="0" />
                    <property name="repeatIteration" value="0" />
                  </properties>
                  <output><![CDATA[Voice rooms provisioned with a new authorization epoch.
]]></output>
                </test-case>
                <test-case id="1239" name="B_D01_DetachedUnstartedRemoveCannotDispatchAfterItsLeaseIsReplaced" fullname="ChooGuard.Foundation.Multiplayer.Tests.VoiceEpochCoordinatorTests.B_D01_DetachedUnstartedRemoveCannotDispatchAfterItsLeaseIsReplaced" methodname="B_D01_DetachedUnstartedRemoveCannotDispatchAfterItsLeaseIsReplaced" classname="ChooGuard.Foundation.Multiplayer.Tests.VoiceEpochCoordinatorTests" runstate="Runnable" seed="1443915736" result="Passed" start-time="2026-09-14 08:47:57Z" end-time="2026-09-14 08:47:57Z" duration="0.001225" asserts="0">
                  <properties>
                    <property name="retryIteration" value="0" />
                    <property name="repeatIteration" value="0" />
                  </properties>
                  <output><![CDATA[Voice rooms provisioned with a new authorization epoch.
]]></output>
                </test-case>
                <test-case id="1240" name="B_D01_DetachedUnstartedRetirementDeleteCannotRunAfterSuccessfulRetirement" fullname="ChooGuard.Foundation.Multiplayer.Tests.VoiceEpochCoordinatorTests.B_D01_DetachedUnstartedRetirementDeleteCannotRunAfterSuccessfulRetirement" methodname="B_D01_DetachedUnstartedRetirementDeleteCannotRunAfterSuccessfulRetirement" classname="ChooGuard.Foundation.Multiplayer.Tests.VoiceEpochCoordinatorTests" runstate="Runnable" seed="93760302" result="Passed" start-time="2026-09-14 08:47:57Z" end-time="2026-09-14 08:47:57Z" duration="0.000457" asserts="0">
                  <properties>
                    <property name="retryIteration" value="0" />
                    <property name="repeatIteration" value="0" />
                  </properties>
                </test-case>
                <test-case id="1238" name="B_D01_DispatchedCreateWithLateCallbackBlocksReplacementUntilExplicitSettlement" fullname="ChooGuard.Foundation.Multiplayer.Tests.VoiceEpochCoordinatorTests.B_D01_DispatchedCreateWithLateCallbackBlocksReplacementUntilExplicitSettlement" methodname="B_D01_DispatchedCreateWithLateCallbackBlocksReplacementUntilExplicitSettlement" classname="ChooGuard.Foundation.Multiplayer.Tests.VoiceEpochCoordinatorTests" runstate="Runnable" seed="2136836689" result="Passed" start-time="2026-09-14 08:47:57Z" end-time="2026-09-14 08:47:57Z" duration="0.001490" asserts="0">
                  <properties>
                    <property name="retryIteration" value="0" />
                    <property name="repeatIteration" value="0" />
                  </properties>
                  <output><![CDATA[Voice rooms provisioned with a new authorization epoch.
]]></output>
                </test-case>
                <test-case id="1237" name="B_D01_NestedTransportAdvancementStaysInsideGuardedCallUntilSettlement" fullname="ChooGuard.Foundation.Multiplayer.Tests.VoiceEpochCoordinatorTests.B_D01_NestedTransportAdvancementStaysInsideGuardedCallUntilSettlement" methodname="B_D01_NestedTransportAdvancementStaysInsideGuardedCallUntilSettlement" classname="ChooGuard.Foundation.Multiplayer.Tests.VoiceEpochCoordinatorTests" runstate="Runnable" seed="868533559" result="Passed" start-time="2026-09-14 08:47:57Z" end-time="2026-09-14 08:47:57Z" duration="0.001266" asserts="0">
                  <properties>
                    <property name="retryIteration" value="0" />
                    <property name="repeatIteration" value="0" />
                  </properties>
                  <output><![CDATA[Voice rooms provisioned with a new authorization epoch.
]]></output>
                </test-case>
                <test-case id="1212" name="B01_InitialPrecommitFailureWithKnownDisconnectRecoversThroughExplicitRetry" fullname="ChooGuard.Foundation.Multiplayer.Tests.VoiceEpochCoordinatorTests.B01_InitialPrecommitFailureWithKnownDisconnectRecoversThroughExplicitRetry" methodname="B01_InitialPrecommitFailureWithKnownDisconnectRecoversThroughExplicitRetry" classname="ChooGuard.Foundation.Multiplayer.Tests.VoiceEpochCoordinatorTests" runstate="Runnable" seed="1937763427" result="Passed" start-time="2026-09-14 08:47:57Z" end-time="2026-09-14 08:47:57Z" duration="0.001087" asserts="0">
                  <properties>
                    <property name="retryIteration" value="0" />
                    <property name="repeatIteration" value="0" />
                  </properties>
                  <output><![CDATA[Voice rooms provisioned with a new authorization epoch.
]]></output>
                </test-case>
                <test-case id="1213" name="B01_KnownEmptyRecoveryNeverAppliesAfterAuthorityLossOrCommitUncertainty" fullname="ChooGuard.Foundation.Multiplayer.Tests.VoiceEpochCoordinatorTests.B01_KnownEmptyRecoveryNeverAppliesAfterAuthorityLossOrCommitUncertainty" methodname="B01_KnownEmptyRecoveryNeverAppliesAfterAuthorityLossOrCommitUncertainty" classname="ChooGuard.Foundation.Multiplayer.Tests.VoiceEpochCoordinatorTests" runstate="Runnable" seed="1312868179" result="Passed" start-time="2026-09-14 08:47:57Z" end-time="2026-09-14 08:47:57Z" duration="0.001872" asserts="0">
                  <properties>
                    <property name="retryIteration" value="0" />
                    <property name="repeatIteration" value="0" />
                  </properties>
                  <output><![CDATA[Voice rooms provisioned with a new authorization epoch.
]]></output>
                </test-case>
                <test-case id="1214" name="B01_MissingCanonicalAfterPossibleCreateEffectDoesNotBecomeKnownEmpty" fullname="ChooGuard.Foundation.Multiplayer.Tests.VoiceEpochCoordinatorTests.B01_MissingCanonicalAfterPossibleCreateEffectDoesNotBecomeKnownEmpty" methodname="B01_MissingCanonicalAfterPossibleCreateEffectDoesNotBecomeKnownEmpty" classname="ChooGuard.Foundation.Multiplayer.Tests.VoiceEpochCoordinatorTests" runstate="Runnable" seed="644985943" result="Passed" start-time="2026-09-14 08:47:57Z" end-time="2026-09-14 08:47:57Z" duration="0.000456" asserts="0">
                  <properties>
                    <property name="retryIteration" value="0" />
                    <property name="repeatIteration" value="0" />
                  </properties>
                </test-case>
                <test-case id="1215" name="B02_ConfigureIsRejectedBeforeReplacingAnOwnerWithDelayedCreateAfterDelete404" fullname="ChooGuard.Foundation.Multiplayer.Tests.VoiceEpochCoordinatorTests.B02_ConfigureIsRejectedBeforeReplacingAnOwnerWithDelayedCreateAfterDelete404" methodname="B02_ConfigureIsRejectedBeforeReplacingAnOwnerWithDelayedCreateAfterDelete404" classname="ChooGuard.Foundation.Multiplayer.Tests.VoiceEpochCoordinatorTests" runstate="Runnable" seed="1054246943" result="Passed" start-time="2026-09-14 08:47:57Z" end-time="2026-09-14 08:47:57Z" duration="0.001708" asserts="0">
                  <properties>
                    <property name="retryIteration" value="0" />
                    <property name="repeatIteration" value="0" />
                  </properties>
                  <output><![CDATA[Voice rooms provisioned with a new authorization epoch.
]]></output>
                </test-case>
                <test-case id="1216" name="B02_DuplicateRetireIsRejectedWithoutReplacingTheActiveCoordinator" fullname="ChooGuard.Foundation.Multiplayer.Tests.VoiceEpochCoordinatorTests.B02_DuplicateRetireIsRejectedWithoutReplacingTheActiveCoordinator" methodname="B02_DuplicateRetireIsRejectedWithoutReplacingTheActiveCoordinator" classname="ChooGuard.Foundation.Multiplayer.Tests.VoiceEpochCoordinatorTests" runstate="Runnable" seed="770479727" result="Passed" start-time="2026-09-14 08:47:57Z" end-time="2026-09-14 08:47:57Z" duration="0.001072" asserts="0">
                  <properties>
                    <property name="retryIteration" value="0" />
                    <property name="repeatIteration" value="0" />
                  </properties>
                  <output><![CDATA[Voice rooms provisioned with a new authorization epoch.
]]></output>
                </test-case>
                <test-suite type="ParameterizedMethod" id="1220" name="B02_EveryTransportPauseKeepsOneLifecycleOwnerAndClosesGrants" fullname="ChooGuard.Foundation.Multiplayer.Tests.VoiceEpochCoordinatorTests.B02_EveryTransportPauseKeepsOneLifecycleOwnerAndClosesGrants" classname="ChooGuard.Foundation.Multiplayer.Tests.VoiceEpochCoordinatorTests" runstate="Runnable" testcasecount="3" result="Passed" start-time="2026-09-14 08:47:57Z" end-time="2026-09-14 08:47:57Z" duration="0.003128" total="3" passed="3" failed="0" inconclusive="0" skipped="0" asserts="0">
                  <properties />
                  <test-case id="1217" name="B02_EveryTransportPauseKeepsOneLifecycleOwnerAndClosesGrants(&quot;DeleteRoom&quot;)" fullname="ChooGuard.Foundation.Multiplayer.Tests.VoiceEpochCoordinatorTests.B02_EveryTransportPauseKeepsOneLifecycleOwnerAndClosesGrants(&quot;DeleteRoom&quot;)" methodname="B02_EveryTransportPauseKeepsOneLifecycleOwnerAndClosesGrants" classname="ChooGuard.Foundation.Multiplayer.Tests.VoiceEpochCoordinatorTests" runstate="Runnable" seed="1079824960" result="Passed" start-time="2026-09-14 08:47:57Z" end-time="2026-09-14 08:47:57Z" duration="0.001090" asserts="0">
                    <properties>
                      <property name="retryIteration" value="0" />
                      <property name="repeatIteration" value="0" />
                    </properties>
                  </test-case>
                  <test-case id="1218" name="B02_EveryTransportPauseKeepsOneLifecycleOwnerAndClosesGrants(&quot;CreateRoom&quot;)" fullname="ChooGuard.Foundation.Multiplayer.Tests.VoiceEpochCoordinatorTests.B02_EveryTransportPauseKeepsOneLifecycleOwnerAndClosesGrants(&quot;CreateRoom&quot;)" methodname="B02_EveryTransportPauseKeepsOneLifecycleOwnerAndClosesGrants" classname="ChooGuard.Foundation.Multiplayer.Tests.VoiceEpochCoordinatorTests" runstate="Runnable" seed="1714434516" result="Passed" start-time="2026-09-14 08:47:57Z" end-time="2026-09-14 08:47:57Z" duration="0.000567" asserts="0">
                    <properties>
                      <property name="retryIteration" value="0" />
                      <property name="repeatIteration" value="0" />
                    </properties>
                  </test-case>
                  <test-case id="1219" name="B02_EveryTransportPauseKeepsOneLifecycleOwnerAndClosesGrants(&quot;RemoveParticipant&quot;)" fullname="ChooGuard.Foundation.Multiplayer.Tests.VoiceEpochCoordinatorTests.B02_EveryTransportPauseKeepsOneLifecycleOwnerAndClosesGrants(&quot;RemoveParticipant&quot;)" methodname="B02_EveryTransportPauseKeepsOneLifecycleOwnerAndClosesGrants" classname="ChooGuard.Foundation.Multiplayer.Tests.VoiceEpochCoordinatorTests" runstate="Runnable" seed="1479138227" result="Passed" start-time="2026-09-14 08:47:57Z" end-time="2026-09-14 08:47:57Z" duration="0.000731" asserts="0">
                    <properties>
                      <property name="retryIteration" value="0" />
                      <property name="repeatIteration" value="0" />
                    </properties>
                  </test-case>
                </test-suite>
                <test-suite type="ParameterizedMethod" id="1186" name="F1_F3_FirstMiddleAndLastCreateFailureKeepWholeCandidateForExplicitRetry" fullname="ChooGuard.Foundation.Multiplayer.Tests.VoiceEpochCoordinatorTests.F1_F3_FirstMiddleAndLastCreateFailureKeepWholeCandidateForExplicitRetry" classname="ChooGuard.Foundation.Multiplayer.Tests.VoiceEpochCoordinatorTests" runstate="Runnable" testcasecount="3" result="Passed" start-time="2026-09-14 08:47:57Z" end-time="2026-09-14 08:47:57Z" duration="0.004723" total="3" passed="3" failed="0" inconclusive="0" skipped="0" asserts="0">
                  <properties />
                  <test-case id="1183" name="F1_F3_FirstMiddleAndLastCreateFailureKeepWholeCandidateForExplicitRetry(0)" fullname="ChooGuard.Foundation.Multiplayer.Tests.VoiceEpochCoordinatorTests.F1_F3_FirstMiddleAndLastCreateFailureKeepWholeCandidateForExplicitRetry(0)" methodname="F1_F3_FirstMiddleAndLastCreateFailureKeepWholeCandidateForExplicitRetry" classname="ChooGuard.Foundation.Multiplayer.Tests.VoiceEpochCoordinatorTests" runstate="Runnable" seed="1212369780" result="Passed" start-time="2026-09-14 08:47:57Z" end-time="2026-09-14 08:47:57Z" duration="0.001764" asserts="0">
                    <properties>
                      <property name="retryIteration" value="0" />
                      <property name="repeatIteration" value="0" />
                    </properties>
                    <output><![CDATA[Voice rooms provisioned with a new authorization epoch.
]]></output>
                  </test-case>
                  <test-case id="1184" name="F1_F3_FirstMiddleAndLastCreateFailureKeepWholeCandidateForExplicitRetry(1)" fullname="ChooGuard.Foundation.Multiplayer.Tests.VoiceEpochCoordinatorTests.F1_F3_FirstMiddleAndLastCreateFailureKeepWholeCandidateForExplicitRetry(1)" methodname="F1_F3_FirstMiddleAndLastCreateFailureKeepWholeCandidateForExplicitRetry" classname="ChooGuard.Foundation.Multiplayer.Tests.VoiceEpochCoordinatorTests" runstate="Runnable" seed="163710190" result="Passed" start-time="2026-09-14 08:47:57Z" end-time="2026-09-14 08:47:57Z" duration="0.001235" asserts="0">
                    <properties>
                      <property name="retryIteration" value="0" />
                      <property name="repeatIteration" value="0" />
                    </properties>
                    <output><![CDATA[Voice rooms provisioned with a new authorization epoch.
]]></output>
                  </test-case>
                  <test-case id="1185" name="F1_F3_FirstMiddleAndLastCreateFailureKeepWholeCandidateForExplicitRetry(2)" fullname="ChooGuard.Foundation.Multiplayer.Tests.VoiceEpochCoordinatorTests.F1_F3_FirstMiddleAndLastCreateFailureKeepWholeCandidateForExplicitRetry(2)" methodname="F1_F3_FirstMiddleAndLastCreateFailureKeepWholeCandidateForExplicitRetry" classname="ChooGuard.Foundation.Multiplayer.Tests.VoiceEpochCoordinatorTests" runstate="Runnable" seed="807208713" result="Passed" start-time="2026-09-14 08:47:57Z" end-time="2026-09-14 08:47:57Z" duration="0.001146" asserts="0">
                    <properties>
                      <property name="retryIteration" value="0" />
                      <property name="repeatIteration" value="0" />
                    </properties>
                    <output><![CDATA[Voice rooms provisioned with a new authorization epoch.
]]></output>
                  </test-case>
                </test-suite>
                <test-case id="1160" name="F1_OldRetirementIsCompletedBeforeAnyReplacementCreate" fullname="ChooGuard.Foundation.Multiplayer.Tests.VoiceEpochCoordinatorTests.F1_OldRetirementIsCompletedBeforeAnyReplacementCreate" methodname="F1_OldRetirementIsCompletedBeforeAnyReplacementCreate" classname="ChooGuard.Foundation.Multiplayer.Tests.VoiceEpochCoordinatorTests" runstate="Runnable" seed="229403361" result="Passed" start-time="2026-09-14 08:47:57Z" end-time="2026-09-14 08:47:57Z" duration="0.002395" asserts="0">
                  <properties>
                    <property name="retryIteration" value="0" />
                    <property name="repeatIteration" value="0" />
                  </properties>
                </test-case>
                <test-case id="1187" name="F2_F3_PartialCreateAndResponseLossRemainRetirableAcrossServiceReconstruction" fullname="ChooGuard.Foundation.Multiplayer.Tests.VoiceEpochCoordinatorTests.F2_F3_PartialCreateAndResponseLossRemainRetirableAcrossServiceReconstruction" methodname="F2_F3_PartialCreateAndResponseLossRemainRetirableAcrossServiceReconstruction" classname="ChooGuard.Foundation.Multiplayer.Tests.VoiceEpochCoordinatorTests" runstate="Runnable" seed="82177256" result="Passed" start-time="2026-09-14 08:47:57Z" end-time="2026-09-14 08:47:57Z" duration="0.001549" asserts="0">
                  <properties>
                    <property name="retryIteration" value="0" />
                    <property name="repeatIteration" value="0" />
                  </properties>
                </test-case>
                <test-case id="1161" name="F2_FailedCandidateRemainsRetirableAfterReconstruction" fullname="ChooGuard.Foundation.Multiplayer.Tests.VoiceEpochCoordinatorTests.F2_FailedCandidateRemainsRetirableAfterReconstruction" methodname="F2_FailedCandidateRemainsRetirableAfterReconstruction" classname="ChooGuard.Foundation.Multiplayer.Tests.VoiceEpochCoordinatorTests" runstate="Runnable" seed="873869649" result="Passed" start-time="2026-09-14 08:47:57Z" end-time="2026-09-14 08:47:57Z" duration="0.000677" asserts="0">
                  <properties>
                    <property name="retryIteration" value="0" />
                    <property name="repeatIteration" value="0" />
                  </properties>
                </test-case>
                <test-case id="1188" name="F2_ShutdownRequestedDuringInflightCreateRetiresTheDurableWholeCandidate" fullname="ChooGuard.Foundation.Multiplayer.Tests.VoiceEpochCoordinatorTests.F2_ShutdownRequestedDuringInflightCreateRetiresTheDurableWholeCandidate" methodname="F2_ShutdownRequestedDuringInflightCreateRetiresTheDurableWholeCandidate" classname="ChooGuard.Foundation.Multiplayer.Tests.VoiceEpochCoordinatorTests" runstate="Runnable" seed="1117520561" result="Passed" start-time="2026-09-14 08:47:57Z" end-time="2026-09-14 08:47:57Z" duration="0.000471" asserts="0">
                  <properties>
                    <property name="retryIteration" value="0" />
                    <property name="repeatIteration" value="0" />
                  </properties>
                </test-case>
                <test-case id="1162" name="F3_ResponseLossKeepsCandidateInventoryForExplicitRetry" fullname="ChooGuard.Foundation.Multiplayer.Tests.VoiceEpochCoordinatorTests.F3_ResponseLossKeepsCandidateInventoryForExplicitRetry" methodname="F3_ResponseLossKeepsCandidateInventoryForExplicitRetry" classname="ChooGuard.Foundation.Multiplayer.Tests.VoiceEpochCoordinatorTests" runstate="Runnable" seed="1226875433" result="Passed" start-time="2026-09-14 08:47:57Z" end-time="2026-09-14 08:47:57Z" duration="0.000579" asserts="0">
                  <properties>
                    <property name="retryIteration" value="0" />
                    <property name="repeatIteration" value="0" />
                  </properties>
                </test-case>
                <test-case id="1163" name="F4_FreshCoordinatorUsesDurableIntentWithoutMemoryState" fullname="ChooGuard.Foundation.Multiplayer.Tests.VoiceEpochCoordinatorTests.F4_FreshCoordinatorUsesDurableIntentWithoutMemoryState" methodname="F4_FreshCoordinatorUsesDurableIntentWithoutMemoryState" classname="ChooGuard.Foundation.Multiplayer.Tests.VoiceEpochCoordinatorTests" runstate="Runnable" seed="439937689" result="Passed" start-time="2026-09-14 08:47:57Z" end-time="2026-09-14 08:47:57Z" duration="0.000243" asserts="0">
                  <properties>
                    <property name="retryIteration" value="0" />
                    <property name="repeatIteration" value="0" />
                  </properties>
                </test-case>
                <test-case id="1164" name="F5_HappyPathKeepsReadyEpochAndExpectedRoomInventory" fullname="ChooGuard.Foundation.Multiplayer.Tests.VoiceEpochCoordinatorTests.F5_HappyPathKeepsReadyEpochAndExpectedRoomInventory" methodname="F5_HappyPathKeepsReadyEpochAndExpectedRoomInventory" classname="ChooGuard.Foundation.Multiplayer.Tests.VoiceEpochCoordinatorTests" runstate="Runnable" seed="1618575976" result="Passed" start-time="2026-09-14 08:47:57Z" end-time="2026-09-14 08:47:57Z" duration="0.000863" asserts="0">
                  <properties>
                    <property name="retryIteration" value="0" />
                    <property name="repeatIteration" value="0" />
                  </properties>
                </test-case>
                <test-suite type="ParameterizedMethod" id="1208" name="F5_HttpResultClassifiesOnlySuccessfulOrIdempotentNotFoundMutations" fullname="ChooGuard.Foundation.Multiplayer.Tests.VoiceEpochCoordinatorTests.F5_HttpResultClassifiesOnlySuccessfulOrIdempotentNotFoundMutations" classname="ChooGuard.Foundation.Multiplayer.Tests.VoiceEpochCoordinatorTests" runstate="Runnable" testcasecount="6" result="Passed" start-time="2026-09-14 08:47:57Z" end-time="2026-09-14 08:47:57Z" duration="0.001580" total="6" passed="6" failed="0" inconclusive="0" skipped="0" asserts="0">
                  <properties />
                  <test-case id="1202" name="F5_HttpResultClassifiesOnlySuccessfulOrIdempotentNotFoundMutations(&quot;CreateRoom&quot;,ProtocolError,404,False)" fullname="ChooGuard.Foundation.Multiplayer.Tests.VoiceEpochCoordinatorTests.F5_HttpResultClassifiesOnlySuccessfulOrIdempotentNotFoundMutations(&quot;CreateRoom&quot;,ProtocolError,404,False)" methodname="F5_HttpResultClassifiesOnlySuccessfulOrIdempotentNotFoundMutations" classname="ChooGuard.Foundation.Multiplayer.Tests.VoiceEpochCoordinatorTests" runstate="Runnable" seed="66954019" result="Passed" start-time="2026-09-14 08:47:57Z" end-time="2026-09-14 08:47:57Z" duration="0.000252" asserts="0">
                    <properties>
                      <property name="retryIteration" value="0" />
                      <property name="repeatIteration" value="0" />
                    </properties>
                  </test-case>
                  <test-case id="1203" name="F5_HttpResultClassifiesOnlySuccessfulOrIdempotentNotFoundMutations(&quot;DeleteRoom&quot;,ProtocolError,404,True)" fullname="ChooGuard.Foundation.Multiplayer.Tests.VoiceEpochCoordinatorTests.F5_HttpResultClassifiesOnlySuccessfulOrIdempotentNotFoundMutations(&quot;DeleteRoom&quot;,ProtocolError,404,True)" methodname="F5_HttpResultClassifiesOnlySuccessfulOrIdempotentNotFoundMutations" classname="ChooGuard.Foundation.Multiplayer.Tests.VoiceEpochCoordinatorTests" runstate="Runnable" seed="715915827" result="Passed" start-time="2026-09-14 08:47:57Z" end-time="2026-09-14 08:47:57Z" duration="0.000053" asserts="0">
                    <properties>
                      <property name="retryIteration" value="0" />
                      <property name="repeatIteration" value="0" />
                    </properties>
                  </test-case>
                  <test-case id="1204" name="F5_HttpResultClassifiesOnlySuccessfulOrIdempotentNotFoundMutations(&quot;RemoveParticipant&quot;,ProtocolError,404,True)" fullname="ChooGuard.Foundation.Multiplayer.Tests.VoiceEpochCoordinatorTests.F5_HttpResultClassifiesOnlySuccessfulOrIdempotentNotFoundMutations(&quot;RemoveParticipant&quot;,ProtocolError,404,True)" methodname="F5_HttpResultClassifiesOnlySuccessfulOrIdempotentNotFoundMutations" classname="ChooGuard.Foundation.Multiplayer.Tests.VoiceEpochCoordinatorTests" runstate="Runnable" seed="1309118688" result="Passed" start-time="2026-09-14 08:47:57Z" end-time="2026-09-14 08:47:57Z" duration="0.000058" asserts="0">
                    <properties>
                      <property name="retryIteration" value="0" />
                      <property name="repeatIteration" value="0" />
                    </properties>
                  </test-case>
                  <test-case id="1205" name="F5_HttpResultClassifiesOnlySuccessfulOrIdempotentNotFoundMutations(&quot;DeleteRoom&quot;,ConnectionError,404,False)" fullname="ChooGuard.Foundation.Multiplayer.Tests.VoiceEpochCoordinatorTests.F5_HttpResultClassifiesOnlySuccessfulOrIdempotentNotFoundMutations(&quot;DeleteRoom&quot;,ConnectionError,404,False)" methodname="F5_HttpResultClassifiesOnlySuccessfulOrIdempotentNotFoundMutations" classname="ChooGuard.Foundation.Multiplayer.Tests.VoiceEpochCoordinatorTests" runstate="Runnable" seed="973744937" result="Passed" start-time="2026-09-14 08:47:57Z" end-time="2026-09-14 08:47:57Z" duration="0.000049" asserts="0">
                    <properties>
                      <property name="retryIteration" value="0" />
                      <property name="repeatIteration" value="0" />
                    </properties>
                  </test-case>
                  <test-case id="1206" name="F5_HttpResultClassifiesOnlySuccessfulOrIdempotentNotFoundMutations(&quot;RemoveParticipant&quot;,DataProcessingError,404,False)" fullname="ChooGuard.Foundation.Multiplayer.Tests.VoiceEpochCoordinatorTests.F5_HttpResultClassifiesOnlySuccessfulOrIdempotentNotFoundMutations(&quot;RemoveParticipant&quot;,DataProcessingError,404,False)" methodname="F5_HttpResultClassifiesOnlySuccessfulOrIdempotentNotFoundMutations" classname="ChooGuard.Foundation.Multiplayer.Tests.VoiceEpochCoordinatorTests" runstate="Runnable" seed="1328880110" result="Passed" start-time="2026-09-14 08:47:57Z" end-time="2026-09-14 08:47:57Z" duration="0.000049" asserts="0">
                    <properties>
                      <property name="retryIteration" value="0" />
                      <property name="repeatIteration" value="0" />
                    </properties>
                  </test-case>
                  <test-case id="1207" name="F5_HttpResultClassifiesOnlySuccessfulOrIdempotentNotFoundMutations(&quot;CreateRoom&quot;,Success,200,True)" fullname="ChooGuard.Foundation.Multiplayer.Tests.VoiceEpochCoordinatorTests.F5_HttpResultClassifiesOnlySuccessfulOrIdempotentNotFoundMutations(&quot;CreateRoom&quot;,Success,200,True)" methodname="F5_HttpResultClassifiesOnlySuccessfulOrIdempotentNotFoundMutations" classname="ChooGuard.Foundation.Multiplayer.Tests.VoiceEpochCoordinatorTests" runstate="Runnable" seed="505214192" result="Passed" start-time="2026-09-14 08:47:57Z" end-time="2026-09-14 08:47:57Z" duration="0.000051" asserts="0">
                    <properties>
                      <property name="retryIteration" value="0" />
                      <property name="repeatIteration" value="0" />
                    </properties>
                  </test-case>
                </test-suite>
                <test-case id="1210" name="F5_JwtPayloadPreservesIdentityRoomJoinRoleAndMicrophoneOnlyForNinetySeconds" fullname="ChooGuard.Foundation.Multiplayer.Tests.VoiceEpochCoordinatorTests.F5_JwtPayloadPreservesIdentityRoomJoinRoleAndMicrophoneOnlyForNinetySeconds" methodname="F5_JwtPayloadPreservesIdentityRoomJoinRoleAndMicrophoneOnlyForNinetySeconds" classname="ChooGuard.Foundation.Multiplayer.Tests.VoiceEpochCoordinatorTests" runstate="Runnable" seed="40543876" result="Passed" start-time="2026-09-14 08:47:57Z" end-time="2026-09-14 08:47:57Z" duration="0.001856" asserts="0">
                  <properties>
                    <property name="retryIteration" value="0" />
                    <property name="repeatIteration" value="0" />
                  </properties>
                </test-case>
                <test-case id="1171" name="F6_CommitReadyAcknowledgementIsAcceptedOnlyWhenExactReadyCanonicalIsReread" fullname="ChooGuard.Foundation.Multiplayer.Tests.VoiceEpochCoordinatorTests.F6_CommitReadyAcknowledgementIsAcceptedOnlyWhenExactReadyCanonicalIsReread" methodname="F6_CommitReadyAcknowledgementIsAcceptedOnlyWhenExactReadyCanonicalIsReread" classname="ChooGuard.Foundation.Multiplayer.Tests.VoiceEpochCoordinatorTests" runstate="Runnable" seed="1227093172" result="Passed" start-time="2026-09-14 08:47:57Z" end-time="2026-09-14 08:47:57Z" duration="0.000755" asserts="0">
                  <properties>
                    <property name="retryIteration" value="0" />
                    <property name="repeatIteration" value="0" />
                  </properties>
                </test-case>
                <test-case id="1165" name="F6_CommitUncertaintyFailsClosedBeforeRemoteCreate" fullname="ChooGuard.Foundation.Multiplayer.Tests.VoiceEpochCoordinatorTests.F6_CommitUncertaintyFailsClosedBeforeRemoteCreate" methodname="F6_CommitUncertaintyFailsClosedBeforeRemoteCreate" classname="ChooGuard.Foundation.Multiplayer.Tests.VoiceEpochCoordinatorTests" runstate="Runnable" seed="556380504" result="Passed" start-time="2026-09-14 08:47:57Z" end-time="2026-09-14 08:47:57Z" duration="0.000593" asserts="0">
                  <properties>
                    <property name="retryIteration" value="0" />
                    <property name="repeatIteration" value="0" />
                  </properties>
                </test-case>
                <test-case id="1172" name="F7_InvalidManifestPerformsNoRemoteMutation" fullname="ChooGuard.Foundation.Multiplayer.Tests.VoiceEpochCoordinatorTests.F7_InvalidManifestPerformsNoRemoteMutation" methodname="F7_InvalidManifestPerformsNoRemoteMutation" classname="ChooGuard.Foundation.Multiplayer.Tests.VoiceEpochCoordinatorTests" runstate="Runnable" seed="339903717" result="Passed" start-time="2026-09-14 08:47:57Z" end-time="2026-09-14 08:47:57Z" duration="0.000162" asserts="0">
                  <properties>
                    <property name="retryIteration" value="0" />
                    <property name="repeatIteration" value="0" />
                  </properties>
                </test-case>
                <test-case id="1250" name="R6_F4_FreshServiceAndFreshStoreAdapterCannotReplaceStartedOldCreate" fullname="ChooGuard.Foundation.Multiplayer.Tests.VoiceEpochCoordinatorTests.R6_F4_FreshServiceAndFreshStoreAdapterCannotReplaceStartedOldCreate" methodname="R6_F4_FreshServiceAndFreshStoreAdapterCannotReplaceStartedOldCreate" classname="ChooGuard.Foundation.Multiplayer.Tests.VoiceEpochCoordinatorTests" runstate="Runnable" seed="1206690864" result="Passed" start-time="2026-09-14 08:47:57Z" end-time="2026-09-14 08:47:57Z" duration="0.002824" asserts="0">
                  <properties>
                    <property name="retryIteration" value="0" />
                    <property name="repeatIteration" value="0" />
                  </properties>
                </test-case>
                <test-case id="1251" name="R6_F4_UnresolvedDurableDispatchFailsClosedButUnrelatedCanonicalIsUnaffected" fullname="ChooGuard.Foundation.Multiplayer.Tests.VoiceEpochCoordinatorTests.R6_F4_UnresolvedDurableDispatchFailsClosedButUnrelatedCanonicalIsUnaffected" methodname="R6_F4_UnresolvedDurableDispatchFailsClosedButUnrelatedCanonicalIsUnaffected" classname="ChooGuard.Foundation.Multiplayer.Tests.VoiceEpochCoordinatorTests" runstate="Runnable" seed="1629264503" result="Passed" start-time="2026-09-14 08:47:57Z" end-time="2026-09-14 08:47:57Z" duration="0.002127" asserts="0">
                  <properties>
                    <property name="retryIteration" value="0" />
                    <property name="repeatIteration" value="0" />
                  </properties>
                  <output><![CDATA[Voice rooms provisioned with a new authorization epoch.
]]></output>
                </test-case>
                <test-suite type="ParameterizedMethod" id="1259" name="R6_F6_PublicRetryRereadsButDoesNotClearContinuingInitialReadUncertainty" fullname="ChooGuard.Foundation.Multiplayer.Tests.VoiceEpochCoordinatorTests.R6_F6_PublicRetryRereadsButDoesNotClearContinuingInitialReadUncertainty" classname="ChooGuard.Foundation.Multiplayer.Tests.VoiceEpochCoordinatorTests" runstate="Runnable" testcasecount="2" result="Passed" start-time="2026-09-14 08:47:57Z" end-time="2026-09-14 08:47:57Z" duration="0.001728" total="2" passed="2" failed="0" inconclusive="0" skipped="0" asserts="0">
                  <properties />
                  <test-case id="1257" name="R6_F6_PublicRetryRereadsButDoesNotClearContinuingInitialReadUncertainty(False)" fullname="ChooGuard.Foundation.Multiplayer.Tests.VoiceEpochCoordinatorTests.R6_F6_PublicRetryRereadsButDoesNotClearContinuingInitialReadUncertainty(False)" methodname="R6_F6_PublicRetryRereadsButDoesNotClearContinuingInitialReadUncertainty" classname="ChooGuard.Foundation.Multiplayer.Tests.VoiceEpochCoordinatorTests" runstate="Runnable" seed="1776373564" result="Passed" start-time="2026-09-14 08:47:57Z" end-time="2026-09-14 08:47:57Z" duration="0.000870" asserts="0">
                    <properties>
                      <property name="retryIteration" value="0" />
                      <property name="repeatIteration" value="0" />
                    </properties>
                  </test-case>
                  <test-case id="1258" name="R6_F6_PublicRetryRereadsButDoesNotClearContinuingInitialReadUncertainty(True)" fullname="ChooGuard.Foundation.Multiplayer.Tests.VoiceEpochCoordinatorTests.R6_F6_PublicRetryRereadsButDoesNotClearContinuingInitialReadUncertainty(True)" methodname="R6_F6_PublicRetryRereadsButDoesNotClearContinuingInitialReadUncertainty" classname="ChooGuard.Foundation.Multiplayer.Tests.VoiceEpochCoordinatorTests" runstate="Runnable" seed="495206395" result="Passed" start-time="2026-09-14 08:47:57Z" end-time="2026-09-14 08:47:57Z" duration="0.000154" asserts="0">
                    <properties>
                      <property name="retryIteration" value="0" />
                      <property name="repeatIteration" value="0" />
                    </properties>
                  </test-case>
                </test-suite>
                <test-suite type="ParameterizedMethod" id="1256" name="R6_F6_TransientInitialReadRecoveryRereadsSameServiceWithoutDispatch" fullname="ChooGuard.Foundation.Multiplayer.Tests.VoiceEpochCoordinatorTests.R6_F6_TransientInitialReadRecoveryRereadsSameServiceWithoutDispatch" classname="ChooGuard.Foundation.Multiplayer.Tests.VoiceEpochCoordinatorTests" runstate="Runnable" testcasecount="4" result="Passed" start-time="2026-09-14 08:47:57Z" end-time="2026-09-14 08:47:57Z" duration="0.007184" total="4" passed="4" failed="0" inconclusive="0" skipped="0" asserts="0">
                  <properties />
                  <test-case id="1252" name="R6_F6_TransientInitialReadRecoveryRereadsSameServiceWithoutDispatch(False,False)" fullname="ChooGuard.Foundation.Multiplayer.Tests.VoiceEpochCoordinatorTests.R6_F6_TransientInitialReadRecoveryRereadsSameServiceWithoutDispatch(False,False)" methodname="R6_F6_TransientInitialReadRecoveryRereadsSameServiceWithoutDispatch" classname="ChooGuard.Foundation.Multiplayer.Tests.VoiceEpochCoordinatorTests" runstate="Runnable" seed="280746044" result="Passed" start-time="2026-09-14 08:47:57Z" end-time="2026-09-14 08:47:57Z" duration="0.003474" asserts="0">
                    <properties>
                      <property name="retryIteration" value="0" />
                      <property name="repeatIteration" value="0" />
                    </properties>
                    <output><![CDATA[Voice rooms provisioned with a new authorization epoch.
]]></output>
                  </test-case>
                  <test-case id="1253" name="R6_F6_TransientInitialReadRecoveryRereadsSameServiceWithoutDispatch(False,True)" fullname="ChooGuard.Foundation.Multiplayer.Tests.VoiceEpochCoordinatorTests.R6_F6_TransientInitialReadRecoveryRereadsSameServiceWithoutDispatch(False,True)" methodname="R6_F6_TransientInitialReadRecoveryRereadsSameServiceWithoutDispatch" classname="ChooGuard.Foundation.Multiplayer.Tests.VoiceEpochCoordinatorTests" runstate="Runnable" seed="544137911" result="Passed" start-time="2026-09-14 08:47:57Z" end-time="2026-09-14 08:47:57Z" duration="0.001237" asserts="0">
                    <properties>
                      <property name="retryIteration" value="0" />
                      <property name="repeatIteration" value="0" />
                    </properties>
                    <output><![CDATA[Voice rooms provisioned with a new authorization epoch.
]]></output>
                  </test-case>
                  <test-case id="1254" name="R6_F6_TransientInitialReadRecoveryRereadsSameServiceWithoutDispatch(True,False)" fullname="ChooGuard.Foundation.Multiplayer.Tests.VoiceEpochCoordinatorTests.R6_F6_TransientInitialReadRecoveryRereadsSameServiceWithoutDispatch(True,False)" methodname="R6_F6_TransientInitialReadRecoveryRereadsSameServiceWithoutDispatch" classname="ChooGuard.Foundation.Multiplayer.Tests.VoiceEpochCoordinatorTests" runstate="Runnable" seed="101686202" result="Passed" start-time="2026-09-14 08:47:57Z" end-time="2026-09-14 08:47:57Z" duration="0.000819" asserts="0">
                    <properties>
                      <property name="retryIteration" value="0" />
                      <property name="repeatIteration" value="0" />
                    </properties>
                    <output><![CDATA[Voice rooms provisioned with a new authorization epoch.
]]></output>
                  </test-case>
                  <test-case id="1255" name="R6_F6_TransientInitialReadRecoveryRereadsSameServiceWithoutDispatch(True,True)" fullname="ChooGuard.Foundation.Multiplayer.Tests.VoiceEpochCoordinatorTests.R6_F6_TransientInitialReadRecoveryRereadsSameServiceWithoutDispatch(True,True)" methodname="R6_F6_TransientInitialReadRecoveryRereadsSameServiceWithoutDispatch" classname="ChooGuard.Foundation.Multiplayer.Tests.VoiceEpochCoordinatorTests" runstate="Runnable" seed="452752762" result="Passed" start-time="2026-09-14 08:47:57Z" end-time="2026-09-14 08:47:57Z" duration="0.000945" asserts="0">
                    <properties>
                      <property name="retryIteration" value="0" />
                      <property name="repeatIteration" value="0" />
                    </properties>
                    <output><![CDATA[Voice rooms provisioned with a new authorization epoch.
]]></output>
                  </test-case>
                </test-suite>
                <test-case id="1241" name="V_B01_AllIteratorDrainsShareOneFiniteBudgetAndDisposeEveryCreatedIterator" fullname="ChooGuard.Foundation.Multiplayer.Tests.VoiceEpochCoordinatorTests.V_B01_AllIteratorDrainsShareOneFiniteBudgetAndDisposeEveryCreatedIterator" methodname="V_B01_AllIteratorDrainsShareOneFiniteBudgetAndDisposeEveryCreatedIterator" classname="ChooGuard.Foundation.Multiplayer.Tests.VoiceEpochCoordinatorTests" runstate="Runnable" seed="535925675" result="Passed" start-time="2026-09-14 08:47:57Z" end-time="2026-09-14 08:47:57Z" duration="0.002489" asserts="0">
                  <properties>
                    <property name="retryIteration" value="0" />
                    <property name="repeatIteration" value="0" />
                  </properties>
                </test-case>
                <test-case id="1242" name="V_B01_CoordinatorDrainRejectsExcessiveActionInventoryWithinFiniteBudget" fullname="ChooGuard.Foundation.Multiplayer.Tests.VoiceEpochCoordinatorTests.V_B01_CoordinatorDrainRejectsExcessiveActionInventoryWithinFiniteBudget" methodname="V_B01_CoordinatorDrainRejectsExcessiveActionInventoryWithinFiniteBudget" classname="ChooGuard.Foundation.Multiplayer.Tests.VoiceEpochCoordinatorTests" runstate="Runnable" seed="1413822063" result="Passed" start-time="2026-09-14 08:47:57Z" end-time="2026-09-14 08:47:57Z" duration="0.008345" asserts="0">
                  <properties>
                    <property name="retryIteration" value="0" />
                    <property name="repeatIteration" value="0" />
                  </properties>
                </test-case>
[...]
                    <properties>
                      <property name="retryIteration" value="0" />
                      <property name="repeatIteration" value="0" />
                    </properties>
                    <output><![CDATA[World motion traversal 0.41 metro_platforms -> rolling_stock_metro steps=100 seconds=0.308165
]]></output>
                  </test-case>
                </test-suite>
                <test-suite type="ParameterizedMethod" id="1328" name="ClosedTreeEdgeWaitsAndActualPropGetsAPathAroundIt" fullname="ChooGuard.Foundation.Multiplayer.Tests.WorldMotionAdapterTests.ClosedTreeEdgeWaitsAndActualPropGetsAPathAroundIt" classname="ChooGuard.Foundation.Multiplayer.Tests.WorldMotionAdapterTests" runstate="Runnable" testcasecount="2" result="Passed" start-time="2026-09-14 08:48:32Z" end-time="2026-09-14 08:48:33Z" duration="0.239971" total="2" passed="2" failed="0" inconclusive="0" skipped="0" asserts="0">
                  <properties />
                  <test-case id="1326" name="ClosedTreeEdgeWaitsAndActualPropGetsAPathAroundIt(0.3d)" fullname="ChooGuard.Foundation.Multiplayer.Tests.WorldMotionAdapterTests.ClosedTreeEdgeWaitsAndActualPropGetsAPathAroundIt(0.3d)" methodname="ClosedTreeEdgeWaitsAndActualPropGetsAPathAroundIt" classname="ChooGuard.Foundation.Multiplayer.Tests.WorldMotionAdapterTests" runstate="Runnable" seed="1961454078" result="Passed" start-time="2026-09-14 08:48:32Z" end-time="2026-09-14 08:48:33Z" duration="0.110012" asserts="0">
                    <properties>
                      <property name="retryIteration" value="0" />
                      <property name="repeatIteration" value="0" />
                    </properties>
                  </test-case>
                  <test-case id="1327" name="ClosedTreeEdgeWaitsAndActualPropGetsAPathAroundIt(0.41d)" fullname="ChooGuard.Foundation.Multiplayer.Tests.WorldMotionAdapterTests.ClosedTreeEdgeWaitsAndActualPropGetsAPathAroundIt(0.41d)" methodname="ClosedTreeEdgeWaitsAndActualPropGetsAPathAroundIt" classname="ChooGuard.Foundation.Multiplayer.Tests.WorldMotionAdapterTests" runstate="Runnable" seed="935014677" result="Passed" start-time="2026-09-14 08:48:33Z" end-time="2026-09-14 08:48:33Z" duration="0.126417" asserts="0">
                    <properties>
                      <property name="retryIteration" value="0" />
                      <property name="repeatIteration" value="0" />
                    </properties>
                  </test-case>
                </test-suite>
                <test-case id="1263" name="DescriptorSourcesAndAvatarEnvelopeAgreeWithActualGeometry" fullname="ChooGuard.Foundation.Multiplayer.Tests.WorldMotionAdapterTests.DescriptorSourcesAndAvatarEnvelopeAgreeWithActualGeometry" methodname="DescriptorSourcesAndAvatarEnvelopeAgreeWithActualGeometry" classname="ChooGuard.Foundation.Multiplayer.Tests.WorldMotionAdapterTests" runstate="Runnable" seed="1607781228" result="Passed" start-time="2026-09-14 08:48:33Z" end-time="2026-09-14 08:48:33Z" duration="0.014674" asserts="0">
                  <properties>
                    <property name="retryIteration" value="0" />
                    <property name="repeatIteration" value="0" />
                  </properties>
                </test-case>
                <test-case id="1262" name="DetachedTrainCanContinueWhileStationBodyEntersAndLeavesTheClosedBridge" fullname="ChooGuard.Foundation.Multiplayer.Tests.WorldMotionAdapterTests.DetachedTrainCanContinueWhileStationBodyEntersAndLeavesTheClosedBridge" methodname="DetachedTrainCanContinueWhileStationBodyEntersAndLeavesTheClosedBridge" classname="ChooGuard.Foundation.Multiplayer.Tests.WorldMotionAdapterTests" runstate="Runnable" seed="1017527895" result="Passed" start-time="2026-09-14 08:48:33Z" end-time="2026-09-14 08:48:33Z" duration="0.193866" asserts="0">
                  <properties>
                    <property name="retryIteration" value="0" />
                    <property name="repeatIteration" value="0" />
                  </properties>
                </test-case>
                <test-case id="1333" name="ExactOuterBinaryCheckpointRestoresMotionFramesAndNavigationAndRejectsMalformedPayloadAtomically" fullname="ChooGuard.Foundation.Multiplayer.Tests.WorldMotionAdapterTests.ExactOuterBinaryCheckpointRestoresMotionFramesAndNavigationAndRejectsMalformedPayloadAtomically" methodname="ExactOuterBinaryCheckpointRestoresMotionFramesAndNavigationAndRejectsMalformedPayloadAtomically" classname="ChooGuard.Foundation.Multiplayer.Tests.WorldMotionAdapterTests" runstate="Runnable" seed="1616804538" result="Passed" start-time="2026-09-14 08:48:33Z" end-time="2026-09-14 08:48:33Z" duration="0.484942" asserts="0">
                  <properties>
                    <property name="retryIteration" value="0" />
                    <property name="repeatIteration" value="0" />
                  </properties>
                </test-case>
                <test-suite type="ParameterizedMethod" id="1318" name="ExecutionOptimizationsKeepExact120BodySnapshotsMinimumGapsAndFailureAtomicity" fullname="ChooGuard.Foundation.Multiplayer.Tests.WorldMotionAdapterTests.ExecutionOptimizationsKeepExact120BodySnapshotsMinimumGapsAndFailureAtomicity" classname="ChooGuard.Foundation.Multiplayer.Tests.WorldMotionAdapterTests" runstate="Runnable" testcasecount="3" result="Passed" start-time="2026-09-14 08:48:33Z" end-time="2026-09-14 08:48:40Z" duration="6.114321" total="3" passed="3" failed="0" inconclusive="0" skipped="0" asserts="0">
                  <properties />
                  <test-case id="1315" name="ExecutionOptimizationsKeepExact120BodySnapshotsMinimumGapsAndFailureAtomicity(ComposedClock)" fullname="ChooGuard.Foundation.Multiplayer.Tests.WorldMotionAdapterTests.ExecutionOptimizationsKeepExact120BodySnapshotsMinimumGapsAndFailureAtomicity(ComposedClock)" methodname="ExecutionOptimizationsKeepExact120BodySnapshotsMinimumGapsAndFailureAtomicity" classname="ChooGuard.Foundation.Multiplayer.Tests.WorldMotionAdapterTests" runstate="Runnable" seed="282361077" result="Passed" start-time="2026-09-14 08:48:33Z" end-time="2026-09-14 08:48:36Z" duration="2.125087" asserts="0">
                    <properties>
                      <property name="retryIteration" value="0" />
                      <property name="repeatIteration" value="0" />
                    </properties>
                  </test-case>
                  <test-case id="1316" name="ExecutionOptimizationsKeepExact120BodySnapshotsMinimumGapsAndFailureAtomicity(PreparedClearance)" fullname="ChooGuard.Foundation.Multiplayer.Tests.WorldMotionAdapterTests.ExecutionOptimizationsKeepExact120BodySnapshotsMinimumGapsAndFailureAtomicity(PreparedClearance)" methodname="ExecutionOptimizationsKeepExact120BodySnapshotsMinimumGapsAndFailureAtomicity" classname="ChooGuard.Foundation.Multiplayer.Tests.WorldMotionAdapterTests" runstate="Runnable" seed="212321760" result="Passed" start-time="2026-09-14 08:48:36Z" end-time="2026-09-14 08:48:38Z" duration="2.136577" asserts="0">
                    <properties>
                      <property name="retryIteration" value="0" />
                      <property name="repeatIteration" value="0" />
                    </properties>
                  </test-case>
                  <test-case id="1317" name="ExecutionOptimizationsKeepExact120BodySnapshotsMinimumGapsAndFailureAtomicity(All)" fullname="ChooGuard.Foundation.Multiplayer.Tests.WorldMotionAdapterTests.ExecutionOptimizationsKeepExact120BodySnapshotsMinimumGapsAndFailureAtomicity(All)" methodname="ExecutionOptimizationsKeepExact120BodySnapshotsMinimumGapsAndFailureAtomicity" classname="ChooGuard.Foundation.Multiplayer.Tests.WorldMotionAdapterTests" runstate="Runnable" seed="481190896" result="Passed" start-time="2026-09-14 08:48:38Z" end-time="2026-09-14 08:48:40Z" duration="1.850875" asserts="0">
                    <properties>
                      <property name="retryIteration" value="0" />
                      <property name="repeatIteration" value="0" />
                    </properties>
                  </test-case>
                </test-suite>
                <test-suite type="ParameterizedMethod" id="1322" name="ExecutionOptimizationsKeepMovingCarExactAndRejectedFrameAtomic" fullname="ChooGuard.Foundation.Multiplayer.Tests.WorldMotionAdapterTests.ExecutionOptimizationsKeepMovingCarExactAndRejectedFrameAtomic" classname="ChooGuard.Foundation.Multiplayer.Tests.WorldMotionAdapterTests" runstate="Runnable" testcasecount="3" result="Passed" start-time="2026-09-14 08:48:40Z" end-time="2026-09-14 08:48:41Z" duration="1.434808" total="3" passed="3" failed="0" inconclusive="0" skipped="0" asserts="0">
                  <properties />
                  <test-case id="1319" name="ExecutionOptimizationsKeepMovingCarExactAndRejectedFrameAtomic(ComposedClock)" fullname="ChooGuard.Foundation.Multiplayer.Tests.WorldMotionAdapterTests.ExecutionOptimizationsKeepMovingCarExactAndRejectedFrameAtomic(ComposedClock)" methodname="ExecutionOptimizationsKeepMovingCarExactAndRejectedFrameAtomic" classname="ChooGuard.Foundation.Multiplayer.Tests.WorldMotionAdapterTests" runstate="Runnable" seed="1720441894" result="Passed" start-time="2026-09-14 08:48:40Z" end-time="2026-09-14 08:48:40Z" duration="0.463774" asserts="0">
                    <properties>
                      <property name="retryIteration" value="0" />
                      <property name="repeatIteration" value="0" />
                    </properties>
                  </test-case>
                  <test-case id="1320" name="ExecutionOptimizationsKeepMovingCarExactAndRejectedFrameAtomic(PreparedClearance)" fullname="ChooGuard.Foundation.Multiplayer.Tests.WorldMotionAdapterTests.ExecutionOptimizationsKeepMovingCarExactAndRejectedFrameAtomic(PreparedClearance)" methodname="ExecutionOptimizationsKeepMovingCarExactAndRejectedFrameAtomic" classname="ChooGuard.Foundation.Multiplayer.Tests.WorldMotionAdapterTests" runstate="Runnable" seed="929812898" result="Passed" start-time="2026-09-14 08:48:40Z" end-time="2026-09-14 08:48:40Z" duration="0.496753" asserts="0">
                    <properties>
                      <property name="retryIteration" value="0" />
                      <property name="repeatIteration" value="0" />
                    </properties>
                  </test-case>
                  <test-case id="1321" name="ExecutionOptimizationsKeepMovingCarExactAndRejectedFrameAtomic(All)" fullname="ChooGuard.Foundation.Multiplayer.Tests.WorldMotionAdapterTests.ExecutionOptimizationsKeepMovingCarExactAndRejectedFrameAtomic(All)" methodname="ExecutionOptimizationsKeepMovingCarExactAndRejectedFrameAtomic" classname="ChooGuard.Foundation.Multiplayer.Tests.WorldMotionAdapterTests" runstate="Runnable" seed="1164839422" result="Passed" start-time="2026-09-14 08:48:40Z" end-time="2026-09-14 08:48:41Z" duration="0.472999" asserts="0">
                    <properties>
                      <property name="retryIteration" value="0" />
                      <property name="repeatIteration" value="0" />
                    </properties>
                  </test-case>
                </test-suite>
                <test-case id="1323" name="ExecutionOptimizationsRollBackAfterCrowdAdvanceFailsTheLaterPhysXCheck" fullname="ChooGuard.Foundation.Multiplayer.Tests.WorldMotionAdapterTests.ExecutionOptimizationsRollBackAfterCrowdAdvanceFailsTheLaterPhysXCheck" methodname="ExecutionOptimizationsRollBackAfterCrowdAdvanceFailsTheLaterPhysXCheck" classname="ChooGuard.Foundation.Multiplayer.Tests.WorldMotionAdapterTests" runstate="Runnable" seed="6743605" result="Passed" start-time="2026-09-14 08:48:41Z" end-time="2026-09-14 08:48:41Z" duration="0.096635" asserts="0">
                  <properties>
                    <property name="retryIteration" value="0" />
                    <property name="repeatIteration" value="0" />
                  </properties>
                </test-case>
                <test-case id="1329" name="FrameTransactionCarriesOfflineBodiesKeepsBridgesAndRestoresExactly" fullname="ChooGuard.Foundation.Multiplayer.Tests.WorldMotionAdapterTests.FrameTransactionCarriesOfflineBodiesKeepsBridgesAndRestoresExactly" methodname="FrameTransactionCarriesOfflineBodiesKeepsBridgesAndRestoresExactly" classname="ChooGuard.Foundation.Multiplayer.Tests.WorldMotionAdapterTests" runstate="Runnable" seed="145278775" result="Passed" start-time="2026-09-14 08:48:41Z" end-time="2026-09-14 08:48:41Z" duration="0.282730" asserts="0">
                  <properties>
                    <property name="retryIteration" value="0" />
                    <property name="repeatIteration" value="0" />
                  </properties>
                </test-case>
                <test-case id="1313" name="FullRosterMixedContactAndSeparatedFloorsRemainCollective" fullname="ChooGuard.Foundation.Multiplayer.Tests.WorldMotionAdapterTests.FullRosterMixedContactAndSeparatedFloorsRemainCollective" methodname="FullRosterMixedContactAndSeparatedFloorsRemainCollective" classname="ChooGuard.Foundation.Multiplayer.Tests.WorldMotionAdapterTests" runstate="Runnable" seed="1591022505" result="Passed" start-time="2026-09-14 08:48:41Z" end-time="2026-09-14 08:48:42Z" duration="0.882559" asserts="0">
                  <properties>
                    <property name="retryIteration" value="0" />
                    <property name="repeatIteration" value="0" />
                  </properties>
                  <output><![CDATA[World motion120 body step milliseconds (10 synthetic50ms ticks): 137.879,63.491,63.681,63.341,77.747,76.696,76.596,75.728,72.947,70.168
]]></output>
                </test-case>
                <test-case id="1334" name="InvalidCandidateAndForeignCheckpointCannotPartiallyCommit" fullname="ChooGuard.Foundation.Multiplayer.Tests.WorldMotionAdapterTests.InvalidCandidateAndForeignCheckpointCannotPartiallyCommit" methodname="InvalidCandidateAndForeignCheckpointCannotPartiallyCommit" classname="ChooGuard.Foundation.Multiplayer.Tests.WorldMotionAdapterTests" runstate="Runnable" seed="167050435" result="Passed" start-time="2026-09-14 08:48:42Z" end-time="2026-09-14 08:48:42Z" duration="0.123220" asserts="0">
                  <properties>
                    <property name="retryIteration" value="0" />
                    <property name="repeatIteration" value="0" />
                  </properties>
                </test-case>
                <test-case id="1325" name="Mixed120BodiesKeepContactsAcrossActualRampAndBothLandings" fullname="ChooGuard.Foundation.Multiplayer.Tests.WorldMotionAdapterTests.Mixed120BodiesKeepContactsAcrossActualRampAndBothLandings" methodname="Mixed120BodiesKeepContactsAcrossActualRampAndBothLandings" classname="ChooGuard.Foundation.Multiplayer.Tests.WorldMotionAdapterTests" runstate="Runnable" seed="1420900935" result="Passed" start-time="2026-09-14 08:48:42Z" end-time="2026-09-14 08:48:44Z" duration="1.571346" asserts="0">
                  <properties>
                    <property name="retryIteration" value="0" />
                    <property name="repeatIteration" value="0" />
                  </properties>
                </test-case>
                <test-case id="1324" name="MovingAnUnrelatedClosedTrainPreservesTheStationNavigationPath" fullname="ChooGuard.Foundation.Multiplayer.Tests.WorldMotionAdapterTests.MovingAnUnrelatedClosedTrainPreservesTheStationNavigationPath" methodname="MovingAnUnrelatedClosedTrainPreservesTheStationNavigationPath" classname="ChooGuard.Foundation.Multiplayer.Tests.WorldMotionAdapterTests" runstate="Runnable" seed="1342967434" result="Passed" start-time="2026-09-14 08:48:44Z" end-time="2026-09-14 08:48:44Z" duration="0.084304" asserts="0">
                  <properties>
                    <property name="retryIteration" value="0" />
                    <property name="repeatIteration" value="0" />
                  </properties>
                </test-case>
                <test-case id="1261" name="NavigationStringPrefixesAreBoundedBeforeReadingPayload" fullname="ChooGuard.Foundation.Multiplayer.Tests.WorldMotionAdapterTests.NavigationStringPrefixesAreBoundedBeforeReadingPayload" methodname="NavigationStringPrefixesAreBoundedBeforeReadingPayload" classname="ChooGuard.Foundation.Multiplayer.Tests.WorldMotionAdapterTests" runstate="Runnable" seed="1831593057" result="Passed" start-time="2026-09-14 08:48:44Z" end-time="2026-09-14 08:48:44Z" duration="0.086294" asserts="0">
                  <properties>
                    <property name="retryIteration" value="0" />
                    <property name="repeatIteration" value="0" />
                  </properties>
                </test-case>
                <test-case id="1331" name="RestoreRejectsChangedStaticTransformLabelsAndSameEpochPin" fullname="ChooGuard.Foundation.Multiplayer.Tests.WorldMotionAdapterTests.RestoreRejectsChangedStaticTransformLabelsAndSameEpochPin" methodname="RestoreRejectsChangedStaticTransformLabelsAndSameEpochPin" classname="ChooGuard.Foundation.Multiplayer.Tests.WorldMotionAdapterTests" runstate="Runnable" seed="1079490105" result="Passed" start-time="2026-09-14 08:48:44Z" end-time="2026-09-14 08:48:45Z" duration="0.493560" asserts="0">
                  <properties>
                    <property name="retryIteration" value="0" />
                    <property name="repeatIteration" value="0" />
                  </properties>
                </test-case>
                <test-case id="1332" name="SameGoalAndObstaclePathContinueExactlyAfterBinaryPathCheckpointRestore" fullname="ChooGuard.Foundation.Multiplayer.Tests.WorldMotionAdapterTests.SameGoalAndObstaclePathContinueExactlyAfterBinaryPathCheckpointRestore" methodname="SameGoalAndObstaclePathContinueExactlyAfterBinaryPathCheckpointRestore" classname="ChooGuard.Foundation.Multiplayer.Tests.WorldMotionAdapterTests" runstate="Runnable" seed="1114441617" result="Passed" start-time="2026-09-14 08:48:45Z" end-time="2026-09-14 08:48:45Z" duration="0.181270" asserts="0">
                  <properties>
                    <property name="retryIteration" value="0" />
                    <property name="repeatIteration" value="0" />
                  </properties>
                </test-case>
                <test-case id="1330" name="StraddlingOfflineNpcRejectsClosureAndDepartureWithoutPartialCommit" fullname="ChooGuard.Foundation.Multiplayer.Tests.WorldMotionAdapterTests.StraddlingOfflineNpcRejectsClosureAndDepartureWithoutPartialCommit" methodname="StraddlingOfflineNpcRejectsClosureAndDepartureWithoutPartialCommit" classname="ChooGuard.Foundation.Multiplayer.Tests.WorldMotionAdapterTests" runstate="Runnable" seed="753973253" result="Passed" start-time="2026-09-14 08:48:45Z" end-time="2026-09-14 08:48:45Z" duration="0.042283" asserts="0">
                  <properties>
                    <property name="retryIteration" value="0" />
                    <property name="repeatIteration" value="0" />
                  </properties>
                  <output><![CDATA[Saving results to: /Users/um-yunsang/Library/Application Support/XRLab/CHOOguard Foundation/TestResults.xml
]]></output>
                </test-case>
              </test-suite>
            </test-suite>
          </test-suite>
        </test-suite>
      </test-suite>
    </test-suite>
  </test-suite>
</test-run>