<?xml version="1.0" encoding="utf-8"?>
<test-run id="2" testcasecount="1" result="Passed" total="1" passed="1" failed="0" inconclusive="0" skipped="0" asserts="0" engine-version="3.5.0.0" clr-version="4.0.30319.42000" start-time="2026-09-20 02:51:40Z" end-time="2026-09-20 02:51:40Z" duration="0.2208992">
  <test-suite type="TestSuite" id="1011" name="CHOOGuard" fullname="CHOOGuard" runstate="Runnable" testcasecount="1" result="Passed" start-time="2026-09-20 02:51:40Z" end-time="2026-09-20 02:51:40Z" duration="0.220899" total="1" passed="1" failed="0" inconclusive="0" skipped="0" asserts="0">
    <properties>
      <property name="platform" value="PlayMode" />
    </properties>
    <test-suite type="Assembly" id="1003" name="ChooGuard.PlayModeTests.dll" fullname="/Users/um-yunsang/CHOOGuard/Library/ScriptAssemblies/ChooGuard.PlayModeTests.dll" runstate="Runnable" testcasecount="1" result="Passed" start-time="2026-09-20 02:51:40Z" end-time="2026-09-20 02:51:40Z" duration="0.215389" total="1" passed="1" failed="0" inconclusive="0" skipped="0" asserts="0">
      <properties>
        <property name="_PID" value="59555" />
        <property name="_APPDOMAIN" value="Unity Child Domain" />
        <property name="platform" value="PlayMode" />
        <property name="EditorOnly" value="False" />
      </properties>
      <test-suite type="TestSuite" id="1004" name="ChooGuard" fullname="ChooGuard" runstate="Runnable" testcasecount="1" result="Passed" start-time="2026-09-20 02:51:40Z" end-time="2026-09-20 02:51:40Z" duration="0.214687" total="1" passed="1" failed="0" inconclusive="0" skipped="0" asserts="0">
        <properties />
        <test-suite type="TestSuite" id="1005" name="Tests" fullname="ChooGuard.Tests" runstate="Runnable" testcasecount="1" result="Passed" start-time="2026-09-20 02:51:40Z" end-time="2026-09-20 02:51:40Z" duration="0.214336" total="1" passed="1" failed="0" inconclusive="0" skipped="0" asserts="0">
          <properties />
          <test-suite type="TestSuite" id="1006" name="PlayMode" fullname="ChooGuard.Tests.PlayMode" runstate="Runnable" testcasecount="1" result="Passed" start-time="2026-09-20 02:51:40Z" end-time="2026-09-20 02:51:40Z" duration="0.214029" total="1" passed="1" failed="0" inconclusive="0" skipped="0" asserts="0">
            <properties />
            <test-suite type="TestSuite" id="1007" name="Stories" fullname="ChooGuard.Tests.PlayMode.Stories" runstate="Runnable" testcasecount="1" result="Passed" start-time="2026-09-20 02:51:40Z" end-time="2026-09-20 02:51:40Z" duration="0.213801" total="1" passed="1" failed="0" inconclusive="0" skipped="0" asserts="0">
              <properties />
              <test-suite type="TestFixture" id="1001" name="CSBOOT0101PlayModeTests" fullname="ChooGuard.Tests.PlayMode.Stories.CSBOOT0101PlayModeTests" classname="ChooGuard.Tests.PlayMode.Stories.CSBOOT0101PlayModeTests" runstate="Runnable" testcasecount="1" result="Passed" start-time="2026-09-20 02:51:40Z" end-time="2026-09-20 02:51:40Z" duration="0.213052" total="1" passed="1" failed="0" inconclusive="0" skipped="0" asserts="0">
                <properties />
                <test-case id="1002" name="BootstrapScene_RendersStaticMarkerAndUsesInputSystem" fullname="ChooGuard.Tests.PlayMode.Stories.CSBOOT0101PlayModeTests.BootstrapScene_RendersStaticMarkerAndUsesInputSystem" methodname="BootstrapScene_RendersStaticMarkerAndUsesInputSystem" classname="ChooGuard.Tests.PlayMode.Stories.CSBOOT0101PlayModeTests" runstate="Runnable" seed="1161733509" result="Passed" start-time="2026-09-20 02:51:40Z" end-time="2026-09-20 02:51:40Z" duration="0.206561" asserts="0">
                  <properties>
                    <property name="_JOINTYPE" value="UnityCombinatorial" />
                    <property name="retryIteration" value="0" />
                    <property name="repeatIteration" value="0" />
                  </properties>
                  <output><![CDATA[Saving results to: /Users/um-yunsang/Library/Application Support/DefaultCompany/CHOOGuard/TestResults.xml
]]></output>
                </test-case>
              </test-suite>
            </test-suite>
          </test-suite>
        </test-suite>
      </test-suite>
    </test-suite>
  </test-suite>
</test-run>